{"/home/neo/git/service_layer/platform/mobile-wallet/src/lib/accounts.ts": {"path":"/home/neo/git/service_layer/platform/mobile-wallet/src/lib/accounts.ts","statementMap":{"0":{"start":{"line":8,"column":21},"end":{"line":8,"column":38}},"1":{"start":{"line":9,"column":27},"end":{"line":9,"column":43}},"2":{"start":{"line":19,"column":15},"end":{"line":19,"column":59}},"3":{"start":{"line":20,"column":2},"end":{"line":20,"column":38}},"4":{"start":{"line":24,"column":19},"end":{"line":24,"column":39}},"5":{"start":{"line":25,"column":17},"end":{"line":25,"column":58}},"6":{"start":{"line":25,"column":38},"end":{"line":25,"column":57}},"7":{"start":{"line":26,"column":2},"end":{"line":29,"column":3}},"8":{"start":{"line":27,"column":4},"end":{"line":27,"column":27}},"9":{"start":{"line":28,"column":4},"end":{"line":28,"column":75}},"10":{"start":{"line":33,"column":19},"end":{"line":33,"column":39}},"11":{"start":{"line":34,"column":16},"end":{"line":34,"column":54}},"12":{"start":{"line":34,"column":42},"end":{"line":34,"column":53}},"13":{"start":{"line":35,"column":2},"end":{"line":38,"column":3}},"14":{"start":{"line":36,"column":4},"end":{"line":36,"column":57}},"15":{"start":{"line":37,"column":4},"end":{"line":37,"column":75}},"16":{"start":{"line":42,"column":19},"end":{"line":42,"column":39}},"17":{"start":{"line":43,"column":19},"end":{"line":43,"column":54}},"18":{"start":{"line":43,"column":42},"end":{"line":43,"column":53}},"19":{"start":{"line":44,"column":2},"end":{"line":44,"column":73}},"20":{"start":{"line":48,"column":2},"end":{"line":48,"column":54}},"21":{"start":{"line":52,"column":2},"end":{"line":52,"column":57}},"22":{"start":{"line":56,"column":2},"end":{"line":56,"column":71}}},"fnMap":{"0":{"name":"loadAccounts","decl":{"start":{"line":18,"column":22},"end":{"line":18,"column":34}},"loc":{"start":{"line":18,"column":57},"end":{"line":21,"column":1}},"line":18},"1":{"name":"saveAccount","decl":{"start":{"line":23,"column":22},"end":{"line":23,"column":33}},"loc":{"start":{"line":23,"column":67},"end":{"line":30,"column":1}},"line":23},"2":{"name":"(anonymous_2)","decl":{"start":{"line":25,"column":31},"end":{"line":25,"column":32}},"loc":{"start":{"line":25,"column":38},"end":{"line":25,"column":57}},"line":25},"3":{"name":"updateAccount","decl":{"start":{"line":32,"column":22},"end":{"line":32,"column":35}},"loc":{"start":{"line":32,"column":90},"end":{"line":39,"column":1}},"line":32},"4":{"name":"(anonymous_4)","decl":{"start":{"line":34,"column":35},"end":{"line":34,"column":36}},"loc":{"start":{"line":34,"column":42},"end":{"line":34,"column":53}},"line":34},"5":{"name":"removeAccount","decl":{"start":{"line":41,"column":22},"end":{"line":41,"column":35}},"loc":{"start":{"line":41,"column":63},"end":{"line":45,"column":1}},"line":41},"6":{"name":"(anonymous_6)","decl":{"start":{"line":43,"column":35},"end":{"line":43,"column":36}},"loc":{"start":{"line":43,"column":42},"end":{"line":43,"column":53}},"line":43},"7":{"name":"getActiveAccountId","decl":{"start":{"line":47,"column":22},"end":{"line":47,"column":40}},"loc":{"start":{"line":47,"column":67},"end":{"line":49,"column":1}},"line":47},"8":{"name":"setActiveAccountId","decl":{"start":{"line":51,"column":22},"end":{"line":51,"column":40}},"loc":{"start":{"line":51,"column":68},"end":{"line":53,"column":1}},"line":51},"9":{"name":"generateAccountId","decl":{"start":{"line":55,"column":16},"end":{"line":55,"column":33}},"loc":{"start":{"line":55,"column":44},"end":{"line":57,"column":1}},"line":55}},"branchMap":{"0":{"loc":{"start":{"line":20,"column":9},"end":{"line":20,"column":37}},"type":"cond-expr","locations":[{"start":{"line":20,"column":16},"end":{"line":20,"column":32}},{"start":{"line":20,"column":35},"end":{"line":20,"column":37}}],"line":20},"1":{"loc":{"start":{"line":26,"column":2},"end":{"line":29,"column":3}},"type":"if","locations":[{"start":{"line":26,"column":2},"end":{"line":29,"column":3}},{"start":{},"end":{}}],"line":26},"2":{"loc":{"start":{"line":35,"column":2},"end":{"line":38,"column":3}},"type":"if","locations":[{"start":{"line":35,"column":2},"end":{"line":38,"column":3}},{"start":{},"end":{}}],"line":35}},"s":{"0":0,"1":0,"2":0,"3":0,"4":0,"5":0,"6":0,"7":0,"8":0,"9":0,"10":0,"11":0,"12":0,"13":0,"14":0,"15":0,"16":0,"17":0,"18":0,"19":0,"20":0,"21":0,"22":0},"f":{"0":0,"1":0,"2":0,"3":0,"4":0,"5":0,"6":0,"7":0,"8":0,"9":0},"b":{"0":[0,0],"1":[0,0],"2":[0,0]}}
,"/home/neo/git/service_layer/platform/mobile-wallet/src/lib/addressbook.ts": {"path":"/home/neo/git/service_layer/platform/mobile-wallet/src/lib/addressbook.ts","statementMap":{"0":{"start":{"line":8,"column":24},"end":{"line":8,"column":38}},"1":{"start":{"line":20,"column":15},"end":{"line":20,"column":62}},"2":{"start":{"line":21,"column":2},"end":{"line":21,"column":38}},"3":{"start":{"line":25,"column":19},"end":{"line":25,"column":39}},"4":{"start":{"line":26,"column":14},"end":{"line":26,"column":24}},"5":{"start":{"line":27,"column":30},"end":{"line":32,"column":3}},"6":{"start":{"line":33,"column":2},"end":{"line":33,"column":28}},"7":{"start":{"line":34,"column":2},"end":{"line":34,"column":76}},"8":{"start":{"line":35,"column":2},"end":{"line":35,"column":20}},"9":{"start":{"line":39,"column":19},"end":{"line":39,"column":39}},"10":{"start":{"line":40,"column":16},"end":{"line":40,"column":54}},"11":{"start":{"line":40,"column":42},"end":{"line":40,"column":53}},"12":{"start":{"line":41,"column":2},"end":{"line":48,"column":3}},"13":{"start":{"line":42,"column":4},"end":{"line":46,"column":6}},"14":{"start":{"line":47,"column":4},"end":{"line":47,"column":78}},"15":{"start":{"line":52,"column":19},"end":{"line":52,"column":39}},"16":{"start":{"line":53,"column":19},"end":{"line":53,"column":54}},"17":{"start":{"line":53,"column":42},"end":{"line":53,"column":53}},"18":{"start":{"line":54,"column":2},"end":{"line":54,"column":76}},"19":{"start":{"line":58,"column":19},"end":{"line":58,"column":39}},"20":{"start":{"line":59,"column":2},"end":{"line":59,"column":53}},"21":{"start":{"line":59,"column":30},"end":{"line":59,"column":51}},"22":{"start":{"line":63,"column":19},"end":{"line":63,"column":39}},"23":{"start":{"line":64,"column":21},"end":{"line":64,"column":40}},"24":{"start":{"line":65,"column":2},"end":{"line":67,"column":4}},"25":{"start":{"line":66,"column":11},"end":{"line":66,"column":100}},"26":{"start":{"line":71,"column":2},"end":{"line":71,"column":75}},"27":{"start":{"line":76,"column":2},"end":{"line":76,"column":44}}},"fnMap":{"0":{"name":"loadContacts","decl":{"start":{"line":19,"column":22},"end":{"line":19,"column":34}},"loc":{"start":{"line":19,"column":57},"end":{"line":22,"column":1}},"line":19},"1":{"name":"saveContact","decl":{"start":{"line":24,"column":22},"end":{"line":24,"column":33}},"loc":{"start":{"line":24,"column":110},"end":{"line":36,"column":1}},"line":24},"2":{"name":"updateContact","decl":{"start":{"line":38,"column":22},"end":{"line":38,"column":35}},"loc":{"start":{"line":38,"column":116},"end":{"line":49,"column":1}},"line":38},"3":{"name":"(anonymous_3)","decl":{"start":{"line":40,"column":35},"end":{"line":40,"column":36}},"loc":{"start":{"line":40,"column":42},"end":{"line":40,"column":53}},"line":40},"4":{"name":"removeContact","decl":{"start":{"line":51,"column":22},"end":{"line":51,"column":35}},"loc":{"start":{"line":51,"column":63},"end":{"line":55,"column":1}},"line":51},"5":{"name":"(anonymous_5)","decl":{"start":{"line":53,"column":35},"end":{"line":53,"column":36}},"loc":{"start":{"line":53,"column":42},"end":{"line":53,"column":53}},"line":53},"6":{"name":"getContactByAddress","decl":{"start":{"line":57,"column":22},"end":{"line":57,"column":41}},"loc":{"start":{"line":57,"column":89},"end":{"line":60,"column":1}},"line":57},"7":{"name":"(anonymous_7)","decl":{"start":{"line":59,"column":23},"end":{"line":59,"column":24}},"loc":{"start":{"line":59,"column":30},"end":{"line":59,"column":51}},"line":59},"8":{"name":"searchContacts","decl":{"start":{"line":62,"column":22},"end":{"line":62,"column":36}},"loc":{"start":{"line":62,"column":72},"end":{"line":68,"column":1}},"line":62},"9":{"name":"(anonymous_9)","decl":{"start":{"line":66,"column":4},"end":{"line":66,"column":5}},"loc":{"start":{"line":66,"column":11},"end":{"line":66,"column":100}},"line":66},"10":{"name":"generateContactId","decl":{"start":{"line":70,"column":16},"end":{"line":70,"column":33}},"loc":{"start":{"line":70,"column":44},"end":{"line":72,"column":1}},"line":70},"11":{"name":"isValidNeoAddress","decl":{"start":{"line":74,"column":16},"end":{"line":74,"column":33}},"loc":{"start":{"line":74,"column":60},"end":{"line":77,"column":1}},"line":74}},"branchMap":{"0":{"loc":{"start":{"line":21,"column":9},"end":{"line":21,"column":37}},"type":"cond-expr","locations":[{"start":{"line":21,"column":16},"end":{"line":21,"column":32}},{"start":{"line":21,"column":35},"end":{"line":21,"column":37}}],"line":21},"1":{"loc":{"start":{"line":41,"column":2},"end":{"line":48,"column":3}},"type":"if","locations":[{"start":{"line":41,"column":2},"end":{"line":48,"column":3}},{"start":{},"end":{}}],"line":41},"2":{"loc":{"start":{"line":66,"column":11},"end":{"line":66,"column":100}},"type":"binary-expr","locations":[{"start":{"line":66,"column":11},"end":{"line":66,"column":52}},{"start":{"line":66,"column":56},"end":{"line":66,"column":100}}],"line":66}},"s":{"0":0,"1":0,"2":0,"3":0,"4":0,"5":0,"6":0,"7":0,"8":0,"9":0,"10":0,"11":0,"12":0,"13":0,"14":0,"15":0,"16":0,"17":0,"18":0,"19":0,"20":0,"21":0,"22":0,"23":0,"24":0,"25":0,"26":0,"27":0},"f":{"0":0,"1":0,"2":0,"3":0,"4":0,"5":0,"6":0,"7":0,"8":0,"9":0,"10":0,"11":0},"b":{"0":[0,0],"1":[0,0],"2":[0,0]}}
,"/home/neo/git/service_layer/platform/mobile-wallet/src/lib/backup.ts": {"path":"/home/neo/git/service_layer/platform/mobile-wallet/src/lib/backup.ts","statementMap":{"0":{"start":{"line":9,"column":19},"end":{"line":9,"column":34}},"1":{"start":{"line":10,"column":24},"end":{"line":10,"column":41}},"2":{"start":{"line":39,"column":20},"end":{"line":39,"column":30}},"3":{"start":{"line":40,"column":45},"end":{"line":44,"column":3}},"4":{"start":{"line":46,"column":19},"end":{"line":46,"column":63}},"5":{"start":{"line":48,"column":2},"end":{"line":48,"column":31}},"6":{"start":{"line":55,"column":15},"end":{"line":55,"column":88}},"7":{"start":{"line":56,"column":2},"end":{"line":56,"column":27}},"8":{"start":{"line":63,"column":32},"end":{"line":63,"column":36}},"9":{"start":{"line":64,"column":19},"end":{"line":64,"column":63}},"10":{"start":{"line":65,"column":2},"end":{"line":65,"column":31}},"11":{"start":{"line":72,"column":19},"end":{"line":72,"column":44}},"12":{"start":{"line":73,"column":2},"end":{"line":73,"column":25}},"13":{"start":{"line":74,"column":18},"end":{"line":74,"column":39}},"14":{"start":{"line":75,"column":2},"end":{"line":75,"column":75}},"15":{"start":{"line":82,"column":15},"end":{"line":82,"column":62}},"16":{"start":{"line":83,"column":2},"end":{"line":83,"column":38}},"17":{"start":{"line":90,"column":2},"end":{"line":90,"column":74}},"18":{"start":{"line":97,"column":16},"end":{"line":97,"column":58}},"19":{"start":{"line":98,"column":2},"end":{"line":98,"column":52}},"20":{"start":{"line":105,"column":20},"end":{"line":105,"column":46}},"21":{"start":{"line":106,"column":21},"end":{"line":106,"column":48}},"22":{"start":{"line":107,"column":2},"end":{"line":107,"column":34}},"23":{"start":{"line":114,"column":19},"end":{"line":114,"column":44}},"24":{"start":{"line":115,"column":15},"end":{"line":115,"column":92}},"25":{"start":{"line":116,"column":2},"end":{"line":116,"column":75}},"26":{"start":{"line":123,"column":26},"end":{"line":123,"column":46}},"27":{"start":{"line":124,"column":2},"end":{"line":124,"column":37}},"28":{"start":{"line":124,"column":25},"end":{"line":124,"column":37}},"29":{"start":{"line":126,"column":19},"end":{"line":126,"column":67}},"30":{"start":{"line":127,"column":19},"end":{"line":127,"column":44}},"31":{"start":{"line":128,"column":19},"end":{"line":128,"column":96}},"32":{"start":{"line":130,"column":2},"end":{"line":130,"column":49}},"33":{"start":{"line":130,"column":37},"end":{"line":130,"column":49}},"34":{"start":{"line":131,"column":2},"end":{"line":131,"column":18}},"35":{"start":{"line":138,"column":2},"end":{"line":138,"column":50}},"36":{"start":{"line":145,"column":2},"end":{"line":145,"column":60}}},"fnMap":{"0":{"name":"createBackup","decl":{"start":{"line":38,"column":22},"end":{"line":38,"column":34}},"loc":{"start":{"line":38,"column":99},"end":{"line":49,"column":1}},"line":38},"1":{"name":"generateChecksum","decl":{"start":{"line":54,"column":22},"end":{"line":54,"column":38}},"loc":{"start":{"line":54,"column":70},"end":{"line":57,"column":1}},"line":54},"2":{"name":"verifyChecksum","decl":{"start":{"line":62,"column":22},"end":{"line":62,"column":36}},"loc":{"start":{"line":62,"column":73},"end":{"line":66,"column":1}},"line":62},"3":{"name":"saveBackupMetadata","decl":{"start":{"line":71,"column":22},"end":{"line":71,"column":40}},"loc":{"start":{"line":71,"column":78},"end":{"line":76,"column":1}},"line":71},"4":{"name":"loadBackupHistory","decl":{"start":{"line":81,"column":22},"end":{"line":81,"column":39}},"loc":{"start":{"line":81,"column":69},"end":{"line":84,"column":1}},"line":81},"5":{"name":"generateBackupId","decl":{"start":{"line":89,"column":16},"end":{"line":89,"column":32}},"loc":{"start":{"line":89,"column":43},"end":{"line":91,"column":1}},"line":89},"6":{"name":"validateMnemonic","decl":{"start":{"line":96,"column":16},"end":{"line":96,"column":32}},"loc":{"start":{"line":96,"column":60},"end":{"line":99,"column":1}},"line":96},"7":{"name":"verifyMnemonicMatch","decl":{"start":{"line":104,"column":22},"end":{"line":104,"column":41}},"loc":{"start":{"line":104,"column":91},"end":{"line":108,"column":1}},"line":104},"8":{"name":"encryptMnemonic","decl":{"start":{"line":113,"column":22},"end":{"line":113,"column":37}},"loc":{"start":{"line":113,"column":91},"end":{"line":117,"column":1}},"line":113},"9":{"name":"decryptMnemonic","decl":{"start":{"line":122,"column":22},"end":{"line":122,"column":37}},"loc":{"start":{"line":122,"column":99},"end":{"line":132,"column":1}},"line":122},"10":{"name":"formatBackupDate","decl":{"start":{"line":137,"column":16},"end":{"line":137,"column":32}},"loc":{"start":{"line":137,"column":60},"end":{"line":139,"column":1}},"line":137},"11":{"name":"getBackupTypeLabel","decl":{"start":{"line":144,"column":16},"end":{"line":144,"column":34}},"loc":{"start":{"line":144,"column":61},"end":{"line":146,"column":1}},"line":144}},"branchMap":{"0":{"loc":{"start":{"line":83,"column":9},"end":{"line":83,"column":37}},"type":"cond-expr","locations":[{"start":{"line":83,"column":16},"end":{"line":83,"column":32}},{"start":{"line":83,"column":35},"end":{"line":83,"column":37}}],"line":83},"1":{"loc":{"start":{"line":98,"column":9},"end":{"line":98,"column":51}},"type":"binary-expr","locations":[{"start":{"line":98,"column":9},"end":{"line":98,"column":28}},{"start":{"line":98,"column":32},"end":{"line":98,"column":51}}],"line":98},"2":{"loc":{"start":{"line":124,"column":2},"end":{"line":124,"column":37}},"type":"if","locations":[{"start":{"line":124,"column":2},"end":{"line":124,"column":37}},{"start":{},"end":{}}],"line":124},"3":{"loc":{"start":{"line":124,"column":6},"end":{"line":124,"column":23}},"type":"binary-expr","locations":[{"start":{"line":124,"column":6},"end":{"line":124,"column":14}},{"start":{"line":124,"column":18},"end":{"line":124,"column":23}}],"line":124},"4":{"loc":{"start":{"line":130,"column":2},"end":{"line":130,"column":49}},"type":"if","locations":[{"start":{"line":130,"column":2},"end":{"line":130,"column":49}},{"start":{},"end":{}}],"line":130},"5":{"loc":{"start":{"line":145,"column":9},"end":{"line":145,"column":59}},"type":"cond-expr","locations":[{"start":{"line":145,"column":28},"end":{"line":145,"column":42}},{"start":{"line":145,"column":45},"end":{"line":145,"column":59}}],"line":145}},"s":{"0":0,"1":0,"2":0,"3":0,"4":0,"5":0,"6":0,"7":0,"8":0,"9":0,"10":0,"11":0,"12":0,"13":0,"14":0,"15":0,"16":0,"17":0,"18":0,"19":0,"20":0,"21":0,"22":0,"23":0,"24":0,"25":0,"26":0,"27":0,"28":0,"29":0,"30":0,"31":0,"32":0,"33":0,"34":0,"35":0,"36":0},"f":{"0":0,"1":0,"2":0,"3":0,"4":0,"5":0,"6":0,"7":0,"8":0,"9":0,"10":0,"11":0},"b":{"0":[0,0],"1":[0,0],"2":[0,0],"3":[0,0],"4":[0,0],"5":[0,0]}}
,"/home/neo/git/service_layer/platform/mobile-wallet/src/lib/export.ts": {"path":"/home/neo/git/service_layer/platform/mobile-wallet/src/lib/export.ts","statementMap":{"0":{"start":{"line":8,"column":27},"end":{"line":8,"column":43}},"1":{"start":{"line":34,"column":18},"end":{"line":34,"column":60}},"2":{"start":{"line":35,"column":15},"end":{"line":35,"column":118}},"3":{"start":{"line":35,"column":31},"end":{"line":35,"column":106}},"4":{"start":{"line":36,"column":2},"end":{"line":36,"column":24}},"5":{"start":{"line":43,"column":15},"end":{"line":43,"column":65}},"6":{"start":{"line":44,"column":2},"end":{"line":44,"column":38}},"7":{"start":{"line":51,"column":18},"end":{"line":51,"column":43}},"8":{"start":{"line":52,"column":2},"end":{"line":52,"column":26}},"9":{"start":{"line":53,"column":2},"end":{"line":53,"column":91}},"10":{"start":{"line":60,"column":2},"end":{"line":60,"column":74}},"11":{"start":{"line":67,"column":2},"end":{"line":67,"column":57}},"12":{"start":{"line":74,"column":2},"end":{"line":74,"column":30}}},"fnMap":{"0":{"name":"generateCSV","decl":{"start":{"line":33,"column":16},"end":{"line":33,"column":27}},"loc":{"start":{"line":33,"column":58},"end":{"line":37,"column":1}},"line":33},"1":{"name":"(anonymous_1)","decl":{"start":{"line":35,"column":24},"end":{"line":35,"column":25}},"loc":{"start":{"line":35,"column":31},"end":{"line":35,"column":106}},"line":35},"2":{"name":"loadExportHistory","decl":{"start":{"line":42,"column":22},"end":{"line":42,"column":39}},"loc":{"start":{"line":42,"column":67},"end":{"line":45,"column":1}},"line":42},"3":{"name":"saveExportRecord","decl":{"start":{"line":50,"column":22},"end":{"line":50,"column":38}},"loc":{"start":{"line":50,"column":76},"end":{"line":54,"column":1}},"line":50},"4":{"name":"generateExportId","decl":{"start":{"line":59,"column":16},"end":{"line":59,"column":32}},"loc":{"start":{"line":59,"column":43},"end":{"line":61,"column":1}},"line":59},"5":{"name":"formatExportDate","decl":{"start":{"line":66,"column":16},"end":{"line":66,"column":32}},"loc":{"start":{"line":66,"column":60},"end":{"line":68,"column":1}},"line":66},"6":{"name":"getFormatLabel","decl":{"start":{"line":73,"column":16},"end":{"line":73,"column":30}},"loc":{"start":{"line":73,"column":61},"end":{"line":75,"column":1}},"line":73}},"branchMap":{"0":{"loc":{"start":{"line":44,"column":9},"end":{"line":44,"column":37}},"type":"cond-expr","locations":[{"start":{"line":44,"column":16},"end":{"line":44,"column":32}},{"start":{"line":44,"column":35},"end":{"line":44,"column":37}}],"line":44}},"s":{"0":1,"1":1,"2":1,"3":1,"4":1,"5":2,"6":2,"7":1,"8":1,"9":1,"10":2,"11":1,"12":2},"f":{"0":1,"1":1,"2":2,"3":1,"4":2,"5":1,"6":2},"b":{"0":[0,2]},"_coverageSchema":"1a1c01bbd47fc00a2c39e90264f33305004495a9","hash":"288fbe6df15ee029d5dac6b26bfd4045c999667b"}
,"/home/neo/git/service_layer/platform/mobile-wallet/src/lib/gasfee.ts": {"path":"/home/neo/git/service_layer/platform/mobile-wallet/src/lib/gasfee.ts","statementMap":{"0":{"start":{"line":8,"column":24},"end":{"line":8,"column":41}},"1":{"start":{"line":37,"column":42},"end":{"line":43,"column":1}},"2":{"start":{"line":46,"column":50},"end":{"line":50,"column":1}},"3":{"start":{"line":53,"column":47},"end":{"line":57,"column":1}},"4":{"start":{"line":63,"column":18},"end":{"line":63,"column":57}},"5":{"start":{"line":64,"column":21},"end":{"line":64,"column":43}},"6":{"start":{"line":65,"column":21},"end":{"line":65,"column":41}},"7":{"start":{"line":66,"column":20},"end":{"line":66,"column":33}},"8":{"start":{"line":68,"column":2},"end":{"line":74,"column":4}},"9":{"start":{"line":81,"column":2},"end":{"line":81,"column":97}},"10":{"start":{"line":81,"column":70},"end":{"line":81,"column":95}},"11":{"start":{"line":88,"column":48},"end":{"line":88,"column":53}},"12":{"start":{"line":89,"column":2},"end":{"line":90,"column":49}},"13":{"start":{"line":89,"column":23},"end":{"line":89,"column":43}},"14":{"start":{"line":90,"column":7},"end":{"line":90,"column":49}},"15":{"start":{"line":90,"column":27},"end":{"line":90,"column":49}},"16":{"start":{"line":92,"column":2},"end":{"line":97,"column":4}},"17":{"start":{"line":104,"column":15},"end":{"line":104,"column":62}},"18":{"start":{"line":105,"column":2},"end":{"line":105,"column":38}},"19":{"start":{"line":112,"column":18},"end":{"line":112,"column":40}},"20":{"start":{"line":113,"column":2},"end":{"line":113,"column":26}},"21":{"start":{"line":115,"column":18},"end":{"line":115,"column":39}},"22":{"start":{"line":116,"column":2},"end":{"line":116,"column":75}},"23":{"start":{"line":123,"column":2},"end":{"line":123,"column":71}},"24":{"start":{"line":130,"column":2},"end":{"line":130,"column":27}},"25":{"start":{"line":137,"column":18},"end":{"line":137,"column":40}},"26":{"start":{"line":138,"column":2},"end":{"line":138,"column":37}},"27":{"start":{"line":138,"column":28},"end":{"line":138,"column":37}},"28":{"start":{"line":139,"column":14},"end":{"line":139,"column":56}},"29":{"start":{"line":139,"column":41},"end":{"line":139,"column":52}},"30":{"start":{"line":140,"column":2},"end":{"line":140,"column":30}},"31":{"start":{"line":147,"column":41},"end":{"line":153,"column":3}},"32":{"start":{"line":154,"column":2},"end":{"line":154,"column":37}}},"fnMap":{"0":{"name":"estimateFee","decl":{"start":{"line":62,"column":16},"end":{"line":62,"column":27}},"loc":{"start":{"line":62,"column":72},"end":{"line":75,"column":1}},"line":62},"1":{"name":"getAllTierEstimates","decl":{"start":{"line":80,"column":16},"end":{"line":80,"column":35}},"loc":{"start":{"line":80,"column":67},"end":{"line":82,"column":1}},"line":80},"2":{"name":"(anonymous_2)","decl":{"start":{"line":81,"column":60},"end":{"line":81,"column":61}},"loc":{"start":{"line":81,"column":70},"end":{"line":81,"column":95}},"line":81},"3":{"name":"getNetworkStatus","decl":{"start":{"line":87,"column":16},"end":{"line":87,"column":32}},"loc":{"start":{"line":87,"column":67},"end":{"line":98,"column":1}},"line":87},"4":{"name":"loadFeeHistory","decl":{"start":{"line":103,"column":22},"end":{"line":103,"column":36}},"loc":{"start":{"line":103,"column":61},"end":{"line":106,"column":1}},"line":103},"5":{"name":"saveFeeRecord","decl":{"start":{"line":111,"column":22},"end":{"line":111,"column":35}},"loc":{"start":{"line":111,"column":70},"end":{"line":117,"column":1}},"line":111},"6":{"name":"generateFeeRecordId","decl":{"start":{"line":122,"column":16},"end":{"line":122,"column":35}},"loc":{"start":{"line":122,"column":46},"end":{"line":124,"column":1}},"line":122},"7":{"name":"formatFee","decl":{"start":{"line":129,"column":16},"end":{"line":129,"column":25}},"loc":{"start":{"line":129,"column":50},"end":{"line":131,"column":1}},"line":129},"8":{"name":"getAverageFee","decl":{"start":{"line":136,"column":22},"end":{"line":136,"column":35}},"loc":{"start":{"line":136,"column":55},"end":{"line":141,"column":1}},"line":136},"9":{"name":"(anonymous_9)","decl":{"start":{"line":139,"column":29},"end":{"line":139,"column":30}},"loc":{"start":{"line":139,"column":41},"end":{"line":139,"column":52}},"line":139},"10":{"name":"getTxTypeLabel","decl":{"start":{"line":146,"column":16},"end":{"line":146,"column":30}},"loc":{"start":{"line":146,"column":55},"end":{"line":155,"column":1}},"line":146}},"branchMap":{"0":{"loc":{"start":{"line":63,"column":18},"end":{"line":63,"column":57}},"type":"binary-expr","locations":[{"start":{"line":63,"column":18},"end":{"line":63,"column":35}},{"start":{"line":63,"column":39},"end":{"line":63,"column":57}}],"line":63},"1":{"loc":{"start":{"line":89,"column":2},"end":{"line":90,"column":49}},"type":"if","locations":[{"start":{"line":89,"column":2},"end":{"line":90,"column":49}},{"start":{"line":90,"column":7},"end":{"line":90,"column":49}}],"line":89},"2":{"loc":{"start":{"line":90,"column":7},"end":{"line":90,"column":49}},"type":"if","locations":[{"start":{"line":90,"column":7},"end":{"line":90,"column":49}},{"start":{},"end":{}}],"line":90},"3":{"loc":{"start":{"line":105,"column":9},"end":{"line":105,"column":37}},"type":"cond-expr","locations":[{"start":{"line":105,"column":16},"end":{"line":105,"column":32}},{"start":{"line":105,"column":35},"end":{"line":105,"column":37}}],"line":105},"4":{"loc":{"start":{"line":138,"column":2},"end":{"line":138,"column":37}},"type":"if","locations":[{"start":{"line":138,"column":2},"end":{"line":138,"column":37}},{"start":{},"end":{}}],"line":138},"5":{"loc":{"start":{"line":154,"column":9},"end":{"line":154,"column":36}},"type":"binary-expr","locations":[{"start":{"line":154,"column":9},"end":{"line":154,"column":23}},{"start":{"line":154,"column":27},"end":{"line":154,"column":36}}],"line":154}},"s":{"0":0,"1":0,"2":0,"3":0,"4":0,"5":0,"6":0,"7":0,"8":0,"9":0,"10":0,"11":0,"12":0,"13":0,"14":0,"15":0,"16":0,"17":0,"18":0,"19":0,"20":0,"21":0,"22":0,"23":0,"24":0,"25":0,"26":0,"27":0,"28":0,"29":0,"30":0,"31":0,"32":0},"f":{"0":0,"1":0,"2":0,"3":0,"4":0,"5":0,"6":0,"7":0,"8":0,"9":0,"10":0},"b":{"0":[0,0],"1":[0,0],"2":[0,0],"3":[0,0],"4":[0,0],"5":[0,0]}}
,"/home/neo/git/service_layer/platform/mobile-wallet/src/lib/nft.ts": {"path":"/home/neo/git/service_layer/platform/mobile-wallet/src/lib/nft.ts","statementMap":{"0":{"start":{"line":8,"column":22},"end":{"line":8,"column":33}},"1":{"start":{"line":41,"column":15},"end":{"line":41,"column":60}},"2":{"start":{"line":42,"column":2},"end":{"line":42,"column":38}},"3":{"start":{"line":49,"column":2},"end":{"line":49,"column":70}},"4":{"start":{"line":56,"column":15},"end":{"line":56,"column":37}},"5":{"start":{"line":57,"column":2},"end":{"line":57,"column":49}},"6":{"start":{"line":57,"column":26},"end":{"line":57,"column":47}},"7":{"start":{"line":64,"column":2},"end":{"line":64,"column":61}},"8":{"start":{"line":64,"column":28},"end":{"line":64,"column":59}},"9":{"start":{"line":71,"column":2},"end":{"line":81,"column":3}},"10":{"start":{"line":72,"column":17},"end":{"line":72,"column":33}},"11":{"start":{"line":73,"column":4},"end":{"line":78,"column":6}},"12":{"start":{"line":80,"column":4},"end":{"line":80,"column":16}},"13":{"start":{"line":88,"column":2},"end":{"line":88,"column":62}}},"fnMap":{"0":{"name":"loadCachedNFTs","decl":{"start":{"line":40,"column":22},"end":{"line":40,"column":36}},"loc":{"start":{"line":40,"column":55},"end":{"line":43,"column":1}},"line":40},"1":{"name":"cacheNFTs","decl":{"start":{"line":48,"column":22},"end":{"line":48,"column":31}},"loc":{"start":{"line":48,"column":60},"end":{"line":50,"column":1}},"line":48},"2":{"name":"getNFTById","decl":{"start":{"line":55,"column":22},"end":{"line":55,"column":32}},"loc":{"start":{"line":55,"column":76},"end":{"line":58,"column":1}},"line":55},"3":{"name":"(anonymous_3)","decl":{"start":{"line":57,"column":19},"end":{"line":57,"column":20}},"loc":{"start":{"line":57,"column":26},"end":{"line":57,"column":47}},"line":57},"4":{"name":"filterByCollection","decl":{"start":{"line":63,"column":16},"end":{"line":63,"column":34}},"loc":{"start":{"line":63,"column":77},"end":{"line":65,"column":1}},"line":63},"5":{"name":"(anonymous_5)","decl":{"start":{"line":64,"column":21},"end":{"line":64,"column":22}},"loc":{"start":{"line":64,"column":28},"end":{"line":64,"column":59}},"line":64},"6":{"name":"parseMetadata","decl":{"start":{"line":70,"column":16},"end":{"line":70,"column":29}},"loc":{"start":{"line":70,"column":64},"end":{"line":82,"column":1}},"line":70},"7":{"name":"isValidTokenId","decl":{"start":{"line":87,"column":16},"end":{"line":87,"column":30}},"loc":{"start":{"line":87,"column":57},"end":{"line":89,"column":1}},"line":87}},"branchMap":{"0":{"loc":{"start":{"line":42,"column":9},"end":{"line":42,"column":37}},"type":"cond-expr","locations":[{"start":{"line":42,"column":16},"end":{"line":42,"column":32}},{"start":{"line":42,"column":35},"end":{"line":42,"column":37}}],"line":42},"1":{"loc":{"start":{"line":74,"column":12},"end":{"line":74,"column":34}},"type":"binary-expr","locations":[{"start":{"line":74,"column":12},"end":{"line":74,"column":21}},{"start":{"line":74,"column":25},"end":{"line":74,"column":34}}],"line":74},"2":{"loc":{"start":{"line":76,"column":13},"end":{"line":76,"column":29}},"type":"binary-expr","locations":[{"start":{"line":76,"column":13},"end":{"line":76,"column":23}},{"start":{"line":76,"column":27},"end":{"line":76,"column":29}}],"line":76},"3":{"loc":{"start":{"line":88,"column":9},"end":{"line":88,"column":61}},"type":"binary-expr","locations":[{"start":{"line":88,"column":9},"end":{"line":88,"column":27}},{"start":{"line":88,"column":31},"end":{"line":88,"column":61}}],"line":88}},"s":{"0":0,"1":0,"2":0,"3":0,"4":0,"5":0,"6":0,"7":0,"8":0,"9":0,"10":0,"11":0,"12":0,"13":0},"f":{"0":0,"1":0,"2":0,"3":0,"4":0,"5":0,"6":0,"7":0},"b":{"0":[0,0],"1":[0,0],"2":[0,0],"3":[0,0]}}
,"/home/neo/git/service_layer/platform/mobile-wallet/src/lib/notifcenter.ts": {"path":"/home/neo/git/service_layer/platform/mobile-wallet/src/lib/notifcenter.ts","statementMap":{"0":{"start":{"line":8,"column":27},"end":{"line":8,"column":50}},"1":{"start":{"line":9,"column":26},"end":{"line":9,"column":48}},"2":{"start":{"line":29,"column":40},"end":{"line":34,"column":1}},"3":{"start":{"line":40,"column":15},"end":{"line":40,"column":65}},"4":{"start":{"line":41,"column":2},"end":{"line":41,"column":52}},"5":{"start":{"line":48,"column":2},"end":{"line":48,"column":79}},"6":{"start":{"line":55,"column":15},"end":{"line":55,"column":64}},"7":{"start":{"line":56,"column":2},"end":{"line":56,"column":38}},"8":{"start":{"line":63,"column":15},"end":{"line":63,"column":40}},"9":{"start":{"line":64,"column":2},"end":{"line":64,"column":92}},"10":{"start":{"line":65,"column":2},"end":{"line":65,"column":87}},"11":{"start":{"line":72,"column":15},"end":{"line":72,"column":40}},"12":{"start":{"line":73,"column":18},"end":{"line":73,"column":75}},"13":{"start":{"line":73,"column":35},"end":{"line":73,"column":73}},"14":{"start":{"line":74,"column":2},"end":{"line":74,"column":77}},"15":{"start":{"line":81,"column":15},"end":{"line":81,"column":40}},"16":{"start":{"line":82,"column":2},"end":{"line":82,"column":44}},"17":{"start":{"line":82,"column":28},"end":{"line":82,"column":35}},"18":{"start":{"line":89,"column":43},"end":{"line":94,"column":3}},"19":{"start":{"line":95,"column":2},"end":{"line":95,"column":21}}},"fnMap":{"0":{"name":"loadNotifSettings","decl":{"start":{"line":39,"column":22},"end":{"line":39,"column":39}},"loc":{"start":{"line":39,"column":66},"end":{"line":42,"column":1}},"line":39},"1":{"name":"saveNotifSettings","decl":{"start":{"line":47,"column":22},"end":{"line":47,"column":39}},"loc":{"start":{"line":47,"column":80},"end":{"line":49,"column":1}},"line":47},"2":{"name":"loadNotifications","decl":{"start":{"line":54,"column":22},"end":{"line":54,"column":39}},"loc":{"start":{"line":54,"column":67},"end":{"line":57,"column":1}},"line":54},"3":{"name":"addNotification","decl":{"start":{"line":62,"column":22},"end":{"line":62,"column":37}},"loc":{"start":{"line":62,"column":109},"end":{"line":66,"column":1}},"line":62},"4":{"name":"markAsRead","decl":{"start":{"line":71,"column":22},"end":{"line":71,"column":32}},"loc":{"start":{"line":71,"column":60},"end":{"line":75,"column":1}},"line":71},"5":{"name":"(anonymous_5)","decl":{"start":{"line":73,"column":27},"end":{"line":73,"column":28}},"loc":{"start":{"line":73,"column":35},"end":{"line":73,"column":73}},"line":73},"6":{"name":"getUnreadCount","decl":{"start":{"line":80,"column":22},"end":{"line":80,"column":36}},"loc":{"start":{"line":80,"column":56},"end":{"line":83,"column":1}},"line":80},"7":{"name":"(anonymous_7)","decl":{"start":{"line":82,"column":21},"end":{"line":82,"column":22}},"loc":{"start":{"line":82,"column":28},"end":{"line":82,"column":35}},"line":82},"8":{"name":"getNotifIcon","decl":{"start":{"line":88,"column":16},"end":{"line":88,"column":28}},"loc":{"start":{"line":88,"column":54},"end":{"line":96,"column":1}},"line":88}},"branchMap":{"0":{"loc":{"start":{"line":41,"column":9},"end":{"line":41,"column":51}},"type":"cond-expr","locations":[{"start":{"line":41,"column":16},"end":{"line":41,"column":32}},{"start":{"line":41,"column":35},"end":{"line":41,"column":51}}],"line":41},"1":{"loc":{"start":{"line":56,"column":9},"end":{"line":56,"column":37}},"type":"cond-expr","locations":[{"start":{"line":56,"column":16},"end":{"line":56,"column":32}},{"start":{"line":56,"column":35},"end":{"line":56,"column":37}}],"line":56},"2":{"loc":{"start":{"line":73,"column":35},"end":{"line":73,"column":73}},"type":"cond-expr","locations":[{"start":{"line":73,"column":49},"end":{"line":73,"column":69}},{"start":{"line":73,"column":72},"end":{"line":73,"column":73}}],"line":73}},"s":{"0":1,"1":1,"2":1,"3":1,"4":1,"5":1,"6":4,"7":4,"8":1,"9":1,"10":1,"11":1,"12":1,"13":1,"14":1,"15":1,"16":1,"17":2,"18":2,"19":2},"f":{"0":1,"1":1,"2":4,"3":1,"4":1,"5":1,"6":1,"7":2,"8":2},"b":{"0":[0,1],"1":[2,2],"2":[1,0]},"_coverageSchema":"1a1c01bbd47fc00a2c39e90264f33305004495a9","hash":"f17390f6164ca5d20d3f58b629b60a8a527bcef8"}
,"/home/neo/git/service_layer/platform/mobile-wallet/src/lib/notifications.ts": {"path":"/home/neo/git/service_layer/platform/mobile-wallet/src/lib/notifications.ts","statementMap":{"0":{"start":{"line":8,"column":26},"end":{"line":8,"column":46}},"1":{"start":{"line":9,"column":21},"end":{"line":9,"column":44}},"2":{"start":{"line":28,"column":47},"end":{"line":33,"column":1}},"3":{"start":{"line":36,"column":15},"end":{"line":36,"column":64}},"4":{"start":{"line":37,"column":2},"end":{"line":37,"column":38}},"5":{"start":{"line":41,"column":24},"end":{"line":41,"column":49}},"6":{"start":{"line":42,"column":2},"end":{"line":42,"column":38}},"7":{"start":{"line":44,"column":18},"end":{"line":44,"column":44}},"8":{"start":{"line":45,"column":2},"end":{"line":45,"column":77}},"9":{"start":{"line":49,"column":24},"end":{"line":49,"column":49}},"10":{"start":{"line":50,"column":18},"end":{"line":50,"column":84}},"11":{"start":{"line":50,"column":44},"end":{"line":50,"column":82}},"12":{"start":{"line":51,"column":2},"end":{"line":51,"column":77}},"13":{"start":{"line":55,"column":24},"end":{"line":55,"column":49}},"14":{"start":{"line":56,"column":18},"end":{"line":56,"column":66}},"15":{"start":{"line":56,"column":44},"end":{"line":56,"column":64}},"16":{"start":{"line":57,"column":2},"end":{"line":57,"column":77}},"17":{"start":{"line":61,"column":2},"end":{"line":61,"column":58}},"18":{"start":{"line":65,"column":24},"end":{"line":65,"column":49}},"19":{"start":{"line":66,"column":2},"end":{"line":66,"column":53}},"20":{"start":{"line":66,"column":37},"end":{"line":66,"column":44}},"21":{"start":{"line":70,"column":15},"end":{"line":70,"column":59}},"22":{"start":{"line":71,"column":2},"end":{"line":71,"column":52}},"23":{"start":{"line":75,"column":2},"end":{"line":75,"column":73}},"24":{"start":{"line":79,"column":2},"end":{"line":79,"column":73}}},"fnMap":{"0":{"name":"loadNotifications","decl":{"start":{"line":35,"column":22},"end":{"line":35,"column":39}},"loc":{"start":{"line":35,"column":67},"end":{"line":38,"column":1}},"line":35},"1":{"name":"saveNotification","decl":{"start":{"line":40,"column":22},"end":{"line":40,"column":38}},"loc":{"start":{"line":40,"column":82},"end":{"line":46,"column":1}},"line":40},"2":{"name":"markAsRead","decl":{"start":{"line":48,"column":22},"end":{"line":48,"column":32}},"loc":{"start":{"line":48,"column":60},"end":{"line":52,"column":1}},"line":48},"3":{"name":"(anonymous_3)","decl":{"start":{"line":50,"column":36},"end":{"line":50,"column":37}},"loc":{"start":{"line":50,"column":44},"end":{"line":50,"column":82}},"line":50},"4":{"name":"markAllAsRead","decl":{"start":{"line":54,"column":22},"end":{"line":54,"column":35}},"loc":{"start":{"line":54,"column":53},"end":{"line":58,"column":1}},"line":54},"5":{"name":"(anonymous_5)","decl":{"start":{"line":56,"column":36},"end":{"line":56,"column":37}},"loc":{"start":{"line":56,"column":44},"end":{"line":56,"column":64}},"line":56},"6":{"name":"clearNotifications","decl":{"start":{"line":60,"column":22},"end":{"line":60,"column":40}},"loc":{"start":{"line":60,"column":58},"end":{"line":62,"column":1}},"line":60},"7":{"name":"getUnreadCount","decl":{"start":{"line":64,"column":22},"end":{"line":64,"column":36}},"loc":{"start":{"line":64,"column":56},"end":{"line":67,"column":1}},"line":64},"8":{"name":"(anonymous_8)","decl":{"start":{"line":66,"column":30},"end":{"line":66,"column":31}},"loc":{"start":{"line":66,"column":37},"end":{"line":66,"column":44}},"line":66},"9":{"name":"loadSettings","decl":{"start":{"line":69,"column":22},"end":{"line":69,"column":34}},"loc":{"start":{"line":69,"column":68},"end":{"line":72,"column":1}},"line":69},"10":{"name":"saveSettings","decl":{"start":{"line":74,"column":22},"end":{"line":74,"column":34}},"loc":{"start":{"line":74,"column":82},"end":{"line":76,"column":1}},"line":74},"11":{"name":"generateNotificationId","decl":{"start":{"line":78,"column":16},"end":{"line":78,"column":38}},"loc":{"start":{"line":78,"column":49},"end":{"line":80,"column":1}},"line":78}},"branchMap":{"0":{"loc":{"start":{"line":37,"column":9},"end":{"line":37,"column":37}},"type":"cond-expr","locations":[{"start":{"line":37,"column":16},"end":{"line":37,"column":32}},{"start":{"line":37,"column":35},"end":{"line":37,"column":37}}],"line":37},"1":{"loc":{"start":{"line":50,"column":44},"end":{"line":50,"column":82}},"type":"cond-expr","locations":[{"start":{"line":50,"column":58},"end":{"line":50,"column":78}},{"start":{"line":50,"column":81},"end":{"line":50,"column":82}}],"line":50},"2":{"loc":{"start":{"line":71,"column":9},"end":{"line":71,"column":51}},"type":"cond-expr","locations":[{"start":{"line":71,"column":16},"end":{"line":71,"column":32}},{"start":{"line":71,"column":35},"end":{"line":71,"column":51}}],"line":71}},"s":{"0":0,"1":0,"2":0,"3":0,"4":0,"5":0,"6":0,"7":0,"8":0,"9":0,"10":0,"11":0,"12":0,"13":0,"14":0,"15":0,"16":0,"17":0,"18":0,"19":0,"20":0,"21":0,"22":0,"23":0,"24":0},"f":{"0":0,"1":0,"2":0,"3":0,"4":0,"5":0,"6":0,"7":0,"8":0,"9":0,"10":0,"11":0},"b":{"0":[0,0],"1":[0,0],"2":[0,0]}}
,"/home/neo/git/service_layer/platform/mobile-wallet/src/lib/prices.ts": {"path":"/home/neo/git/service_layer/platform/mobile-wallet/src/lib/prices.ts","statementMap":{"0":{"start":{"line":8,"column":25},"end":{"line":8,"column":39}},"1":{"start":{"line":9,"column":24},"end":{"line":9,"column":37}},"2":{"start":{"line":40,"column":46},"end":{"line":61,"column":1}},"3":{"start":{"line":67,"column":2},"end":{"line":67,"column":60}},"4":{"start":{"line":74,"column":2},"end":{"line":74,"column":84}},"5":{"start":{"line":74,"column":48},"end":{"line":74,"column":81}},"6":{"start":{"line":81,"column":20},"end":{"line":81,"column":44}},"7":{"start":{"line":82,"column":31},"end":{"line":82,"column":33}},"8":{"start":{"line":83,"column":14},"end":{"line":83,"column":24}},"9":{"start":{"line":84,"column":20},"end":{"line":84,"column":71}},"10":{"start":{"line":85,"column":16},"end":{"line":85,"column":32}},"11":{"start":{"line":87,"column":2},"end":{"line":90,"column":3}},"12":{"start":{"line":87,"column":15},"end":{"line":87,"column":20}},"13":{"start":{"line":88,"column":21},"end":{"line":88,"column":60}},"14":{"start":{"line":89,"column":4},"end":{"line":89,"column":79}},"15":{"start":{"line":91,"column":2},"end":{"line":91,"column":16}},"16":{"start":{"line":98,"column":15},"end":{"line":98,"column":63}},"17":{"start":{"line":99,"column":2},"end":{"line":99,"column":38}},"18":{"start":{"line":106,"column":17},"end":{"line":106,"column":40}},"19":{"start":{"line":107,"column":2},"end":{"line":107,"column":21}},"20":{"start":{"line":108,"column":2},"end":{"line":108,"column":75}},"21":{"start":{"line":115,"column":2},"end":{"line":115,"column":73}},"22":{"start":{"line":122,"column":2},"end":{"line":122,"column":26}},"23":{"start":{"line":129,"column":15},"end":{"line":129,"column":37}},"24":{"start":{"line":130,"column":2},"end":{"line":130,"column":40}},"25":{"start":{"line":137,"column":2},"end":{"line":137,"column":61}},"26":{"start":{"line":137,"column":21},"end":{"line":137,"column":61}},"27":{"start":{"line":138,"column":2},"end":{"line":138,"column":61}},"28":{"start":{"line":138,"column":21},"end":{"line":138,"column":61}},"29":{"start":{"line":139,"column":2},"end":{"line":139,"column":33}}},"fnMap":{"0":{"name":"getPrice","decl":{"start":{"line":66,"column":16},"end":{"line":66,"column":24}},"loc":{"start":{"line":66,"column":50},"end":{"line":68,"column":1}},"line":66},"1":{"name":"getAllPrices","decl":{"start":{"line":73,"column":16},"end":{"line":73,"column":28}},"loc":{"start":{"line":73,"column":44},"end":{"line":75,"column":1}},"line":73},"2":{"name":"(anonymous_2)","decl":{"start":{"line":74,"column":40},"end":{"line":74,"column":41}},"loc":{"start":{"line":74,"column":48},"end":{"line":74,"column":81}},"line":74},"3":{"name":"getChartData","decl":{"start":{"line":80,"column":16},"end":{"line":80,"column":28}},"loc":{"start":{"line":80,"column":75},"end":{"line":92,"column":1}},"line":80},"4":{"name":"loadPriceAlerts","decl":{"start":{"line":97,"column":22},"end":{"line":97,"column":37}},"loc":{"start":{"line":97,"column":63},"end":{"line":100,"column":1}},"line":97},"5":{"name":"savePriceAlert","decl":{"start":{"line":105,"column":22},"end":{"line":105,"column":36}},"loc":{"start":{"line":105,"column":71},"end":{"line":109,"column":1}},"line":105},"6":{"name":"generateAlertId","decl":{"start":{"line":114,"column":16},"end":{"line":114,"column":31}},"loc":{"start":{"line":114,"column":42},"end":{"line":116,"column":1}},"line":114},"7":{"name":"formatPrice","decl":{"start":{"line":121,"column":16},"end":{"line":121,"column":27}},"loc":{"start":{"line":121,"column":51},"end":{"line":123,"column":1}},"line":121},"8":{"name":"formatChange","decl":{"start":{"line":128,"column":16},"end":{"line":128,"column":28}},"loc":{"start":{"line":128,"column":53},"end":{"line":131,"column":1}},"line":128},"9":{"name":"formatVolume","decl":{"start":{"line":136,"column":16},"end":{"line":136,"column":28}},"loc":{"start":{"line":136,"column":53},"end":{"line":140,"column":1}},"line":136}},"branchMap":{"0":{"loc":{"start":{"line":99,"column":9},"end":{"line":99,"column":37}},"type":"cond-expr","locations":[{"start":{"line":99,"column":16},"end":{"line":99,"column":32}},{"start":{"line":99,"column":35},"end":{"line":99,"column":37}}],"line":99},"1":{"loc":{"start":{"line":129,"column":15},"end":{"line":129,"column":37}},"type":"cond-expr","locations":[{"start":{"line":129,"column":29},"end":{"line":129,"column":32}},{"start":{"line":129,"column":35},"end":{"line":129,"column":37}}],"line":129},"2":{"loc":{"start":{"line":137,"column":2},"end":{"line":137,"column":61}},"type":"if","locations":[{"start":{"line":137,"column":2},"end":{"line":137,"column":61}},{"start":{},"end":{}}],"line":137},"3":{"loc":{"start":{"line":138,"column":2},"end":{"line":138,"column":61}},"type":"if","locations":[{"start":{"line":138,"column":2},"end":{"line":138,"column":61}},{"start":{},"end":{}}],"line":138}},"s":{"0":1,"1":1,"2":1,"3":2,"4":1,"5":2,"6":1,"7":1,"8":1,"9":1,"10":1,"11":1,"12":1,"13":25,"14":25,"15":1,"16":2,"17":2,"18":1,"19":1,"20":1,"21":2,"22":1,"23":2,"24":2,"25":2,"26":1,"27":1,"28":1,"29":0},"f":{"0":2,"1":1,"2":2,"3":1,"4":2,"5":1,"6":2,"7":1,"8":2,"9":2},"b":{"0":[0,2],"1":[1,1],"2":[1,1],"3":[1,0]},"_coverageSchema":"1a1c01bbd47fc00a2c39e90264f33305004495a9","hash":"cfc293c5c0af052f654371ebb81906e6267418a8"}
,"/home/neo/git/service_layer/platform/mobile-wallet/src/lib/qrcode.ts": {"path":"/home/neo/git/service_layer/platform/mobile-wallet/src/lib/qrcode.ts","statementMap":{"0":{"start":{"line":23,"column":26},"end":{"line":23,"column":46}},"1":{"start":{"line":26,"column":26},"end":{"line":26,"column":59}},"2":{"start":{"line":29,"column":21},"end":{"line":29,"column":41}},"3":{"start":{"line":35,"column":2},"end":{"line":35,"column":33}},"4":{"start":{"line":35,"column":16},"end":{"line":35,"column":33}},"5":{"start":{"line":37,"column":2},"end":{"line":39,"column":3}},"6":{"start":{"line":38,"column":4},"end":{"line":38,"column":27}},"7":{"start":{"line":40,"column":2},"end":{"line":42,"column":3}},"8":{"start":{"line":41,"column":4},"end":{"line":41,"column":21}},"9":{"start":{"line":43,"column":2},"end":{"line":45,"column":3}},"10":{"start":{"line":44,"column":4},"end":{"line":44,"column":21}},"11":{"start":{"line":46,"column":2},"end":{"line":46,"column":19}},"12":{"start":{"line":53,"column":16},"end":{"line":53,"column":44}},"13":{"start":{"line":54,"column":2},"end":{"line":54,"column":26}},"14":{"start":{"line":54,"column":14},"end":{"line":54,"column":26}},"15":{"start":{"line":56,"column":18},"end":{"line":56,"column":26}},"16":{"start":{"line":57,"column":22},"end":{"line":57,"column":46}},"17":{"start":{"line":58,"column":17},"end":{"line":58,"column":49}},"18":{"start":{"line":60,"column":2},"end":{"line":65,"column":4}},"19":{"start":{"line":72,"column":15},"end":{"line":72,"column":36}},"20":{"start":{"line":74,"column":2},"end":{"line":83,"column":3}},"21":{"start":{"line":76,"column":6},"end":{"line":76,"column":68}},"22":{"start":{"line":78,"column":6},"end":{"line":78,"column":64}},"23":{"start":{"line":80,"column":6},"end":{"line":80,"column":51}},"24":{"start":{"line":82,"column":6},"end":{"line":82,"column":59}},"25":{"start":{"line":90,"column":17},"end":{"line":90,"column":38}},"26":{"start":{"line":91,"column":2},"end":{"line":91,"column":59}},"27":{"start":{"line":91,"column":22},"end":{"line":91,"column":59}},"28":{"start":{"line":92,"column":2},"end":{"line":92,"column":56}},"29":{"start":{"line":92,"column":21},"end":{"line":92,"column":56}},"30":{"start":{"line":93,"column":2},"end":{"line":93,"column":53}},"31":{"start":{"line":93,"column":20},"end":{"line":93,"column":53}},"32":{"start":{"line":95,"column":16},"end":{"line":95,"column":33}},"33":{"start":{"line":96,"column":2},"end":{"line":96,"column":78}},"34":{"start":{"line":103,"column":2},"end":{"line":103,"column":41}}},"fnMap":{"0":{"name":"detectQRType","decl":{"start":{"line":34,"column":16},"end":{"line":34,"column":28}},"loc":{"start":{"line":34,"column":54},"end":{"line":47,"column":1}},"line":34},"1":{"name":"parsePaymentURI","decl":{"start":{"line":52,"column":16},"end":{"line":52,"column":31}},"loc":{"start":{"line":52,"column":68},"end":{"line":66,"column":1}},"line":52},"2":{"name":"parseQRCode","decl":{"start":{"line":71,"column":16},"end":{"line":71,"column":27}},"loc":{"start":{"line":71,"column":55},"end":{"line":84,"column":1}},"line":71},"3":{"name":"generatePaymentURI","decl":{"start":{"line":89,"column":16},"end":{"line":89,"column":34}},"loc":{"start":{"line":89,"column":68},"end":{"line":97,"column":1}},"line":89},"4":{"name":"isValidNeoAddress","decl":{"start":{"line":102,"column":16},"end":{"line":102,"column":33}},"loc":{"start":{"line":102,"column":60},"end":{"line":104,"column":1}},"line":102}},"branchMap":{"0":{"loc":{"start":{"line":35,"column":2},"end":{"line":35,"column":33}},"type":"if","locations":[{"start":{"line":35,"column":2},"end":{"line":35,"column":33}},{"start":{},"end":{}}],"line":35},"1":{"loc":{"start":{"line":37,"column":2},"end":{"line":39,"column":3}},"type":"if","locations":[{"start":{"line":37,"column":2},"end":{"line":39,"column":3}},{"start":{},"end":{}}],"line":37},"2":{"loc":{"start":{"line":40,"column":2},"end":{"line":42,"column":3}},"type":"if","locations":[{"start":{"line":40,"column":2},"end":{"line":42,"column":3}},{"start":{},"end":{}}],"line":40},"3":{"loc":{"start":{"line":43,"column":2},"end":{"line":45,"column":3}},"type":"if","locations":[{"start":{"line":43,"column":2},"end":{"line":45,"column":3}},{"start":{},"end":{}}],"line":43},"4":{"loc":{"start":{"line":54,"column":2},"end":{"line":54,"column":26}},"type":"if","locations":[{"start":{"line":54,"column":2},"end":{"line":54,"column":26}},{"start":{},"end":{}}],"line":54},"5":{"loc":{"start":{"line":57,"column":22},"end":{"line":57,"column":46}},"type":"binary-expr","locations":[{"start":{"line":57,"column":22},"end":{"line":57,"column":40}},{"start":{"line":57,"column":44},"end":{"line":57,"column":46}}],"line":57},"6":{"loc":{"start":{"line":62,"column":12},"end":{"line":62,"column":45}},"type":"binary-expr","locations":[{"start":{"line":62,"column":12},"end":{"line":62,"column":32}},{"start":{"line":62,"column":36},"end":{"line":62,"column":45}}],"line":62},"7":{"loc":{"start":{"line":63,"column":11},"end":{"line":63,"column":43}},"type":"binary-expr","locations":[{"start":{"line":63,"column":11},"end":{"line":63,"column":30}},{"start":{"line":63,"column":34},"end":{"line":63,"column":43}}],"line":63},"8":{"loc":{"start":{"line":64,"column":10},"end":{"line":64,"column":41}},"type":"binary-expr","locations":[{"start":{"line":64,"column":10},"end":{"line":64,"column":28}},{"start":{"line":64,"column":32},"end":{"line":64,"column":41}}],"line":64},"9":{"loc":{"start":{"line":74,"column":2},"end":{"line":83,"column":3}},"type":"switch","locations":[{"start":{"line":75,"column":4},"end":{"line":76,"column":68}},{"start":{"line":77,"column":4},"end":{"line":78,"column":64}},{"start":{"line":79,"column":4},"end":{"line":80,"column":51}},{"start":{"line":81,"column":4},"end":{"line":82,"column":59}}],"line":74},"10":{"loc":{"start":{"line":91,"column":2},"end":{"line":91,"column":59}},"type":"if","locations":[{"start":{"line":91,"column":2},"end":{"line":91,"column":59}},{"start":{},"end":{}}],"line":91},"11":{"loc":{"start":{"line":92,"column":2},"end":{"line":92,"column":56}},"type":"if","locations":[{"start":{"line":92,"column":2},"end":{"line":92,"column":56}},{"start":{},"end":{}}],"line":92},"12":{"loc":{"start":{"line":93,"column":2},"end":{"line":93,"column":53}},"type":"if","locations":[{"start":{"line":93,"column":2},"end":{"line":93,"column":53}},{"start":{},"end":{}}],"line":93},"13":{"loc":{"start":{"line":96,"column":9},"end":{"line":96,"column":77}},"type":"cond-expr","locations":[{"start":{"line":96,"column":17},"end":{"line":96,"column":50}},{"start":{"line":96,"column":53},"end":{"line":96,"column":77}}],"line":96}},"s":{"0":0,"1":0,"2":0,"3":0,"4":0,"5":0,"6":0,"7":0,"8":0,"9":0,"10":0,"11":0,"12":0,"13":0,"14":0,"15":0,"16":0,"17":0,"18":0,"19":0,"20":0,"21":0,"22":0,"23":0,"24":0,"25":0,"26":0,"27":0,"28":0,"29":0,"30":0,"31":0,"32":0,"33":0,"34":0},"f":{"0":0,"1":0,"2":0,"3":0,"4":0},"b":{"0":[0,0],"1":[0,0],"2":[0,0],"3":[0,0],"4":[0,0],"5":[0,0],"6":[0,0],"7":[0,0],"8":[0,0],"9":[0,0,0,0],"10":[0,0],"11":[0,0],"12":[0,0],"13":[0,0]}}
,"/home/neo/git/service_layer/platform/mobile-wallet/src/lib/security.ts": {"path":"/home/neo/git/service_layer/platform/mobile-wallet/src/lib/security.ts","statementMap":{"0":{"start":{"line":8,"column":30},"end":{"line":8,"column":49}},"1":{"start":{"line":9,"column":26},"end":{"line":9,"column":41}},"2":{"start":{"line":27,"column":43},"end":{"line":32,"column":1}},"3":{"start":{"line":38,"column":15},"end":{"line":38,"column":68}},"4":{"start":{"line":39,"column":2},"end":{"line":39,"column":52}},"5":{"start":{"line":46,"column":2},"end":{"line":46,"column":82}},"6":{"start":{"line":53,"column":15},"end":{"line":53,"column":64}},"7":{"start":{"line":54,"column":2},"end":{"line":54,"column":38}},"8":{"start":{"line":61,"column":15},"end":{"line":61,"column":39}},"9":{"start":{"line":62,"column":2},"end":{"line":67,"column":5}},"10":{"start":{"line":68,"column":18},"end":{"line":68,"column":36}},"11":{"start":{"line":69,"column":2},"end":{"line":69,"column":77}},"12":{"start":{"line":76,"column":45},"end":{"line":81,"column":3}},"13":{"start":{"line":82,"column":2},"end":{"line":82,"column":24}},"14":{"start":{"line":89,"column":2},"end":{"line":89,"column":46}}},"fnMap":{"0":{"name":"loadSecuritySettings","decl":{"start":{"line":37,"column":22},"end":{"line":37,"column":42}},"loc":{"start":{"line":37,"column":72},"end":{"line":40,"column":1}},"line":37},"1":{"name":"saveSecuritySettings","decl":{"start":{"line":45,"column":22},"end":{"line":45,"column":42}},"loc":{"start":{"line":45,"column":86},"end":{"line":47,"column":1}},"line":45},"2":{"name":"loadSecurityLogs","decl":{"start":{"line":52,"column":22},"end":{"line":52,"column":38}},"loc":{"start":{"line":52,"column":65},"end":{"line":55,"column":1}},"line":52},"3":{"name":"addSecurityLog","decl":{"start":{"line":60,"column":22},"end":{"line":60,"column":36}},"loc":{"start":{"line":60,"column":85},"end":{"line":70,"column":1}},"line":60},"4":{"name":"getLockMethodLabel","decl":{"start":{"line":75,"column":16},"end":{"line":75,"column":34}},"loc":{"start":{"line":75,"column":63},"end":{"line":83,"column":1}},"line":75},"5":{"name":"formatLogTime","decl":{"start":{"line":88,"column":16},"end":{"line":88,"column":29}},"loc":{"start":{"line":88,"column":57},"end":{"line":90,"column":1}},"line":88}},"branchMap":{"0":{"loc":{"start":{"line":39,"column":9},"end":{"line":39,"column":51}},"type":"cond-expr","locations":[{"start":{"line":39,"column":16},"end":{"line":39,"column":32}},{"start":{"line":39,"column":35},"end":{"line":39,"column":51}}],"line":39},"1":{"loc":{"start":{"line":54,"column":9},"end":{"line":54,"column":37}},"type":"cond-expr","locations":[{"start":{"line":54,"column":16},"end":{"line":54,"column":32}},{"start":{"line":54,"column":35},"end":{"line":54,"column":37}}],"line":54}},"s":{"0":1,"1":1,"2":1,"3":2,"4":2,"5":1,"6":2,"7":2,"8":1,"9":1,"10":1,"11":1,"12":4,"13":4,"14":1},"f":{"0":2,"1":1,"2":2,"3":1,"4":4,"5":1},"b":{"0":[1,1],"1":[0,2]},"_coverageSchema":"1a1c01bbd47fc00a2c39e90264f33305004495a9","hash":"c5aa6d609759b5b058a76517f95de9a653be937e"}
,"/home/neo/git/service_layer/platform/mobile-wallet/src/lib/signing.ts": {"path":"/home/neo/git/service_layer/platform/mobile-wallet/src/lib/signing.ts","statementMap":{"0":{"start":{"line":8,"column":28},"end":{"line":8,"column":45}},"1":{"start":{"line":9,"column":21},"end":{"line":9,"column":39}},"2":{"start":{"line":50,"column":17},"end":{"line":50,"column":35}},"3":{"start":{"line":51,"column":15},"end":{"line":51,"column":70}},"4":{"start":{"line":52,"column":14},"end":{"line":52,"column":59}},"5":{"start":{"line":54,"column":2},"end":{"line":54,"column":50}},"6":{"start":{"line":61,"column":2},"end":{"line":61,"column":87}},"7":{"start":{"line":68,"column":2},"end":{"line":70,"column":3}},"8":{"start":{"line":69,"column":4},"end":{"line":69,"column":41}},"9":{"start":{"line":72,"column":33},"end":{"line":78,"column":3}},"10":{"start":{"line":80,"column":19},"end":{"line":80,"column":46}},"11":{"start":{"line":81,"column":2},"end":{"line":81,"column":24}},"12":{"start":{"line":82,"column":2},"end":{"line":82,"column":73}},"13":{"start":{"line":84,"column":2},"end":{"line":84,"column":16}},"14":{"start":{"line":91,"column":15},"end":{"line":91,"column":59}},"15":{"start":{"line":92,"column":2},"end":{"line":92,"column":38}},"16":{"start":{"line":99,"column":15},"end":{"line":99,"column":66}},"17":{"start":{"line":100,"column":2},"end":{"line":100,"column":38}},"18":{"start":{"line":107,"column":18},"end":{"line":107,"column":44}},"19":{"start":{"line":108,"column":2},"end":{"line":108,"column":26}},"20":{"start":{"line":109,"column":18},"end":{"line":109,"column":38}},"21":{"start":{"line":110,"column":2},"end":{"line":110,"column":79}},"22":{"start":{"line":117,"column":2},"end":{"line":117,"column":72}},"23":{"start":{"line":124,"column":2},"end":{"line":124,"column":15}},"24":{"start":{"line":131,"column":48},"end":{"line":135,"column":3}},"25":{"start":{"line":136,"column":2},"end":{"line":136,"column":24}},"26":{"start":{"line":143,"column":2},"end":{"line":143,"column":50}}},"fnMap":{"0":{"name":"signOffline","decl":{"start":{"line":49,"column":22},"end":{"line":49,"column":33}},"loc":{"start":{"line":49,"column":89},"end":{"line":55,"column":1}},"line":49},"1":{"name":"verifySignature","decl":{"start":{"line":60,"column":16},"end":{"line":60,"column":31}},"loc":{"start":{"line":60,"column":93},"end":{"line":62,"column":1}},"line":60},"2":{"name":"createMultisig","decl":{"start":{"line":67,"column":22},"end":{"line":67,"column":36}},"loc":{"start":{"line":67,"column":117},"end":{"line":85,"column":1}},"line":67},"3":{"name":"loadMultisigWallets","decl":{"start":{"line":90,"column":22},"end":{"line":90,"column":41}},"loc":{"start":{"line":90,"column":71},"end":{"line":93,"column":1}},"line":90},"4":{"name":"loadSigningHistory","decl":{"start":{"line":98,"column":22},"end":{"line":98,"column":40}},"loc":{"start":{"line":98,"column":69},"end":{"line":101,"column":1}},"line":98},"5":{"name":"saveSigningRecord","decl":{"start":{"line":106,"column":22},"end":{"line":106,"column":39}},"loc":{"start":{"line":106,"column":78},"end":{"line":111,"column":1}},"line":106},"6":{"name":"generateSigningId","decl":{"start":{"line":116,"column":16},"end":{"line":116,"column":33}},"loc":{"start":{"line":116,"column":44},"end":{"line":118,"column":1}},"line":116},"7":{"name":"isHardwareConnected","decl":{"start":{"line":123,"column":16},"end":{"line":123,"column":35}},"loc":{"start":{"line":123,"column":47},"end":{"line":125,"column":1}},"line":123},"8":{"name":"getMethodLabel","decl":{"start":{"line":130,"column":16},"end":{"line":130,"column":30}},"loc":{"start":{"line":130,"column":62},"end":{"line":137,"column":1}},"line":130},"9":{"name":"formatSigningDate","decl":{"start":{"line":142,"column":16},"end":{"line":142,"column":33}},"loc":{"start":{"line":142,"column":61},"end":{"line":144,"column":1}},"line":142}},"branchMap":{"0":{"loc":{"start":{"line":61,"column":9},"end":{"line":61,"column":86}},"type":"binary-expr","locations":[{"start":{"line":61,"column":9},"end":{"line":61,"column":37}},{"start":{"line":61,"column":41},"end":{"line":61,"column":62}},{"start":{"line":61,"column":66},"end":{"line":61,"column":86}}],"line":61},"1":{"loc":{"start":{"line":68,"column":2},"end":{"line":70,"column":3}},"type":"if","locations":[{"start":{"line":68,"column":2},"end":{"line":70,"column":3}},{"start":{},"end":{}}],"line":68},"2":{"loc":{"start":{"line":68,"column":6},"end":{"line":68,"column":52}},"type":"binary-expr","locations":[{"start":{"line":68,"column":6},"end":{"line":68,"column":19}},{"start":{"line":68,"column":23},"end":{"line":68,"column":52}}],"line":68},"3":{"loc":{"start":{"line":92,"column":9},"end":{"line":92,"column":37}},"type":"cond-expr","locations":[{"start":{"line":92,"column":16},"end":{"line":92,"column":32}},{"start":{"line":92,"column":35},"end":{"line":92,"column":37}}],"line":92},"4":{"loc":{"start":{"line":100,"column":9},"end":{"line":100,"column":37}},"type":"cond-expr","locations":[{"start":{"line":100,"column":16},"end":{"line":100,"column":32}},{"start":{"line":100,"column":35},"end":{"line":100,"column":37}}],"line":100}},"s":{"0":0,"1":0,"2":0,"3":0,"4":0,"5":0,"6":0,"7":0,"8":0,"9":0,"10":0,"11":0,"12":0,"13":0,"14":0,"15":0,"16":0,"17":0,"18":0,"19":0,"20":0,"21":0,"22":0,"23":0,"24":0,"25":0,"26":0},"f":{"0":0,"1":0,"2":0,"3":0,"4":0,"5":0,"6":0,"7":0,"8":0,"9":0},"b":{"0":[0,0,0],"1":[0,0],"2":[0,0],"3":[0,0],"4":[0,0]}}
,"/home/neo/git/service_layer/platform/mobile-wallet/src/lib/staking.ts": {"path":"/home/neo/git/service_layer/platform/mobile-wallet/src/lib/staking.ts","statementMap":{"0":{"start":{"line":8,"column":28},"end":{"line":8,"column":45}},"1":{"start":{"line":25,"column":29},"end":{"line":25,"column":32}},"2":{"start":{"line":26,"column":25},"end":{"line":26,"column":43}},"3":{"start":{"line":32,"column":2},"end":{"line":32,"column":44}},"4":{"start":{"line":32,"column":35},"end":{"line":32,"column":44}},"5":{"start":{"line":33,"column":23},"end":{"line":33,"column":33}},"6":{"start":{"line":34,"column":2},"end":{"line":34,"column":57}},"7":{"start":{"line":41,"column":2},"end":{"line":41,"column":31}},"8":{"start":{"line":41,"column":22},"end":{"line":41,"column":31}},"9":{"start":{"line":42,"column":2},"end":{"line":42,"column":50}},"10":{"start":{"line":49,"column":15},"end":{"line":49,"column":66}},"11":{"start":{"line":50,"column":2},"end":{"line":50,"column":38}},"12":{"start":{"line":57,"column":18},"end":{"line":57,"column":43}},"13":{"start":{"line":58,"column":2},"end":{"line":58,"column":26}},"14":{"start":{"line":59,"column":2},"end":{"line":59,"column":79}},"15":{"start":{"line":66,"column":2},"end":{"line":66,"column":74}},"16":{"start":{"line":73,"column":2},"end":{"line":73,"column":27}}},"fnMap":{"0":{"name":"calculateRewards","decl":{"start":{"line":31,"column":16},"end":{"line":31,"column":32}},"loc":{"start":{"line":31,"column":74},"end":{"line":35,"column":1}},"line":31},"1":{"name":"getDailyRate","decl":{"start":{"line":40,"column":16},"end":{"line":40,"column":28}},"loc":{"start":{"line":40,"column":56},"end":{"line":43,"column":1}},"line":40},"2":{"name":"loadRewardHistory","decl":{"start":{"line":48,"column":22},"end":{"line":48,"column":39}},"loc":{"start":{"line":48,"column":67},"end":{"line":51,"column":1}},"line":48},"3":{"name":"saveRewardRecord","decl":{"start":{"line":56,"column":22},"end":{"line":56,"column":38}},"loc":{"start":{"line":56,"column":76},"end":{"line":60,"column":1}},"line":56},"4":{"name":"generateRecordId","decl":{"start":{"line":65,"column":16},"end":{"line":65,"column":32}},"loc":{"start":{"line":65,"column":43},"end":{"line":67,"column":1}},"line":65},"5":{"name":"formatGasAmount","decl":{"start":{"line":72,"column":16},"end":{"line":72,"column":31}},"loc":{"start":{"line":72,"column":56},"end":{"line":74,"column":1}},"line":72}},"branchMap":{"0":{"loc":{"start":{"line":32,"column":2},"end":{"line":32,"column":44}},"type":"if","locations":[{"start":{"line":32,"column":2},"end":{"line":32,"column":44}},{"start":{},"end":{}}],"line":32},"1":{"loc":{"start":{"line":32,"column":6},"end":{"line":32,"column":33}},"type":"binary-expr","locations":[{"start":{"line":32,"column":6},"end":{"line":32,"column":20}},{"start":{"line":32,"column":24},"end":{"line":32,"column":33}}],"line":32},"2":{"loc":{"start":{"line":41,"column":2},"end":{"line":41,"column":31}},"type":"if","locations":[{"start":{"line":41,"column":2},"end":{"line":41,"column":31}},{"start":{},"end":{}}],"line":41},"3":{"loc":{"start":{"line":50,"column":9},"end":{"line":50,"column":37}},"type":"cond-expr","locations":[{"start":{"line":50,"column":16},"end":{"line":50,"column":32}},{"start":{"line":50,"column":35},"end":{"line":50,"column":37}}],"line":50}},"s":{"0":0,"1":0,"2":0,"3":0,"4":0,"5":0,"6":0,"7":0,"8":0,"9":0,"10":0,"11":0,"12":0,"13":0,"14":0,"15":0,"16":0},"f":{"0":0,"1":0,"2":0,"3":0,"4":0,"5":0},"b":{"0":[0,0],"1":[0,0],"2":[0,0],"3":[0,0]}}
,"/home/neo/git/service_layer/platform/mobile-wallet/src/lib/tokens.ts": {"path":"/home/neo/git/service_layer/platform/mobile-wallet/src/lib/tokens.ts","statementMap":{"0":{"start":{"line":8,"column":19},"end":{"line":8,"column":34}},"1":{"start":{"line":18,"column":15},"end":{"line":18,"column":57}},"2":{"start":{"line":19,"column":2},"end":{"line":19,"column":38}},"3":{"start":{"line":23,"column":17},"end":{"line":23,"column":35}},"4":{"start":{"line":24,"column":17},"end":{"line":24,"column":74}},"5":{"start":{"line":24,"column":36},"end":{"line":24,"column":73}},"6":{"start":{"line":25,"column":2},"end":{"line":28,"column":3}},"7":{"start":{"line":26,"column":4},"end":{"line":26,"column":23}},"8":{"start":{"line":27,"column":4},"end":{"line":27,"column":71}},"9":{"start":{"line":32,"column":17},"end":{"line":32,"column":35}},"10":{"start":{"line":33,"column":19},"end":{"line":33,"column":72}},"11":{"start":{"line":33,"column":40},"end":{"line":33,"column":71}},"12":{"start":{"line":34,"column":2},"end":{"line":34,"column":71}}},"fnMap":{"0":{"name":"loadTokens","decl":{"start":{"line":17,"column":22},"end":{"line":17,"column":32}},"loc":{"start":{"line":17,"column":53},"end":{"line":20,"column":1}},"line":17},"1":{"name":"saveToken","decl":{"start":{"line":22,"column":22},"end":{"line":22,"column":31}},"loc":{"start":{"line":22,"column":61},"end":{"line":29,"column":1}},"line":22},"2":{"name":"(anonymous_2)","decl":{"start":{"line":24,"column":29},"end":{"line":24,"column":30}},"loc":{"start":{"line":24,"column":36},"end":{"line":24,"column":73}},"line":24},"3":{"name":"removeToken","decl":{"start":{"line":31,"column":22},"end":{"line":31,"column":33}},"loc":{"start":{"line":31,"column":71},"end":{"line":35,"column":1}},"line":31},"4":{"name":"(anonymous_4)","decl":{"start":{"line":33,"column":33},"end":{"line":33,"column":34}},"loc":{"start":{"line":33,"column":40},"end":{"line":33,"column":71}},"line":33}},"branchMap":{"0":{"loc":{"start":{"line":19,"column":9},"end":{"line":19,"column":37}},"type":"cond-expr","locations":[{"start":{"line":19,"column":16},"end":{"line":19,"column":32}},{"start":{"line":19,"column":35},"end":{"line":19,"column":37}}],"line":19},"1":{"loc":{"start":{"line":25,"column":2},"end":{"line":28,"column":3}},"type":"if","locations":[{"start":{"line":25,"column":2},"end":{"line":28,"column":3}},{"start":{},"end":{}}],"line":25}},"s":{"0":0,"1":0,"2":0,"3":0,"4":0,"5":0,"6":0,"7":0,"8":0,"9":0,"10":0,"11":0,"12":0},"f":{"0":0,"1":0,"2":0,"3":0,"4":0},"b":{"0":[0,0],"1":[0,0]}}
,"/home/neo/git/service_layer/platform/mobile-wallet/src/lib/walletconnect.ts": {"path":"/home/neo/git/service_layer/platform/mobile-wallet/src/lib/walletconnect.ts","statementMap":{"0":{"start":{"line":8,"column":21},"end":{"line":8,"column":45}},"1":{"start":{"line":9,"column":21},"end":{"line":9,"column":35}},"2":{"start":{"line":10,"column":29},"end":{"line":10,"column":43}},"3":{"start":{"line":51,"column":2},"end":{"line":51,"column":42}},"4":{"start":{"line":51,"column":30},"end":{"line":51,"column":42}},"5":{"start":{"line":53,"column":16},"end":{"line":53,"column":53}},"6":{"start":{"line":54,"column":2},"end":{"line":54,"column":26}},"7":{"start":{"line":54,"column":14},"end":{"line":54,"column":26}},"8":{"start":{"line":56,"column":42},"end":{"line":56,"column":47}},"9":{"start":{"line":57,"column":17},"end":{"line":57,"column":49}},"10":{"start":{"line":59,"column":2},"end":{"line":63,"column":4}},"11":{"start":{"line":70,"column":2},"end":{"line":70,"column":34}},"12":{"start":{"line":77,"column":2},"end":{"line":77,"column":69}},"13":{"start":{"line":84,"column":16},"end":{"line":84,"column":36}},"14":{"start":{"line":85,"column":2},"end":{"line":87,"column":3}},"15":{"start":{"line":86,"column":4},"end":{"line":86,"column":30}},"16":{"start":{"line":88,"column":2},"end":{"line":90,"column":3}},"17":{"start":{"line":89,"column":4},"end":{"line":89,"column":26}},"18":{"start":{"line":91,"column":2},"end":{"line":91,"column":19}},"19":{"start":{"line":98,"column":15},"end":{"line":98,"column":59}},"20":{"start":{"line":99,"column":2},"end":{"line":99,"column":23}},"21":{"start":{"line":99,"column":13},"end":{"line":99,"column":23}},"22":{"start":{"line":100,"column":32},"end":{"line":100,"column":48}},"23":{"start":{"line":102,"column":14},"end":{"line":102,"column":24}},"24":{"start":{"line":103,"column":2},"end":{"line":103,"column":51}},"25":{"start":{"line":103,"column":32},"end":{"line":103,"column":49}},"26":{"start":{"line":110,"column":19},"end":{"line":110,"column":39}},"27":{"start":{"line":111,"column":17},"end":{"line":111,"column":64}},"28":{"start":{"line":111,"column":38},"end":{"line":111,"column":63}},"29":{"start":{"line":112,"column":2},"end":{"line":115,"column":3}},"30":{"start":{"line":113,"column":4},"end":{"line":113,"column":27}},"31":{"start":{"line":114,"column":4},"end":{"line":114,"column":75}},"32":{"start":{"line":122,"column":19},"end":{"line":122,"column":39}},"33":{"start":{"line":123,"column":19},"end":{"line":123,"column":60}},"34":{"start":{"line":123,"column":42},"end":{"line":123,"column":59}},"35":{"start":{"line":124,"column":2},"end":{"line":124,"column":73}},"36":{"start":{"line":131,"column":19},"end":{"line":131,"column":39}},"37":{"start":{"line":132,"column":2},"end":{"line":132,"column":49}},"38":{"start":{"line":132,"column":30},"end":{"line":132,"column":47}},"39":{"start":{"line":144,"column":14},"end":{"line":144,"column":24}},"40":{"start":{"line":145,"column":2},"end":{"line":152,"column":4}}},"fnMap":{"0":{"name":"parseWCUri","decl":{"start":{"line":50,"column":16},"end":{"line":50,"column":26}},"loc":{"start":{"line":50,"column":98},"end":{"line":64,"column":1}},"line":50},"1":{"name":"isValidWCUri","decl":{"start":{"line":69,"column":16},"end":{"line":69,"column":28}},"loc":{"start":{"line":69,"column":51},"end":{"line":71,"column":1}},"line":69},"2":{"name":"getChainId","decl":{"start":{"line":76,"column":16},"end":{"line":76,"column":26}},"loc":{"start":{"line":76,"column":67},"end":{"line":78,"column":1}},"line":76},"3":{"name":"getRequestType","decl":{"start":{"line":83,"column":16},"end":{"line":83,"column":30}},"loc":{"start":{"line":83,"column":62},"end":{"line":92,"column":1}},"line":83},"4":{"name":"loadSessions","decl":{"start":{"line":97,"column":22},"end":{"line":97,"column":34}},"loc":{"start":{"line":97,"column":59},"end":{"line":104,"column":1}},"line":97},"5":{"name":"(anonymous_5)","decl":{"start":{"line":103,"column":25},"end":{"line":103,"column":26}},"loc":{"start":{"line":103,"column":32},"end":{"line":103,"column":49}},"line":103},"6":{"name":"saveSession","decl":{"start":{"line":109,"column":22},"end":{"line":109,"column":33}},"loc":{"start":{"line":109,"column":69},"end":{"line":116,"column":1}},"line":109},"7":{"name":"(anonymous_7)","decl":{"start":{"line":111,"column":31},"end":{"line":111,"column":32}},"loc":{"start":{"line":111,"column":38},"end":{"line":111,"column":63}},"line":111},"8":{"name":"removeSession","decl":{"start":{"line":121,"column":22},"end":{"line":121,"column":35}},"loc":{"start":{"line":121,"column":66},"end":{"line":125,"column":1}},"line":121},"9":{"name":"(anonymous_9)","decl":{"start":{"line":123,"column":35},"end":{"line":123,"column":36}},"loc":{"start":{"line":123,"column":42},"end":{"line":123,"column":59}},"line":123},"10":{"name":"getSession","decl":{"start":{"line":130,"column":22},"end":{"line":130,"column":32}},"loc":{"start":{"line":130,"column":80},"end":{"line":133,"column":1}},"line":130},"11":{"name":"(anonymous_11)","decl":{"start":{"line":132,"column":23},"end":{"line":132,"column":24}},"loc":{"start":{"line":132,"column":30},"end":{"line":132,"column":47}},"line":132},"12":{"name":"createSession","decl":{"start":{"line":138,"column":16},"end":{"line":138,"column":29}},"loc":{"start":{"line":143,"column":13},"end":{"line":153,"column":1}},"line":143}},"branchMap":{"0":{"loc":{"start":{"line":51,"column":2},"end":{"line":51,"column":42}},"type":"if","locations":[{"start":{"line":51,"column":2},"end":{"line":51,"column":42}},{"start":{},"end":{}}],"line":51},"1":{"loc":{"start":{"line":54,"column":2},"end":{"line":54,"column":26}},"type":"if","locations":[{"start":{"line":54,"column":2},"end":{"line":54,"column":26}},{"start":{},"end":{}}],"line":54},"2":{"loc":{"start":{"line":62,"column":11},"end":{"line":62,"column":48}},"type":"binary-expr","locations":[{"start":{"line":62,"column":11},"end":{"line":62,"column":39}},{"start":{"line":62,"column":43},"end":{"line":62,"column":48}}],"line":62},"3":{"loc":{"start":{"line":77,"column":9},"end":{"line":77,"column":68}},"type":"cond-expr","locations":[{"start":{"line":77,"column":33},"end":{"line":77,"column":45}},{"start":{"line":77,"column":48},"end":{"line":77,"column":68}}],"line":77},"4":{"loc":{"start":{"line":85,"column":2},"end":{"line":87,"column":3}},"type":"if","locations":[{"start":{"line":85,"column":2},"end":{"line":87,"column":3}},{"start":{},"end":{}}],"line":85},"5":{"loc":{"start":{"line":85,"column":6},"end":{"line":85,"column":61}},"type":"binary-expr","locations":[{"start":{"line":85,"column":6},"end":{"line":85,"column":28}},{"start":{"line":85,"column":32},"end":{"line":85,"column":61}}],"line":85},"6":{"loc":{"start":{"line":88,"column":2},"end":{"line":90,"column":3}},"type":"if","locations":[{"start":{"line":88,"column":2},"end":{"line":90,"column":3}},{"start":{},"end":{}}],"line":88},"7":{"loc":{"start":{"line":88,"column":6},"end":{"line":88,"column":57}},"type":"binary-expr","locations":[{"start":{"line":88,"column":6},"end":{"line":88,"column":28}},{"start":{"line":88,"column":32},"end":{"line":88,"column":57}}],"line":88},"8":{"loc":{"start":{"line":99,"column":2},"end":{"line":99,"column":23}},"type":"if","locations":[{"start":{"line":99,"column":2},"end":{"line":99,"column":23}},{"start":{},"end":{}}],"line":99},"9":{"loc":{"start":{"line":112,"column":2},"end":{"line":115,"column":3}},"type":"if","locations":[{"start":{"line":112,"column":2},"end":{"line":115,"column":3}},{"start":{},"end":{}}],"line":112}},"s":{"0":0,"1":0,"2":0,"3":0,"4":0,"5":0,"6":0,"7":0,"8":0,"9":0,"10":0,"11":0,"12":0,"13":0,"14":0,"15":0,"16":0,"17":0,"18":0,"19":0,"20":0,"21":0,"22":0,"23":0,"24":0,"25":0,"26":0,"27":0,"28":0,"29":0,"30":0,"31":0,"32":0,"33":0,"34":0,"35":0,"36":0,"37":0,"38":0,"39":0,"40":0},"f":{"0":0,"1":0,"2":0,"3":0,"4":0,"5":0,"6":0,"7":0,"8":0,"9":0,"10":0,"11":0,"12":0},"b":{"0":[0,0],"1":[0,0],"2":[0,0],"3":[0,0],"4":[0,0],"5":[0,0],"6":[0,0],"7":[0,0],"8":[0,0],"9":[0,0]}}
,"/home/neo/git/service_layer/platform/mobile-wallet/src/lib/api/transactions.ts": {"path":"/home/neo/git/service_layer/platform/mobile-wallet/src/lib/api/transactions.ts","statementMap":{"0":{"start":{"line":6,"column":17},"end":{"line":6,"column":58}},"1":{"start":{"line":30,"column":2},"end":{"line":42,"column":3}},"2":{"start":{"line":31,"column":16},"end":{"line":31,"column":99}},"3":{"start":{"line":32,"column":4},"end":{"line":32,"column":52}},"4":{"start":{"line":32,"column":17},"end":{"line":32,"column":52}},"5":{"start":{"line":34,"column":17},"end":{"line":34,"column":33}},"6":{"start":{"line":35,"column":4},"end":{"line":39,"column":6}},"7":{"start":{"line":41,"column":4},"end":{"line":41,"column":48}},"8":{"start":{"line":46,"column":2},"end":{"line":56,"column":6}},"9":{"start":{"line":46,"column":30},"end":{"line":56,"column":3}},"10":{"start":{"line":60,"column":2},"end":{"line":60,"column":38}},"11":{"start":{"line":60,"column":24},"end":{"line":60,"column":38}},"12":{"start":{"line":61,"column":2},"end":{"line":61,"column":45}}},"fnMap":{"0":{"name":"fetchTransactions","decl":{"start":{"line":29,"column":22},"end":{"line":29,"column":39}},"loc":{"start":{"line":29,"column":109},"end":{"line":43,"column":1}},"line":29},"1":{"name":"mapTransactions","decl":{"start":{"line":45,"column":9},"end":{"line":45,"column":24}},"loc":{"start":{"line":45,"column":75},"end":{"line":57,"column":1}},"line":45},"2":{"name":"(anonymous_2)","decl":{"start":{"line":46,"column":19},"end":{"line":46,"column":20}},"loc":{"start":{"line":46,"column":30},"end":{"line":56,"column":3}},"line":46},"3":{"name":"formatAmount","decl":{"start":{"line":59,"column":9},"end":{"line":59,"column":21}},"loc":{"start":{"line":59,"column":62},"end":{"line":62,"column":1}},"line":59}},"branchMap":{"0":{"loc":{"start":{"line":29,"column":57},"end":{"line":29,"column":65}},"type":"default-arg","locations":[{"start":{"line":29,"column":64},"end":{"line":29,"column":65}}],"line":29},"1":{"loc":{"start":{"line":29,"column":67},"end":{"line":29,"column":77}},"type":"default-arg","locations":[{"start":{"line":29,"column":75},"end":{"line":29,"column":77}}],"line":29},"2":{"loc":{"start":{"line":32,"column":4},"end":{"line":32,"column":52}},"type":"if","locations":[{"start":{"line":32,"column":4},"end":{"line":32,"column":52}},{"start":{},"end":{}}],"line":32},"3":{"loc":{"start":{"line":36,"column":36},"end":{"line":36,"column":52}},"type":"binary-expr","locations":[{"start":{"line":36,"column":36},"end":{"line":36,"column":46}},{"start":{"line":36,"column":50},"end":{"line":36,"column":52}}],"line":36},"4":{"loc":{"start":{"line":37,"column":13},"end":{"line":37,"column":28}},"type":"binary-expr","locations":[{"start":{"line":37,"column":13},"end":{"line":37,"column":23}},{"start":{"line":37,"column":27},"end":{"line":37,"column":28}}],"line":37},"5":{"loc":{"start":{"line":47,"column":10},"end":{"line":47,"column":32}},"type":"binary-expr","locations":[{"start":{"line":47,"column":10},"end":{"line":47,"column":19}},{"start":{"line":47,"column":23},"end":{"line":47,"column":32}}],"line":47},"6":{"loc":{"start":{"line":53,"column":11},"end":{"line":53,"column":48}},"type":"cond-expr","locations":[{"start":{"line":53,"column":35},"end":{"line":53,"column":40}},{"start":{"line":53,"column":43},"end":{"line":53,"column":48}}],"line":53},"7":{"loc":{"start":{"line":54,"column":10},"end":{"line":54,"column":54}},"type":"cond-expr","locations":[{"start":{"line":54,"column":36},"end":{"line":54,"column":45}},{"start":{"line":54,"column":48},"end":{"line":54,"column":54}}],"line":54},"8":{"loc":{"start":{"line":60,"column":2},"end":{"line":60,"column":38}},"type":"if","locations":[{"start":{"line":60,"column":2},"end":{"line":60,"column":38}},{"start":{},"end":{}}],"line":60}},"s":{"0":0,"1":0,"2":0,"3":0,"4":0,"5":0,"6":0,"7":0,"8":0,"9":0,"10":0,"11":0,"12":0},"f":{"0":0,"1":0,"2":0,"3":0},"b":{"0":[0],"1":[0],"2":[0,0],"3":[0,0],"4":[0,0],"5":[0,0],"6":[0,0],"7":[0,0],"8":[0,0]}}
,"/home/neo/git/service_layer/platform/mobile-wallet/src/lib/dapp/favorites.ts": {"path":"/home/neo/git/service_layer/platform/mobile-wallet/src/lib/dapp/favorites.ts","statementMap":{"0":{"start":{"line":8,"column":22},"end":{"line":8,"column":38}},"1":{"start":{"line":18,"column":15},"end":{"line":18,"column":60}},"2":{"start":{"line":19,"column":2},"end":{"line":19,"column":38}},"3":{"start":{"line":23,"column":20},"end":{"line":23,"column":41}},"4":{"start":{"line":24,"column":17},"end":{"line":24,"column":58}},"5":{"start":{"line":24,"column":39},"end":{"line":24,"column":57}},"6":{"start":{"line":25,"column":2},"end":{"line":28,"column":3}},"7":{"start":{"line":26,"column":4},"end":{"line":26,"column":56}},"8":{"start":{"line":27,"column":4},"end":{"line":27,"column":77}},"9":{"start":{"line":32,"column":20},"end":{"line":32,"column":41}},"10":{"start":{"line":33,"column":19},"end":{"line":33,"column":57}},"11":{"start":{"line":33,"column":43},"end":{"line":33,"column":56}},"12":{"start":{"line":34,"column":2},"end":{"line":34,"column":74}},"13":{"start":{"line":38,"column":20},"end":{"line":38,"column":41}},"14":{"start":{"line":39,"column":2},"end":{"line":39,"column":46}},"15":{"start":{"line":39,"column":31},"end":{"line":39,"column":44}}},"fnMap":{"0":{"name":"loadFavorites","decl":{"start":{"line":17,"column":22},"end":{"line":17,"column":35}},"loc":{"start":{"line":17,"column":55},"end":{"line":20,"column":1}},"line":17},"1":{"name":"addFavorite","decl":{"start":{"line":22,"column":22},"end":{"line":22,"column":33}},"loc":{"start":{"line":22,"column":78},"end":{"line":29,"column":1}},"line":22},"2":{"name":"(anonymous_2)","decl":{"start":{"line":24,"column":32},"end":{"line":24,"column":33}},"loc":{"start":{"line":24,"column":39},"end":{"line":24,"column":57}},"line":24},"3":{"name":"removeFavorite","decl":{"start":{"line":31,"column":22},"end":{"line":31,"column":36}},"loc":{"start":{"line":31,"column":65},"end":{"line":35,"column":1}},"line":31},"4":{"name":"(anonymous_4)","decl":{"start":{"line":33,"column":36},"end":{"line":33,"column":37}},"loc":{"start":{"line":33,"column":43},"end":{"line":33,"column":56}},"line":33},"5":{"name":"isFavorite","decl":{"start":{"line":37,"column":22},"end":{"line":37,"column":32}},"loc":{"start":{"line":37,"column":64},"end":{"line":40,"column":1}},"line":37},"6":{"name":"(anonymous_6)","decl":{"start":{"line":39,"column":24},"end":{"line":39,"column":25}},"loc":{"start":{"line":39,"column":31},"end":{"line":39,"column":44}},"line":39}},"branchMap":{"0":{"loc":{"start":{"line":19,"column":9},"end":{"line":19,"column":37}},"type":"cond-expr","locations":[{"start":{"line":19,"column":16},"end":{"line":19,"column":32}},{"start":{"line":19,"column":35},"end":{"line":19,"column":37}}],"line":19},"1":{"loc":{"start":{"line":25,"column":2},"end":{"line":28,"column":3}},"type":"if","locations":[{"start":{"line":25,"column":2},"end":{"line":28,"column":3}},{"start":{},"end":{}}],"line":25}},"s":{"0":0,"1":0,"2":0,"3":0,"4":0,"5":0,"6":0,"7":0,"8":0,"9":0,"10":0,"11":0,"12":0,"13":0,"14":0,"15":0},"f":{"0":0,"1":0,"2":0,"3":0,"4":0,"5":0,"6":0},"b":{"0":[0,0],"1":[0,0]}}
,"/home/neo/git/service_layer/platform/mobile-wallet/src/lib/dapp/injected.ts": {"path":"/home/neo/git/service_layer/platform/mobile-wallet/src/lib/dapp/injected.ts","statementMap":{"0":{"start":{"line":7,"column":2},"end":{"line":63,"column":2}},"1":{"start":{"line":67,"column":2},"end":{"line":71,"column":3}},"2":{"start":{"line":68,"column":4},"end":{"line":68,"column":28}},"3":{"start":{"line":70,"column":4},"end":{"line":70,"column":16}}},"fnMap":{"0":{"name":"generateInjectedScript","decl":{"start":{"line":6,"column":16},"end":{"line":6,"column":38}},"loc":{"start":{"line":6,"column":81},"end":{"line":64,"column":1}},"line":6},"1":{"name":"parseWebViewMessage","decl":{"start":{"line":66,"column":16},"end":{"line":66,"column":35}},"loc":{"start":{"line":66,"column":70},"end":{"line":72,"column":1}},"line":66}},"branchMap":{"0":{"loc":{"start":{"line":22,"column":27},"end":{"line":22,"column":72}},"type":"cond-expr","locations":[{"start":{"line":22,"column":51},"end":{"line":22,"column":60}},{"start":{"line":22,"column":63},"end":{"line":22,"column":72}}],"line":22}},"s":{"0":0,"1":0,"2":0,"3":0},"f":{"0":0,"1":0},"b":{"0":[0,0]}}
,"/home/neo/git/service_layer/platform/mobile-wallet/src/lib/i18n/index.ts": {"path":"/home/neo/git/service_layer/platform/mobile-wallet/src/lib/i18n/index.ts","statementMap":{"0":{"start":{"line":8,"column":19},"end":{"line":8,"column":31}},"1":{"start":{"line":12,"column":47},"end":{"line":17,"column":1}},"2":{"start":{"line":20,"column":17},"end":{"line":20,"column":59}},"3":{"start":{"line":21,"column":2},"end":{"line":21,"column":36}},"4":{"start":{"line":25,"column":2},"end":{"line":25,"column":53}},"5":{"start":{"line":29,"column":2},"end":{"line":29,"column":51}}},"fnMap":{"0":{"name":"getLocale","decl":{"start":{"line":19,"column":22},"end":{"line":19,"column":31}},"loc":{"start":{"line":19,"column":51},"end":{"line":22,"column":1}},"line":19},"1":{"name":"setLocale","decl":{"start":{"line":24,"column":22},"end":{"line":24,"column":31}},"loc":{"start":{"line":24,"column":63},"end":{"line":26,"column":1}},"line":24},"2":{"name":"isValidLocale","decl":{"start":{"line":28,"column":16},"end":{"line":28,"column":29}},"loc":{"start":{"line":28,"column":64},"end":{"line":30,"column":1}},"line":28}},"branchMap":{"0":{"loc":{"start":{"line":21,"column":9},"end":{"line":21,"column":35}},"type":"binary-expr","locations":[{"start":{"line":21,"column":10},"end":{"line":21,"column":26}},{"start":{"line":21,"column":31},"end":{"line":21,"column":35}}],"line":21}},"s":{"0":0,"1":0,"2":0,"3":0,"4":0,"5":0},"f":{"0":0,"1":0,"2":0},"b":{"0":[0,0]}}
,"/home/neo/git/service_layer/platform/mobile-wallet/src/lib/i18n/translate.ts": {"path":"/home/neo/git/service_layer/platform/mobile-wallet/src/lib/i18n/translate.ts","statementMap":{"0":{"start":{"line":11,"column":21},"end":{"line":11,"column":39}},"1":{"start":{"line":16,"column":15},"end":{"line":16,"column":29}},"2":{"start":{"line":17,"column":23},"end":{"line":17,"column":43}},"3":{"start":{"line":19,"column":2},"end":{"line":25,"column":3}},"4":{"start":{"line":20,"column":4},"end":{"line":24,"column":5}},"5":{"start":{"line":21,"column":6},"end":{"line":21,"column":52}},"6":{"start":{"line":23,"column":6},"end":{"line":23,"column":17}},"7":{"start":{"line":27,"column":2},"end":{"line":27,"column":49}},"8":{"start":{"line":31,"column":2},"end":{"line":31,"column":30}}},"fnMap":{"0":{"name":"t","decl":{"start":{"line":15,"column":16},"end":{"line":15,"column":17}},"loc":{"start":{"line":15,"column":55},"end":{"line":28,"column":1}},"line":15},"1":{"name":"getTranslations","decl":{"start":{"line":30,"column":16},"end":{"line":30,"column":31}},"loc":{"start":{"line":30,"column":65},"end":{"line":32,"column":1}},"line":30}},"branchMap":{"0":{"loc":{"start":{"line":20,"column":4},"end":{"line":24,"column":5}},"type":"if","locations":[{"start":{"line":20,"column":4},"end":{"line":24,"column":5}},{"start":{"line":22,"column":11},"end":{"line":24,"column":5}}],"line":20},"1":{"loc":{"start":{"line":20,"column":8},"end":{"line":20,"column":42}},"type":"binary-expr","locations":[{"start":{"line":20,"column":8},"end":{"line":20,"column":13}},{"start":{"line":20,"column":17},"end":{"line":20,"column":42}}],"line":20},"2":{"loc":{"start":{"line":27,"column":9},"end":{"line":27,"column":48}},"type":"cond-expr","locations":[{"start":{"line":27,"column":37},"end":{"line":27,"column":42}},{"start":{"line":27,"column":45},"end":{"line":27,"column":48}}],"line":27}},"s":{"0":0,"1":0,"2":0,"3":0,"4":0,"5":0,"6":0,"7":0,"8":0},"f":{"0":0,"1":0},"b":{"0":[0,0],"1":[0,0],"2":[0,0]}}
,"/home/neo/git/service_layer/platform/mobile-wallet/src/lib/neo/rpc.ts": {"path":"/home/neo/git/service_layer/platform/mobile-wallet/src/lib/neo/rpc.ts","statementMap":{"0":{"start":{"line":8,"column":47},"end":{"line":11,"column":1}},"1":{"start":{"line":14,"column":18},"end":{"line":17,"column":1}},"2":{"start":{"line":32,"column":30},"end":{"line":32,"column":39}},"3":{"start":{"line":35,"column":2},"end":{"line":35,"column":27}},"4":{"start":{"line":39,"column":2},"end":{"line":39,"column":24}},"5":{"start":{"line":43,"column":19},"end":{"line":47,"column":4}},"6":{"start":{"line":48,"column":31},"end":{"line":48,"column":52}},"7":{"start":{"line":49,"column":2},"end":{"line":49,"column":54}},"8":{"start":{"line":49,"column":18},"end":{"line":49,"column":54}},"9":{"start":{"line":50,"column":2},"end":{"line":50,"column":26}},"10":{"start":{"line":54,"column":17},"end":{"line":58,"column":4}},"11":{"start":{"line":59,"column":2},"end":{"line":59,"column":71}},"12":{"start":{"line":63,"column":17},"end":{"line":67,"column":4}},"13":{"start":{"line":68,"column":14},"end":{"line":68,"column":35}},"14":{"start":{"line":69,"column":17},"end":{"line":69,"column":49}},"15":{"start":{"line":70,"column":2},"end":{"line":70,"column":48}},"16":{"start":{"line":74,"column":21},"end":{"line":74,"column":88}},"17":{"start":{"line":75,"column":2},"end":{"line":75,"column":20}},"18":{"start":{"line":80,"column":2},"end":{"line":80,"column":34}},"19":{"start":{"line":87,"column":17},"end":{"line":87,"column":82}},"20":{"start":{"line":88,"column":2},"end":{"line":88,"column":16}},"21":{"start":{"line":95,"column":2},"end":{"line":95,"column":54}},"22":{"start":{"line":102,"column":17},"end":{"line":106,"column":4}},"23":{"start":{"line":107,"column":14},"end":{"line":107,"column":45}},"24":{"start":{"line":108,"column":17},"end":{"line":108,"column":96}},"25":{"start":{"line":109,"column":2},"end":{"line":109,"column":42}}},"fnMap":{"0":{"name":"setNetwork","decl":{"start":{"line":34,"column":16},"end":{"line":34,"column":26}},"loc":{"start":{"line":34,"column":45},"end":{"line":36,"column":1}},"line":34},"1":{"name":"getNetwork","decl":{"start":{"line":38,"column":16},"end":{"line":38,"column":26}},"loc":{"start":{"line":38,"column":38},"end":{"line":40,"column":1}},"line":38},"2":{"name":"rpcCall","decl":{"start":{"line":42,"column":15},"end":{"line":42,"column":22}},"loc":{"start":{"line":42,"column":73},"end":{"line":51,"column":1}},"line":42},"3":{"name":"getNeoBalance","decl":{"start":{"line":53,"column":22},"end":{"line":53,"column":35}},"loc":{"start":{"line":53,"column":71},"end":{"line":60,"column":1}},"line":53},"4":{"name":"getGasBalance","decl":{"start":{"line":62,"column":22},"end":{"line":62,"column":35}},"loc":{"start":{"line":62,"column":71},"end":{"line":71,"column":1}},"line":62},"5":{"name":"getBalances","decl":{"start":{"line":73,"column":22},"end":{"line":73,"column":33}},"loc":{"start":{"line":73,"column":71},"end":{"line":76,"column":1}},"line":73},"6":{"name":"addressToScriptHash","decl":{"start":{"line":78,"column":9},"end":{"line":78,"column":28}},"loc":{"start":{"line":78,"column":54},"end":{"line":81,"column":1}},"line":78},"7":{"name":"sendRawTransaction","decl":{"start":{"line":86,"column":22},"end":{"line":86,"column":40}},"loc":{"start":{"line":86,"column":86},"end":{"line":89,"column":1}},"line":86},"8":{"name":"getTransaction","decl":{"start":{"line":94,"column":22},"end":{"line":94,"column":36}},"loc":{"start":{"line":94,"column":71},"end":{"line":96,"column":1}},"line":94},"9":{"name":"getTokenBalance","decl":{"start":{"line":101,"column":22},"end":{"line":101,"column":37}},"loc":{"start":{"line":101,"column":113},"end":{"line":110,"column":1}},"line":101}},"branchMap":{"0":{"loc":{"start":{"line":49,"column":2},"end":{"line":49,"column":54}},"type":"if","locations":[{"start":{"line":49,"column":2},"end":{"line":49,"column":54}},{"start":{},"end":{}}],"line":49},"1":{"loc":{"start":{"line":59,"column":34},"end":{"line":59,"column":55}},"type":"binary-expr","locations":[{"start":{"line":59,"column":34},"end":{"line":59,"column":48}},{"start":{"line":59,"column":52},"end":{"line":59,"column":55}}],"line":59},"2":{"loc":{"start":{"line":68,"column":14},"end":{"line":68,"column":35}},"type":"binary-expr","locations":[{"start":{"line":68,"column":14},"end":{"line":68,"column":28}},{"start":{"line":68,"column":32},"end":{"line":68,"column":35}}],"line":68},"3":{"loc":{"start":{"line":107,"column":14},"end":{"line":107,"column":45}},"type":"binary-expr","locations":[{"start":{"line":107,"column":14},"end":{"line":107,"column":38}},{"start":{"line":107,"column":42},"end":{"line":107,"column":45}}],"line":107},"4":{"loc":{"start":{"line":108,"column":17},"end":{"line":108,"column":96}},"type":"cond-expr","locations":[{"start":{"line":108,"column":32},"end":{"line":108,"column":90}},{"start":{"line":108,"column":93},"end":{"line":108,"column":96}}],"line":108}},"s":{"0":0,"1":0,"2":0,"3":0,"4":0,"5":0,"6":0,"7":0,"8":0,"9":0,"10":0,"11":0,"12":0,"13":0,"14":0,"15":0,"16":0,"17":0,"18":0,"19":0,"20":0,"21":0,"22":0,"23":0,"24":0,"25":0},"f":{"0":0,"1":0,"2":0,"3":0,"4":0,"5":0,"6":0,"7":0,"8":0,"9":0},"b":{"0":[0,0],"1":[0,0],"2":[0,0],"3":[0,0],"4":[0,0]}}
}
