TN:
SF:src/lib/accounts.ts
FN:18,loadAccounts
FN:23,saveAccount
FN:25,(anonymous_2)
FN:32,updateAccount
FN:34,(anonymous_4)
FN:41,removeAccount
FN:43,(anonymous_6)
FN:47,getActiveAccountId
FN:51,setActiveAccountId
FN:55,generateAccountId
FNF:10
FNH:0
FNDA:0,loadAccounts
FNDA:0,saveAccount
FNDA:0,(anonymous_2)
FNDA:0,updateAccount
FNDA:0,(anonymous_4)
FNDA:0,removeAccount
FNDA:0,(anonymous_6)
FNDA:0,getActiveAccountId
FNDA:0,setActiveAccountId
FNDA:0,generateAccountId
DA:8,0
DA:9,0
DA:19,0
DA:20,0
DA:24,0
DA:25,0
DA:26,0
DA:27,0
DA:28,0
DA:33,0
DA:34,0
DA:35,0
DA:36,0
DA:37,0
DA:42,0
DA:43,0
DA:44,0
DA:48,0
DA:52,0
DA:56,0
LF:20
LH:0
BRDA:20,0,0,0
BRDA:20,0,1,0
BRDA:26,1,0,0
BRDA:26,1,1,0
BRDA:35,2,0,0
BRDA:35,2,1,0
BRF:6
BRH:0
end_of_record
TN:
SF:src/lib/addressbook.ts
FN:19,loadContacts
FN:24,saveContact
FN:38,updateContact
FN:40,(anonymous_3)
FN:51,removeContact
FN:53,(anonymous_5)
FN:57,getContactByAddress
FN:59,(anonymous_7)
FN:62,searchContacts
FN:66,(anonymous_9)
FN:70,generateContactId
FN:74,isValidNeoAddress
FNF:12
FNH:0
FNDA:0,loadContacts
FNDA:0,saveContact
FNDA:0,updateContact
FNDA:0,(anonymous_3)
FNDA:0,removeContact
FNDA:0,(anonymous_5)
FNDA:0,getContactByAddress
FNDA:0,(anonymous_7)
FNDA:0,searchContacts
FNDA:0,(anonymous_9)
FNDA:0,generateContactId
FNDA:0,isValidNeoAddress
DA:8,0
DA:20,0
DA:21,0
DA:25,0
DA:26,0
DA:27,0
DA:33,0
DA:34,0
DA:35,0
DA:39,0
DA:40,0
DA:41,0
DA:42,0
DA:47,0
DA:52,0
DA:53,0
DA:54,0
DA:58,0
DA:59,0
DA:63,0
DA:64,0
DA:65,0
DA:66,0
DA:71,0
DA:76,0
LF:25
LH:0
BRDA:21,0,0,0
BRDA:21,0,1,0
BRDA:41,1,0,0
BRDA:41,1,1,0
BRDA:66,2,0,0
BRDA:66,2,1,0
BRF:6
BRH:0
end_of_record
TN:
SF:src/lib/backup.ts
FN:38,createBackup
FN:54,generateChecksum
FN:62,verifyChecksum
FN:71,saveBackupMetadata
FN:81,loadBackupHistory
FN:89,generateBackupId
FN:96,validateMnemonic
FN:104,verifyMnemonicMatch
FN:113,encryptMnemonic
FN:122,decryptMnemonic
FN:137,formatBackupDate
FN:144,getBackupTypeLabel
FNF:12
FNH:0
FNDA:0,createBackup
FNDA:0,generateChecksum
FNDA:0,verifyChecksum
FNDA:0,saveBackupMetadata
FNDA:0,loadBackupHistory
FNDA:0,generateBackupId
FNDA:0,validateMnemonic
FNDA:0,verifyMnemonicMatch
FNDA:0,encryptMnemonic
FNDA:0,decryptMnemonic
FNDA:0,formatBackupDate
FNDA:0,getBackupTypeLabel
DA:9,0
DA:10,0
DA:39,0
DA:40,0
DA:46,0
DA:48,0
DA:55,0
DA:56,0
DA:63,0
DA:64,0
DA:65,0
DA:72,0
DA:73,0
DA:74,0
DA:75,0
DA:82,0
DA:83,0
DA:90,0
DA:97,0
DA:98,0
DA:105,0
DA:106,0
DA:107,0
DA:114,0
DA:115,0
DA:116,0
DA:123,0
DA:124,0
DA:126,0
DA:127,0
DA:128,0
DA:130,0
DA:131,0
DA:138,0
DA:145,0
LF:35
LH:0
BRDA:83,0,0,0
BRDA:83,0,1,0
BRDA:98,1,0,0
BRDA:98,1,1,0
BRDA:124,2,0,0
BRDA:124,2,1,0
BRDA:124,3,0,0
BRDA:124,3,1,0
BRDA:130,4,0,0
BRDA:130,4,1,0
BRDA:145,5,0,0
BRDA:145,5,1,0
BRF:12
BRH:0
end_of_record
TN:
SF:src/lib/export.ts
FN:33,generateCSV
FN:35,(anonymous_1)
FN:42,loadExportHistory
FN:50,saveExportRecord
FN:59,generateExportId
FN:66,formatExportDate
FN:73,getFormatLabel
FNF:7
FNH:7
FNDA:1,generateCSV
FNDA:1,(anonymous_1)
FNDA:2,loadExportHistory
FNDA:1,saveExportRecord
FNDA:2,generateExportId
FNDA:1,formatExportDate
FNDA:2,getFormatLabel
DA:8,1
DA:34,1
DA:35,1
DA:36,1
DA:43,2
DA:44,2
DA:51,1
DA:52,1
DA:53,1
DA:60,2
DA:67,1
DA:74,2
LF:12
LH:12
BRDA:44,0,0,0
BRDA:44,0,1,2
BRF:2
BRH:1
end_of_record
TN:
SF:src/lib/gasfee.ts
FN:62,estimateFee
FN:80,getAllTierEstimates
FN:81,(anonymous_2)
FN:87,getNetworkStatus
FN:103,loadFeeHistory
FN:111,saveFeeRecord
FN:122,generateFeeRecordId
FN:129,formatFee
FN:136,getAverageFee
FN:139,(anonymous_9)
FN:146,getTxTypeLabel
FNF:11
FNH:0
FNDA:0,estimateFee
FNDA:0,getAllTierEstimates
FNDA:0,(anonymous_2)
FNDA:0,getNetworkStatus
FNDA:0,loadFeeHistory
FNDA:0,saveFeeRecord
FNDA:0,generateFeeRecordId
FNDA:0,formatFee
FNDA:0,getAverageFee
FNDA:0,(anonymous_9)
FNDA:0,getTxTypeLabel
DA:8,0
DA:37,0
DA:46,0
DA:53,0
DA:63,0
DA:64,0
DA:65,0
DA:66,0
DA:68,0
DA:81,0
DA:88,0
DA:89,0
DA:90,0
DA:92,0
DA:104,0
DA:105,0
DA:112,0
DA:113,0
DA:115,0
DA:116,0
DA:123,0
DA:130,0
DA:137,0
DA:138,0
DA:139,0
DA:140,0
DA:147,0
DA:154,0
LF:28
LH:0
BRDA:63,0,0,0
BRDA:63,0,1,0
BRDA:89,1,0,0
BRDA:89,1,1,0
BRDA:90,2,0,0
BRDA:90,2,1,0
BRDA:105,3,0,0
BRDA:105,3,1,0
BRDA:138,4,0,0
BRDA:138,4,1,0
BRDA:154,5,0,0
BRDA:154,5,1,0
BRF:12
BRH:0
end_of_record
TN:
SF:src/lib/nft.ts
FN:40,loadCachedNFTs
FN:48,cacheNFTs
FN:55,getNFTById
FN:57,(anonymous_3)
FN:63,filterByCollection
FN:64,(anonymous_5)
FN:70,parseMetadata
FN:87,isValidTokenId
FNF:8
FNH:0
FNDA:0,loadCachedNFTs
FNDA:0,cacheNFTs
FNDA:0,getNFTById
FNDA:0,(anonymous_3)
FNDA:0,filterByCollection
FNDA:0,(anonymous_5)
FNDA:0,parseMetadata
FNDA:0,isValidTokenId
DA:8,0
DA:41,0
DA:42,0
DA:49,0
DA:56,0
DA:57,0
DA:64,0
DA:71,0
DA:72,0
DA:73,0
DA:80,0
DA:88,0
LF:12
LH:0
BRDA:42,0,0,0
BRDA:42,0,1,0
BRDA:74,1,0,0
BRDA:74,1,1,0
BRDA:76,2,0,0
BRDA:76,2,1,0
BRDA:88,3,0,0
BRDA:88,3,1,0
BRF:8
BRH:0
end_of_record
TN:
SF:src/lib/notifcenter.ts
FN:39,loadNotifSettings
FN:47,saveNotifSettings
FN:54,loadNotifications
FN:62,addNotification
FN:71,markAsRead
FN:73,(anonymous_5)
FN:80,getUnreadCount
FN:82,(anonymous_7)
FN:88,getNotifIcon
FNF:9
FNH:9
FNDA:1,loadNotifSettings
FNDA:1,saveNotifSettings
FNDA:4,loadNotifications
FNDA:1,addNotification
FNDA:1,markAsRead
FNDA:1,(anonymous_5)
FNDA:1,getUnreadCount
FNDA:2,(anonymous_7)
FNDA:2,getNotifIcon
DA:8,1
DA:9,1
DA:29,1
DA:40,1
DA:41,1
DA:48,1
DA:55,4
DA:56,4
DA:63,1
DA:64,1
DA:65,1
DA:72,1
DA:73,1
DA:74,1
DA:81,1
DA:82,2
DA:89,2
DA:95,2
LF:18
LH:18
BRDA:41,0,0,0
BRDA:41,0,1,1
BRDA:56,1,0,2
BRDA:56,1,1,2
BRDA:73,2,0,1
BRDA:73,2,1,0
BRF:6
BRH:4
end_of_record
TN:
SF:src/lib/notifications.ts
FN:35,loadNotifications
FN:40,saveNotification
FN:48,markAsRead
FN:50,(anonymous_3)
FN:54,markAllAsRead
FN:56,(anonymous_5)
FN:60,clearNotifications
FN:64,getUnreadCount
FN:66,(anonymous_8)
FN:69,loadSettings
FN:74,saveSettings
FN:78,generateNotificationId
FNF:12
FNH:0
FNDA:0,loadNotifications
FNDA:0,saveNotification
FNDA:0,markAsRead
FNDA:0,(anonymous_3)
FNDA:0,markAllAsRead
FNDA:0,(anonymous_5)
FNDA:0,clearNotifications
FNDA:0,getUnreadCount
FNDA:0,(anonymous_8)
FNDA:0,loadSettings
FNDA:0,saveSettings
FNDA:0,generateNotificationId
DA:8,0
DA:9,0
DA:28,0
DA:36,0
DA:37,0
DA:41,0
DA:42,0
DA:44,0
DA:45,0
DA:49,0
DA:50,0
DA:51,0
DA:55,0
DA:56,0
DA:57,0
DA:61,0
DA:65,0
DA:66,0
DA:70,0
DA:71,0
DA:75,0
DA:79,0
LF:22
LH:0
BRDA:37,0,0,0
BRDA:37,0,1,0
BRDA:50,1,0,0
BRDA:50,1,1,0
BRDA:71,2,0,0
BRDA:71,2,1,0
BRF:6
BRH:0
end_of_record
TN:
SF:src/lib/prices.ts
FN:66,getPrice
FN:73,getAllPrices
FN:74,(anonymous_2)
FN:80,getChartData
FN:97,loadPriceAlerts
FN:105,savePriceAlert
FN:114,generateAlertId
FN:121,formatPrice
FN:128,formatChange
FN:136,formatVolume
FNF:10
FNH:10
FNDA:2,getPrice
FNDA:1,getAllPrices
FNDA:2,(anonymous_2)
FNDA:1,getChartData
FNDA:2,loadPriceAlerts
FNDA:1,savePriceAlert
FNDA:2,generateAlertId
FNDA:1,formatPrice
FNDA:2,formatChange
FNDA:2,formatVolume
DA:8,1
DA:9,1
DA:40,1
DA:67,2
DA:74,2
DA:81,1
DA:82,1
DA:83,1
DA:84,1
DA:85,1
DA:87,1
DA:88,25
DA:89,25
DA:91,1
DA:98,2
DA:99,2
DA:106,1
DA:107,1
DA:108,1
DA:115,2
DA:122,1
DA:129,2
DA:130,2
DA:137,2
DA:138,1
DA:139,0
LF:26
LH:25
BRDA:99,0,0,0
BRDA:99,0,1,2
BRDA:129,1,0,1
BRDA:129,1,1,1
BRDA:137,2,0,1
BRDA:137,2,1,1
BRDA:138,3,0,1
BRDA:138,3,1,0
BRF:8
BRH:6
end_of_record
TN:
SF:src/lib/qrcode.ts
FN:34,detectQRType
FN:52,parsePaymentURI
FN:71,parseQRCode
FN:89,generatePaymentURI
FN:102,isValidNeoAddress
FNF:5
FNH:0
FNDA:0,detectQRType
FNDA:0,parsePaymentURI
FNDA:0,parseQRCode
FNDA:0,generatePaymentURI
FNDA:0,isValidNeoAddress
DA:23,0
DA:26,0
DA:29,0
DA:35,0
DA:37,0
DA:38,0
DA:40,0
DA:41,0
DA:43,0
DA:44,0
DA:46,0
DA:53,0
DA:54,0
DA:56,0
DA:57,0
DA:58,0
DA:60,0
DA:72,0
DA:74,0
DA:76,0
DA:78,0
DA:80,0
DA:82,0
DA:90,0
DA:91,0
DA:92,0
DA:93,0
DA:95,0
DA:96,0
DA:103,0
LF:30
LH:0
BRDA:35,0,0,0
BRDA:35,0,1,0
BRDA:37,1,0,0
BRDA:37,1,1,0
BRDA:40,2,0,0
BRDA:40,2,1,0
BRDA:43,3,0,0
BRDA:43,3,1,0
BRDA:54,4,0,0
BRDA:54,4,1,0
BRDA:57,5,0,0
BRDA:57,5,1,0
BRDA:62,6,0,0
BRDA:62,6,1,0
BRDA:63,7,0,0
BRDA:63,7,1,0
BRDA:64,8,0,0
BRDA:64,8,1,0
BRDA:74,9,0,0
BRDA:74,9,1,0
BRDA:74,9,2,0
BRDA:74,9,3,0
BRDA:91,10,0,0
BRDA:91,10,1,0
BRDA:92,11,0,0
BRDA:92,11,1,0
BRDA:93,12,0,0
BRDA:93,12,1,0
BRDA:96,13,0,0
BRDA:96,13,1,0
BRF:30
BRH:0
end_of_record
TN:
SF:src/lib/security.ts
FN:37,loadSecuritySettings
FN:45,saveSecuritySettings
FN:52,loadSecurityLogs
FN:60,addSecurityLog
FN:75,getLockMethodLabel
FN:88,formatLogTime
FNF:6
FNH:6
FNDA:2,loadSecuritySettings
FNDA:1,saveSecuritySettings
FNDA:2,loadSecurityLogs
FNDA:1,addSecurityLog
FNDA:4,getLockMethodLabel
FNDA:1,formatLogTime
DA:8,1
DA:9,1
DA:27,1
DA:38,2
DA:39,2
DA:46,1
DA:53,2
DA:54,2
DA:61,1
DA:62,1
DA:68,1
DA:69,1
DA:76,4
DA:82,4
DA:89,1
LF:15
LH:15
BRDA:39,0,0,1
BRDA:39,0,1,1
BRDA:54,1,0,0
BRDA:54,1,1,2
BRF:4
BRH:3
end_of_record
TN:
SF:src/lib/signing.ts
FN:49,signOffline
FN:60,verifySignature
FN:67,createMultisig
FN:90,loadMultisigWallets
FN:98,loadSigningHistory
FN:106,saveSigningRecord
FN:116,generateSigningId
FN:123,isHardwareConnected
FN:130,getMethodLabel
FN:142,formatSigningDate
FNF:10
FNH:0
FNDA:0,signOffline
FNDA:0,verifySignature
FNDA:0,createMultisig
FNDA:0,loadMultisigWallets
FNDA:0,loadSigningHistory
FNDA:0,saveSigningRecord
FNDA:0,generateSigningId
FNDA:0,isHardwareConnected
FNDA:0,getMethodLabel
FNDA:0,formatSigningDate
DA:8,0
DA:9,0
DA:50,0
DA:51,0
DA:52,0
DA:54,0
DA:61,0
DA:68,0
DA:69,0
DA:72,0
DA:80,0
DA:81,0
DA:82,0
DA:84,0
DA:91,0
DA:92,0
DA:99,0
DA:100,0
DA:107,0
DA:108,0
DA:109,0
DA:110,0
DA:117,0
DA:124,0
DA:131,0
DA:136,0
DA:143,0
LF:27
LH:0
BRDA:61,0,0,0
BRDA:61,0,1,0
BRDA:61,0,2,0
BRDA:68,1,0,0
BRDA:68,1,1,0
BRDA:68,2,0,0
BRDA:68,2,1,0
BRDA:92,3,0,0
BRDA:92,3,1,0
BRDA:100,4,0,0
BRDA:100,4,1,0
BRF:11
BRH:0
end_of_record
TN:
SF:src/lib/staking.ts
FN:31,calculateRewards
FN:40,getDailyRate
FN:48,loadRewardHistory
FN:56,saveRewardRecord
FN:65,generateRecordId
FN:72,formatGasAmount
FNF:6
FNH:0
FNDA:0,calculateRewards
FNDA:0,getDailyRate
FNDA:0,loadRewardHistory
FNDA:0,saveRewardRecord
FNDA:0,generateRecordId
FNDA:0,formatGasAmount
DA:8,0
DA:25,0
DA:26,0
DA:32,0
DA:33,0
DA:34,0
DA:41,0
DA:42,0
DA:49,0
DA:50,0
DA:57,0
DA:58,0
DA:59,0
DA:66,0
DA:73,0
LF:15
LH:0
BRDA:32,0,0,0
BRDA:32,0,1,0
BRDA:32,1,0,0
BRDA:32,1,1,0
BRDA:41,2,0,0
BRDA:41,2,1,0
BRDA:50,3,0,0
BRDA:50,3,1,0
BRF:8
BRH:0
end_of_record
TN:
SF:src/lib/tokens.ts
FN:17,loadTokens
FN:22,saveToken
FN:24,(anonymous_2)
FN:31,removeToken
FN:33,(anonymous_4)
FNF:5
FNH:0
FNDA:0,loadTokens
FNDA:0,saveToken
FNDA:0,(anonymous_2)
FNDA:0,removeToken
FNDA:0,(anonymous_4)
DA:8,0
DA:18,0
DA:19,0
DA:23,0
DA:24,0
DA:25,0
DA:26,0
DA:27,0
DA:32,0
DA:33,0
DA:34,0
LF:11
LH:0
BRDA:19,0,0,0
BRDA:19,0,1,0
BRDA:25,1,0,0
BRDA:25,1,1,0
BRF:4
BRH:0
end_of_record
TN:
SF:src/lib/walletconnect.ts
FN:50,parseWCUri
FN:69,isValidWCUri
FN:76,getChainId
FN:83,getRequestType
FN:97,loadSessions
FN:103,(anonymous_5)
FN:109,saveSession
FN:111,(anonymous_7)
FN:121,removeSession
FN:123,(anonymous_9)
FN:130,getSession
FN:132,(anonymous_11)
FN:138,createSession
FNF:13
FNH:0
FNDA:0,parseWCUri
FNDA:0,isValidWCUri
FNDA:0,getChainId
FNDA:0,getRequestType
FNDA:0,loadSessions
FNDA:0,(anonymous_5)
FNDA:0,saveSession
FNDA:0,(anonymous_7)
FNDA:0,removeSession
FNDA:0,(anonymous_9)
FNDA:0,getSession
FNDA:0,(anonymous_11)
FNDA:0,createSession
DA:8,0
DA:9,0
DA:10,0
DA:51,0
DA:53,0
DA:54,0
DA:56,0
DA:57,0
DA:59,0
DA:70,0
DA:77,0
DA:84,0
DA:85,0
DA:86,0
DA:88,0
DA:89,0
DA:91,0
DA:98,0
DA:99,0
DA:100,0
DA:102,0
DA:103,0
DA:110,0
DA:111,0
DA:112,0
DA:113,0
DA:114,0
DA:122,0
DA:123,0
DA:124,0
DA:131,0
DA:132,0
DA:144,0
DA:145,0
LF:34
LH:0
BRDA:51,0,0,0
BRDA:51,0,1,0
BRDA:54,1,0,0
BRDA:54,1,1,0
BRDA:62,2,0,0
BRDA:62,2,1,0
BRDA:77,3,0,0
BRDA:77,3,1,0
BRDA:85,4,0,0
BRDA:85,4,1,0
BRDA:85,5,0,0
BRDA:85,5,1,0
BRDA:88,6,0,0
BRDA:88,6,1,0
BRDA:88,7,0,0
BRDA:88,7,1,0
BRDA:99,8,0,0
BRDA:99,8,1,0
BRDA:112,9,0,0
BRDA:112,9,1,0
BRF:20
BRH:0
end_of_record
TN:
SF:src/lib/api/transactions.ts
FN:29,fetchTransactions
FN:45,mapTransactions
FN:46,(anonymous_2)
FN:59,formatAmount
FNF:4
FNH:0
FNDA:0,fetchTransactions
FNDA:0,mapTransactions
FNDA:0,(anonymous_2)
FNDA:0,formatAmount
DA:6,0
DA:30,0
DA:31,0
DA:32,0
DA:34,0
DA:35,0
DA:41,0
DA:46,0
DA:60,0
DA:61,0
LF:10
LH:0
BRDA:29,0,0,0
BRDA:29,1,0,0
BRDA:32,2,0,0
BRDA:32,2,1,0
BRDA:36,3,0,0
BRDA:36,3,1,0
BRDA:37,4,0,0
BRDA:37,4,1,0
BRDA:47,5,0,0
BRDA:47,5,1,0
BRDA:53,6,0,0
BRDA:53,6,1,0
BRDA:54,7,0,0
BRDA:54,7,1,0
BRDA:60,8,0,0
BRDA:60,8,1,0
BRF:16
BRH:0
end_of_record
TN:
SF:src/lib/dapp/favorites.ts
FN:17,loadFavorites
FN:22,addFavorite
FN:24,(anonymous_2)
FN:31,removeFavorite
FN:33,(anonymous_4)
FN:37,isFavorite
FN:39,(anonymous_6)
FNF:7
FNH:0
FNDA:0,loadFavorites
FNDA:0,addFavorite
FNDA:0,(anonymous_2)
FNDA:0,removeFavorite
FNDA:0,(anonymous_4)
FNDA:0,isFavorite
FNDA:0,(anonymous_6)
DA:8,0
DA:18,0
DA:19,0
DA:23,0
DA:24,0
DA:25,0
DA:26,0
DA:27,0
DA:32,0
DA:33,0
DA:34,0
DA:38,0
DA:39,0
LF:13
LH:0
BRDA:19,0,0,0
BRDA:19,0,1,0
BRDA:25,1,0,0
BRDA:25,1,1,0
BRF:4
BRH:0
end_of_record
TN:
SF:src/lib/dapp/injected.ts
FN:6,generateInjectedScript
FN:66,parseWebViewMessage
FNF:2
FNH:0
FNDA:0,generateInjectedScript
FNDA:0,parseWebViewMessage
DA:7,0
DA:67,0
DA:68,0
DA:70,0
LF:4
LH:0
BRDA:22,0,0,0
BRDA:22,0,1,0
BRF:2
BRH:0
end_of_record
TN:
SF:src/lib/i18n/index.ts
FN:19,getLocale
FN:24,setLocale
FN:28,isValidLocale
FNF:3
FNH:0
FNDA:0,getLocale
FNDA:0,setLocale
FNDA:0,isValidLocale
DA:8,0
DA:12,0
DA:20,0
DA:21,0
DA:25,0
DA:29,0
LF:6
LH:0
BRDA:21,0,0,0
BRDA:21,0,1,0
BRF:2
BRH:0
end_of_record
TN:
SF:src/lib/i18n/translate.ts
FN:15,t
FN:30,getTranslations
FNF:2
FNH:0
FNDA:0,t
FNDA:0,getTranslations
DA:11,0
DA:16,0
DA:17,0
DA:19,0
DA:20,0
DA:21,0
DA:23,0
DA:27,0
DA:31,0
LF:9
LH:0
BRDA:20,0,0,0
BRDA:20,0,1,0
BRDA:20,1,0,0
BRDA:20,1,1,0
BRDA:27,2,0,0
BRDA:27,2,1,0
BRF:6
BRH:0
end_of_record
TN:
SF:src/lib/neo/rpc.ts
FN:34,setNetwork
FN:38,getNetwork
FN:42,rpcCall
FN:53,getNeoBalance
FN:62,getGasBalance
FN:73,getBalances
FN:78,addressToScriptHash
FN:86,sendRawTransaction
FN:94,getTransaction
FN:101,getTokenBalance
FNF:10
FNH:0
FNDA:0,setNetwork
FNDA:0,getNetwork
FNDA:0,rpcCall
FNDA:0,getNeoBalance
FNDA:0,getGasBalance
FNDA:0,getBalances
FNDA:0,addressToScriptHash
FNDA:0,sendRawTransaction
FNDA:0,getTransaction
FNDA:0,getTokenBalance
DA:8,0
DA:14,0
DA:32,0
DA:35,0
DA:39,0
DA:43,0
DA:48,0
DA:49,0
DA:50,0
DA:54,0
DA:59,0
DA:63,0
DA:68,0
DA:69,0
DA:70,0
DA:74,0
DA:75,0
DA:80,0
DA:87,0
DA:88,0
DA:95,0
DA:102,0
DA:107,0
DA:108,0
DA:109,0
LF:25
LH:0
BRDA:49,0,0,0
BRDA:49,0,1,0
BRDA:59,1,0,0
BRDA:59,1,1,0
BRDA:68,2,0,0
BRDA:68,2,1,0
BRDA:107,3,0,0
BRDA:107,3,1,0
BRDA:108,4,0,0
BRDA:108,4,1,0
BRF:10
BRH:0
end_of_record
