<?xml version="1.0" encoding="UTF-8"?>
<coverage generated="1767175447662" clover="3.2.0">
  <project timestamp="1767175447662" name="All files">
    <metrics statements="24" coveredstatements="24" conditionals="4" coveredconditionals="3" methods="7" coveredmethods="7" elements="35" coveredelements="34" complexity="0" loc="24" ncloc="24" packages="1" files="3" classes="3"/>
    <file name="ParticleBanner.tsx" path="/home/neo/git/service_layer/platform/host-app/components/features/miniapp/particles/ParticleBanner.tsx">
      <metrics statements="14" coveredstatements="14" conditionals="4" coveredconditionals="3" methods="5" coveredmethods="5"/>
      <line num="3" count="2" type="stmt"/>
      <line num="4" count="2" type="stmt"/>
      <line num="5" count="2" type="stmt"/>
      <line num="6" count="2" type="stmt"/>
      <line num="14" count="2" type="cond" truecount="1" falsecount="0"/>
      <line num="15" count="20" type="stmt"/>
      <line num="17" count="20" type="stmt"/>
      <line num="18" count="11" type="stmt"/>
      <line num="19" count="10" type="stmt"/>
      <line num="20" count="10" type="stmt"/>
      <line num="23" count="20" type="stmt"/>
      <line num="24" count="11" type="cond" truecount="1" falsecount="1"/>
      <line num="27" count="20" type="cond" truecount="1" falsecount="0"/>
      <line num="29" count="9" type="stmt"/>
    </file>
    <file name="configs.ts" path="/home/neo/git/service_layer/platform/host-app/components/features/miniapp/particles/configs.ts">
      <metrics statements="8" coveredstatements="8" conditionals="0" coveredconditionals="0" methods="0" coveredmethods="0"/>
      <line num="10" count="3" type="stmt"/>
      <line num="18" count="3" type="stmt"/>
      <line num="55" count="3" type="stmt"/>
      <line num="88" count="3" type="stmt"/>
      <line num="119" count="3" type="stmt"/>
      <line num="151" count="3" type="stmt"/>
      <line num="185" count="3" type="stmt"/>
      <line num="216" count="3" type="stmt"/>
    </file>
    <file name="index.ts" path="/home/neo/git/service_layer/platform/host-app/components/features/miniapp/particles/index.ts">
      <metrics statements="2" coveredstatements="2" conditionals="0" coveredconditionals="0" methods="2" coveredmethods="2"/>
      <line num="1" count="3" type="stmt"/>
      <line num="2" count="9" type="stmt"/>
    </file>
  </project>
</coverage>
