{"/home/neo/git/service_layer/platform/host-app/components/ActivityTicker.tsx": {"path":"/home/neo/git/service_layer/platform/host-app/components/ActivityTicker.tsx","statementMap":{"0":{"start":{"line":1,"column":0},"end":{"line":1,"column":52}},"1":{"start":{"line":13,"column":47},"end":{"line":17,"column":2}},"2":{"start":{"line":19,"column":46},"end":{"line":23,"column":2}},"3":{"start":{"line":26,"column":14},"end":{"line":26,"column":24}},"4":{"start":{"line":27,"column":15},"end":{"line":27,"column":44}},"5":{"start":{"line":28,"column":15},"end":{"line":28,"column":46}},"6":{"start":{"line":30,"column":2},"end":{"line":30,"column":39}},"7":{"start":{"line":30,"column":17},"end":{"line":30,"column":39}},"8":{"start":{"line":31,"column":2},"end":{"line":31,"column":58}},"9":{"start":{"line":31,"column":19},"end":{"line":31,"column":58}},"10":{"start":{"line":32,"column":2},"end":{"line":32,"column":61}},"11":{"start":{"line":32,"column":20},"end":{"line":32,"column":61}},"12":{"start":{"line":33,"column":2},"end":{"line":33,"column":44}},"13":{"start":{"line":37,"column":2},"end":{"line":37,"column":23}},"14":{"start":{"line":37,"column":13},"end":{"line":37,"column":23}},"15":{"start":{"line":38,"column":2},"end":{"line":38,"column":37}},"16":{"start":{"line":38,"column":25},"end":{"line":38,"column":37}},"17":{"start":{"line":39,"column":2},"end":{"line":39,"column":51}},"18":{"start":{"line":42,"column":55},"end":{"line":107,"column":1}},"19":{"start":{"line":49,"column":23},"end":{"line":49,"column":51}},"20":{"start":{"line":50,"column":34},"end":{"line":50,"column":49}},"21":{"start":{"line":51,"column":20},"end":{"line":51,"column":37}},"22":{"start":{"line":54,"column":2},"end":{"line":81,"column":49}},"23":{"start":{"line":55,"column":4},"end":{"line":55,"column":65}},"24":{"start":{"line":55,"column":58},"end":{"line":55,"column":65}},"25":{"start":{"line":57,"column":22},"end":{"line":57,"column":42}},"26":{"start":{"line":59,"column":19},"end":{"line":59,"column":20}},"27":{"start":{"line":61,"column":19},"end":{"line":77,"column":5}},"28":{"start":{"line":62,"column":6},"end":{"line":75,"column":7}},"29":{"start":{"line":63,"column":22},"end":{"line":63,"column":37}},"30":{"start":{"line":64,"column":8},"end":{"line":74,"column":9}},"31":{"start":{"line":65,"column":10},"end":{"line":65,"column":50}},"32":{"start":{"line":66,"column":10},"end":{"line":66,"column":50}},"33":{"start":{"line":69,"column":10},"end":{"line":72,"column":11}},"34":{"start":{"line":70,"column":12},"end":{"line":70,"column":34}},"35":{"start":{"line":71,"column":12},"end":{"line":71,"column":36}},"36":{"start":{"line":73,"column":10},"end":{"line":73,"column":26}},"37":{"start":{"line":76,"column":6},"end":{"line":76,"column":50}},"38":{"start":{"line":79,"column":4},"end":{"line":79,"column":48}},"39":{"start":{"line":80,"column":4},"end":{"line":80,"column":51}},"40":{"start":{"line":80,"column":17},"end":{"line":80,"column":50}},"41":{"start":{"line":83,"column":28},"end":{"line":83,"column":57}},"42":{"start":{"line":85,"column":2},"end":{"line":106,"column":4}},"43":{"start":{"line":96,"column":28},"end":{"line":96,"column":45}},"44":{"start":{"line":97,"column":28},"end":{"line":97,"column":46}},"45":{"start":{"line":102,"column":46},"end":{"line":102,"column":100}},"46":{"start":{"line":42,"column":13},"end":{"line":42,"column":55}},"47":{"start":{"line":109,"column":56},"end":{"line":133,"column":1}},"48":{"start":{"line":110,"column":15},"end":{"line":110,"column":52}},"49":{"start":{"line":111,"column":22},"end":{"line":111,"column":82}},"50":{"start":{"line":113,"column":2},"end":{"line":132,"column":4}},"51":{"start":{"line":136,"column":44},"end":{"line":141,"column":2}},"52":{"start":{"line":143,"column":41},"end":{"line":150,"column":2}},"53":{"start":{"line":152,"column":40},"end":{"line":159,"column":2}},"54":{"start":{"line":161,"column":36},"end":{"line":165,"column":2}},"55":{"start":{"line":167,"column":40},"end":{"line":170,"column":2}},"56":{"start":{"line":172,"column":42},"end":{"line":175,"column":2}},"57":{"start":{"line":177,"column":39},"end":{"line":182,"column":2}},"58":{"start":{"line":184,"column":41},"end":{"line":189,"column":2}},"59":{"start":{"line":191,"column":41},"end":{"line":196,"column":2}},"60":{"start":{"line":198,"column":44},"end":{"line":201,"column":2}},"61":{"start":{"line":203,"column":45},"end":{"line":208,"column":2}},"62":{"start":{"line":210,"column":42},"end":{"line":217,"column":2}},"63":{"start":{"line":219,"column":41},"end":{"line":223,"column":2}},"64":{"start":{"line":225,"column":41},"end":{"line":232,"column":2}},"65":{"start":{"line":234,"column":41},"end":{"line":239,"column":2}},"66":{"start":{"line":241,"column":35},"end":{"line":245,"column":2}},"67":{"start":{"line":247,"column":40},"end":{"line":254,"column":2}},"68":{"start":{"line":256,"column":0},"end":{"line":256,"column":30}}},"fnMap":{"0":{"name":"formatTimeAgo","decl":{"start":{"line":25,"column":9},"end":{"line":25,"column":22}},"loc":{"start":{"line":25,"column":40},"end":{"line":34,"column":1}}},"1":{"name":"truncateHash","decl":{"start":{"line":36,"column":9},"end":{"line":36,"column":21}},"loc":{"start":{"line":36,"column":46},"end":{"line":40,"column":1}}},"2":{"name":"(anonymous_2)","decl":{"start":{"line":42,"column":55},"end":{"line":42,"column":56}},"loc":{"start":{"line":48,"column":5},"end":{"line":107,"column":1}}},"3":{"name":"(anonymous_3)","decl":{"start":{"line":54,"column":12},"end":{"line":54,"column":15}},"loc":{"start":{"line":54,"column":17},"end":{"line":81,"column":3}}},"4":{"name":"(anonymous_4)","decl":{"start":{"line":61,"column":19},"end":{"line":61,"column":20}},"loc":{"start":{"line":61,"column":36},"end":{"line":77,"column":5}}},"5":{"name":"(anonymous_5)","decl":{"start":{"line":80,"column":11},"end":{"line":80,"column":14}},"loc":{"start":{"line":80,"column":17},"end":{"line":80,"column":50}}},"6":{"name":"(anonymous_6)","decl":{"start":{"line":96,"column":22},"end":{"line":96,"column":25}},"loc":{"start":{"line":96,"column":28},"end":{"line":96,"column":45}}},"7":{"name":"(anonymous_7)","decl":{"start":{"line":97,"column":22},"end":{"line":97,"column":25}},"loc":{"start":{"line":97,"column":28},"end":{"line":97,"column":46}}},"8":{"name":"(anonymous_8)","decl":{"start":{"line":102,"column":32},"end":{"line":102,"column":33}},"loc":{"start":{"line":102,"column":46},"end":{"line":102,"column":100}}},"9":{"name":"(anonymous_9)","decl":{"start":{"line":109,"column":56},"end":{"line":109,"column":57}},"loc":{"start":{"line":109,"column":73},"end":{"line":133,"column":1}}}},"branchMap":{"0":{"loc":{"start":{"line":30,"column":2},"end":{"line":30,"column":39}},"type":"if","locations":[{"start":{"line":30,"column":2},"end":{"line":30,"column":39}}]},"1":{"loc":{"start":{"line":31,"column":2},"end":{"line":31,"column":58}},"type":"if","locations":[{"start":{"line":31,"column":2},"end":{"line":31,"column":58}}]},"2":{"loc":{"start":{"line":32,"column":2},"end":{"line":32,"column":61}},"type":"if","locations":[{"start":{"line":32,"column":2},"end":{"line":32,"column":61}}]},"3":{"loc":{"start":{"line":37,"column":2},"end":{"line":37,"column":23}},"type":"if","locations":[{"start":{"line":37,"column":2},"end":{"line":37,"column":23}}]},"4":{"loc":{"start":{"line":38,"column":2},"end":{"line":38,"column":37}},"type":"if","locations":[{"start":{"line":38,"column":2},"end":{"line":38,"column":37}}]},"5":{"loc":{"start":{"line":44,"column":2},"end":{"line":44,"column":25}},"type":"default-arg","locations":[{"start":{"line":44,"column":10},"end":{"line":44,"column":25}}]},"6":{"loc":{"start":{"line":45,"column":2},"end":{"line":45,"column":15}},"type":"default-arg","locations":[{"start":{"line":45,"column":13},"end":{"line":45,"column":15}}]},"7":{"loc":{"start":{"line":46,"column":2},"end":{"line":46,"column":18}},"type":"default-arg","locations":[{"start":{"line":46,"column":16},"end":{"line":46,"column":18}}]},"8":{"loc":{"start":{"line":47,"column":2},"end":{"line":47,"column":14}},"type":"default-arg","locations":[{"start":{"line":47,"column":11},"end":{"line":47,"column":14}}]},"9":{"loc":{"start":{"line":55,"column":4},"end":{"line":55,"column":65}},"type":"if","locations":[{"start":{"line":55,"column":4},"end":{"line":55,"column":65}}]},"10":{"loc":{"start":{"line":55,"column":8},"end":{"line":55,"column":56}},"type":"binary-expr","locations":[{"start":{"line":55,"column":8},"end":{"line":55,"column":29}},{"start":{"line":55,"column":33},"end":{"line":55,"column":56}}]},"11":{"loc":{"start":{"line":62,"column":6},"end":{"line":75,"column":7}},"type":"if","locations":[{"start":{"line":62,"column":6},"end":{"line":75,"column":7}}]},"12":{"loc":{"start":{"line":62,"column":10},"end":{"line":62,"column":32}},"type":"binary-expr","locations":[{"start":{"line":62,"column":10},"end":{"line":62,"column":19}},{"start":{"line":62,"column":23},"end":{"line":62,"column":32}}]},"13":{"loc":{"start":{"line":64,"column":8},"end":{"line":74,"column":9}},"type":"if","locations":[{"start":{"line":64,"column":8},"end":{"line":74,"column":9}}]},"14":{"loc":{"start":{"line":69,"column":10},"end":{"line":72,"column":11}},"type":"if","locations":[{"start":{"line":69,"column":10},"end":{"line":72,"column":11}}]},"15":{"loc":{"start":{"line":99,"column":9},"end":{"line":102,"column":null}},"type":"cond-expr","locations":[{"start":{"line":100,"column":10},"end":{"line":100,"column":60}},{"start":{"line":102,"column":10},"end":{"line":102,"column":101}}]},"16":{"loc":{"start":{"line":110,"column":15},"end":{"line":110,"column":52}},"type":"binary-expr","locations":[{"start":{"line":110,"column":15},"end":{"line":110,"column":44}},{"start":{"line":110,"column":48},"end":{"line":110,"column":52}}]},"17":{"loc":{"start":{"line":111,"column":22},"end":{"line":111,"column":82}},"type":"cond-expr","locations":[{"start":{"line":111,"column":40},"end":{"line":111,"column":70}},{"start":{"line":111,"column":73},"end":{"line":111,"column":82}}]},"18":{"loc":{"start":{"line":115,"column":38},"end":{"line":115,"column":63}},"type":"binary-expr","locations":[{"start":{"line":115,"column":38},"end":{"line":115,"column":55}},{"start":{"line":115,"column":59},"end":{"line":115,"column":63}}]},"19":{"loc":{"start":{"line":122,"column":9},"end":{"line":128,"column":null}},"type":"binary-expr","locations":[{"start":{"line":122,"column":9},"end":{"line":122,"column":25}},{"start":{"line":123,"column":10},"end":{"line":127,"column":null}}]},"20":{"loc":{"start":{"line":125,"column":13},"end":{"line":126,"column":null}},"type":"binary-expr","locations":[{"start":{"line":125,"column":13},"end":{"line":125,"column":24}},{"start":{"line":126,"column":14},"end":{"line":126,"column":106}}]}},"s":{"0":0,"1":0,"2":0,"3":0,"4":0,"5":0,"6":0,"7":0,"8":0,"9":0,"10":0,"11":0,"12":0,"13":0,"14":0,"15":0,"16":0,"17":0,"18":0,"19":0,"20":0,"21":0,"22":0,"23":0,"24":0,"25":0,"26":0,"27":0,"28":0,"29":0,"30":0,"31":0,"32":0,"33":0,"34":0,"35":0,"36":0,"37":0,"38":0,"39":0,"40":0,"41":0,"42":0,"43":0,"44":0,"45":0,"46":0,"47":0,"48":0,"49":0,"50":0,"51":0,"52":0,"53":0,"54":0,"55":0,"56":0,"57":0,"58":0,"59":0,"60":0,"61":0,"62":0,"63":0,"64":0,"65":0,"66":0,"67":0,"68":0},"f":{"0":0,"1":0,"2":0,"3":0,"4":0,"5":0,"6":0,"7":0,"8":0,"9":0},"b":{"0":[0],"1":[0],"2":[0],"3":[0],"4":[0],"5":[0],"6":[0],"7":[0],"8":[0],"9":[0],"10":[0,0],"11":[0],"12":[0,0],"13":[0],"14":[0],"15":[0,0],"16":[0,0],"17":[0,0],"18":[0,0],"19":[0,0],"20":[0,0]}}
,"/home/neo/git/service_layer/platform/host-app/components/AppDetailHeader.tsx": {"path":"/home/neo/git/service_layer/platform/host-app/components/AppDetailHeader.tsx","statementMap":{"0":{"start":{"line":11,"column":0},"end":{"line":11,"column":16}},"1":{"start":{"line":1,"column":0},"end":{"line":1,"column":26}},"2":{"start":{"line":3,"column":0},"end":{"line":3,"column":34}},"3":{"start":{"line":12,"column":20},"end":{"line":12,"column":67}},"4":{"start":{"line":13,"column":20},"end":{"line":13,"column":79}},"5":{"start":{"line":14,"column":2},"end":{"line":23,"column":3}},"6":{"start":{"line":15,"column":4},"end":{"line":15,"column":27}},"7":{"start":{"line":16,"column":4},"end":{"line":16,"column":33}},"8":{"start":{"line":17,"column":9},"end":{"line":23,"column":3}},"9":{"start":{"line":18,"column":4},"end":{"line":18,"column":32}},"10":{"start":{"line":19,"column":4},"end":{"line":19,"column":28}},"11":{"start":{"line":20,"column":9},"end":{"line":23,"column":3}},"12":{"start":{"line":21,"column":4},"end":{"line":21,"column":28}},"13":{"start":{"line":22,"column":4},"end":{"line":22,"column":35}},"14":{"start":{"line":25,"column":2},"end":{"line":41,"column":4}},"15":{"start":{"line":44,"column":41},"end":{"line":48,"column":2}},"16":{"start":{"line":50,"column":45},"end":{"line":60,"column":2}},"17":{"start":{"line":62,"column":48},"end":{"line":66,"column":2}},"18":{"start":{"line":68,"column":48},"end":{"line":77,"column":2}},"19":{"start":{"line":79,"column":39},"end":{"line":81,"column":2}},"20":{"start":{"line":83,"column":40},"end":{"line":88,"column":2}},"21":{"start":{"line":90,"column":42},"end":{"line":94,"column":2}},"22":{"start":{"line":96,"column":48},"end":{"line":104,"column":2}},"23":{"start":{"line":106,"column":46},"end":{"line":109,"column":2}}},"fnMap":{"0":{"name":"AppDetailHeader","decl":{"start":{"line":11,"column":16},"end":{"line":11,"column":31}},"loc":{"start":{"line":11,"column":61},"end":{"line":42,"column":1}}}},"branchMap":{"0":{"loc":{"start":{"line":12,"column":20},"end":{"line":12,"column":67}},"type":"cond-expr","locations":[{"start":{"line":12,"column":46},"end":{"line":12,"column":54}},{"start":{"line":12,"column":57},"end":{"line":12,"column":67}}]},"1":{"loc":{"start":{"line":13,"column":20},"end":{"line":13,"column":79}},"type":"cond-expr","locations":[{"start":{"line":13,"column":46},"end":{"line":13,"column":60}},{"start":{"line":13,"column":63},"end":{"line":13,"column":79}}]},"2":{"loc":{"start":{"line":14,"column":2},"end":{"line":23,"column":3}},"type":"if","locations":[{"start":{"line":14,"column":2},"end":{"line":23,"column":3}},{"start":{"line":17,"column":9},"end":{"line":23,"column":3}}]},"3":{"loc":{"start":{"line":17,"column":9},"end":{"line":23,"column":3}},"type":"if","locations":[{"start":{"line":17,"column":9},"end":{"line":23,"column":3}},{"start":{"line":20,"column":9},"end":{"line":23,"column":3}}]},"4":{"loc":{"start":{"line":20,"column":9},"end":{"line":23,"column":3}},"type":"if","locations":[{"start":{"line":20,"column":9},"end":{"line":23,"column":3}}]}},"s":{"0":1,"1":1,"2":1,"3":6,"4":6,"5":6,"6":0,"7":0,"8":6,"9":0,"10":0,"11":6,"12":0,"13":0,"14":6,"15":1,"16":1,"17":1,"18":1,"19":1,"20":1,"21":1,"22":1,"23":1},"f":{"0":6},"b":{"0":[2,4],"1":[2,4],"2":[0,6],"3":[0,6],"4":[0]}}
,"/home/neo/git/service_layer/platform/host-app/components/AppNewsList.tsx": {"path":"/home/neo/git/service_layer/platform/host-app/components/AppNewsList.tsx","statementMap":{"0":{"start":{"line":10,"column":0},"end":{"line":10,"column":16}},"1":{"start":{"line":1,"column":0},"end":{"line":1,"column":26}},"2":{"start":{"line":3,"column":0},"end":{"line":3,"column":34}},"3":{"start":{"line":11,"column":2},"end":{"line":17,"column":3}},"4":{"start":{"line":12,"column":4},"end":{"line":16,"column":6}},"5":{"start":{"line":19,"column":2},"end":{"line":25,"column":3}},"6":{"start":{"line":20,"column":4},"end":{"line":24,"column":6}},"7":{"start":{"line":27,"column":2},"end":{"line":33,"column":4}},"8":{"start":{"line":30,"column":8},"end":{"line":30,"column":78}},"9":{"start":{"line":37,"column":22},"end":{"line":51,"column":3}},"10":{"start":{"line":38,"column":42},"end":{"line":49,"column":6}},"11":{"start":{"line":50,"column":4},"end":{"line":50,"column":45}},"12":{"start":{"line":53,"column":21},"end":{"line":65,"column":3}},"13":{"start":{"line":54,"column":16},"end":{"line":54,"column":26}},"14":{"start":{"line":55,"column":20},"end":{"line":55,"column":39}},"15":{"start":{"line":56,"column":19},"end":{"line":56,"column":52}},"16":{"start":{"line":57,"column":21},"end":{"line":57,"column":47}},"17":{"start":{"line":58,"column":22},"end":{"line":58,"column":47}},"18":{"start":{"line":59,"column":21},"end":{"line":59,"column":47}},"19":{"start":{"line":61,"column":4},"end":{"line":61,"column":40}},"20":{"start":{"line":61,"column":22},"end":{"line":61,"column":40}},"21":{"start":{"line":62,"column":4},"end":{"line":62,"column":49}},"22":{"start":{"line":62,"column":23},"end":{"line":62,"column":49}},"23":{"start":{"line":63,"column":4},"end":{"line":63,"column":51}},"24":{"start":{"line":63,"column":24},"end":{"line":63,"column":51}},"25":{"start":{"line":64,"column":4},"end":{"line":64,"column":30}},"26":{"start":{"line":67,"column":2},"end":{"line":88,"column":4}},"27":{"start":{"line":91,"column":44},"end":{"line":95,"column":2}},"28":{"start":{"line":97,"column":46},"end":{"line":102,"column":2}},"29":{"start":{"line":104,"column":44},"end":{"line":109,"column":2}},"30":{"start":{"line":111,"column":39},"end":{"line":118,"column":2}},"31":{"start":{"line":120,"column":48},"end":{"line":130,"column":2}},"32":{"start":{"line":132,"column":42},"end":{"line":135,"column":2}},"33":{"start":{"line":137,"column":41},"end":{"line":142,"column":2}},"34":{"start":{"line":144,"column":40},"end":{"line":149,"column":2}},"35":{"start":{"line":151,"column":39},"end":{"line":154,"column":2}},"36":{"start":{"line":156,"column":46},"end":{"line":161,"column":2}},"37":{"start":{"line":163,"column":41},"end":{"line":169,"column":2}}},"fnMap":{"0":{"name":"AppNewsList","decl":{"start":{"line":10,"column":16},"end":{"line":10,"column":27}},"loc":{"start":{"line":10,"column":61},"end":{"line":34,"column":1}}},"1":{"name":"(anonymous_2)","decl":{"start":{"line":29,"column":25},"end":{"line":29,"column":26}},"loc":{"start":{"line":30,"column":8},"end":{"line":30,"column":78}}},"2":{"name":"NotificationItem","decl":{"start":{"line":36,"column":9},"end":{"line":36,"column":25}},"loc":{"start":{"line":36,"column":81},"end":{"line":89,"column":1}}},"3":{"name":"(anonymous_4)","decl":{"start":{"line":37,"column":22},"end":{"line":37,"column":23}},"loc":{"start":{"line":37,"column":39},"end":{"line":51,"column":3}}},"4":{"name":"(anonymous_5)","decl":{"start":{"line":53,"column":21},"end":{"line":53,"column":22}},"loc":{"start":{"line":53,"column":43},"end":{"line":65,"column":3}}}},"branchMap":{"0":{"loc":{"start":{"line":11,"column":2},"end":{"line":17,"column":3}},"type":"if","locations":[{"start":{"line":11,"column":2},"end":{"line":17,"column":3}}]},"1":{"loc":{"start":{"line":19,"column":2},"end":{"line":25,"column":3}},"type":"if","locations":[{"start":{"line":19,"column":2},"end":{"line":25,"column":3}}]},"2":{"loc":{"start":{"line":50,"column":11},"end":{"line":50,"column":44}},"type":"binary-expr","locations":[{"start":{"line":50,"column":11},"end":{"line":50,"column":36}},{"start":{"line":50,"column":40},"end":{"line":50,"column":44}}]},"3":{"loc":{"start":{"line":61,"column":4},"end":{"line":61,"column":40}},"type":"if","locations":[{"start":{"line":61,"column":4},"end":{"line":61,"column":40}}]},"4":{"loc":{"start":{"line":62,"column":4},"end":{"line":62,"column":49}},"type":"if","locations":[{"start":{"line":62,"column":4},"end":{"line":62,"column":49}}]},"5":{"loc":{"start":{"line":63,"column":4},"end":{"line":63,"column":51}},"type":"if","locations":[{"start":{"line":63,"column":4},"end":{"line":63,"column":51}}]},"6":{"loc":{"start":{"line":76,"column":9},"end":{"line":84,"column":null}},"type":"binary-expr","locations":[{"start":{"line":76,"column":9},"end":{"line":76,"column":29}},{"start":{"line":77,"column":10},"end":{"line":81,"column":null}}]}},"s":{"0":1,"1":1,"2":1,"3":14,"4":1,"5":13,"6":1,"7":12,"8":15,"9":15,"10":15,"11":15,"12":15,"13":15,"14":15,"15":15,"16":15,"17":15,"18":15,"19":15,"20":6,"21":9,"22":4,"23":5,"24":4,"25":1,"26":15,"27":1,"28":1,"29":1,"30":1,"31":1,"32":1,"33":1,"34":1,"35":1,"36":1,"37":1},"f":{"0":14,"1":15,"2":15,"3":15,"4":15},"b":{"0":[1],"1":[1],"2":[15,1],"3":[6],"4":[4],"5":[4],"6":[15,3]}}
,"/home/neo/git/service_layer/platform/host-app/components/AppStatsCard.tsx": {"path":"/home/neo/git/service_layer/platform/host-app/components/AppStatsCard.tsx","statementMap":{"0":{"start":{"line":12,"column":0},"end":{"line":12,"column":16}},"1":{"start":{"line":1,"column":0},"end":{"line":1,"column":26}},"2":{"start":{"line":2,"column":0},"end":{"line":2,"column":43}},"3":{"start":{"line":13,"column":24},"end":{"line":18,"column":3}},"4":{"start":{"line":14,"column":4},"end":{"line":14,"column":40}},"5":{"start":{"line":14,"column":16},"end":{"line":14,"column":40}},"6":{"start":{"line":15,"column":4},"end":{"line":15,"column":41}},"7":{"start":{"line":15,"column":24},"end":{"line":15,"column":41}},"8":{"start":{"line":16,"column":4},"end":{"line":16,"column":43}},"9":{"start":{"line":16,"column":26},"end":{"line":16,"column":43}},"10":{"start":{"line":17,"column":4},"end":{"line":17,"column":28}},"11":{"start":{"line":20,"column":25},"end":{"line":24,"column":3}},"12":{"start":{"line":21,"column":4},"end":{"line":21,"column":35}},"13":{"start":{"line":21,"column":24},"end":{"line":21,"column":35}},"14":{"start":{"line":22,"column":4},"end":{"line":22,"column":37}},"15":{"start":{"line":22,"column":26},"end":{"line":22,"column":37}},"16":{"start":{"line":23,"column":4},"end":{"line":23,"column":14}},"17":{"start":{"line":26,"column":2},"end":{"line":39,"column":4}},"18":{"start":{"line":42,"column":39},"end":{"line":51,"column":2}},"19":{"start":{"line":53,"column":44},"end":{"line":57,"column":2}},"20":{"start":{"line":59,"column":39},"end":{"line":61,"column":2}},"21":{"start":{"line":63,"column":40},"end":{"line":69,"column":2}},"22":{"start":{"line":71,"column":40},"end":{"line":76,"column":2}},"23":{"start":{"line":78,"column":40},"end":{"line":81,"column":2}}},"fnMap":{"0":{"name":"AppStatsCard","decl":{"start":{"line":12,"column":16},"end":{"line":12,"column":28}},"loc":{"start":{"line":12,"column":77},"end":{"line":40,"column":1}}},"1":{"name":"(anonymous_2)","decl":{"start":{"line":13,"column":24},"end":{"line":13,"column":27}},"loc":{"start":{"line":13,"column":29},"end":{"line":18,"column":3}}},"2":{"name":"(anonymous_3)","decl":{"start":{"line":20,"column":25},"end":{"line":20,"column":28}},"loc":{"start":{"line":20,"column":30},"end":{"line":24,"column":3}}}},"branchMap":{"0":{"loc":{"start":{"line":14,"column":4},"end":{"line":14,"column":40}},"type":"if","locations":[{"start":{"line":14,"column":4},"end":{"line":14,"column":40}}]},"1":{"loc":{"start":{"line":15,"column":4},"end":{"line":15,"column":41}},"type":"if","locations":[{"start":{"line":15,"column":4},"end":{"line":15,"column":41}}]},"2":{"loc":{"start":{"line":16,"column":4},"end":{"line":16,"column":43}},"type":"if","locations":[{"start":{"line":16,"column":4},"end":{"line":16,"column":43}}]},"3":{"loc":{"start":{"line":21,"column":4},"end":{"line":21,"column":35}},"type":"if","locations":[{"start":{"line":21,"column":4},"end":{"line":21,"column":35}}]},"4":{"loc":{"start":{"line":22,"column":4},"end":{"line":22,"column":37}},"type":"if","locations":[{"start":{"line":22,"column":4},"end":{"line":22,"column":37}}]},"5":{"loc":{"start":{"line":33,"column":7},"end":{"line":36,"column":null}},"type":"binary-expr","locations":[{"start":{"line":33,"column":7},"end":{"line":33,"column":17}},{"start":{"line":34,"column":8},"end":{"line":35,"column":null}}]}},"s":{"0":1,"1":1,"2":1,"3":11,"4":4,"5":1,"6":3,"7":1,"8":2,"9":1,"10":1,"11":11,"12":4,"13":1,"14":3,"15":1,"16":2,"17":11,"18":1,"19":1,"20":1,"21":1,"22":1,"23":1},"f":{"0":11,"1":4,"2":4},"b":{"0":[1],"1":[1],"2":[1],"3":[1],"4":[1],"5":[11,4]}}
,"/home/neo/git/service_layer/platform/host-app/components/ErrorBoundary.tsx": {"path":"/home/neo/git/service_layer/platform/host-app/components/ErrorBoundary.tsx","statementMap":{"0":{"start":{"line":1,"column":0},"end":{"line":1,"column":63}},"1":{"start":{"line":16,"column":4},"end":{"line":16,"column":17}},"2":{"start":{"line":17,"column":4},"end":{"line":21,"column":6}},"3":{"start":{"line":25,"column":4},"end":{"line":25,"column":37}},"4":{"start":{"line":30,"column":4},"end":{"line":30,"column":70}},"5":{"start":{"line":32,"column":4},"end":{"line":35,"column":7}},"6":{"start":{"line":38,"column":4},"end":{"line":41,"column":5}},"7":{"start":{"line":44,"column":16},"end":{"line":50,"column":3}},"8":{"start":{"line":45,"column":4},"end":{"line":49,"column":7}},"9":{"start":{"line":53,"column":4},"end":{"line":116,"column":5}},"10":{"start":{"line":55,"column":6},"end":{"line":57,"column":7}},"11":{"start":{"line":56,"column":8},"end":{"line":56,"column":35}},"12":{"start":{"line":60,"column":6},"end":{"line":115,"column":8}},"13":{"start":{"line":107,"column":32},"end":{"line":107,"column":58}},"14":{"start":{"line":118,"column":4},"end":{"line":118,"column":31}},"15":{"start":{"line":14,"column":0},"end":{"line":14,"column":13}}},"fnMap":{"0":{"name":"(anonymous_9)","decl":{"start":{"line":15,"column":2},"end":{"line":15,"column":14}},"loc":{"start":{"line":15,"column":26},"end":{"line":22,"column":3}}},"1":{"name":"(anonymous_10)","decl":{"start":{"line":24,"column":2},"end":{"line":24,"column":8}},"loc":{"start":{"line":24,"column":46},"end":{"line":26,"column":3}}},"2":{"name":"(anonymous_11)","decl":{"start":{"line":28,"column":2},"end":{"line":28,"column":19}},"loc":{"start":{"line":28,"column":54},"end":{"line":42,"column":3}}},"3":{"name":"(anonymous_12)","decl":{"start":{"line":44,"column":16},"end":{"line":44,"column":25}},"loc":{"start":{"line":44,"column":27},"end":{"line":50,"column":3}}},"4":{"name":"(anonymous_13)","decl":{"start":{"line":52,"column":2},"end":{"line":52,"column":8}},"loc":{"start":{"line":52,"column":8},"end":{"line":119,"column":3}}},"5":{"name":"(anonymous_14)","decl":{"start":{"line":107,"column":25},"end":{"line":107,"column":28}},"loc":{"start":{"line":107,"column":32},"end":{"line":107,"column":58}}}},"branchMap":{"0":{"loc":{"start":{"line":38,"column":4},"end":{"line":41,"column":5}},"type":"if","locations":[{"start":{"line":38,"column":4},"end":{"line":41,"column":5}}]},"1":{"loc":{"start":{"line":53,"column":4},"end":{"line":116,"column":5}},"type":"if","locations":[{"start":{"line":53,"column":4},"end":{"line":116,"column":5}}]},"2":{"loc":{"start":{"line":55,"column":6},"end":{"line":57,"column":7}},"type":"if","locations":[{"start":{"line":55,"column":6},"end":{"line":57,"column":7}}]},"3":{"loc":{"start":{"line":87,"column":13},"end":{"line":96,"column":null}},"type":"binary-expr","locations":[{"start":{"line":87,"column":13},"end":{"line":87,"column":51}},{"start":{"line":87,"column":55},"end":{"line":87,"column":71}},{"start":{"line":88,"column":14},"end":{"line":95,"column":null}}]}},"s":{"0":0,"1":0,"2":0,"3":0,"4":0,"5":0,"6":0,"7":0,"8":0,"9":0,"10":0,"11":0,"12":0,"13":0,"14":0,"15":0},"f":{"0":0,"1":0,"2":0,"3":0,"4":0,"5":0},"b":{"0":[0],"1":[0],"2":[0],"3":[0,0,0]}}
,"/home/neo/git/service_layer/platform/host-app/components/FederatedMiniApp.tsx": {"path":"/home/neo/git/service_layer/platform/host-app/components/FederatedMiniApp.tsx","statementMap":{"0":{"start":{"line":119,"column":0},"end":{"line":119,"column":16}},"1":{"start":{"line":1,"column":0},"end":{"line":1,"column":81}},"2":{"start":{"line":9,"column":19},"end":{"line":9,"column":62}},"3":{"start":{"line":12,"column":23},"end":{"line":12,"column":25}},"4":{"start":{"line":13,"column":29},"end":{"line":13,"column":72}},"5":{"start":{"line":14,"column":40},"end":{"line":14,"column":44}},"6":{"start":{"line":17,"column":23},"end":{"line":17,"column":59}},"7":{"start":{"line":31,"column":29},"end":{"line":31,"column":31}},"8":{"start":{"line":34,"column":4},"end":{"line":34,"column":21}},"9":{"start":{"line":38,"column":4},"end":{"line":38,"column":54}},"10":{"start":{"line":38,"column":27},"end":{"line":38,"column":54}},"11":{"start":{"line":40,"column":4},"end":{"line":45,"column":6}},"12":{"start":{"line":50,"column":2},"end":{"line":57,"column":4}},"13":{"start":{"line":61,"column":48},"end":{"line":61,"column":97}},"14":{"start":{"line":62,"column":32},"end":{"line":62,"column":46}},"15":{"start":{"line":63,"column":28},"end":{"line":63,"column":57}},"16":{"start":{"line":65,"column":2},"end":{"line":103,"column":15}},"17":{"start":{"line":66,"column":18},"end":{"line":66,"column":22}},"18":{"start":{"line":67,"column":23},"end":{"line":67,"column":51}},"19":{"start":{"line":68,"column":4},"end":{"line":74,"column":5}},"20":{"start":{"line":69,"column":6},"end":{"line":69,"column":49}},"21":{"start":{"line":70,"column":6},"end":{"line":70,"column":24}},"22":{"start":{"line":71,"column":6},"end":{"line":73,"column":8}},"23":{"start":{"line":72,"column":8},"end":{"line":72,"column":24}},"24":{"start":{"line":76,"column":23},"end":{"line":96,"column":5}},"25":{"start":{"line":77,"column":6},"end":{"line":95,"column":7}},"26":{"start":{"line":78,"column":29},"end":{"line":78,"column":54}},"27":{"start":{"line":79,"column":8},"end":{"line":81,"column":9}},"28":{"start":{"line":80,"column":10},"end":{"line":80,"column":67}},"29":{"start":{"line":82,"column":20},"end":{"line":82,"column":66}},"30":{"start":{"line":83,"column":8},"end":{"line":89,"column":9}},"31":{"start":{"line":85,"column":13},"end":{"line":86,"column":61}},"32":{"start":{"line":87,"column":10},"end":{"line":87,"column":54}},"33":{"start":{"line":87,"column":35},"end":{"line":87,"column":52}},"34":{"start":{"line":88,"column":10},"end":{"line":88,"column":28}},"35":{"start":{"line":91,"column":8},"end":{"line":94,"column":9}},"36":{"start":{"line":92,"column":10},"end":{"line":92,"column":81}},"37":{"start":{"line":93,"column":10},"end":{"line":93,"column":28}},"38":{"start":{"line":98,"column":4},"end":{"line":98,"column":17}},"39":{"start":{"line":100,"column":4},"end":{"line":102,"column":6}},"40":{"start":{"line":101,"column":6},"end":{"line":101,"column":22}},"41":{"start":{"line":105,"column":2},"end":{"line":105,"column":77}},"42":{"start":{"line":105,"column":15},"end":{"line":105,"column":77}},"43":{"start":{"line":106,"column":2},"end":{"line":113,"column":3}},"44":{"start":{"line":107,"column":4},"end":{"line":112,"column":6}},"45":{"start":{"line":115,"column":2},"end":{"line":115,"column":80}},"46":{"start":{"line":115,"column":24},"end":{"line":115,"column":80}},"47":{"start":{"line":116,"column":2},"end":{"line":116,"column":71}},"48":{"start":{"line":120,"column":2},"end":{"line":120,"column":51}},"49":{"start":{"line":120,"column":19},"end":{"line":120,"column":51}},"50":{"start":{"line":121,"column":2},"end":{"line":125,"column":4}},"51":{"start":{"line":128,"column":40},"end":{"line":134,"column":2}},"52":{"start":{"line":136,"column":45},"end":{"line":139,"column":2}},"53":{"start":{"line":141,"column":44},"end":{"line":144,"column":2}},"54":{"start":{"line":146,"column":41},"end":{"line":153,"column":2}},"55":{"start":{"line":155,"column":46},"end":{"line":158,"column":2}},"56":{"start":{"line":160,"column":45},"end":{"line":164,"column":2}},"57":{"start":{"line":166,"column":42},"end":{"line":169,"column":2}},"58":{"start":{"line":172,"column":18},"end":{"line":172,"column":72}},"59":{"start":{"line":173,"column":16},"end":{"line":173,"column":66}},"60":{"start":{"line":173,"column":40},"end":{"line":173,"column":65}},"61":{"start":{"line":174,"column":2},"end":{"line":174,"column":23}},"62":{"start":{"line":178,"column":18},"end":{"line":181,"column":20}},"63":{"start":{"line":180,"column":20},"end":{"line":180,"column":32}},"64":{"start":{"line":183,"column":34},"end":{"line":183,"column":36}},"65":{"start":{"line":184,"column":2},"end":{"line":194,"column":3}},"66":{"start":{"line":185,"column":22},"end":{"line":185,"column":82}},"67":{"start":{"line":186,"column":4},"end":{"line":186,"column":29}},"68":{"start":{"line":186,"column":20},"end":{"line":186,"column":29}},"69":{"start":{"line":187,"column":30},"end":{"line":187,"column":52}},"70":{"start":{"line":188,"column":17},"end":{"line":188,"column":45}},"71":{"start":{"line":189,"column":16},"end":{"line":189,"column":43}},"72":{"start":{"line":190,"column":4},"end":{"line":190,"column":32}},"73":{"start":{"line":190,"column":23},"end":{"line":190,"column":32}},"74":{"start":{"line":192,"column":26},"end":{"line":192,"column":116}},"75":{"start":{"line":193,"column":4},"end":{"line":193,"column":49}},"76":{"start":{"line":196,"column":2},"end":{"line":196,"column":17}},"77":{"start":{"line":200,"column":2},"end":{"line":202,"column":3}},"78":{"start":{"line":201,"column":4},"end":{"line":201,"column":71}},"79":{"start":{"line":204,"column":2},"end":{"line":204,"column":35}},"80":{"start":{"line":205,"column":20},"end":{"line":205,"column":53}},"81":{"start":{"line":207,"column":2},"end":{"line":211,"column":3}},"82":{"start":{"line":208,"column":23},"end":{"line":208,"column":117}},"83":{"start":{"line":209,"column":4},"end":{"line":209,"column":37}},"84":{"start":{"line":210,"column":4},"end":{"line":210,"column":35}},"85":{"start":{"line":213,"column":18},"end":{"line":213,"column":73}},"86":{"start":{"line":214,"column":2},"end":{"line":214,"column":19}},"87":{"start":{"line":218,"column":2},"end":{"line":223,"column":3}},"88":{"start":{"line":219,"column":4},"end":{"line":221,"column":5}},"89":{"start":{"line":220,"column":6},"end":{"line":220,"column":65}},"90":{"start":{"line":222,"column":4},"end":{"line":222,"column":54}},"91":{"start":{"line":224,"column":2},"end":{"line":224,"column":20}},"92":{"start":{"line":228,"column":19},"end":{"line":228,"column":51}},"93":{"start":{"line":229,"column":17},"end":{"line":229,"column":51}},"94":{"start":{"line":230,"column":2},"end":{"line":230,"column":28}},"95":{"start":{"line":230,"column":14},"end":{"line":230,"column":28}},"96":{"start":{"line":233,"column":2},"end":{"line":243,"column":3}},"97":{"start":{"line":234,"column":22},"end":{"line":234,"column":62}},"98":{"start":{"line":235,"column":4},"end":{"line":242,"column":5}},"99":{"start":{"line":236,"column":6},"end":{"line":236,"column":45}},"100":{"start":{"line":237,"column":24},"end":{"line":237,"column":53}},"101":{"start":{"line":238,"column":6},"end":{"line":241,"column":7}},"102":{"start":{"line":239,"column":8},"end":{"line":239,"column":27}},"103":{"start":{"line":240,"column":8},"end":{"line":240,"column":41}},"104":{"start":{"line":245,"column":17},"end":{"line":278,"column":4}},"105":{"start":{"line":246,"column":22},"end":{"line":246,"column":111}},"106":{"start":{"line":247,"column":4},"end":{"line":250,"column":5}},"107":{"start":{"line":248,"column":6},"end":{"line":248,"column":24}},"108":{"start":{"line":249,"column":6},"end":{"line":249,"column":13}},"109":{"start":{"line":252,"column":19},"end":{"line":252,"column":51}},"110":{"start":{"line":253,"column":4},"end":{"line":253,"column":30}},"111":{"start":{"line":254,"column":4},"end":{"line":254,"column":24}},"112":{"start":{"line":255,"column":4},"end":{"line":255,"column":36}},"113":{"start":{"line":256,"column":4},"end":{"line":256,"column":41}},"114":{"start":{"line":258,"column":20},"end":{"line":262,"column":5}},"115":{"start":{"line":259,"column":6},"end":{"line":259,"column":44}},"116":{"start":{"line":260,"column":6},"end":{"line":260,"column":38}},"117":{"start":{"line":261,"column":6},"end":{"line":261,"column":22}},"118":{"start":{"line":263,"column":4},"end":{"line":272,"column":6}},"119":{"start":{"line":264,"column":6},"end":{"line":264,"column":38}},"120":{"start":{"line":265,"column":25},"end":{"line":265,"column":114}},"121":{"start":{"line":266,"column":6},"end":{"line":270,"column":7}},"122":{"start":{"line":267,"column":8},"end":{"line":267,"column":18}},"123":{"start":{"line":268,"column":8},"end":{"line":268,"column":73}},"124":{"start":{"line":269,"column":8},"end":{"line":269,"column":15}},"125":{"start":{"line":271,"column":6},"end":{"line":271,"column":25}},"126":{"start":{"line":273,"column":4},"end":{"line":276,"column":6}},"127":{"start":{"line":274,"column":6},"end":{"line":274,"column":16}},"128":{"start":{"line":275,"column":6},"end":{"line":275,"column":71}},"129":{"start":{"line":277,"column":4},"end":{"line":277,"column":38}},"130":{"start":{"line":280,"column":2},"end":{"line":280,"column":45}},"131":{"start":{"line":281,"column":2},"end":{"line":281,"column":16}}},"fnMap":{"0":{"name":"(anonymous_9)","decl":{"start":{"line":33,"column":2},"end":{"line":33,"column":8}},"loc":{"start":{"line":33,"column":46},"end":{"line":35,"column":3}}},"1":{"name":"(anonymous_10)","decl":{"start":{"line":37,"column":2},"end":{"line":37,"column":8}},"loc":{"start":{"line":37,"column":8},"end":{"line":46,"column":3}}},"2":{"name":"NotConfiguredMessage","decl":{"start":{"line":49,"column":9},"end":{"line":49,"column":29}},"loc":{"start":{"line":49,"column":29},"end":{"line":58,"column":1}}},"3":{"name":"FederatedLoader","decl":{"start":{"line":60,"column":9},"end":{"line":60,"column":24}},"loc":{"start":{"line":60,"column":55},"end":{"line":117,"column":1}}},"4":{"name":"(anonymous_13)","decl":{"start":{"line":65,"column":12},"end":{"line":65,"column":15}},"loc":{"start":{"line":65,"column":17},"end":{"line":103,"column":3}}},"5":{"name":"(anonymous_14)","decl":{"start":{"line":71,"column":13},"end":{"line":71,"column":16}},"loc":{"start":{"line":71,"column":18},"end":{"line":73,"column":7}}},"6":{"name":"(anonymous_15)","decl":{"start":{"line":76,"column":23},"end":{"line":76,"column":28}},"loc":{"start":{"line":76,"column":34},"end":{"line":96,"column":5}}},"7":{"name":"(anonymous_16)","decl":{"start":{"line":87,"column":29},"end":{"line":87,"column":32}},"loc":{"start":{"line":87,"column":35},"end":{"line":87,"column":52}}},"8":{"name":"(anonymous_17)","decl":{"start":{"line":100,"column":11},"end":{"line":100,"column":14}},"loc":{"start":{"line":100,"column":16},"end":{"line":102,"column":5}}},"9":{"name":"FederatedMiniApp","decl":{"start":{"line":119,"column":16},"end":{"line":119,"column":32}},"loc":{"start":{"line":119,"column":45},"end":{"line":126,"column":1}}},"10":{"name":"resolveRemote","decl":{"start":{"line":171,"column":9},"end":{"line":171,"column":22}},"loc":{"start":{"line":171,"column":41},"end":{"line":175,"column":1}}},"11":{"name":"(anonymous_20)","decl":{"start":{"line":173,"column":29},"end":{"line":173,"column":30}},"loc":{"start":{"line":173,"column":40},"end":{"line":173,"column":65}}},"12":{"name":"parseRemotes","decl":{"start":{"line":177,"column":9},"end":{"line":177,"column":21}},"loc":{"start":{"line":177,"column":33},"end":{"line":197,"column":1}}},"13":{"name":"(anonymous_22)","decl":{"start":{"line":180,"column":9},"end":{"line":180,"column":10}},"loc":{"start":{"line":180,"column":20},"end":{"line":180,"column":32}}},"14":{"name":"loadFederatedModule","decl":{"start":{"line":199,"column":15},"end":{"line":199,"column":34}},"loc":{"start":{"line":199,"column":71},"end":{"line":215,"column":1}}},"15":{"name":"ensureSharingInitialized","decl":{"start":{"line":217,"column":15},"end":{"line":217,"column":39}},"loc":{"start":{"line":217,"column":39},"end":{"line":225,"column":1}}},"16":{"name":"loadRemoteContainer","decl":{"start":{"line":227,"column":9},"end":{"line":227,"column":28}},"loc":{"start":{"line":227,"column":49},"end":{"line":282,"column":1}}},"17":{"name":"(anonymous_26)","decl":{"start":{"line":245,"column":46},"end":{"line":245,"column":47}},"loc":{"start":{"line":245,"column":66},"end":{"line":278,"column":3}}},"18":{"name":"(anonymous_27)","decl":{"start":{"line":258,"column":20},"end":{"line":258,"column":23}},"loc":{"start":{"line":258,"column":25},"end":{"line":262,"column":5}}},"19":{"name":"(anonymous_28)","decl":{"start":{"line":263,"column":20},"end":{"line":263,"column":23}},"loc":{"start":{"line":263,"column":25},"end":{"line":272,"column":5}}},"20":{"name":"(anonymous_29)","decl":{"start":{"line":273,"column":21},"end":{"line":273,"column":24}},"loc":{"start":{"line":273,"column":26},"end":{"line":276,"column":5}}}},"branchMap":{"0":{"loc":{"start":{"line":38,"column":4},"end":{"line":38,"column":54}},"type":"if","locations":[{"start":{"line":38,"column":4},"end":{"line":38,"column":54}}]},"1":{"loc":{"start":{"line":67,"column":24},"end":{"line":67,"column":43}},"type":"binary-expr","locations":[{"start":{"line":67,"column":24},"end":{"line":67,"column":30}},{"start":{"line":67,"column":34},"end":{"line":67,"column":43}}]},"2":{"loc":{"start":{"line":68,"column":4},"end":{"line":74,"column":5}},"type":"if","locations":[{"start":{"line":68,"column":4},"end":{"line":74,"column":5}}]},"3":{"loc":{"start":{"line":79,"column":8},"end":{"line":81,"column":9}},"type":"if","locations":[{"start":{"line":79,"column":8},"end":{"line":81,"column":9}}]},"4":{"loc":{"start":{"line":83,"column":8},"end":{"line":89,"column":9}},"type":"if","locations":[{"start":{"line":83,"column":8},"end":{"line":89,"column":9}}]},"5":{"loc":{"start":{"line":85,"column":13},"end":{"line":86,"column":61}},"type":"binary-expr","locations":[{"start":{"line":85,"column":13},"end":{"line":85,"column":103}},{"start":{"line":86,"column":13},"end":{"line":86,"column":61}}]},"6":{"loc":{"start":{"line":87,"column":35},"end":{"line":87,"column":52}},"type":"binary-expr","locations":[{"start":{"line":87,"column":35},"end":{"line":87,"column":44}},{"start":{"line":87,"column":48},"end":{"line":87,"column":52}}]},"7":{"loc":{"start":{"line":91,"column":8},"end":{"line":94,"column":9}},"type":"if","locations":[{"start":{"line":91,"column":8},"end":{"line":94,"column":9}}]},"8":{"loc":{"start":{"line":92,"column":19},"end":{"line":92,"column":79}},"type":"cond-expr","locations":[{"start":{"line":92,"column":42},"end":{"line":92,"column":53}},{"start":{"line":92,"column":56},"end":{"line":92,"column":79}}]},"9":{"loc":{"start":{"line":105,"column":2},"end":{"line":105,"column":77}},"type":"if","locations":[{"start":{"line":105,"column":2},"end":{"line":105,"column":77}}]},"10":{"loc":{"start":{"line":106,"column":2},"end":{"line":113,"column":3}},"type":"if","locations":[{"start":{"line":106,"column":2},"end":{"line":113,"column":3}}]},"11":{"loc":{"start":{"line":115,"column":2},"end":{"line":115,"column":80}},"type":"if","locations":[{"start":{"line":115,"column":2},"end":{"line":115,"column":80}}]},"12":{"loc":{"start":{"line":120,"column":2},"end":{"line":120,"column":51}},"type":"if","locations":[{"start":{"line":120,"column":2},"end":{"line":120,"column":51}}]},"13":{"loc":{"start":{"line":172,"column":31},"end":{"line":172,"column":71}},"type":"binary-expr","locations":[{"start":{"line":172,"column":31},"end":{"line":172,"column":65}},{"start":{"line":172,"column":69},"end":{"line":172,"column":71}}]},"14":{"loc":{"start":{"line":174,"column":9},"end":{"line":174,"column":22}},"type":"binary-expr","locations":[{"start":{"line":174,"column":9},"end":{"line":174,"column":14}},{"start":{"line":174,"column":18},"end":{"line":174,"column":22}}]},"15":{"loc":{"start":{"line":185,"column":22},"end":{"line":185,"column":82}},"type":"cond-expr","locations":[{"start":{"line":185,"column":44},"end":{"line":185,"column":47}},{"start":{"line":185,"column":50},"end":{"line":185,"column":82}}]},"16":{"loc":{"start":{"line":185,"column":50},"end":{"line":185,"column":82}},"type":"cond-expr","locations":[{"start":{"line":185,"column":72},"end":{"line":185,"column":75}},{"start":{"line":185,"column":78},"end":{"line":185,"column":82}}]},"17":{"loc":{"start":{"line":186,"column":4},"end":{"line":186,"column":29}},"type":"if","locations":[{"start":{"line":186,"column":4},"end":{"line":186,"column":29}}]},"18":{"loc":{"start":{"line":188,"column":24},"end":{"line":188,"column":37}},"type":"binary-expr","locations":[{"start":{"line":188,"column":24},"end":{"line":188,"column":31}},{"start":{"line":188,"column":35},"end":{"line":188,"column":37}}]},"19":{"loc":{"start":{"line":189,"column":23},"end":{"line":189,"column":35}},"type":"binary-expr","locations":[{"start":{"line":189,"column":23},"end":{"line":189,"column":29}},{"start":{"line":189,"column":33},"end":{"line":189,"column":35}}]},"20":{"loc":{"start":{"line":190,"column":4},"end":{"line":190,"column":32}},"type":"if","locations":[{"start":{"line":190,"column":4},"end":{"line":190,"column":32}}]},"21":{"loc":{"start":{"line":190,"column":8},"end":{"line":190,"column":21}},"type":"binary-expr","locations":[{"start":{"line":190,"column":8},"end":{"line":190,"column":13}},{"start":{"line":190,"column":17},"end":{"line":190,"column":21}}]},"22":{"loc":{"start":{"line":192,"column":26},"end":{"line":192,"column":116}},"type":"cond-expr","locations":[{"start":{"line":192,"column":48},"end":{"line":192,"column":51}},{"start":{"line":192,"column":54},"end":{"line":192,"column":116}}]},"23":{"loc":{"start":{"line":200,"column":2},"end":{"line":202,"column":3}},"type":"if","locations":[{"start":{"line":200,"column":2},"end":{"line":202,"column":3}}]},"24":{"loc":{"start":{"line":207,"column":2},"end":{"line":211,"column":3}},"type":"if","locations":[{"start":{"line":207,"column":2},"end":{"line":211,"column":3}}]},"25":{"loc":{"start":{"line":208,"column":23},"end":{"line":208,"column":117}},"type":"cond-expr","locations":[{"start":{"line":208,"column":73},"end":{"line":208,"column":105}},{"start":{"line":208,"column":108},"end":{"line":208,"column":117}}]},"26":{"loc":{"start":{"line":218,"column":2},"end":{"line":223,"column":3}},"type":"if","locations":[{"start":{"line":218,"column":2},"end":{"line":223,"column":3}}]},"27":{"loc":{"start":{"line":219,"column":4},"end":{"line":221,"column":5}},"type":"if","locations":[{"start":{"line":219,"column":4},"end":{"line":221,"column":5}}]},"28":{"loc":{"start":{"line":230,"column":2},"end":{"line":230,"column":28}},"type":"if","locations":[{"start":{"line":230,"column":2},"end":{"line":230,"column":28}}]},"29":{"loc":{"start":{"line":233,"column":2},"end":{"line":243,"column":3}},"type":"if","locations":[{"start":{"line":233,"column":2},"end":{"line":243,"column":3}}]},"30":{"loc":{"start":{"line":235,"column":4},"end":{"line":242,"column":5}},"type":"if","locations":[{"start":{"line":235,"column":4},"end":{"line":242,"column":5}}]},"31":{"loc":{"start":{"line":238,"column":6},"end":{"line":241,"column":7}},"type":"if","locations":[{"start":{"line":238,"column":6},"end":{"line":241,"column":7}}]},"32":{"loc":{"start":{"line":247,"column":4},"end":{"line":250,"column":5}},"type":"if","locations":[{"start":{"line":247,"column":4},"end":{"line":250,"column":5}}]},"33":{"loc":{"start":{"line":266,"column":6},"end":{"line":270,"column":7}},"type":"if","locations":[{"start":{"line":266,"column":6},"end":{"line":270,"column":7}}]}},"s":{"0":1,"1":1,"2":1,"3":1,"4":1,"5":1,"6":1,"7":0,"8":0,"9":0,"10":0,"11":0,"12":0,"13":0,"14":0,"15":0,"16":0,"17":0,"18":0,"19":0,"20":0,"21":0,"22":0,"23":0,"24":0,"25":0,"26":0,"27":0,"28":0,"29":0,"30":0,"31":0,"32":0,"33":0,"34":0,"35":0,"36":0,"37":0,"38":0,"39":0,"40":0,"41":0,"42":0,"43":0,"44":0,"45":0,"46":0,"47":0,"48":0,"49":0,"50":0,"51":1,"52":1,"53":1,"54":1,"55":1,"56":1,"57":1,"58":0,"59":0,"60":0,"61":0,"62":0,"63":0,"64":0,"65":0,"66":0,"67":0,"68":0,"69":0,"70":0,"71":0,"72":0,"73":0,"74":0,"75":0,"76":0,"77":0,"78":0,"79":0,"80":0,"81":0,"82":0,"83":0,"84":0,"85":0,"86":0,"87":0,"88":0,"89":0,"90":0,"91":0,"92":0,"93":0,"94":0,"95":0,"96":0,"97":0,"98":0,"99":0,"100":0,"101":0,"102":0,"103":0,"104":0,"105":0,"106":0,"107":0,"108":0,"109":0,"110":0,"111":0,"112":0,"113":0,"114":0,"115":0,"116":0,"117":0,"118":0,"119":0,"120":0,"121":0,"122":0,"123":0,"124":0,"125":0,"126":0,"127":0,"128":0,"129":0,"130":0,"131":0},"f":{"0":0,"1":0,"2":0,"3":0,"4":0,"5":0,"6":0,"7":0,"8":0,"9":0,"10":0,"11":0,"12":0,"13":0,"14":0,"15":0,"16":0,"17":0,"18":0,"19":0,"20":0},"b":{"0":[0],"1":[0,0],"2":[0],"3":[0],"4":[0],"5":[0,0],"6":[0,0],"7":[0],"8":[0,0],"9":[0],"10":[0],"11":[0],"12":[0],"13":[0,0],"14":[0,0],"15":[0,0],"16":[0,0],"17":[0],"18":[0,0],"19":[0,0],"20":[0],"21":[0,0],"22":[0,0],"23":[0],"24":[0],"25":[0,0],"26":[0],"27":[0],"28":[0],"29":[0],"30":[0],"31":[0],"32":[0],"33":[0]}}
,"/home/neo/git/service_layer/platform/host-app/components/LaunchDock.tsx": {"path":"/home/neo/git/service_layer/platform/host-app/components/LaunchDock.tsx","statementMap":{"0":{"start":{"line":14,"column":0},"end":{"line":14,"column":16}},"1":{"start":{"line":1,"column":0},"end":{"line":1,"column":26}},"2":{"start":{"line":3,"column":0},"end":{"line":3,"column":34}},"3":{"start":{"line":16,"column":27},"end":{"line":21,"column":3}},"4":{"start":{"line":17,"column":4},"end":{"line":17,"column":79}},"5":{"start":{"line":17,"column":33},"end":{"line":17,"column":79}},"6":{"start":{"line":18,"column":4},"end":{"line":18,"column":73}},"7":{"start":{"line":18,"column":30},"end":{"line":18,"column":73}},"8":{"start":{"line":19,"column":4},"end":{"line":19,"column":73}},"9":{"start":{"line":19,"column":30},"end":{"line":19,"column":73}},"10":{"start":{"line":20,"column":4},"end":{"line":20,"column":47}},"11":{"start":{"line":23,"column":24},"end":{"line":23,"column":42}},"12":{"start":{"line":26,"column":24},"end":{"line":28,"column":22}},"13":{"start":{"line":30,"column":25},"end":{"line":30,"column":65}},"14":{"start":{"line":32,"column":2},"end":{"line":65,"column":4}},"15":{"start":{"line":70,"column":2},"end":{"line":78,"column":4}},"16":{"start":{"line":82,"column":2},"end":{"line":87,"column":4}},"17":{"start":{"line":91,"column":39},"end":{"line":105,"column":2}},"18":{"start":{"line":107,"column":42},"end":{"line":115,"column":2}},"19":{"start":{"line":117,"column":47},"end":{"line":121,"column":2}},"20":{"start":{"line":123,"column":45},"end":{"line":127,"column":2}},"21":{"start":{"line":129,"column":38},"end":{"line":133,"column":2}},"22":{"start":{"line":135,"column":45},"end":{"line":139,"column":2}},"23":{"start":{"line":141,"column":45},"end":{"line":152,"column":2}},"24":{"start":{"line":154,"column":45},"end":{"line":157,"column":2}}},"fnMap":{"0":{"name":"LaunchDock","decl":{"start":{"line":14,"column":16},"end":{"line":14,"column":26}},"loc":{"start":{"line":14,"column":103},"end":{"line":66,"column":1}}},"1":{"name":"(anonymous_2)","decl":{"start":{"line":16,"column":27},"end":{"line":16,"column":64}},"loc":{"start":{"line":16,"column":66},"end":{"line":21,"column":3}}},"2":{"name":"ShareIcon","decl":{"start":{"line":69,"column":9},"end":{"line":69,"column":18}},"loc":{"start":{"line":69,"column":18},"end":{"line":79,"column":1}}},"3":{"name":"ExitIcon","decl":{"start":{"line":81,"column":9},"end":{"line":81,"column":17}},"loc":{"start":{"line":81,"column":17},"end":{"line":88,"column":1}}}},"branchMap":{"0":{"loc":{"start":{"line":17,"column":4},"end":{"line":17,"column":79}},"type":"if","locations":[{"start":{"line":17,"column":4},"end":{"line":17,"column":79}}]},"1":{"loc":{"start":{"line":18,"column":4},"end":{"line":18,"column":73}},"type":"if","locations":[{"start":{"line":18,"column":4},"end":{"line":18,"column":73}}]},"2":{"loc":{"start":{"line":19,"column":4},"end":{"line":19,"column":73}},"type":"if","locations":[{"start":{"line":19,"column":4},"end":{"line":19,"column":73}}]},"3":{"loc":{"start":{"line":26,"column":24},"end":{"line":28,"column":22}},"type":"cond-expr","locations":[{"start":{"line":27,"column":6},"end":{"line":27,"column":67}},{"start":{"line":28,"column":6},"end":{"line":28,"column":22}}]},"4":{"loc":{"start":{"line":30,"column":25},"end":{"line":30,"column":65}},"type":"cond-expr","locations":[{"start":{"line":30,"column":44},"end":{"line":30,"column":53}},{"start":{"line":30,"column":56},"end":{"line":30,"column":65}}]},"5":{"loc":{"start":{"line":51,"column":41},"end":{"line":51,"column":110}},"type":"cond-expr","locations":[{"start":{"line":51,"column":67},"end":{"line":51,"column":88}},{"start":{"line":51,"column":91},"end":{"line":51,"column":110}}]}},"s":{"0":1,"1":1,"2":1,"3":33,"4":33,"5":1,"6":32,"7":25,"8":7,"9":3,"10":4,"11":33,"12":33,"13":33,"14":33,"15":33,"16":33,"17":1,"18":1,"19":1,"20":1,"21":1,"22":1,"23":1,"24":1},"f":{"0":33,"1":33,"2":33,"3":33},"b":{"0":[1],"1":[25],"2":[3],"3":[4,29],"4":[4,29],"5":[32,1]}}
,"/home/neo/git/service_layer/platform/host-app/components/SocialCommentItem.tsx": {"path":"/home/neo/git/service_layer/platform/host-app/components/SocialCommentItem.tsx","statementMap":{"0":{"start":{"line":1,"column":0},"end":{"line":1,"column":40}},"1":{"start":{"line":12,"column":48},"end":{"line":125,"column":1}},"2":{"start":{"line":13,"column":44},"end":{"line":13,"column":59}},"3":{"start":{"line":14,"column":42},"end":{"line":14,"column":54}},"4":{"start":{"line":15,"column":32},"end":{"line":15,"column":61}},"5":{"start":{"line":16,"column":46},"end":{"line":16,"column":61}},"6":{"start":{"line":18,"column":28},"end":{"line":24,"column":3}},"7":{"start":{"line":19,"column":4},"end":{"line":19,"column":49}},"8":{"start":{"line":19,"column":42},"end":{"line":19,"column":49}},"9":{"start":{"line":20,"column":4},"end":{"line":20,"column":28}},"10":{"start":{"line":21,"column":17},"end":{"line":21,"column":48}},"11":{"start":{"line":22,"column":4},"end":{"line":22,"column":21}},"12":{"start":{"line":23,"column":4},"end":{"line":23,"column":29}},"13":{"start":{"line":26,"column":28},"end":{"line":32,"column":3}},"14":{"start":{"line":27,"column":4},"end":{"line":27,"column":37}},"15":{"start":{"line":27,"column":30},"end":{"line":27,"column":37}},"16":{"start":{"line":28,"column":4},"end":{"line":28,"column":44}},"17":{"start":{"line":29,"column":4},"end":{"line":29,"column":24}},"18":{"start":{"line":30,"column":4},"end":{"line":30,"column":28}},"19":{"start":{"line":31,"column":4},"end":{"line":31,"column":43}},"20":{"start":{"line":31,"column":23},"end":{"line":31,"column":43}},"21":{"start":{"line":34,"column":19},"end":{"line":34,"column":20}},"22":{"start":{"line":36,"column":2},"end":{"line":124,"column":4}},"23":{"start":{"line":57,"column":27},"end":{"line":57,"column":55}},"24":{"start":{"line":63,"column":27},"end":{"line":63,"column":57}},"25":{"start":{"line":70,"column":29},"end":{"line":70,"column":61}},"26":{"start":{"line":89,"column":29},"end":{"line":89,"column":60}},"27":{"start":{"line":103,"column":29},"end":{"line":103,"column":52}},"28":{"start":{"line":114,"column":8},"end":{"line":120,"column":null}},"29":{"start":{"line":127,"column":0},"end":{"line":127,"column":27}}},"fnMap":{"0":{"name":"(anonymous_9)","decl":{"start":{"line":12,"column":48},"end":{"line":12,"column":49}},"loc":{"start":{"line":12,"column":107},"end":{"line":125,"column":1}}},"1":{"name":"(anonymous_10)","decl":{"start":{"line":18,"column":28},"end":{"line":18,"column":33}},"loc":{"start":{"line":18,"column":39},"end":{"line":24,"column":3}}},"2":{"name":"(anonymous_11)","decl":{"start":{"line":26,"column":28},"end":{"line":26,"column":33}},"loc":{"start":{"line":26,"column":39},"end":{"line":32,"column":3}}},"3":{"name":"(anonymous_12)","decl":{"start":{"line":57,"column":21},"end":{"line":57,"column":24}},"loc":{"start":{"line":57,"column":27},"end":{"line":57,"column":55}}},"4":{"name":"(anonymous_13)","decl":{"start":{"line":63,"column":21},"end":{"line":63,"column":24}},"loc":{"start":{"line":63,"column":27},"end":{"line":63,"column":57}}},"5":{"name":"(anonymous_14)","decl":{"start":{"line":70,"column":23},"end":{"line":70,"column":26}},"loc":{"start":{"line":70,"column":29},"end":{"line":70,"column":61}}},"6":{"name":"(anonymous_15)","decl":{"start":{"line":89,"column":22},"end":{"line":89,"column":23}},"loc":{"start":{"line":89,"column":29},"end":{"line":89,"column":60}}},"7":{"name":"(anonymous_16)","decl":{"start":{"line":103,"column":23},"end":{"line":103,"column":26}},"loc":{"start":{"line":103,"column":29},"end":{"line":103,"column":52}}},"8":{"name":"(anonymous_17)","decl":{"start":{"line":113,"column":19},"end":{"line":113,"column":20}},"loc":{"start":{"line":114,"column":8},"end":{"line":120,"column":null}}}},"branchMap":{"0":{"loc":{"start":{"line":12,"column":92},"end":{"line":12,"column":101}},"type":"default-arg","locations":[{"start":{"line":12,"column":100},"end":{"line":12,"column":101}}]},"1":{"loc":{"start":{"line":19,"column":4},"end":{"line":19,"column":49}},"type":"if","locations":[{"start":{"line":19,"column":4},"end":{"line":19,"column":49}}]},"2":{"loc":{"start":{"line":19,"column":8},"end":{"line":19,"column":40}},"type":"binary-expr","locations":[{"start":{"line":19,"column":8},"end":{"line":19,"column":22}},{"start":{"line":19,"column":26},"end":{"line":19,"column":40}}]},"3":{"loc":{"start":{"line":27,"column":4},"end":{"line":27,"column":37}},"type":"if","locations":[{"start":{"line":27,"column":4},"end":{"line":27,"column":37}}]},"4":{"loc":{"start":{"line":31,"column":4},"end":{"line":31,"column":43}},"type":"if","locations":[{"start":{"line":31,"column":4},"end":{"line":31,"column":43}}]},"5":{"loc":{"start":{"line":37,"column":23},"end":{"line":37,"column":99}},"type":"cond-expr","locations":[{"start":{"line":37,"column":35},"end":{"line":37,"column":94}},{"start":{"line":37,"column":97},"end":{"line":37,"column":99}}]},"6":{"loc":{"start":{"line":41,"column":11},"end":{"line":44,"column":null}},"type":"binary-expr","locations":[{"start":{"line":41,"column":11},"end":{"line":41,"column":37}},{"start":{"line":42,"column":12},"end":{"line":42,"column":null}}]},"7":{"loc":{"start":{"line":68,"column":11},"end":{"line":74,"column":null}},"type":"binary-expr","locations":[{"start":{"line":68,"column":11},"end":{"line":68,"column":27}},{"start":{"line":69,"column":12},"end":{"line":71,"column":null}}]},"8":{"loc":{"start":{"line":76,"column":11},"end":{"line":79,"column":null}},"type":"binary-expr","locations":[{"start":{"line":76,"column":11},"end":{"line":76,"column":34}},{"start":{"line":76,"column":38},"end":{"line":76,"column":58}},{"start":{"line":77,"column":12},"end":{"line":78,"column":null}}]},"9":{"loc":{"start":{"line":78,"column":15},"end":{"line":78,"column":79}},"type":"cond-expr","locations":[{"start":{"line":78,"column":32},"end":{"line":78,"column":44}},{"start":{"line":78,"column":47},"end":{"line":78,"column":79}}]},"10":{"loc":{"start":{"line":85,"column":7},"end":{"line":109,"column":null}},"type":"binary-expr","locations":[{"start":{"line":85,"column":7},"end":{"line":85,"column":20}},{"start":{"line":86,"column":8},"end":{"line":108,"column":null}}]}},"s":{"0":3,"1":3,"2":64,"3":64,"4":64,"5":64,"6":64,"7":3,"8":0,"9":3,"10":3,"11":3,"12":3,"13":64,"14":2,"15":1,"16":1,"17":1,"18":1,"19":1,"20":1,"21":64,"22":64,"23":1,"24":1,"25":4,"26":1,"27":1,"28":1,"29":3},"f":{"0":64,"1":3,"2":2,"3":1,"4":1,"5":4,"6":1,"7":1,"8":1},"b":{"0":[59],"1":[0],"2":[3,3],"3":[1],"4":[1],"5":[3,61],"6":[64,18],"7":[64,63],"8":[64,46,45],"9":[2,43],"10":[64,5]}}
,"/home/neo/git/service_layer/platform/host-app/components/SocialCommentThread.tsx": {"path":"/home/neo/git/service_layer/platform/host-app/components/SocialCommentThread.tsx","statementMap":{"0":{"start":{"line":1,"column":0},"end":{"line":1,"column":40}},"1":{"start":{"line":3,"column":0},"end":{"line":3,"column":46}},"2":{"start":{"line":20,"column":65},"end":{"line":124,"column":1}},"3":{"start":{"line":33,"column":38},"end":{"line":33,"column":50}},"4":{"start":{"line":34,"column":38},"end":{"line":34,"column":53}},"5":{"start":{"line":35,"column":38},"end":{"line":35,"column":67}},"6":{"start":{"line":37,"column":23},"end":{"line":48,"column":3}},"7":{"start":{"line":38,"column":4},"end":{"line":38,"column":49}},"8":{"start":{"line":38,"column":42},"end":{"line":38,"column":49}},"9":{"start":{"line":39,"column":4},"end":{"line":39,"column":24}},"10":{"start":{"line":40,"column":4},"end":{"line":40,"column":24}},"11":{"start":{"line":41,"column":20},"end":{"line":41,"column":60}},"12":{"start":{"line":42,"column":4},"end":{"line":46,"column":5}},"13":{"start":{"line":43,"column":6},"end":{"line":43,"column":24}},"14":{"start":{"line":45,"column":6},"end":{"line":45,"column":65}},"15":{"start":{"line":47,"column":4},"end":{"line":47,"column":25}},"16":{"start":{"line":50,"column":23},"end":{"line":50,"column":51}},"17":{"start":{"line":52,"column":2},"end":{"line":123,"column":4}},"18":{"start":{"line":65,"column":16},"end":{"line":65,"column":36}},"19":{"start":{"line":66,"column":16},"end":{"line":66,"column":33}},"20":{"start":{"line":81,"column":29},"end":{"line":81,"column":58}},"21":{"start":{"line":106,"column":10},"end":{"line":107,"column":null}},"22":{"start":{"line":20,"column":13},"end":{"line":20,"column":65}},"23":{"start":{"line":126,"column":0},"end":{"line":126,"column":35}}},"fnMap":{"0":{"name":"(anonymous_10)","decl":{"start":{"line":20,"column":65},"end":{"line":20,"column":66}},"loc":{"start":{"line":32,"column":5},"end":{"line":124,"column":1}}},"1":{"name":"(anonymous_11)","decl":{"start":{"line":37,"column":23},"end":{"line":37,"column":28}},"loc":{"start":{"line":37,"column":34},"end":{"line":48,"column":3}}},"2":{"name":"(anonymous_12)","decl":{"start":{"line":64,"column":23},"end":{"line":64,"column":26}},"loc":{"start":{"line":64,"column":28},"end":{"line":67,"column":15}}},"3":{"name":"(anonymous_13)","decl":{"start":{"line":81,"column":22},"end":{"line":81,"column":23}},"loc":{"start":{"line":81,"column":29},"end":{"line":81,"column":58}}},"4":{"name":"(anonymous_14)","decl":{"start":{"line":105,"column":22},"end":{"line":105,"column":23}},"loc":{"start":{"line":106,"column":10},"end":{"line":107,"column":null}}}},"branchMap":{"0":{"loc":{"start":{"line":28,"column":2},"end":{"line":28,"column":17}},"type":"default-arg","locations":[{"start":{"line":28,"column":12},"end":{"line":28,"column":17}}]},"1":{"loc":{"start":{"line":29,"column":2},"end":{"line":29,"column":17}},"type":"default-arg","locations":[{"start":{"line":29,"column":12},"end":{"line":29,"column":17}}]},"2":{"loc":{"start":{"line":30,"column":2},"end":{"line":30,"column":14}},"type":"default-arg","locations":[{"start":{"line":30,"column":10},"end":{"line":30,"column":14}}]},"3":{"loc":{"start":{"line":38,"column":4},"end":{"line":38,"column":49}},"type":"if","locations":[{"start":{"line":38,"column":4},"end":{"line":38,"column":49}}]},"4":{"loc":{"start":{"line":38,"column":8},"end":{"line":38,"column":40}},"type":"binary-expr","locations":[{"start":{"line":38,"column":8},"end":{"line":38,"column":26}},{"start":{"line":38,"column":30},"end":{"line":38,"column":40}}]},"5":{"loc":{"start":{"line":42,"column":4},"end":{"line":46,"column":5}},"type":"if","locations":[{"start":{"line":42,"column":4},"end":{"line":46,"column":5}},{"start":{"line":44,"column":11},"end":{"line":46,"column":5}}]},"6":{"loc":{"start":{"line":50,"column":23},"end":{"line":50,"column":51}},"type":"binary-expr","locations":[{"start":{"line":50,"column":23},"end":{"line":50,"column":37}},{"start":{"line":50,"column":41},"end":{"line":50,"column":51}}]},"7":{"loc":{"start":{"line":59,"column":7},"end":{"line":73,"column":null}},"type":"binary-expr","locations":[{"start":{"line":59,"column":7},"end":{"line":59,"column":19}},{"start":{"line":60,"column":8},"end":{"line":72,"column":null}}]},"8":{"loc":{"start":{"line":77,"column":7},"end":{"line":94,"column":null}},"type":"binary-expr","locations":[{"start":{"line":77,"column":7},"end":{"line":77,"column":17}},{"start":{"line":78,"column":8},"end":{"line":93,"column":null}}]},"9":{"loc":{"start":{"line":89,"column":22},"end":{"line":89,"column":54}},"type":"binary-expr","locations":[{"start":{"line":89,"column":22},"end":{"line":89,"column":32}},{"start":{"line":89,"column":36},"end":{"line":89,"column":54}}]},"10":{"loc":{"start":{"line":92,"column":13},"end":{"line":92,"column":55}},"type":"cond-expr","locations":[{"start":{"line":92,"column":26},"end":{"line":92,"column":38}},{"start":{"line":92,"column":41},"end":{"line":92,"column":55}}]},"11":{"loc":{"start":{"line":97,"column":7},"end":{"line":100,"column":null}},"type":"binary-expr","locations":[{"start":{"line":97,"column":7},"end":{"line":97,"column":18}},{"start":{"line":98,"column":8},"end":{"line":98,"column":null}}]},"12":{"loc":{"start":{"line":113,"column":7},"end":{"line":118,"column":null}},"type":"binary-expr","locations":[{"start":{"line":113,"column":7},"end":{"line":113,"column":14}},{"start":{"line":114,"column":8},"end":{"line":117,"column":null}}]},"13":{"loc":{"start":{"line":116,"column":13},"end":{"line":116,"column":58}},"type":"cond-expr","locations":[{"start":{"line":116,"column":23},"end":{"line":116,"column":35}},{"start":{"line":116,"column":38},"end":{"line":116,"column":58}}]},"14":{"loc":{"start":{"line":121,"column":7},"end":{"line":121,"column":119}},"type":"binary-expr","locations":[{"start":{"line":121,"column":7},"end":{"line":121,"column":28}},{"start":{"line":121,"column":32},"end":{"line":121,"column":119}}]}},"s":{"0":2,"1":2,"2":2,"3":18,"4":18,"5":18,"6":18,"7":2,"8":0,"9":2,"10":2,"11":2,"12":2,"13":2,"14":0,"15":2,"16":18,"17":18,"18":0,"19":0,"20":2,"21":34,"22":2,"23":2},"f":{"0":18,"1":2,"2":0,"3":2,"4":34},"b":{"0":[14],"1":[17],"2":[18],"3":[0],"4":[2,2],"5":[2,0],"6":[18,18],"7":[18,0],"8":[18,17],"9":[17,15],"10":[2,15],"11":[18,1],"12":[18,3],"13":[1,2],"14":[18,1]}}
,"/home/neo/git/service_layer/platform/host-app/components/SocialRatingWidget.tsx": {"path":"/home/neo/git/service_layer/platform/host-app/components/SocialRatingWidget.tsx","statementMap":{"0":{"start":{"line":1,"column":0},"end":{"line":1,"column":40}},"1":{"start":{"line":13,"column":70},"end":{"line":21,"column":null}},"2":{"start":{"line":14,"column":2},"end":{"line":20,"column":null}},"3":{"start":{"line":24,"column":63},"end":{"line":153,"column":1}},"4":{"start":{"line":32,"column":38},"end":{"line":32,"column":49}},"5":{"start":{"line":33,"column":44},"end":{"line":33,"column":91}},"6":{"start":{"line":34,"column":38},"end":{"line":34,"column":85}},"7":{"start":{"line":35,"column":36},"end":{"line":35,"column":51}},"8":{"start":{"line":36,"column":38},"end":{"line":36,"column":67}},"9":{"start":{"line":38,"column":23},"end":{"line":47,"column":3}},"10":{"start":{"line":39,"column":4},"end":{"line":39,"column":49}},"11":{"start":{"line":39,"column":42},"end":{"line":39,"column":49}},"12":{"start":{"line":40,"column":4},"end":{"line":40,"column":24}},"13":{"start":{"line":41,"column":20},"end":{"line":41,"column":74}},"14":{"start":{"line":42,"column":4},"end":{"line":46,"column":5}},"15":{"start":{"line":43,"column":6},"end":{"line":43,"column":26}},"16":{"start":{"line":45,"column":6},"end":{"line":45,"column":66}},"17":{"start":{"line":49,"column":23},"end":{"line":49,"column":51}},"18":{"start":{"line":51,"column":2},"end":{"line":152,"column":4}},"19":{"start":{"line":60,"column":16},"end":{"line":60,"column":36}},"20":{"start":{"line":61,"column":16},"end":{"line":61,"column":33}},"21":{"start":{"line":77,"column":14},"end":{"line":77,"column":78}},"22":{"start":{"line":87,"column":24},"end":{"line":87,"column":65}},"23":{"start":{"line":88,"column":22},"end":{"line":88,"column":89}},"24":{"start":{"line":89,"column":10},"end":{"line":97,"column":12}},"25":{"start":{"line":108,"column":18},"end":{"line":108,"column":118}},"26":{"start":{"line":108,"column":95},"end":{"line":108,"column":114}},"27":{"start":{"line":113,"column":33},"end":{"line":113,"column":62}},"28":{"start":{"line":128,"column":33},"end":{"line":128,"column":52}},"29":{"start":{"line":137,"column":29},"end":{"line":137,"column":47}},"30":{"start":{"line":24,"column":13},"end":{"line":24,"column":63}},"31":{"start":{"line":155,"column":0},"end":{"line":155,"column":34}}},"fnMap":{"0":{"name":"(anonymous_9)","decl":{"start":{"line":13,"column":70},"end":{"line":13,"column":71}},"loc":{"start":{"line":14,"column":2},"end":{"line":20,"column":null}}},"1":{"name":"(anonymous_10)","decl":{"start":{"line":24,"column":63},"end":{"line":24,"column":64}},"loc":{"start":{"line":31,"column":5},"end":{"line":153,"column":1}}},"2":{"name":"(anonymous_11)","decl":{"start":{"line":38,"column":23},"end":{"line":38,"column":28}},"loc":{"start":{"line":38,"column":34},"end":{"line":47,"column":3}}},"3":{"name":"(anonymous_12)","decl":{"start":{"line":59,"column":23},"end":{"line":59,"column":26}},"loc":{"start":{"line":59,"column":28},"end":{"line":62,"column":15}}},"4":{"name":"(anonymous_13)","decl":{"start":{"line":76,"column":33},"end":{"line":76,"column":34}},"loc":{"start":{"line":77,"column":14},"end":{"line":77,"column":78}}},"5":{"name":"(anonymous_14)","decl":{"start":{"line":86,"column":29},"end":{"line":86,"column":30}},"loc":{"start":{"line":86,"column":38},"end":{"line":98,"column":9}}},"6":{"name":"(anonymous_15)","decl":{"start":{"line":107,"column":37},"end":{"line":107,"column":38}},"loc":{"start":{"line":108,"column":18},"end":{"line":108,"column":118}}},"7":{"name":"(anonymous_16)","decl":{"start":{"line":108,"column":89},"end":{"line":108,"column":92}},"loc":{"start":{"line":108,"column":95},"end":{"line":108,"column":114}}},"8":{"name":"(anonymous_17)","decl":{"start":{"line":113,"column":26},"end":{"line":113,"column":27}},"loc":{"start":{"line":113,"column":33},"end":{"line":113,"column":62}}},"9":{"name":"(anonymous_18)","decl":{"start":{"line":128,"column":27},"end":{"line":128,"column":30}},"loc":{"start":{"line":128,"column":33},"end":{"line":128,"column":52}}},"10":{"name":"(anonymous_19)","decl":{"start":{"line":137,"column":23},"end":{"line":137,"column":26}},"loc":{"start":{"line":137,"column":29},"end":{"line":137,"column":47}}}},"branchMap":{"0":{"loc":{"start":{"line":16,"column":41},"end":{"line":16,"column":85}},"type":"cond-expr","locations":[{"start":{"line":16,"column":50},"end":{"line":16,"column":67}},{"start":{"line":16,"column":70},"end":{"line":16,"column":85}}]},"1":{"loc":{"start":{"line":28,"column":2},"end":{"line":28,"column":17}},"type":"default-arg","locations":[{"start":{"line":28,"column":12},"end":{"line":28,"column":17}}]},"2":{"loc":{"start":{"line":29,"column":2},"end":{"line":29,"column":14}},"type":"default-arg","locations":[{"start":{"line":29,"column":10},"end":{"line":29,"column":14}}]},"3":{"loc":{"start":{"line":33,"column":53},"end":{"line":33,"column":90}},"type":"binary-expr","locations":[{"start":{"line":33,"column":53},"end":{"line":33,"column":85}},{"start":{"line":33,"column":89},"end":{"line":33,"column":90}}]},"4":{"loc":{"start":{"line":34,"column":47},"end":{"line":34,"column":84}},"type":"binary-expr","locations":[{"start":{"line":34,"column":47},"end":{"line":34,"column":78}},{"start":{"line":34,"column":82},"end":{"line":34,"column":84}}]},"5":{"loc":{"start":{"line":39,"column":4},"end":{"line":39,"column":49}},"type":"if","locations":[{"start":{"line":39,"column":4},"end":{"line":39,"column":49}}]},"6":{"loc":{"start":{"line":39,"column":8},"end":{"line":39,"column":40}},"type":"binary-expr","locations":[{"start":{"line":39,"column":8},"end":{"line":39,"column":17}},{"start":{"line":39,"column":21},"end":{"line":39,"column":40}}]},"7":{"loc":{"start":{"line":41,"column":50},"end":{"line":41,"column":73}},"type":"binary-expr","locations":[{"start":{"line":41,"column":50},"end":{"line":41,"column":60}},{"start":{"line":41,"column":64},"end":{"line":41,"column":73}}]},"8":{"loc":{"start":{"line":42,"column":4},"end":{"line":46,"column":5}},"type":"if","locations":[{"start":{"line":42,"column":4},"end":{"line":46,"column":5}},{"start":{"line":44,"column":11},"end":{"line":46,"column":5}}]},"9":{"loc":{"start":{"line":49,"column":23},"end":{"line":49,"column":51}},"type":"binary-expr","locations":[{"start":{"line":49,"column":23},"end":{"line":49,"column":37}},{"start":{"line":49,"column":41},"end":{"line":49,"column":51}}]},"10":{"loc":{"start":{"line":54,"column":7},"end":{"line":68,"column":null}},"type":"binary-expr","locations":[{"start":{"line":54,"column":7},"end":{"line":54,"column":19}},{"start":{"line":55,"column":8},"end":{"line":67,"column":null}}]},"11":{"loc":{"start":{"line":87,"column":24},"end":{"line":87,"column":65}},"type":"binary-expr","locations":[{"start":{"line":87,"column":24},"end":{"line":87,"column":60}},{"start":{"line":87,"column":64},"end":{"line":87,"column":65}}]},"12":{"loc":{"start":{"line":88,"column":22},"end":{"line":88,"column":89}},"type":"cond-expr","locations":[{"start":{"line":88,"column":49},"end":{"line":88,"column":85}},{"start":{"line":88,"column":88},"end":{"line":88,"column":89}}]},"13":{"loc":{"start":{"line":102,"column":7},"end":{"line":143,"column":null}},"type":"binary-expr","locations":[{"start":{"line":102,"column":7},"end":{"line":102,"column":14}},{"start":{"line":103,"column":8},"end":{"line":142,"column":null}}]},"14":{"loc":{"start":{"line":104,"column":11},"end":{"line":141,"column":null}},"type":"cond-expr","locations":[{"start":{"line":105,"column":12},"end":{"line":133,"column":null}},{"start":{"line":136,"column":12},"end":{"line":140,"column":null}}]},"15":{"loc":{"start":{"line":108,"column":50},"end":{"line":108,"column":77}},"type":"binary-expr","locations":[{"start":{"line":108,"column":50},"end":{"line":108,"column":60}},{"start":{"line":108,"column":64},"end":{"line":108,"column":77}}]},"16":{"loc":{"start":{"line":122,"column":28},"end":{"line":122,"column":58}},"type":"binary-expr","locations":[{"start":{"line":122,"column":28},"end":{"line":122,"column":35}},{"start":{"line":122,"column":39},"end":{"line":122,"column":58}}]},"17":{"loc":{"start":{"line":125,"column":19},"end":{"line":125,"column":55}},"type":"cond-expr","locations":[{"start":{"line":125,"column":29},"end":{"line":125,"column":44}},{"start":{"line":125,"column":47},"end":{"line":125,"column":55}}]},"18":{"loc":{"start":{"line":140,"column":15},"end":{"line":140,"column":72}},"type":"cond-expr","locations":[{"start":{"line":140,"column":36},"end":{"line":140,"column":54}},{"start":{"line":140,"column":57},"end":{"line":140,"column":72}}]},"19":{"loc":{"start":{"line":146,"column":7},"end":{"line":149,"column":null}},"type":"binary-expr","locations":[{"start":{"line":146,"column":7},"end":{"line":146,"column":15}},{"start":{"line":147,"column":8},"end":{"line":147,"column":null}}]}},"s":{"0":2,"1":2,"2":180,"3":2,"4":27,"5":27,"6":27,"7":27,"8":27,"9":27,"10":1,"11":0,"12":1,"13":1,"14":1,"15":0,"16":1,"17":27,"18":27,"19":0,"20":0,"21":135,"22":135,"23":135,"24":135,"25":55,"26":2,"27":1,"28":1,"29":6,"30":2,"31":2},"f":{"0":180,"1":27,"2":1,"3":0,"4":135,"5":135,"6":55,"7":2,"8":1,"9":1,"10":6},"b":{"0":[124,56],"1":[27],"2":[27],"3":[27,24],"4":[27,24],"5":[0],"6":[1,1],"7":[1,0],"8":[0,1],"9":[27,27],"10":[27,1],"11":[135,0],"12":[135,0],"13":[27,20],"14":[11,9],"15":[55,55],"16":[11,11],"17":[0,11],"18":[2,7],"19":[27,7]}}
,"/home/neo/git/service_layer/platform/host-app/components/styles.ts": {"path":"/home/neo/git/service_layer/platform/host-app/components/styles.ts","statementMap":{"0":{"start":{"line":3,"column":13},"end":{"line":12,"column":2}},"1":{"start":{"line":14,"column":13},"end":{"line":17,"column":2}}},"fnMap":{},"branchMap":{},"s":{"0":4,"1":4},"f":{},"b":{}}
,"/home/neo/git/service_layer/platform/host-app/components/features/analytics/ActivityChart.tsx": {"path":"/home/neo/git/service_layer/platform/host-app/components/features/analytics/ActivityChart.tsx","statementMap":{"0":{"start":{"line":10,"column":0},"end":{"line":10,"column":16}},"1":{"start":{"line":3,"column":0},"end":{"line":3,"column":87}},"2":{"start":{"line":11,"column":20},"end":{"line":15,"column":5}},"3":{"start":{"line":11,"column":37},"end":{"line":15,"column":4}},"4":{"start":{"line":17,"column":2},"end":{"line":39,"column":4}}},"fnMap":{"0":{"name":"ActivityChart","decl":{"start":{"line":10,"column":16},"end":{"line":10,"column":29}},"loc":{"start":{"line":10,"column":72},"end":{"line":40,"column":1}}},"1":{"name":"(anonymous_1)","decl":{"start":{"line":11,"column":29},"end":{"line":11,"column":30}},"loc":{"start":{"line":11,"column":37},"end":{"line":15,"column":4}}}},"branchMap":{"0":{"loc":{"start":{"line":10,"column":38},"end":{"line":10,"column":50}},"type":"default-arg","locations":[{"start":{"line":10,"column":47},"end":{"line":10,"column":50}}]}},"s":{"0":0,"1":0,"2":0,"3":0,"4":0},"f":{"0":0,"1":0},"b":{"0":[0]}}
,"/home/neo/git/service_layer/platform/host-app/components/features/analytics/AppUsageChart.tsx": {"path":"/home/neo/git/service_layer/platform/host-app/components/features/analytics/AppUsageChart.tsx","statementMap":{"0":{"start":{"line":12,"column":0},"end":{"line":12,"column":16}},"1":{"start":{"line":3,"column":0},"end":{"line":3,"column":77}},"2":{"start":{"line":10,"column":15},"end":{"line":10,"column":70}},"3":{"start":{"line":13,"column":2},"end":{"line":40,"column":4}},"4":{"start":{"line":27,"column":12},"end":{"line":27,"column":61}}},"fnMap":{"0":{"name":"AppUsageChart","decl":{"start":{"line":12,"column":16},"end":{"line":12,"column":29}},"loc":{"start":{"line":12,"column":72},"end":{"line":41,"column":1}}},"1":{"name":"(anonymous_1)","decl":{"start":{"line":26,"column":20},"end":{"line":26,"column":21}},"loc":{"start":{"line":27,"column":12},"end":{"line":27,"column":61}}}},"branchMap":{"0":{"loc":{"start":{"line":12,"column":38},"end":{"line":12,"column":50}},"type":"default-arg","locations":[{"start":{"line":12,"column":47},"end":{"line":12,"column":50}}]}},"s":{"0":0,"1":0,"2":0,"3":0,"4":0},"f":{"0":0,"1":0},"b":{"0":[0]}}
,"/home/neo/git/service_layer/platform/host-app/components/features/analytics/StatCard.tsx": {"path":"/home/neo/git/service_layer/platform/host-app/components/features/analytics/StatCard.tsx","statementMap":{"0":{"start":{"line":12,"column":0},"end":{"line":12,"column":16}},"1":{"start":{"line":3,"column":0},"end":{"line":3,"column":56}},"2":{"start":{"line":13,"column":21},"end":{"line":13,"column":41}},"3":{"start":{"line":15,"column":2},"end":{"line":29,"column":4}}},"fnMap":{"0":{"name":"StatCard","decl":{"start":{"line":12,"column":16},"end":{"line":12,"column":24}},"loc":{"start":{"line":12,"column":70},"end":{"line":30,"column":1}}}},"branchMap":{"0":{"loc":{"start":{"line":13,"column":21},"end":{"line":13,"column":41}},"type":"binary-expr","locations":[{"start":{"line":13,"column":21},"end":{"line":13,"column":27}},{"start":{"line":13,"column":31},"end":{"line":13,"column":41}}]},"1":{"loc":{"start":{"line":19,"column":9},"end":{"line":19,"column":62}},"type":"binary-expr","locations":[{"start":{"line":19,"column":9},"end":{"line":19,"column":13}},{"start":{"line":19,"column":17},"end":{"line":19,"column":62}}]},"2":{"loc":{"start":{"line":22,"column":7},"end":{"line":26,"column":null}},"type":"binary-expr","locations":[{"start":{"line":22,"column":7},"end":{"line":22,"column":27}},{"start":{"line":23,"column":8},"end":{"line":25,"column":null}}]},"3":{"loc":{"start":{"line":23,"column":64},"end":{"line":23,"column":112}},"type":"cond-expr","locations":[{"start":{"line":23,"column":77},"end":{"line":23,"column":95}},{"start":{"line":23,"column":98},"end":{"line":23,"column":112}}]},"4":{"loc":{"start":{"line":24,"column":11},"end":{"line":24,"column":77}},"type":"cond-expr","locations":[{"start":{"line":24,"column":24},"end":{"line":24,"column":48}},{"start":{"line":24,"column":51},"end":{"line":24,"column":77}}]}},"s":{"0":0,"1":0,"2":0,"3":0},"f":{"0":0},"b":{"0":[0,0],"1":[0,0],"2":[0,0],"3":[0,0],"4":[0,0]}}
[...]
":31}},"57":{"start":{"line":133,"column":29},"end":{"line":133,"column":45}},"58":{"start":{"line":135,"column":32},"end":{"line":197,"column":83}},"59":{"start":{"line":136,"column":26},"end":{"line":144,"column":6}},"60":{"start":{"line":137,"column":20},"end":{"line":137,"column":53}},"61":{"start":{"line":138,"column":6},"end":{"line":143,"column":8}},"62":{"start":{"line":146,"column":17},"end":{"line":146,"column":53}},"63":{"start":{"line":149,"column":4},"end":{"line":157,"column":5}},"64":{"start":{"line":150,"column":16},"end":{"line":150,"column":41}},"65":{"start":{"line":151,"column":6},"end":{"line":156,"column":8}},"66":{"start":{"line":153,"column":10},"end":{"line":155,"column":48}},"67":{"start":{"line":160,"column":4},"end":{"line":162,"column":5}},"68":{"start":{"line":161,"column":6},"end":{"line":161,"column":79}},"69":{"start":{"line":161,"column":38},"end":{"line":161,"column":77}},"70":{"start":{"line":165,"column":4},"end":{"line":170,"column":5}},"71":{"start":{"line":166,"column":6},"end":{"line":169,"column":9}},"72":{"start":{"line":167,"column":28},"end":{"line":167,"column":46}},"73":{"start":{"line":168,"column":8},"end":{"line":168,"column":77}},"74":{"start":{"line":168,"column":52},"end":{"line":168,"column":75}},"75":{"start":{"line":173,"column":4},"end":{"line":194,"column":7}},"76":{"start":{"line":175,"column":25},"end":{"line":175,"column":61}},"77":{"start":{"line":176,"column":25},"end":{"line":176,"column":61}},"78":{"start":{"line":177,"column":6},"end":{"line":177,"column":68}},"79":{"start":{"line":177,"column":37},"end":{"line":177,"column":68}},"80":{"start":{"line":179,"column":6},"end":{"line":193,"column":7}},"81":{"start":{"line":181,"column":10},"end":{"line":181,"column":63}},"82":{"start":{"line":183,"column":10},"end":{"line":183,"column":77}},"83":{"start":{"line":185,"column":24},"end":{"line":185,"column":75}},"84":{"start":{"line":186,"column":24},"end":{"line":186,"column":75}},"85":{"start":{"line":187,"column":10},"end":{"line":187,"column":31}},"86":{"start":{"line":190,"column":25},"end":{"line":190,"column":77}},"87":{"start":{"line":191,"column":25},"end":{"line":191,"column":77}},"88":{"start":{"line":192,"column":10},"end":{"line":192,"column":33}},"89":{"start":{"line":196,"column":4},"end":{"line":196,"column":18}},"90":{"start":{"line":199,"column":22},"end":{"line":199,"column":83}},"91":{"start":{"line":199,"column":46},"end":{"line":199,"column":64}},"92":{"start":{"line":201,"column":2},"end":{"line":326,"column":4}},"93":{"start":{"line":227,"column":35},"end":{"line":227,"column":65}},"94":{"start":{"line":238,"column":24},"end":{"line":252,"column":null}},"95":{"start":{"line":241,"column":28},"end":{"line":241,"column":52}},"96":{"start":{"line":242,"column":28},"end":{"line":242,"column":51}},"97":{"start":{"line":262,"column":35},"end":{"line":262,"column":54}},"98":{"start":{"line":274,"column":35},"end":{"line":274,"column":54}},"99":{"start":{"line":301,"column":18},"end":{"line":301,"column":64}},"100":{"start":{"line":315,"column":33},"end":{"line":315,"column":76}},"101":{"start":{"line":315,"column":59},"end":{"line":315,"column":75}},"102":{"start":{"line":329,"column":34},"end":{"line":329,"column":61}},"103":{"start":{"line":329,"column":47},"end":{"line":329,"column":60}},"104":{"start":{"line":329,"column":13},"end":{"line":329,"column":34}}},"fnMap":{"0":{"name":"(anonymous_1)","decl":{"start":{"line":23,"column":49},"end":{"line":23,"column":50}},"loc":{"start":{"line":23,"column":59},"end":{"line":26,"column":2}}},"1":{"name":"MiniAppsPage","decl":{"start":{"line":30,"column":24},"end":{"line":30,"column":36}},"loc":{"start":{"line":30,"column":36},"end":{"line":327,"column":1}}},"2":{"name":"(anonymous_3)","decl":{"start":{"line":38,"column":4},"end":{"line":38,"column":7}},"loc":{"start":{"line":38,"column":10},"end":{"line":43,"column":null}}},"3":{"name":"(anonymous_4)","decl":{"start":{"line":49,"column":4},"end":{"line":49,"column":7}},"loc":{"start":{"line":49,"column":10},"end":{"line":72,"column":null}}},"4":{"name":"(anonymous_5)","decl":{"start":{"line":87,"column":12},"end":{"line":87,"column":15}},"loc":{"start":{"line":87,"column":17},"end":{"line":89,"column":3}}},"5":{"name":"(anonymous_6)","decl":{"start":{"line":91,"column":12},"end":{"line":91,"column":15}},"loc":{"start":{"line":91,"column":17},"end":{"line":99,"column":3}}},"6":{"name":"(anonymous_7)","decl":{"start":{"line":93,"column":19},"end":{"line":93,"column":20}},"loc":{"start":{"line":93,"column":29},"end":{"line":97,"column":8}}},"7":{"name":"(anonymous_8)","decl":{"start":{"line":101,"column":12},"end":{"line":101,"column":15}},"loc":{"start":{"line":101,"column":17},"end":{"line":119,"column":3}}},"8":{"name":"(anonymous_9)","decl":{"start":{"line":103,"column":12},"end":{"line":103,"column":13}},"loc":{"start":{"line":103,"column":21},"end":{"line":103,"column":31}}},"9":{"name":"(anonymous_10)","decl":{"start":{"line":104,"column":12},"end":{"line":104,"column":13}},"loc":{"start":{"line":104,"column":21},"end":{"line":117,"column":7}}},"10":{"name":"(anonymous_11)","decl":{"start":{"line":118,"column":13},"end":{"line":118,"column":16}},"loc":{"start":{"line":118,"column":19},"end":{"line":118,"column":34}}},"11":{"name":"(anonymous_12)","decl":{"start":{"line":121,"column":12},"end":{"line":121,"column":15}},"loc":{"start":{"line":121,"column":17},"end":{"line":126,"column":3}}},"12":{"name":"(anonymous_13)","decl":{"start":{"line":123,"column":12},"end":{"line":123,"column":13}},"loc":{"start":{"line":123,"column":21},"end":{"line":123,"column":31}}},"13":{"name":"(anonymous_14)","decl":{"start":{"line":124,"column":12},"end":{"line":124,"column":13}},"loc":{"start":{"line":124,"column":22},"end":{"line":124,"column":55}}},"14":{"name":"(anonymous_15)","decl":{"start":{"line":125,"column":13},"end":{"line":125,"column":16}},"loc":{"start":{"line":125,"column":19},"end":{"line":125,"column":39}}},"15":{"name":"(anonymous_16)","decl":{"start":{"line":128,"column":29},"end":{"line":128,"column":30}},"loc":{"start":{"line":128,"column":69},"end":{"line":131,"column":3}}},"16":{"name":"(anonymous_17)","decl":{"start":{"line":129,"column":15},"end":{"line":129,"column":16}},"loc":{"start":{"line":129,"column":26},"end":{"line":129,"column":58}}},"17":{"name":"(anonymous_18)","decl":{"start":{"line":135,"column":40},"end":{"line":135,"column":43}},"loc":{"start":{"line":135,"column":45},"end":{"line":197,"column":3}}},"18":{"name":"(anonymous_19)","decl":{"start":{"line":136,"column":35},"end":{"line":136,"column":36}},"loc":{"start":{"line":136,"column":43},"end":{"line":144,"column":5}}},"19":{"name":"(anonymous_20)","decl":{"start":{"line":152,"column":8},"end":{"line":152,"column":9}},"loc":{"start":{"line":153,"column":10},"end":{"line":155,"column":48}}},"20":{"name":"(anonymous_21)","decl":{"start":{"line":161,"column":29},"end":{"line":161,"column":30}},"loc":{"start":{"line":161,"column":38},"end":{"line":161,"column":77}}},"21":{"name":"(anonymous_22)","decl":{"start":{"line":166,"column":29},"end":{"line":166,"column":30}},"loc":{"start":{"line":166,"column":37},"end":{"line":169,"column":7}}},"22":{"name":"(anonymous_23)","decl":{"start":{"line":168,"column":37},"end":{"line":168,"column":38}},"loc":{"start":{"line":168,"column":52},"end":{"line":168,"column":75}}},"23":{"name":"(anonymous_24)","decl":{"start":{"line":173,"column":16},"end":{"line":173,"column":17}},"loc":{"start":{"line":173,"column":25},"end":{"line":194,"column":5}}},"24":{"name":"(anonymous_25)","decl":{"start":{"line":199,"column":39},"end":{"line":199,"column":40}},"loc":{"start":{"line":199,"column":46},"end":{"line":199,"column":64}}},"25":{"name":"(anonymous_26)","decl":{"start":{"line":227,"column":29},"end":{"line":227,"column":32}},"loc":{"start":{"line":227,"column":35},"end":{"line":227,"column":65}}},"26":{"name":"(anonymous_27)","decl":{"start":{"line":237,"column":39},"end":{"line":237,"column":40}},"loc":{"start":{"line":238,"column":24},"end":{"line":252,"column":null}}},"27":{"name":"(anonymous_28)","decl":{"start":{"line":240,"column":35},"end":{"line":240,"column":38}},"loc":{"start":{"line":240,"column":40},"end":{"line":243,"column":27}}},"28":{"name":"(anonymous_29)","decl":{"start":{"line":262,"column":29},"end":{"line":262,"column":32}},"loc":{"start":{"line":262,"column":35},"end":{"line":262,"column":54}}},"29":{"name":"(anonymous_30)","decl":{"start":{"line":274,"column":29},"end":{"line":274,"column":32}},"loc":{"start":{"line":274,"column":35},"end":{"line":274,"column":54}}},"30":{"name":"(anonymous_31)","decl":{"start":{"line":300,"column":66},"end":{"line":300,"column":67}},"loc":{"start":{"line":301,"column":18},"end":{"line":301,"column":64}}},"31":{"name":"(anonymous_32)","decl":{"start":{"line":315,"column":27},"end":{"line":315,"column":30}},"loc":{"start":{"line":315,"column":33},"end":{"line":315,"column":76}}},"32":{"name":"(anonymous_33)","decl":{"start":{"line":315,"column":49},"end":{"line":315,"column":50}},"loc":{"start":{"line":315,"column":59},"end":{"line":315,"column":75}}},"33":{"name":"(anonymous_34)","decl":{"start":{"line":329,"column":34},"end":{"line":329,"column":39}},"loc":{"start":{"line":329,"column":47},"end":{"line":329,"column":60}}}},"branchMap":{"0":{"loc":{"start":{"line":33,"column":26},"end":{"line":33,"column":57}},"type":"binary-expr","locations":[{"start":{"line":33,"column":26},"end":{"line":33,"column":51}},{"start":{"line":33,"column":55},"end":{"line":33,"column":57}}]},"1":{"loc":{"start":{"line":105,"column":26},"end":{"line":105,"column":99}},"type":"cond-expr","locations":[{"start":{"line":105,"column":55},"end":{"line":105,"column":65}},{"start":{"line":105,"column":68},"end":{"line":105,"column":99}}]},"2":{"loc":{"start":{"line":105,"column":68},"end":{"line":105,"column":99}},"type":"cond-expr","locations":[{"start":{"line":105,"column":90},"end":{"line":105,"column":94}},{"start":{"line":105,"column":97},"end":{"line":105,"column":99}}]},"3":{"loc":{"start":{"line":108,"column":10},"end":{"line":114,"column":11}},"type":"if","locations":[{"start":{"line":108,"column":10},"end":{"line":114,"column":11}}]},"4":{"loc":{"start":{"line":110,"column":21},"end":{"line":110,"column":63}},"type":"binary-expr","locations":[{"start":{"line":110,"column":21},"end":{"line":110,"column":34}},{"start":{"line":110,"column":38},"end":{"line":110,"column":58}},{"start":{"line":110,"column":62},"end":{"line":110,"column":63}}]},"5":{"loc":{"start":{"line":111,"column":28},"end":{"line":111,"column":53}},"type":"binary-expr","locations":[{"start":{"line":111,"column":28},"end":{"line":111,"column":48}},{"start":{"line":111,"column":52},"end":{"line":111,"column":53}}]},"6":{"loc":{"start":{"line":112,"column":22},"end":{"line":112,"column":95}},"type":"cond-expr","locations":[{"start":{"line":112,"column":41},"end":{"line":112,"column":85}},{"start":{"line":112,"column":88},"end":{"line":112,"column":95}}]},"7":{"loc":{"start":{"line":124,"column":39},"end":{"line":124,"column":54}},"type":"binary-expr","locations":[{"start":{"line":124,"column":39},"end":{"line":124,"column":48}},{"start":{"line":124,"column":52},"end":{"line":124,"column":54}}]},"8":{"loc":{"start":{"line":137,"column":20},"end":{"line":137,"column":53}},"type":"binary-expr","locations":[{"start":{"line":137,"column":20},"end":{"line":137,"column":40}},{"start":{"line":137,"column":44},"end":{"line":137,"column":53}}]},"9":{"loc":{"start":{"line":142,"column":20},"end":{"line":142,"column":70}},"type":"binary-expr","locations":[{"start":{"line":142,"column":20},"end":{"line":142,"column":34}},{"start":{"line":142,"column":38},"end":{"line":142,"column":70}}]},"10":{"loc":{"start":{"line":149,"column":4},"end":{"line":157,"column":5}},"type":"if","locations":[{"start":{"line":149,"column":4},"end":{"line":157,"column":5}}]},"11":{"loc":{"start":{"line":153,"column":10},"end":{"line":155,"column":48}},"type":"binary-expr","locations":[{"start":{"line":153,"column":10},"end":{"line":153,"column":44}},{"start":{"line":154,"column":10},"end":{"line":154,"column":51}},{"start":{"line":155,"column":10},"end":{"line":155,"column":48}}]},"12":{"loc":{"start":{"line":160,"column":4},"end":{"line":162,"column":5}},"type":"if","locations":[{"start":{"line":160,"column":4},"end":{"line":162,"column":5}}]},"13":{"loc":{"start":{"line":165,"column":4},"end":{"line":170,"column":5}},"type":"if","locations":[{"start":{"line":165,"column":4},"end":{"line":170,"column":5}}]},"14":{"loc":{"start":{"line":167,"column":28},"end":{"line":167,"column":46}},"type":"binary-expr","locations":[{"start":{"line":167,"column":28},"end":{"line":167,"column":40}},{"start":{"line":167,"column":44},"end":{"line":167,"column":46}}]},"15":{"loc":{"start":{"line":175,"column":25},"end":{"line":175,"column":61}},"type":"cond-expr","locations":[{"start":{"line":175,"column":56},"end":{"line":175,"column":57}},{"start":{"line":175,"column":60},"end":{"line":175,"column":61}}]},"16":{"loc":{"start":{"line":176,"column":25},"end":{"line":176,"column":61}},"type":"cond-expr","locations":[{"start":{"line":176,"column":56},"end":{"line":176,"column":57}},{"start":{"line":176,"column":60},"end":{"line":176,"column":61}}]},"17":{"loc":{"start":{"line":177,"column":6},"end":{"line":177,"column":68}},"type":"if","locations":[{"start":{"line":177,"column":6},"end":{"line":177,"column":68}}]},"18":{"loc":{"start":{"line":179,"column":6},"end":{"line":193,"column":7}},"type":"switch","locations":[{"start":{"line":180,"column":8},"end":{"line":181,"column":63}},{"start":{"line":182,"column":8},"end":{"line":183,"column":77}},{"start":{"line":184,"column":8},"end":{"line":187,"column":31}},{"start":{"line":188,"column":8},"end":{"line":188,"column":24}},{"start":{"line":189,"column":8},"end":{"line":192,"column":33}}]},"19":{"loc":{"start":{"line":181,"column":18},"end":{"line":181,"column":37}},"type":"binary-expr","locations":[{"start":{"line":181,"column":18},"end":{"line":181,"column":32}},{"start":{"line":181,"column":36},"end":{"line":181,"column":37}}]},"20":{"loc":{"start":{"line":181,"column":42},"end":{"line":181,"column":61}},"type":"binary-expr","locations":[{"start":{"line":181,"column":42},"end":{"line":181,"column":56}},{"start":{"line":181,"column":60},"end":{"line":181,"column":61}}]},"21":{"loc":{"start":{"line":183,"column":18},"end":{"line":183,"column":44}},"type":"binary-expr","locations":[{"start":{"line":183,"column":18},"end":{"line":183,"column":39}},{"start":{"line":183,"column":43},"end":{"line":183,"column":44}}]},"22":{"loc":{"start":{"line":183,"column":49},"end":{"line":183,"column":75}},"type":"binary-expr","locations":[{"start":{"line":183,"column":49},"end":{"line":183,"column":70}},{"start":{"line":183,"column":74},"end":{"line":183,"column":75}}]},"23":{"loc":{"start":{"line":185,"column":24},"end":{"line":185,"column":75}},"type":"cond-expr","locations":[{"start":{"line":185,"column":39},"end":{"line":185,"column":71}},{"start":{"line":185,"column":74},"end":{"line":185,"column":75}}]},"24":{"loc":{"start":{"line":186,"column":24},"end":{"line":186,"column":75}},"type":"cond-expr","locations":[{"start":{"line":186,"column":39},"end":{"line":186,"column":71}},{"start":{"line":186,"column":74},"end":{"line":186,"column":75}}]},"25":{"loc":{"start":{"line":190,"column":26},"end":{"line":190,"column":45}},"type":"binary-expr","locations":[{"start":{"line":190,"column":26},"end":{"line":190,"column":40}},{"start":{"line":190,"column":44},"end":{"line":190,"column":45}}]},"26":{"loc":{"start":{"line":190,"column":50},"end":{"line":190,"column":76}},"type":"binary-expr","locations":[{"start":{"line":190,"column":50},"end":{"line":190,"column":71}},{"start":{"line":190,"column":75},"end":{"line":190,"column":76}}]},"27":{"loc":{"start":{"line":191,"column":26},"end":{"line":191,"column":45}},"type":"binary-expr","locations":[{"start":{"line":191,"column":26},"end":{"line":191,"column":40}},{"start":{"line":191,"column":44},"end":{"line":191,"column":45}}]},"28":{"loc":{"start":{"line":191,"column":50},"end":{"line":191,"column":76}},"type":"binary-expr","locations":[{"start":{"line":191,"column":50},"end":{"line":191,"column":71}},{"start":{"line":191,"column":75},"end":{"line":191,"column":76}}]},"29":{"loc":{"start":{"line":199,"column":22},"end":{"line":199,"column":83}},"type":"binary-expr","locations":[{"start":{"line":199,"column":22},"end":{"line":199,"column":65}},{"start":{"line":199,"column":69},"end":{"line":199,"column":83}}]},"30":{"loc":{"start":{"line":235,"column":19},"end":{"line":255,"column":null}},"type":"binary-expr","locations":[{"start":{"line":235,"column":19},"end":{"line":235,"column":31}},{"start":{"line":236,"column":20},"end":{"line":254,"column":null}}]},"31":{"loc":{"start":{"line":246,"column":28},"end":{"line":248,"column":106}},"type":"cond-expr","locations":[{"start":{"line":247,"column":32},"end":{"line":247,"column":109}},{"start":{"line":248,"column":32},"end":{"line":248,"column":106}}]},"32":{"loc":{"start":{"line":265,"column":22},"end":{"line":267,"column":129}},"type":"cond-expr","locations":[{"start":{"line":266,"column":26},"end":{"line":266,"column":86}},{"start":{"line":267,"column":26},"end":{"line":267,"column":129}}]},"33":{"loc":{"start":{"line":277,"column":22},"end":{"line":279,"column":129}},"type":"cond-expr","locations":[{"start":{"line":278,"column":26},"end":{"line":278,"column":86}},{"start":{"line":279,"column":26},"end":{"line":279,"column":129}}]},"34":{"loc":{"start":{"line":292,"column":13},"end":{"line":295,"column":null}},"type":"binary-expr","locations":[{"start":{"line":292,"column":13},"end":{"line":292,"column":24}},{"start":{"line":293,"column":14},"end":{"line":295,"column":null}}]},"35":{"loc":{"start":{"line":298,"column":13},"end":{"line":308,"column":null}},"type":"cond-expr","locations":[{"start":{"line":299,"column":14},"end":{"line":305,"column":null}},{"start":{"line":308,"column":14},"end":{"line":308,"column":93}}]},"36":{"loc":{"start":{"line":303,"column":17},"end":{"line":304,"column":null}},"type":"binary-expr","locations":[{"start":{"line":303,"column":17},"end":{"line":303,"column":51}},{"start":{"line":304,"column":18},"end":{"line":304,"column":114}}]},"37":{"loc":{"start":{"line":312,"column":13},"end":{"line":320,"column":null}},"type":"binary-expr","locations":[{"start":{"line":312,"column":13},"end":{"line":312,"column":56}},{"start":{"line":313,"column":14},"end":{"line":319,"column":null}}]}},"s":{"0":0,"1":0,"2":0,"3":0,"4":0,"5":0,"6":0,"7":0,"8":0,"9":0,"10":0,"11":0,"12":0,"13":0,"14":0,"15":0,"16":0,"17":0,"18":0,"19":0,"20":0,"21":0,"22":0,"23":0,"24":0,"25":0,"26":0,"27":0,"28":0,"29":0,"30":0,"31":0,"32":0,"33":0,"34":0,"35":0,"36":0,"37":0,"38":0,"39":0,"40":0,"41":0,"42":0,"43":0,"44":0,"45":0,"46":0,"47":0,"48":0,"49":0,"50":0,"51":0,"52":0,"53":0,"54":0,"55":0,"56":0,"57":0,"58":0,"59":0,"60":0,"61":0,"62":0,"63":0,"64":0,"65":0,"66":0,"67":0,"68":0,"69":0,"70":0,"71":0,"72":0,"73":0,"74":0,"75":0,"76":0,"77":0,"78":0,"79":0,"80":0,"81":0,"82":0,"83":0,"84":0,"85":0,"86":0,"87":0,"88":0,"89":0,"90":0,"91":0,"92":0,"93":0,"94":0,"95":0,"96":0,"97":0,"98":0,"99":0,"100":0,"101":0,"102":0,"103":0,"104":0},"f":{"0":0,"1":0,"2":0,"3":0,"4":0,"5":0,"6":0,"7":0,"8":0,"9":0,"10":0,"11":0,"12":0,"13":0,"14":0,"15":0,"16":0,"17":0,"18":0,"19":0,"20":0,"21":0,"22":0,"23":0,"24":0,"25":0,"26":0,"27":0,"28":0,"29":0,"30":0,"31":0,"32":0,"33":0},"b":{"0":[0,0],"1":[0,0],"2":[0,0],"3":[0],"4":[0,0,0],"5":[0,0],"6":[0,0],"7":[0,0],"8":[0,0],"9":[0,0],"10":[0],"11":[0,0,0],"12":[0],"13":[0],"14":[0,0],"15":[0,0],"16":[0,0],"17":[0],"18":[0,0,0,0,0],"19":[0,0],"20":[0,0],"21":[0,0],"22":[0,0],"23":[0,0],"24":[0,0],"25":[0,0],"26":[0,0],"27":[0,0],"28":[0,0],"29":[0,0],"30":[0,0],"31":[0,0],"32":[0,0],"33":[0,0],"34":[0,0],"35":[0,0],"36":[0,0],"37":[0,0]}}
}
