{"/home/neo/git/service_layer/platform/host-app/components/features/miniapp/particles/ParticleBanner.tsx": {"path":"/home/neo/git/service_layer/platform/host-app/components/features/miniapp/particles/ParticleBanner.tsx","statementMap":{"0":{"start":{"line":14,"column":0},"end":{"line":14,"column":16}},"1":{"start":{"line":3,"column":0},"end":{"line":3,"column":60}},"2":{"start":{"line":4,"column":0},"end":{"line":4,"column":68}},"3":{"start":{"line":5,"column":0},"end":{"line":5,"column":45}},"4":{"start":{"line":6,"column":0},"end":{"line":6,"column":46}},"5":{"start":{"line":15,"column":26},"end":{"line":15,"column":41}},"6":{"start":{"line":17,"column":2},"end":{"line":21,"column":9}},"7":{"start":{"line":18,"column":4},"end":{"line":20,"column":33}},"8":{"start":{"line":19,"column":6},"end":{"line":19,"column":29}},"9":{"start":{"line":20,"column":18},"end":{"line":20,"column":31}},"10":{"start":{"line":23,"column":18},"end":{"line":25,"column":16}},"11":{"start":{"line":24,"column":4},"end":{"line":24,"column":67}},"12":{"start":{"line":27,"column":2},"end":{"line":27,"column":25}},"13":{"start":{"line":27,"column":13},"end":{"line":27,"column":25}},"14":{"start":{"line":29,"column":2},"end":{"line":29,"column":89}}},"fnMap":{"0":{"name":"ParticleBanner","decl":{"start":{"line":14,"column":16},"end":{"line":14,"column":30}},"loc":{"start":{"line":14,"column":87},"end":{"line":30,"column":1}}},"1":{"name":"(anonymous_10)","decl":{"start":{"line":17,"column":12},"end":{"line":17,"column":15}},"loc":{"start":{"line":17,"column":17},"end":{"line":21,"column":3}}},"2":{"name":"(anonymous_11)","decl":{"start":{"line":18,"column":24},"end":{"line":18,"column":29}},"loc":{"start":{"line":18,"column":41},"end":{"line":20,"column":5}}},"3":{"name":"(anonymous_12)","decl":{"start":{"line":20,"column":12},"end":{"line":20,"column":15}},"loc":{"start":{"line":20,"column":18},"end":{"line":20,"column":31}}},"4":{"name":"(anonymous_13)","decl":{"start":{"line":23,"column":26},"end":{"line":23,"column":29}},"loc":{"start":{"line":23,"column":31},"end":{"line":25,"column":3}}}},"branchMap":{"0":{"loc":{"start":{"line":14,"column":50},"end":{"line":14,"column":64}},"type":"default-arg","locations":[{"start":{"line":14,"column":62},"end":{"line":14,"column":64}}]},"1":{"loc":{"start":{"line":24,"column":11},"end":{"line":24,"column":66}},"type":"binary-expr","locations":[{"start":{"line":24,"column":11},"end":{"line":24,"column":38}},{"start":{"line":24,"column":42},"end":{"line":24,"column":66}}]},"2":{"loc":{"start":{"line":27,"column":2},"end":{"line":27,"column":25}},"type":"if","locations":[{"start":{"line":27,"column":2},"end":{"line":27,"column":25}}]}},"s":{"0":2,"1":2,"2":2,"3":2,"4":2,"5":20,"6":20,"7":11,"8":10,"9":10,"10":20,"11":11,"12":20,"13":11,"14":9},"f":{"0":20,"1":11,"2":10,"3":10,"4":11},"b":{"0":[18],"1":[11,0],"2":[11]}}
,"/home/neo/git/service_layer/platform/host-app/components/features/miniapp/particles/configs.ts": {"path":"/home/neo/git/service_layer/platform/host-app/components/features/miniapp/particles/configs.ts","statementMap":{"0":{"start":{"line":10,"column":44},"end":{"line":15,"column":2}},"1":{"start":{"line":18,"column":13},"end":{"line":52,"column":2}},"2":{"start":{"line":55,"column":13},"end":{"line":85,"column":2}},"3":{"start":{"line":88,"column":13},"end":{"line":116,"column":2}},"4":{"start":{"line":119,"column":13},"end":{"line":148,"column":2}},"5":{"start":{"line":151,"column":13},"end":{"line":182,"column":2}},"6":{"start":{"line":185,"column":13},"end":{"line":213,"column":2}},"7":{"start":{"line":216,"column":13},"end":{"line":223,"column":2}}},"fnMap":{},"branchMap":{},"s":{"0":3,"1":3,"2":3,"3":3,"4":3,"5":3,"6":3,"7":3},"f":{},"b":{}}
,"/home/neo/git/service_layer/platform/host-app/components/features/miniapp/particles/index.ts": {"path":"/home/neo/git/service_layer/platform/host-app/components/features/miniapp/particles/index.ts","statementMap":{"0":{"start":{"line":1,"column":0},"end":{"line":1,"column":9}},"1":{"start":{"line":1,"column":9},"end":{"line":1,"column":50}},"2":{"start":{"line":2,"column":0},"end":{"line":2,"column":9}},"3":{"start":{"line":2,"column":9},"end":{"line":2,"column":46}}},"fnMap":{"0":{"name":"(anonymous_0)","decl":{"start":{"line":1,"column":9},"end":{"line":1,"column":23}},"loc":{"start":{"line":1,"column":9},"end":{"line":1,"column":50}}},"1":{"name":"(anonymous_1)","decl":{"start":{"line":2,"column":9},"end":{"line":2,"column":26}},"loc":{"start":{"line":2,"column":9},"end":{"line":2,"column":46}}}},"branchMap":{},"s":{"0":1,"1":3,"2":1,"3":9},"f":{"0":2,"1":8},"b":{}}
}
