TN:
SF:components/ActivityTicker.tsx
FN:25,formatTimeAgo
FN:36,truncateHash
FN:42,(anonymous_2)
FN:54,(anonymous_3)
FN:61,(anonymous_4)
FN:80,(anonymous_5)
FN:96,(anonymous_6)
FN:97,(anonymous_7)
FN:102,(anonymous_8)
FN:109,(anonymous_9)
FNF:10
FNH:0
FNDA:0,formatTimeAgo
FNDA:0,truncateHash
FNDA:0,(anonymous_2)
FNDA:0,(anonymous_3)
FNDA:0,(anonymous_4)
FNDA:0,(anonymous_5)
FNDA:0,(anonymous_6)
FNDA:0,(anonymous_7)
FNDA:0,(anonymous_8)
FNDA:0,(anonymous_9)
DA:1,0
DA:13,0
DA:19,0
DA:26,0
DA:27,0
DA:28,0
DA:30,0
DA:31,0
DA:32,0
DA:33,0
DA:37,0
DA:38,0
DA:39,0
DA:42,0
DA:49,0
DA:50,0
DA:51,0
DA:54,0
DA:55,0
DA:57,0
DA:59,0
DA:61,0
DA:62,0
DA:63,0
DA:64,0
DA:65,0
DA:66,0
DA:69,0
DA:70,0
DA:71,0
DA:73,0
DA:76,0
DA:79,0
DA:80,0
DA:83,0
DA:85,0
DA:96,0
DA:97,0
DA:102,0
DA:109,0
DA:110,0
DA:111,0
DA:113,0
DA:136,0
DA:143,0
DA:152,0
DA:161,0
DA:167,0
DA:172,0
DA:177,0
DA:184,0
DA:191,0
DA:198,0
DA:203,0
DA:210,0
DA:219,0
DA:225,0
DA:234,0
DA:241,0
DA:247,0
DA:256,0
LF:61
LH:0
BRDA:30,0,0,0
BRDA:31,1,0,0
BRDA:32,2,0,0
BRDA:37,3,0,0
BRDA:38,4,0,0
BRDA:44,5,0,0
BRDA:45,6,0,0
BRDA:46,7,0,0
BRDA:47,8,0,0
BRDA:55,9,0,0
BRDA:55,10,0,0
BRDA:55,10,1,0
BRDA:62,11,0,0
BRDA:62,12,0,0
BRDA:62,12,1,0
BRDA:64,13,0,0
BRDA:69,14,0,0
BRDA:99,15,0,0
BRDA:99,15,1,0
BRDA:110,16,0,0
BRDA:110,16,1,0
BRDA:111,17,0,0
BRDA:111,17,1,0
BRDA:115,18,0,0
BRDA:115,18,1,0
BRDA:122,19,0,0
BRDA:122,19,1,0
BRDA:125,20,0,0
BRDA:125,20,1,0
BRF:29
BRH:0
end_of_record
TN:
SF:components/AppDetailHeader.tsx
FN:11,AppDetailHeader
FNF:1
FNH:1
FNDA:6,AppDetailHeader
DA:1,1
DA:3,1
DA:11,1
DA:12,6
DA:13,6
DA:14,6
DA:15,0
DA:16,0
DA:17,6
DA:18,0
DA:19,0
DA:20,6
DA:21,0
DA:22,0
DA:25,6
DA:44,1
DA:50,1
DA:62,1
DA:68,1
DA:79,1
DA:83,1
DA:90,1
DA:96,1
DA:106,1
LF:24
LH:18
BRDA:12,0,0,2
BRDA:12,0,1,4
BRDA:13,1,0,2
BRDA:13,1,1,4
BRDA:14,2,0,0
BRDA:14,2,1,6
BRDA:17,3,0,0
BRDA:17,3,1,6
BRDA:20,4,0,0
BRF:9
BRH:6
end_of_record
TN:
SF:components/AppNewsList.tsx
FN:10,AppNewsList
FN:29,(anonymous_2)
FN:36,NotificationItem
FN:37,(anonymous_4)
FN:53,(anonymous_5)
FNF:5
FNH:5
FNDA:14,AppNewsList
FNDA:15,(anonymous_2)
FNDA:15,NotificationItem
FNDA:15,(anonymous_4)
FNDA:15,(anonymous_5)
DA:1,1
DA:3,1
DA:10,1
DA:11,14
DA:12,1
DA:19,13
DA:20,1
DA:27,12
DA:30,15
DA:37,15
DA:38,15
DA:50,15
DA:53,15
DA:54,15
DA:55,15
DA:56,15
DA:57,15
DA:58,15
DA:59,15
DA:61,15
DA:62,9
DA:63,5
DA:64,1
DA:67,15
DA:91,1
DA:97,1
DA:104,1
DA:111,1
DA:120,1
DA:132,1
DA:137,1
DA:144,1
DA:151,1
DA:156,1
DA:163,1
LF:35
LH:35
BRDA:11,0,0,1
BRDA:19,1,0,1
BRDA:50,2,0,15
BRDA:50,2,1,1
BRDA:61,3,0,6
BRDA:62,4,0,4
BRDA:63,5,0,4
BRDA:76,6,0,15
BRDA:76,6,1,3
BRF:9
BRH:9
end_of_record
TN:
SF:components/AppStatsCard.tsx
FN:12,AppStatsCard
FN:13,(anonymous_2)
FN:20,(anonymous_3)
FNF:3
FNH:3
FNDA:11,AppStatsCard
FNDA:4,(anonymous_2)
FNDA:4,(anonymous_3)
DA:1,1
DA:2,1
DA:12,1
DA:13,11
DA:14,4
DA:15,3
DA:16,2
DA:17,1
DA:20,11
DA:21,4
DA:22,3
DA:23,2
DA:26,11
DA:42,1
DA:53,1
DA:59,1
DA:63,1
DA:71,1
DA:78,1
LF:19
LH:19
BRDA:14,0,0,1
BRDA:15,1,0,1
BRDA:16,2,0,1
BRDA:21,3,0,1
BRDA:22,4,0,1
BRDA:33,5,0,11
BRDA:33,5,1,4
BRF:7
BRH:7
end_of_record
TN:
SF:components/ErrorBoundary.tsx
FN:15,(anonymous_9)
FN:24,(anonymous_10)
FN:28,(anonymous_11)
FN:44,(anonymous_12)
FN:52,(anonymous_13)
FN:107,(anonymous_14)
FNF:6
FNH:0
FNDA:0,(anonymous_9)
FNDA:0,(anonymous_10)
FNDA:0,(anonymous_11)
FNDA:0,(anonymous_12)
FNDA:0,(anonymous_13)
FNDA:0,(anonymous_14)
DA:1,0
DA:14,0
DA:16,0
DA:17,0
DA:25,0
DA:30,0
DA:32,0
DA:38,0
DA:44,0
DA:45,0
DA:53,0
DA:55,0
DA:56,0
DA:60,0
DA:107,0
DA:118,0
LF:16
LH:0
BRDA:38,0,0,0
BRDA:53,1,0,0
BRDA:55,2,0,0
BRDA:87,3,0,0
BRDA:87,3,1,0
BRDA:87,3,2,0
BRF:6
BRH:0
end_of_record
TN:
SF:components/FederatedMiniApp.tsx
FN:33,(anonymous_9)
FN:37,(anonymous_10)
FN:49,NotConfiguredMessage
FN:60,FederatedLoader
FN:65,(anonymous_13)
FN:71,(anonymous_14)
FN:76,(anonymous_15)
FN:87,(anonymous_16)
FN:100,(anonymous_17)
FN:119,FederatedMiniApp
FN:171,resolveRemote
FN:173,(anonymous_20)
FN:177,parseRemotes
FN:180,(anonymous_22)
FN:199,loadFederatedModule
FN:217,ensureSharingInitialized
FN:227,loadRemoteContainer
FN:245,(anonymous_26)
FN:258,(anonymous_27)
FN:263,(anonymous_28)
FN:273,(anonymous_29)
FNF:21
FNH:0
FNDA:0,(anonymous_9)
FNDA:0,(anonymous_10)
FNDA:0,NotConfiguredMessage
FNDA:0,FederatedLoader
FNDA:0,(anonymous_13)
FNDA:0,(anonymous_14)
FNDA:0,(anonymous_15)
FNDA:0,(anonymous_16)
FNDA:0,(anonymous_17)
FNDA:0,FederatedMiniApp
FNDA:0,resolveRemote
FNDA:0,(anonymous_20)
FNDA:0,parseRemotes
FNDA:0,(anonymous_22)
FNDA:0,loadFederatedModule
FNDA:0,ensureSharingInitialized
FNDA:0,loadRemoteContainer
FNDA:0,(anonymous_26)
FNDA:0,(anonymous_27)
FNDA:0,(anonymous_28)
FNDA:0,(anonymous_29)
DA:1,1
DA:9,1
DA:12,1
DA:13,1
DA:14,1
DA:17,1
DA:31,0
DA:34,0
DA:38,0
DA:40,0
DA:50,0
DA:61,0
DA:62,0
DA:63,0
DA:65,0
DA:66,0
DA:67,0
DA:68,0
DA:69,0
DA:70,0
DA:71,0
DA:72,0
DA:76,0
DA:77,0
DA:78,0
DA:79,0
DA:80,0
DA:82,0
DA:83,0
DA:85,0
DA:87,0
DA:88,0
DA:91,0
DA:92,0
DA:93,0
DA:98,0
DA:100,0
DA:101,0
DA:105,0
DA:106,0
DA:107,0
DA:115,0
DA:116,0
DA:119,1
DA:120,0
DA:121,0
DA:128,1
DA:136,1
DA:141,1
DA:146,1
DA:155,1
DA:160,1
DA:166,1
DA:172,0
DA:173,0
DA:174,0
DA:178,0
DA:180,0
DA:183,0
DA:184,0
DA:185,0
DA:186,0
DA:187,0
DA:188,0
DA:189,0
DA:190,0
DA:192,0
DA:193,0
DA:196,0
DA:200,0
DA:201,0
DA:204,0
DA:205,0
DA:207,0
DA:208,0
DA:209,0
DA:210,0
DA:213,0
DA:214,0
DA:218,0
DA:219,0
DA:220,0
DA:222,0
DA:224,0
DA:228,0
DA:229,0
DA:230,0
DA:233,0
DA:234,0
DA:235,0
DA:236,0
DA:237,0
DA:238,0
DA:239,0
DA:240,0
DA:245,0
DA:246,0
DA:247,0
DA:248,0
DA:249,0
DA:252,0
DA:253,0
DA:254,0
DA:255,0
DA:256,0
DA:258,0
DA:259,0
DA:260,0
DA:261,0
DA:263,0
DA:264,0
DA:265,0
DA:266,0
DA:267,0
DA:268,0
DA:269,0
DA:271,0
DA:273,0
DA:274,0
DA:275,0
DA:277,0
DA:280,0
DA:281,0
LF:123
LH:14
BRDA:38,0,0,0
BRDA:67,1,0,0
BRDA:67,1,1,0
BRDA:68,2,0,0
BRDA:79,3,0,0
BRDA:83,4,0,0
BRDA:85,5,0,0
BRDA:85,5,1,0
BRDA:87,6,0,0
BRDA:87,6,1,0
BRDA:91,7,0,0
BRDA:92,8,0,0
BRDA:92,8,1,0
BRDA:105,9,0,0
BRDA:106,10,0,0
BRDA:115,11,0,0
BRDA:120,12,0,0
BRDA:172,13,0,0
BRDA:172,13,1,0
BRDA:174,14,0,0
BRDA:174,14,1,0
BRDA:185,15,0,0
BRDA:185,15,1,0
BRDA:185,16,0,0
BRDA:185,16,1,0
BRDA:186,17,0,0
BRDA:188,18,0,0
BRDA:188,18,1,0
BRDA:189,19,0,0
BRDA:189,19,1,0
BRDA:190,20,0,0
BRDA:190,21,0,0
BRDA:190,21,1,0
BRDA:192,22,0,0
BRDA:192,22,1,0
BRDA:200,23,0,0
BRDA:207,24,0,0
BRDA:208,25,0,0
BRDA:208,25,1,0
BRDA:218,26,0,0
BRDA:219,27,0,0
BRDA:230,28,0,0
BRDA:233,29,0,0
BRDA:235,30,0,0
BRDA:238,31,0,0
BRDA:247,32,0,0
BRDA:266,33,0,0
BRF:47
BRH:0
end_of_record
TN:
SF:components/LaunchDock.tsx
FN:14,LaunchDock
FN:16,(anonymous_2)
FN:69,ShareIcon
FN:81,ExitIcon
FNF:4
FNH:4
FNDA:33,LaunchDock
FNDA:33,(anonymous_2)
FNDA:33,ShareIcon
FNDA:33,ExitIcon
DA:1,1
DA:3,1
DA:14,1
DA:16,33
DA:17,33
DA:18,32
DA:19,7
DA:20,4
DA:23,33
DA:26,33
DA:30,33
DA:32,33
DA:70,33
DA:82,33
DA:91,1
DA:107,1
DA:117,1
DA:123,1
DA:129,1
DA:135,1
DA:141,1
DA:154,1
LF:22
LH:22
BRDA:17,0,0,1
BRDA:18,1,0,25
BRDA:19,2,0,3
BRDA:26,3,0,4
BRDA:26,3,1,29
BRDA:30,4,0,4
BRDA:30,4,1,29
BRDA:51,5,0,32
BRDA:51,5,1,1
BRF:9
BRH:9
end_of_record
TN:
SF:components/SocialCommentItem.tsx
FN:12,(anonymous_9)
FN:18,(anonymous_10)
FN:26,(anonymous_11)
FN:57,(anonymous_12)
FN:63,(anonymous_13)
FN:70,(anonymous_14)
FN:89,(anonymous_15)
FN:103,(anonymous_16)
FN:113,(anonymous_17)
FNF:9
FNH:9
FNDA:64,(anonymous_9)
FNDA:3,(anonymous_10)
FNDA:2,(anonymous_11)
FNDA:1,(anonymous_12)
FNDA:1,(anonymous_13)
FNDA:4,(anonymous_14)
FNDA:1,(anonymous_15)
FNDA:1,(anonymous_16)
FNDA:1,(anonymous_17)
DA:1,2
DA:12,2
DA:13,64
DA:14,64
DA:15,64
DA:16,64
DA:18,64
DA:19,3
DA:20,3
DA:21,3
DA:22,3
DA:23,3
DA:26,64
DA:27,2
DA:28,1
DA:29,1
DA:30,1
DA:31,1
DA:34,64
DA:36,64
DA:57,1
DA:63,1
DA:70,4
DA:89,1
DA:103,1
DA:114,1
DA:127,2
LF:27
LH:27
BRDA:12,0,0,59
BRDA:19,1,0,0
BRDA:19,2,0,3
BRDA:19,2,1,3
BRDA:27,3,0,1
BRDA:31,4,0,1
BRDA:37,5,0,3
BRDA:37,5,1,61
BRDA:41,6,0,64
BRDA:41,6,1,18
BRDA:68,7,0,64
BRDA:68,7,1,63
BRDA:76,8,0,64
BRDA:76,8,1,46
BRDA:76,8,2,45
BRDA:78,9,0,2
BRDA:78,9,1,43
BRDA:85,10,0,64
BRDA:85,10,1,5
BRF:19
BRH:18
end_of_record
TN:
SF:components/SocialCommentThread.tsx
FN:20,(anonymous_10)
FN:37,(anonymous_11)
FN:64,(anonymous_12)
FN:81,(anonymous_13)
FN:105,(anonymous_14)
FNF:5
FNH:4
FNDA:18,(anonymous_10)
FNDA:2,(anonymous_11)
FNDA:0,(anonymous_12)
FNDA:2,(anonymous_13)
FNDA:34,(anonymous_14)
DA:1,1
DA:3,1
DA:20,1
DA:33,18
DA:34,18
DA:35,18
DA:37,18
DA:38,2
DA:39,2
DA:40,2
DA:41,2
DA:42,2
DA:43,2
DA:45,0
DA:47,2
DA:50,18
DA:52,18
DA:65,0
DA:66,0
DA:81,2
DA:106,34
DA:126,1
LF:22
LH:19
BRDA:28,0,0,14
BRDA:29,1,0,17
BRDA:30,2,0,18
BRDA:38,3,0,0
BRDA:38,4,0,2
BRDA:38,4,1,2
BRDA:42,5,0,2
BRDA:42,5,1,0
BRDA:50,6,0,18
BRDA:50,6,1,18
BRDA:59,7,0,18
BRDA:59,7,1,0
BRDA:77,8,0,18
BRDA:77,8,1,17
BRDA:89,9,0,17
BRDA:89,9,1,15
BRDA:92,10,0,2
BRDA:92,10,1,15
BRDA:97,11,0,18
BRDA:97,11,1,1
BRDA:113,12,0,18
BRDA:113,12,1,3
BRDA:116,13,0,1
BRDA:116,13,1,2
BRDA:121,14,0,18
BRDA:121,14,1,1
BRF:26
BRH:23
end_of_record
TN:
SF:components/SocialRatingWidget.tsx
FN:13,(anonymous_9)
FN:24,(anonymous_10)
FN:38,(anonymous_11)
FN:59,(anonymous_12)
FN:76,(anonymous_13)
FN:86,(anonymous_14)
FN:107,(anonymous_15)
FN:108,(anonymous_16)
FN:113,(anonymous_17)
FN:128,(anonymous_18)
FN:137,(anonymous_19)
FNF:11
FNH:10
FNDA:180,(anonymous_9)
FNDA:27,(anonymous_10)
FNDA:1,(anonymous_11)
FNDA:0,(anonymous_12)
FNDA:135,(anonymous_13)
FNDA:135,(anonymous_14)
FNDA:55,(anonymous_15)
FNDA:2,(anonymous_16)
FNDA:1,(anonymous_17)
FNDA:1,(anonymous_18)
FNDA:6,(anonymous_19)
DA:1,1
DA:13,1
DA:14,180
DA:24,1
DA:32,27
DA:33,27
DA:34,27
DA:35,27
DA:36,27
DA:38,27
DA:39,1
DA:40,1
DA:41,1
DA:42,1
DA:43,0
DA:45,1
DA:49,27
DA:51,27
DA:60,0
DA:61,0
DA:77,135
DA:87,135
DA:88,135
DA:89,135
DA:108,55
DA:113,1
DA:128,1
DA:137,6
DA:155,1
LF:29
LH:26
BRDA:16,0,0,124
BRDA:16,0,1,56
BRDA:28,1,0,27
BRDA:29,2,0,27
BRDA:33,3,0,27
BRDA:33,3,1,24
BRDA:34,4,0,27
BRDA:34,4,1,24
BRDA:39,5,0,0
BRDA:39,6,0,1
BRDA:39,6,1,1
BRDA:41,7,0,1
BRDA:41,7,1,0
BRDA:42,8,0,0
BRDA:42,8,1,1
BRDA:49,9,0,27
BRDA:49,9,1,27
BRDA:54,10,0,27
BRDA:54,10,1,1
BRDA:87,11,0,135
BRDA:87,11,1,0
BRDA:88,12,0,135
BRDA:88,12,1,0
BRDA:102,13,0,27
BRDA:102,13,1,20
BRDA:104,14,0,11
BRDA:104,14,1,9
BRDA:108,15,0,55
BRDA:108,15,1,55
BRDA:122,16,0,11
BRDA:122,16,1,11
BRDA:125,17,0,0
BRDA:125,17,1,11
BRDA:140,18,0,2
BRDA:140,18,1,7
BRDA:146,19,0,27
BRDA:146,19,1,7
BRF:37
BRH:31
end_of_record
TN:
SF:components/styles.ts
FNF:0
FNH:0
DA:3,4
DA:14,4
LF:2
LH:2
BRF:0
BRH:0
end_of_record
TN:
SF:components/features/account/AccountContent.tsx
FN:6,AccountContent
FNF:1
FNH:0
FNDA:0,AccountContent
DA:1,0
DA:2,0
DA:3,0
DA:4,0
DA:6,0
DA:7,0
DA:9,0
LF:7
LH:0
BRDA:17,0,0,0
BRDA:17,0,1,0
BRDA:27,1,0,0
BRDA:27,1,1,0
BRF:4
BRH:0
end_of_record
TN:
SF:components/features/account/index.ts
FN:1,(anonymous_1)
FNF:1
FNH:0
FNDA:0,(anonymous_1)
DA:1,0
LF:1
LH:0
BRF:0
BRH:0
end_of_record
TN:
SF:components/features/analytics/ActivityChart.tsx
FN:10,ActivityChart
FN:11,(anonymous_1)
FNF:2
FNH:0
FNDA:0,ActivityChart
FNDA:0,(anonymous_1)
DA:3,0
DA:10,0
DA:11,0
DA:17,0
LF:4
LH:0
BRDA:10,0,0,0
BRF:1
BRH:0
end_of_record
TN:
SF:components/features/analytics/AppUsageChart.tsx
FN:12,AppUsageChart
FN:26,(anonymous_1)
FNF:2
FNH:0
FNDA:0,AppUsageChart
FNDA:0,(anonymous_1)
DA:3,0
DA:10,0
DA:12,0
DA:13,0
DA:27,0
LF:5
LH:0
BRDA:12,0,0,0
BRF:1
BRH:0
end_of_record
TN:
SF:components/features/analytics/StatCard.tsx
FN:12,StatCard
FNF:1
FNH:0
FNDA:0,StatCard
DA:3,0
DA:12,0
DA:13,0
DA:15,0
LF:4
LH:0
BRDA:13,0,0,0
BRDA:13,0,1,0
BRDA:19,1,0,0
BRDA:19,1,1,0
BRDA:22,2,0,0
BRDA:22,2,1,0
BRDA:23,3,0,0
BRDA:23,3,1,0
BRDA:24,4,0,0
BRDA:24,4,1,0
BRF:10
BRH:0
end_of_record
TN:
SF:components/features/analytics/index.ts
FN:1,(anonymous_0)
FN:2,(anonymous_1)
FN:3,(anonymous_2)
FNF:3
FNH:0
FNDA:0,(anonymous_0)
FNDA:0,(anonymous_1)
FNDA:0,(anonymous_2)
DA:1,0
DA:2,0
DA:3,0
LF:3
LH:0
BRF:0
BRH:0
end_of_record
TN:
SF:components/features/chat/LiveChat.tsx
FN:14,timeAgo
FN:22,truncateAddress
FN:27,LiveChat
FN:37,(anonymous_12)
FN:42,(anonymous_13)
FN:49,(anonymous_14)
FN:52,(anonymous_15)
FN:70,(anonymous_16)
FN:73,(anonymous_17)
FN:85,(anonymous_18)
FN:102,(anonymous_19)
FN:113,(anonymous_20)
FN:151,(anonymous_21)
FN:164,(anonymous_22)
FN:188,MessageBubble
FNF:15
FNH:4
FNDA:0,timeAgo
FNDA:0,truncateAddress
FNDA:36,LiveChat
FNDA:18,(anonymous_12)
FNDA:18,(anonymous_13)
FNDA:18,(anonymous_14)
FNDA:0,(anonymous_15)
FNDA:0,(anonymous_16)
FNDA:0,(anonymous_17)
FNDA:0,(anonymous_18)
FNDA:0,(anonymous_19)
FNDA:0,(anonymous_20)
FNDA:0,(anonymous_21)
FNDA:0,(anonymous_22)
FNDA:0,MessageBubble
DA:3,1
DA:4,1
DA:5,1
DA:15,0
DA:16,0
DA:17,0
DA:18,0
DA:19,0
DA:23,0
DA:24,0
DA:27,1
DA:28,36
DA:29,36
DA:30,36
DA:31,36
DA:32,36
DA:33,36
DA:34,36
DA:37,36
DA:38,18
DA:42,36
DA:43,18
DA:44,0
DA:49,36
DA:50,18
DA:52,0
DA:53,0
DA:54,0
DA:55,0
DA:56,0
DA:57,0
DA:58,0
DA:59,0
DA:64,0
DA:68,0
DA:69,0
DA:70,0
DA:73,36
DA:74,0
DA:76,0
DA:85,0
DA:86,0
DA:88,0
DA:89,0
DA:102,36
DA:103,0
DA:104,0
DA:105,0
DA:109,36
DA:113,0
DA:151,0
DA:164,0
DA:189,0
DA:190,0
DA:193,0
DA:194,0
DA:204,0
LF:57
LH:20
BRDA:16,0,0,0
BRDA:17,1,0,0
BRDA:18,2,0,0
BRDA:23,3,0,0
BRDA:23,4,0,0
BRDA:23,4,1,0
BRDA:43,5,0,0
BRDA:50,6,0,18
BRDA:50,7,0,18
BRDA:50,7,1,0
BRDA:56,8,0,0
BRDA:58,9,0,0
BRDA:58,9,1,0
BRDA:59,10,0,0
BRDA:59,10,1,0
BRDA:74,11,0,0
BRDA:74,12,0,0
BRDA:74,12,1,0
BRDA:79,13,0,0
BRDA:79,13,1,0
BRDA:103,14,0,0
BRDA:103,15,0,0
BRDA:103,15,1,0
BRDA:118,16,0,36
BRDA:118,16,1,0
BRDA:122,17,0,0
BRDA:122,17,1,36
BRDA:126,18,0,36
BRDA:126,18,1,0
BRDA:142,19,0,0
BRDA:142,19,1,0
BRDA:142,20,0,0
BRDA:142,20,1,0
BRDA:144,21,0,0
BRDA:144,21,1,0
BRDA:158,22,0,0
BRDA:158,22,1,0
BRDA:189,23,0,0
BRDA:193,24,0,0
BRDA:205,25,0,0
BRDA:205,25,1,0
BRDA:207,26,0,0
BRDA:207,26,1,0
BRDA:209,27,0,0
BRDA:209,27,1,0
BRDA:211,28,0,0
BRDA:211,28,1,0
BRDA:214,29,0,0
BRDA:214,29,1,0
BRDA:219,30,0,0
BRDA:219,30,1,0
BRF:51
BRH:5
end_of_record
TN:
SF:components/features/chat/index.ts
FN:1,(anonymous_0)
FNF:1
FNH:1
FNDA:36,(anonymous_0)
DA:1,37
LF:1
LH:1
BRF:0
BRH:0
end_of_record
TN:
SF:components/features/execution/ExecutionList.tsx
FN:16,ExecutionList
FN:38,(anonymous_1)
FN:47,ExecutionItem
FN:75,getTimeAgo
FNF:4
FNH:0
FNDA:0,ExecutionList
FNDA:0,(anonymous_1)
FNDA:0,ExecutionItem
FNDA:0,getTimeAgo
DA:7,0
DA:8,0
DA:16,0
DA:17,0
DA:19,0
DA:21,0
DA:22,0
DA:25,0
DA:39,0
DA:48,0
DA:50,0
DA:76,0
DA:77,0
DA:78,0
DA:80,0
DA:81,0
DA:82,0
DA:83,0
LF:18
LH:0
BRDA:16,0,0,0
BRDA:21,1,0,0
BRDA:29,2,0,0
BRDA:29,2,1,0
BRDA:30,3,0,0
BRDA:30,3,1,0
BRDA:34,4,0,0
BRDA:34,4,1,0
BRDA:61,5,0,0
BRDA:61,5,1,0
BRDA:80,6,0,0
BRDA:81,7,0,0
BRDA:82,8,0,0
BRF:13
BRH:0
end_of_record
TN:
SF:components/features/execution/ExecutionStatusBadge.tsx
FN:35,ExecutionStatusBadge
FNF:1
FNH:0
FNDA:0,ExecutionStatusBadge
DA:7,0
DA:15,0
DA:35,0
DA:36,0
DA:38,0
LF:5
LH:0
BRF:0
BRH:0
end_of_record
TN:
SF:components/features/execution/index.ts
FN:1,(anonymous_0)
FN:2,(anonymous_1)
FNF:2
FNH:0
FNDA:0,(anonymous_0)
FNDA:0,(anonymous_1)
DA:1,0
DA:2,0
LF:2
LH:0
BRF:0
BRH:0
end_of_record
TN:
SF:components/features/explorer/OpcodeViewer.tsx
FN:19,OpcodeViewer
FN:35,(anonymous_1)
FN:74,(anonymous_2)
FN:85,(anonymous_3)
FN:124,FlowView
FN:127,(anonymous_5)
FN:135,(anonymous_6)
FN:191,TextView
FN:196,(anonymous_8)
FN:222,(anonymous_9)
FN:239,getTextColor
FNF:11
FNH:0
FNDA:0,OpcodeViewer
FNDA:0,(anonymous_1)
FNDA:0,(anonymous_2)
FNDA:0,(anonymous_3)
FNDA:0,FlowView
FNDA:0,(anonymous_5)
FNDA:0,(anonymous_6)
FNDA:0,TextView
FNDA:0,(anonymous_8)
FNDA:0,(anonymous_9)
FNDA:0,getTextColor
DA:3,0
DA:4,0
DA:6,0
DA:19,0
DA:20,0
DA:21,0
DA:23,0
DA:24,0
DA:35,0
DA:36,0
DA:37,0
DA:38,0
DA:40,0
DA:42,0
DA:45,0
DA:74,0
DA:85,0
DA:125,0
DA:128,0
DA:129,0
DA:130,0
DA:132,0
DA:135,0
DA:192,0
DA:197,0
DA:198,0
DA:223,0
DA:240,0
DA:249,0
LF:29
LH:0
BRDA:19,0,0,0
BRDA:23,1,0,0
BRDA:37,2,0,0
BRDA:37,2,1,0
BRDA:53,3,0,0
BRDA:53,3,1,0
BRDA:56,4,0,0
BRDA:56,4,1,0
BRDA:64,5,0,0
BRDA:64,5,1,0
BRDA:76,6,0,0
BRDA:76,6,1,0
BRDA:87,7,0,0
BRDA:87,7,1,0
BRDA:101,8,0,0
BRDA:101,8,1,0
BRDA:133,9,0,0
BRDA:133,9,1,0
BRDA:142,10,0,0
BRDA:142,10,1,0
BRDA:143,11,0,0
BRDA:143,11,1,0
BRDA:170,12,0,0
BRDA:170,12,1,0
BRDA:170,12,2,0
BRDA:174,13,0,0
BRDA:174,13,1,0
BRDA:199,14,0,0
BRDA:199,14,1,0
BRDA:205,15,0,0
BRDA:205,15,1,0
BRDA:216,16,0,0
BRDA:216,16,1,0
BRDA:223,17,0,0
BRDA:223,17,1,0
BRDA:225,18,0,0
BRDA:225,18,1,0
BRDA:249,19,0,0
BRDA:249,19,1,0
BRF:39
BRH:0
end_of_record
TN:
SF:components/features/explorer/index.ts
FN:1,(anonymous_0)
FNF:1
FNH:0
FNDA:0,(anonymous_0)
DA:1,0
LF:1
LH:0
BRF:0
BRH:0
end_of_record
TN:
SF:components/features/explorer/opcode-utils.ts
FN:53,getOpcodeMetadata
FN:63,getCategoryColor
FN:76,formatGas
FNF:3
FNH:0
FNDA:0,getOpcodeMetadata
FNDA:0,getCategoryColor
FNDA:0,formatGas
DA:4,0
DA:53,0
DA:54,0
DA:63,0
DA:64,0
DA:73,0
DA:76,0
DA:77,0
DA:78,0
DA:79,0
DA:80,0
LF:11
LH:0
BRDA:55,0,0,0
BRDA:55,0,1,0
BRDA:78,1,0,0
BRDA:79,2,0,0
BRF:4
BRH:0
end_of_record
TN:
SF:components/features/forum/ForumTab.tsx
FN:27,ForumTab
FN:34,(anonymous_10)
FN:44,(anonymous_11)
FN:56,(anonymous_12)
FN:67,(anonymous_13)
FN:70,(anonymous_14)
FN:85,(anonymous_15)
FN:89,(anonymous_16)
FN:103,(anonymous_17)
FN:104,(anonymous_18)
FN:112,ThreadItem
FN:142,NewThreadForm
FN:154,(anonymous_21)
FN:166,(anonymous_22)
FN:173,(anonymous_23)
FN:182,(anonymous_24)
FN:207,ThreadDetail
FN:223,(anonymous_26)
FN:227,(anonymous_27)
FN:232,(anonymous_28)
FN:256,(anonymous_29)
FN:273,(anonymous_30)
FN:291,formatTimeAgo
FNF:23
FNH:0
FNDA:0,ForumTab
FNDA:0,(anonymous_10)
FNDA:0,(anonymous_11)
FNDA:0,(anonymous_12)
FNDA:0,(anonymous_13)
FNDA:0,(anonymous_14)
FNDA:0,(anonymous_15)
FNDA:0,(anonymous_16)
FNDA:0,(anonymous_17)
FNDA:0,(anonymous_18)
FNDA:0,ThreadItem
FNDA:0,NewThreadForm
FNDA:0,(anonymous_21)
FNDA:0,(anonymous_22)
FNDA:0,(anonymous_23)
FNDA:0,(anonymous_24)
FNDA:0,ThreadDetail
FNDA:0,(anonymous_26)
FNDA:0,(anonymous_27)
FNDA:0,(anonymous_28)
FNDA:0,(anonymous_29)
FNDA:0,(anonymous_30)
FNDA:0,formatTimeAgo
DA:3,0
DA:4,0
DA:5,0
DA:6,0
DA:13,0
DA:20,0
DA:27,0
DA:28,0
DA:29,0
DA:30,0
DA:31,0
DA:32,0
DA:34,0
DA:35,0
DA:38,0
DA:39,0
DA:44,0
DA:49,0
DA:56,0
DA:68,0
DA:70,0
DA:86,0
DA:87,0
DA:89,0
DA:104,0
DA:113,0
DA:115,0
DA:149,0
DA:150,0
DA:151,0
DA:152,0
DA:154,0
DA:155,0
DA:156,0
DA:157,0
DA:158,0
DA:161,0
DA:166,0
DA:173,0
DA:182,0
DA:218,0
DA:219,0
DA:220,0
DA:221,0
DA:223,0
DA:224,0
DA:227,0
DA:228,0
DA:229,0
DA:230,0
DA:231,0
DA:232,0
DA:233,0
DA:235,0
DA:238,0
DA:257,0
DA:273,0
DA:292,0
DA:293,0
DA:294,0
DA:295,0
DA:296,0
LF:62
LH:0
BRDA:35,0,0,0
BRDA:35,0,1,0
BRDA:38,1,0,0
BRDA:54,2,0,0
BRDA:54,2,1,0
BRDA:72,3,0,0
BRDA:72,3,1,0
BRDA:83,4,0,0
BRDA:83,4,1,0
BRDA:95,5,0,0
BRDA:95,5,1,0
BRDA:97,6,0,0
BRDA:97,6,1,0
BRDA:113,7,0,0
BRDA:113,7,1,0
BRDA:126,8,0,0
BRDA:126,8,1,0
BRDA:127,9,0,0
BRDA:127,9,1,0
BRDA:155,10,0,0
BRDA:155,11,0,0
BRDA:155,11,1,0
BRDA:196,12,0,0
BRDA:196,12,1,0
BRDA:196,12,2,0
BRDA:199,13,0,0
BRDA:199,13,1,0
BRDA:228,14,0,0
BRDA:231,15,0,0
BRDA:268,16,0,0
BRDA:268,16,1,0
BRDA:268,16,2,0
BRDA:280,17,0,0
BRDA:280,17,1,0
BRDA:293,18,0,0
BRDA:294,19,0,0
BRDA:295,20,0,0
BRF:37
BRH:0
end_of_record
TN:
SF:components/features/forum/index.ts
FN:1,(anonymous_0)
FNF:1
FNH:0
FNDA:0,(anonymous_0)
DA:1,0
LF:1
LH:0
BRF:0
BRH:0
end_of_record
TN:
SF:components/features/forum/useForum.ts
FN:11,useForum
FN:17,(anonymous_1)
FN:37,(anonymous_2)
FN:47,(anonymous_3)
FN:59,(anonymous_4)
FN:75,(anonymous_5)
FNF:6
FNH:0
FNDA:0,useForum
FNDA:0,(anonymous_1)
FNDA:0,(anonymous_2)
FNDA:0,(anonymous_3)
FNDA:0,(anonymous_4)
FNDA:0,(anonymous_5)
DA:3,0
DA:11,0
DA:12,0
DA:13,0
DA:14,0
DA:16,0
DA:18,0
DA:19,0
DA:20,0
DA:21,0
DA:22,0
DA:23,0
DA:24,0
DA:25,0
DA:30,0
DA:36,0
DA:38,0
DA:39,0
DA:40,0
DA:45,0
DA:46,0
DA:47,0
DA:48,0
DA:53,0
DA:58,0
DA:60,0
DA:61,0
DA:62,0
DA:63,0
DA:64,0
DA:69,0
DA:74,0
DA:76,0
DA:77,0
DA:78,0
DA:83,0
DA:84,0
DA:85,0
DA:90,0
DA:95,0
LF:40
LH:0
BRDA:20,0,0,0
BRDA:20,0,1,0
BRDA:22,1,0,0
BRDA:38,2,0,0
BRDA:45,3,0,0
BRDA:62,4,0,0
BRDA:76,5,0,0
BRDA:83,6,0,0
BRF:8
BRH:0
end_of_record
TN:
SF:components/features/gamification/BadgeGrid.tsx
FN:19,BadgeGrid
FN:30,(anonymous_1)
FN:32,(anonymous_2)
FN:37,(anonymous_3)
FN:43,BadgeItem
FN:58,BadgeModal
FN:63,(anonymous_6)
FNF:7
FNH:0
FNDA:0,BadgeGrid
FNDA:0,(anonymous_1)
FNDA:0,(anonymous_2)
FNDA:0,(anonymous_3)
FNDA:0,BadgeItem
FNDA:0,BadgeModal
FNDA:0,(anonymous_6)
DA:3,0
DA:4,0
DA:6,0
DA:12,0
DA:19,0
DA:20,0
DA:22,0
DA:31,0
DA:32,0
DA:37,0
DA:44,0
DA:59,0
DA:63,0
LF:13
LH:0
BRDA:36,0,0,0
BRDA:36,0,1,0
BRDA:48,1,0,0
BRDA:48,1,1,0
BRDA:78,2,0,0
BRDA:78,2,1,0
BRF:6
BRH:0
end_of_record
TN:
SF:components/features/gamification/Leaderboard.tsx
FN:12,Leaderboard
FN:16,(anonymous_1)
FN:20,(anonymous_2)
FN:47,(anonymous_3)
FN:55,LeaderboardRow
FN:56,(anonymous_5)
FN:58,(anonymous_6)
FNF:7
FNH:0
FNDA:0,Leaderboard
FNDA:0,(anonymous_1)
FNDA:0,(anonymous_2)
FNDA:0,(anonymous_3)
FNDA:0,LeaderboardRow
FNDA:0,(anonymous_5)
FNDA:0,(anonymous_6)
DA:3,0
DA:4,0
DA:6,0
DA:12,0
DA:13,0
DA:14,0
DA:16,0
DA:17,0
DA:20,0
DA:21,0
DA:22,0
DA:23,0
DA:24,0
DA:25,0
DA:30,0
DA:34,0
DA:35,0
DA:38,0
DA:48,0
DA:56,0
DA:58,0
DA:59,0
DA:60,0
DA:61,0
DA:62,0
DA:65,0
LF:26
LH:0
BRDA:23,0,0,0
BRDA:34,1,0,0
BRDA:56,2,0,0
BRDA:56,2,1,0
BRDA:59,3,0,0
BRDA:60,4,0,0
BRDA:61,5,0,0
BRDA:66,6,0,0
BRDA:66,6,1,0
BRDA:71,7,0,0
BRDA:71,7,1,0
BRF:11
BRH:0
end_of_record
TN:
SF:components/features/gamification/constants.ts
FNF:0
FNH:0
DA:3,1
DA:12,1
LF:2
LH:2
BRF:0
BRH:0
end_of_record
TN:
SF:components/features/gamification/index.ts
FN:1,(anonymous_0)
FN:2,(anonymous_1)
FN:3,(anonymous_2)
FN:3,(anonymous_3)
FNF:4
FNH:0
FNDA:0,(anonymous_0)
FNDA:0,(anonymous_1)
FNDA:0,(anonymous_2)
FNDA:0,(anonymous_3)
DA:1,0
DA:2,0
DA:3,0
LF:3
LH:0
BRF:0
BRH:0
end_of_record
TN:
SF:components/features/miniapp/CardRenderer.tsx
FN:19,CardRenderer
FN:39,CountdownCard
FN:45,(anonymous_2)
FN:46,(anonymous_3)
FN:47,(anonymous_4)
FN:76,MultiplierCard
FN:103,CanvasCard
FN:108,(anonymous_7)
FN:140,StatsCard
FN:147,(anonymous_9)
FN:161,VotingCard
FN:193,PriceCard
FN:199,(anonymous_12)
FN:218,(anonymous_13)
FNF:14
FNH:0
FNDA:0,CardRenderer
FNDA:0,CountdownCard
FNDA:0,(anonymous_2)
FNDA:0,(anonymous_3)
FNDA:0,(anonymous_4)
FNDA:0,MultiplierCard
FNDA:0,CanvasCard
FNDA:0,(anonymous_7)
FNDA:0,StatsCard
FNDA:0,(anonymous_9)
FNDA:0,VotingCard
FNDA:0,PriceCard
FNDA:0,(anonymous_12)
FNDA:0,(anonymous_13)
DA:3,0
DA:19,0
DA:20,0
DA:22,0
DA:24,0
DA:26,0
DA:28,0
DA:30,0
DA:32,0
DA:34,0
DA:40,0
DA:41,0
DA:42,0
DA:43,0
DA:45,0
DA:46,0
DA:47,0
DA:50,0
DA:51,0
DA:52,0
DA:53,0
DA:55,0
DA:77,0
DA:82,0
DA:83,0
DA:84,0
DA:86,0
DA:104,0
DA:105,0
DA:106,0
DA:108,0
DA:109,0
DA:110,0
DA:111,0
DA:112,0
DA:114,0
DA:115,0
DA:116,0
DA:117,0
DA:118,0
DA:119,0
DA:120,0
DA:124,0
DA:141,0
DA:143,0
DA:148,0
DA:162,0
DA:163,0
DA:164,0
DA:165,0
DA:167,0
DA:169,0
DA:194,0
DA:195,0
DA:196,0
DA:197,0
DA:198,0
DA:199,0
DA:200,0
DA:201,0
DA:203,0
DA:219,0
LF:62
LH:0
BRDA:19,0,0,0
BRDA:20,1,0,0
BRDA:20,1,1,0
BRDA:20,1,2,0
BRDA:20,1,3,0
BRDA:20,1,4,0
BRDA:20,1,5,0
BRDA:20,1,6,0
BRDA:41,2,0,0
BRDA:41,2,1,0
BRDA:42,3,0,0
BRDA:42,3,1,0
BRDA:43,4,0,0
BRDA:43,4,1,0
BRDA:83,5,0,0
BRDA:83,5,1,0
BRDA:84,6,0,0
BRDA:84,6,1,0
BRDA:105,7,0,0
BRDA:105,7,1,0
BRDA:106,8,0,0
BRDA:106,8,1,0
BRDA:110,9,0,0
BRDA:110,10,0,0
BRDA:110,10,1,0
BRDA:112,11,0,0
BRDA:141,12,0,0
BRDA:141,12,1,0
BRDA:149,13,0,0
BRDA:149,13,1,0
BRDA:162,14,0,0
BRDA:162,14,1,0
BRDA:167,15,0,0
BRDA:167,15,1,0
BRDA:167,16,0,0
BRDA:167,16,1,0
BRDA:194,17,0,0
BRDA:194,17,1,0
BRDA:196,18,0,0
BRDA:196,18,1,0
BRDA:197,19,0,0
BRDA:197,19,1,0
BRDA:198,20,0,0
BRDA:198,20,1,0
BRDA:200,21,0,0
BRDA:200,21,1,0
BRDA:210,22,0,0
BRDA:210,22,1,0
BRDA:212,23,0,0
BRDA:212,23,1,0
BRDA:221,24,0,0
BRDA:221,24,1,0
BRF:52
BRH:0
end_of_record
TN:
SF:components/features/miniapp/CollectionStar.tsx
FN:17,CollectionStar
FN:23,(anonymous_10)
FN:35,(anonymous_11)
FNF:3
FNH:2
FNDA:8,CollectionStar
FNDA:3,(anonymous_10)
FNDA:0,(anonymous_11)
DA:7,1
DA:8,1
DA:9,1
DA:10,1
DA:17,1
DA:18,8
DA:19,8
DA:21,8
DA:23,8
DA:24,3
DA:25,3
DA:27,3
DA:29,1
DA:30,1
DA:33,2
DA:34,2
DA:35,2
DA:38,8
LF:18
LH:18
BRDA:27,0,0,1
BRDA:44,1,0,1
BRDA:44,1,1,7
BRDA:47,2,0,8
BRDA:47,2,1,2
BRDA:50,3,0,1
BRDA:50,3,1,7
BRDA:52,4,0,8
BRDA:52,4,1,1
BRF:9
BRH:9
end_of_record
TN:
SF:components/features/miniapp/DynamicBanner.tsx
FN:15,SwapAnimation
FN:293,getUniqueGradient
FN:315,seededRandom
FN:322,(anonymous_12)
FN:333,DynamicBanner
FN:334,(anonymous_14)
FN:355,(anonymous_15)
FN:373,(anonymous_16)
FN:385,(anonymous_17)
FN:423,(anonymous_18)
FN:462,(anonymous_19)
FNF:11
FNH:0
FNDA:0,SwapAnimation
FNDA:0,getUniqueGradient
FNDA:0,seededRandom
FNDA:0,(anonymous_12)
FNDA:0,DynamicBanner
FNDA:0,(anonymous_14)
FNDA:0,(anonymous_15)
FNDA:0,(anonymous_16)
FNDA:0,(anonymous_17)
FNDA:0,(anonymous_18)
FNDA:0,(anonymous_19)
DA:3,0
DA:4,0
DA:16,0
DA:46,0
DA:127,0
DA:199,0
DA:209,0
DA:219,0
DA:294,0
DA:295,0
DA:296,0
DA:297,0
DA:298,0
DA:300,0
DA:301,0
DA:305,0
DA:316,0
DA:317,0
DA:318,0
DA:319,0
DA:320,0
DA:322,0
DA:323,0
DA:324,0
DA:329,0
DA:331,0
DA:333,0
DA:334,0
DA:335,0
DA:338,0
DA:341,0
DA:342,0
DA:343,0
DA:345,0
DA:346,0
DA:347,0
DA:348,0
DA:350,0
DA:351,0
DA:355,0
DA:364,0
DA:373,0
DA:374,0
DA:375,0
DA:381,0
DA:386,0
DA:424,0
DA:425,0
DA:426,0
DA:428,0
DA:463,0
LF:51
LH:0
BRDA:338,0,0,0
BRDA:338,0,1,0
BRDA:338,0,2,0
BRDA:345,1,0,0
BRDA:345,1,1,0
BRDA:347,2,0,0
BRDA:347,2,1,0
BRDA:368,3,0,0
BRDA:368,3,1,0
BRDA:425,4,0,0
BRDA:436,5,0,0
BRDA:436,5,1,0
BRDA:436,5,2,0
BRDA:442,6,0,0
BRDA:442,6,1,0
BRDA:444,7,0,0
BRDA:444,7,1,0
BRDA:447,8,0,0
BRDA:447,8,1,0
BRDA:449,9,0,0
BRDA:449,9,1,0
BRDA:454,10,0,0
BRDA:454,10,1,0
BRDA:454,11,0,0
BRDA:454,11,1,0
BRDA:460,12,0,0
BRDA:460,12,1,0
BRF:27
BRH:0
end_of_record
TN:
SF:components/features/miniapp/FilterSidebar.tsx
FN:20,FilterSidebar
FN:23,(anonymous_1)
FN:26,(anonymous_2)
FN:27,(anonymous_3)
FN:30,(anonymous_4)
FN:32,(anonymous_5)
FN:43,(anonymous_6)
FN:46,(anonymous_7)
FN:59,(anonymous_8)
FN:74,(anonymous_9)
FNF:10
FNH:0
FNDA:0,FilterSidebar
FNDA:0,(anonymous_1)
FNDA:0,(anonymous_2)
FNDA:0,(anonymous_3)
FNDA:0,(anonymous_4)
FNDA:0,(anonymous_5)
FNDA:0,(anonymous_6)
FNDA:0,(anonymous_7)
FNDA:0,(anonymous_8)
FNDA:0,(anonymous_9)
DA:3,0
DA:4,0
DA:5,0
DA:6,0
DA:20,0
DA:21,0
DA:22,0
DA:23,0
DA:26,0
DA:27,0
DA:30,0
DA:31,0
DA:32,0
DA:33,0
DA:36,0
DA:44,0
DA:46,0
DA:60,0
DA:61,0
DA:74,0
LF:20
LH:0
BRDA:31,0,0,0
BRDA:31,0,1,0
BRDA:32,1,0,0
BRDA:32,1,1,0
BRDA:50,2,0,0
BRDA:50,2,1,0
BRDA:57,3,0,0
BRDA:57,3,1,0
BRDA:60,4,0,0
BRDA:60,4,1,0
BRDA:66,5,0,0
BRDA:66,5,1,0
BRDA:78,6,0,0
BRDA:78,6,1,0
BRF:14
BRH:0
end_of_record
TN:
SF:components/features/miniapp/MiniAppCard.tsx
FN:45,formatNumber
FN:52,MiniAppCard
FNF:2
FNH:0
FNDA:0,formatNumber
FNDA:0,MiniAppCard
DA:3,0
DA:4,0
DA:5,0
DA:6,0
DA:7,0
DA:8,0
DA:9,0
DA:10,0
DA:29,0
DA:38,0
DA:46,0
DA:47,0
DA:48,0
DA:49,0
DA:52,0
DA:53,0
DA:54,0
DA:57,0
DA:59,0
LF:19
LH:0
BRDA:46,0,0,0
BRDA:46,1,0,0
BRDA:46,1,1,0
BRDA:47,2,0,0
BRDA:48,3,0,0
BRDA:54,4,0,0
BRDA:54,4,1,0
BRDA:57,5,0,0
BRDA:57,5,1,0
BRDA:62,6,0,0
BRDA:62,6,1,0
BRDA:80,7,0,0
BRDA:80,7,1,0
BRDA:82,8,0,0
BRDA:82,8,1,0
BRDA:102,9,0,0
BRDA:102,9,1,0
BRF:17
BRH:0
end_of_record
TN:
SF:components/features/miniapp/MiniAppCardWithHighlights.tsx
FN:17,MiniAppCardWithHighlights
FN:19,(anonymous_1)
FN:22,(anonymous_2)
FN:28,(anonymous_3)
FN:29,(anonymous_4)
FN:34,(anonymous_5)
FNF:6
FNH:0
FNDA:0,MiniAppCardWithHighlights
FNDA:0,(anonymous_1)
FNDA:0,(anonymous_2)
FNDA:0,(anonymous_3)
FNDA:0,(anonymous_4)
FNDA:0,(anonymous_5)
DA:8,0
DA:9,0
DA:11,0
DA:17,0
DA:18,0
DA:19,0
DA:22,0
DA:24,0
DA:27,0
DA:28,0
DA:30,0
DA:31,0
DA:39,0
LF:13
LH:0
BRDA:19,0,0,0
BRDA:19,0,1,0
BRDA:24,1,0,0
BRDA:30,2,0,0
BRF:4
BRH:0
end_of_record
TN:
SF:components/features/miniapp/MiniAppGrid.tsx
FN:11,MiniAppGrid
FN:20,(anonymous_1)
FNF:2
FNH:0
FNDA:0,MiniAppGrid
FNDA:0,(anonymous_1)
DA:3,0
DA:11,0
DA:12,0
DA:18,0
DA:21,0
LF:5
LH:0
BRDA:11,0,0,0
BRF:1
BRH:0
end_of_record
TN:
SF:components/features/miniapp/MiniAppListItem.tsx
FN:14,formatNumber
FN:21,formatTimeAgo
FN:34,MiniAppListItem
FNF:3
FNH:0
FNDA:0,formatNumber
FNDA:0,formatTimeAgo
FNDA:0,MiniAppListItem
DA:3,0
DA:4,0
DA:5,0
DA:6,0
DA:7,0
DA:15,0
DA:16,0
DA:17,0
DA:18,0
DA:22,0
DA:23,0
DA:24,0
DA:25,0
DA:26,0
DA:27,0
DA:28,0
DA:29,0
DA:30,0
DA:31,0
DA:34,0
DA:35,0
DA:36,0
DA:38,0
LF:23
LH:0
BRDA:15,0,0,0
BRDA:16,1,0,0
BRDA:17,2,0,0
BRDA:22,3,0,0
BRDA:27,4,0,0
BRDA:28,5,0,0
BRDA:29,6,0,0
BRDA:30,7,0,0
BRDA:36,8,0,0
BRDA:36,8,1,0
BRF:10
BRH:0
end_of_record
TN:
SF:components/features/miniapp/MiniAppLogo.tsx
FN:168,MiniAppLogo
FNF:1
FNH:0
FNDA:0,MiniAppLogo
DA:3,0
DA:65,0
DA:142,0
DA:152,0
DA:168,0
DA:169,0
DA:170,0
DA:172,0
DA:178,0
DA:184,0
LF:10
LH:0
BRDA:168,0,0,0
BRDA:168,1,0,0
BRDA:169,2,0,0
BRDA:169,2,1,0
BRDA:169,2,2,0
BRDA:170,3,0,0
BRDA:170,3,1,0
BRF:7
BRH:0
end_of_record
TN:
SF:components/features/miniapp/index.ts
FN:1,(anonymous_0)
FN:2,(anonymous_1)
FN:3,(anonymous_2)
FN:4,(anonymous_3)
FN:5,(anonymous_4)
FN:6,(anonymous_5)
FN:7,(anonymous_6)
FNF:7
FNH:0
FNDA:0,(anonymous_0)
FNDA:0,(anonymous_1)
FNDA:0,(anonymous_2)
FNDA:0,(anonymous_3)
FNDA:0,(anonymous_4)
FNDA:0,(anonymous_5)
FNDA:0,(anonymous_6)
DA:1,0
DA:2,0
DA:3,0
DA:4,0
DA:5,0
DA:6,0
DA:7,0
LF:7
LH:0
BRF:0
BRH:0
end_of_record
TN:
SF:components/features/miniapp/animations/DefiAnimations.tsx
FN:8,FlashLoanAnimation
FN:20,AITraderAnimation
FN:40,GridBotAnimation
FN:44,(anonymous_3)
FN:58,BridgeGuardianAnimation
FN:72,GasCircleAnimation
FN:85,ILGuardAnimation
FN:97,CompoundCapsuleAnimation
FN:109,DarkPoolAnimation
FN:113,(anonymous_9)
FN:127,DutchAuctionAnimation
FN:140,NoLossLotteryAnimation
FN:154,QuantumSwapAnimation
FN:167,SelfLoanAnimation
FN:180,NeoBurgerAnimation
FN:199,PriceTickerAnimation
FNF:16
FNH:0
FNDA:0,FlashLoanAnimation
FNDA:0,AITraderAnimation
FNDA:0,GridBotAnimation
FNDA:0,(anonymous_3)
FNDA:0,BridgeGuardianAnimation
FNDA:0,GasCircleAnimation
FNDA:0,ILGuardAnimation
FNDA:0,CompoundCapsuleAnimation
FNDA:0,DarkPoolAnimation
FNDA:0,(anonymous_9)
FNDA:0,DutchAuctionAnimation
FNDA:0,NoLossLotteryAnimation
FNDA:0,QuantumSwapAnimation
FNDA:0,SelfLoanAnimation
FNDA:0,NeoBurgerAnimation
FNDA:0,PriceTickerAnimation
DA:8,0
DA:9,0
DA:20,0
DA:21,0
DA:40,0
DA:41,0
DA:45,0
DA:58,0
DA:59,0
DA:72,0
DA:73,0
DA:85,0
DA:86,0
DA:97,0
DA:98,0
DA:109,0
DA:110,0
DA:114,0
DA:127,0
DA:128,0
DA:140,0
DA:141,0
DA:154,0
DA:155,0
DA:167,0
DA:168,0
DA:180,0
DA:181,0
DA:199,0
DA:200,0
LF:30
LH:0
BRF:0
BRH:0
end_of_record
TN:
SF:components/features/miniapp/animations/GamingAnimations.tsx
FN:10,LotteryAnimation
FN:14,(anonymous_1)
FN:27,CoinFlipAnimation
FN:40,DiceAnimation
FN:54,ScratchCardAnimation
FN:66,PokerAnimation
FN:70,(anonymous_6)
FN:89,CrashAnimation
FN:101,CandleWarsAnimation
FN:117,AlgoBattleAnimation
FN:130,FogChessAnimation
FN:142,FogPuzzleAnimation
FN:154,CryptoRiddleAnimation
FN:166,WorldPianoAnimation
FN:170,(anonymous_14)
FN:184,MillionPieceMapAnimation
FN:196,PuzzleMiningAnimation
FN:208,ScreamToEarnAnimation
FN:214,(anonymous_18)
FNF:19
FNH:0
FNDA:0,LotteryAnimation
FNDA:0,(anonymous_1)
FNDA:0,CoinFlipAnimation
FNDA:0,DiceAnimation
FNDA:0,ScratchCardAnimation
FNDA:0,PokerAnimation
FNDA:0,(anonymous_6)
FNDA:0,CrashAnimation
FNDA:0,CandleWarsAnimation
FNDA:0,AlgoBattleAnimation
FNDA:0,FogChessAnimation
FNDA:0,FogPuzzleAnimation
FNDA:0,CryptoRiddleAnimation
FNDA:0,WorldPianoAnimation
FNDA:0,(anonymous_14)
FNDA:0,MillionPieceMapAnimation
FNDA:0,PuzzleMiningAnimation
FNDA:0,ScreamToEarnAnimation
FNDA:0,(anonymous_18)
DA:10,0
DA:11,0
DA:15,0
DA:27,0
DA:28,0
DA:40,0
DA:41,0
DA:54,0
DA:55,0
DA:66,0
DA:67,0
DA:71,0
DA:89,0
DA:90,0
DA:101,0
DA:102,0
DA:117,0
DA:118,0
DA:130,0
DA:131,0
DA:142,0
DA:143,0
DA:154,0
DA:155,0
DA:166,0
DA:167,0
DA:171,0
DA:184,0
DA:185,0
DA:196,0
DA:197,0
DA:208,0
DA:209,0
DA:215,0
LF:34
LH:0
BRF:0
BRH:0
end_of_record
TN:
SF:components/features/miniapp/animations/GovernanceAnimations.tsx
FN:8,SecretVoteAnimation
FN:20,GovBoosterAnimation
FN:32,PredictionMarketAnimation
FN:44,BurnLeagueAnimation
FN:56,DoomsdayClockAnimation
FN:68,MasqueradeDAOAnimation
FN:79,GovMercAnimation
FNF:7
FNH:0
FNDA:0,SecretVoteAnimation
FNDA:0,GovBoosterAnimation
FNDA:0,PredictionMarketAnimation
FNDA:0,BurnLeagueAnimation
FNDA:0,DoomsdayClockAnimation
FNDA:0,MasqueradeDAOAnimation
FNDA:0,GovMercAnimation
DA:8,0
DA:9,0
DA:20,0
DA:21,0
DA:32,0
DA:33,0
DA:44,0
DA:45,0
DA:56,0
DA:57,0
DA:68,0
DA:69,0
DA:79,0
DA:80,0
LF:14
LH:0
BRF:0
BRH:0
end_of_record
TN:
SF:components/features/miniapp/animations/NFTAnimations.tsx
FN:8,CanvasAnimation
FN:20,NFTEvolveAnimation
FN:33,NFTChimeraAnimation
FN:46,SchrodingerNFTAnimation
FN:59,MeltingAssetAnimation
FN:65,(anonymous_5)
FN:79,OnChainTarotAnimation
FN:92,GardenOfNeoAnimation
FN:105,GraveyardAnimation
FN:117,ParasiteAnimation
FNF:10
FNH:0
FNDA:0,CanvasAnimation
FNDA:0,NFTEvolveAnimation
FNDA:0,NFTChimeraAnimation
FNDA:0,SchrodingerNFTAnimation
FNDA:0,MeltingAssetAnimation
FNDA:0,(anonymous_5)
FNDA:0,OnChainTarotAnimation
FNDA:0,GardenOfNeoAnimation
FNDA:0,GraveyardAnimation
FNDA:0,ParasiteAnimation
DA:8,0
DA:9,0
DA:20,0
DA:21,0
DA:33,0
DA:34,0
DA:46,0
DA:47,0
DA:59,0
DA:60,0
DA:66,0
DA:79,0
DA:80,0
DA:92,0
DA:93,0
DA:105,0
DA:106,0
DA:117,0
DA:118,0
LF:19
LH:0
BRF:0
BRH:0
end_of_record
TN:
SF:components/features/miniapp/animations/SocialAnimations.tsx
FN:8,AISoulmateAnimation
FN:20,RedEnvelopeAnimation
FN:32,DarkRadioAnimation
FN:37,(anonymous_3)
FN:50,DevTippingAnimation
FN:54,(anonymous_5)
FN:68,BountyHunterAnimation
FN:80,BreakupContractAnimation
FN:92,ExFilesAnimation
FN:104,GeoSpotlightAnimation
FN:116,WhisperChainAnimation
FN:120,(anonymous_11)
FN:134,PayToViewAnimation
FN:146,DeadSwitchAnimation
FN:160,TimeCapsuleAnimation
FNF:15
FNH:0
FNDA:0,AISoulmateAnimation
FNDA:0,RedEnvelopeAnimation
FNDA:0,DarkRadioAnimation
FNDA:0,(anonymous_3)
FNDA:0,DevTippingAnimation
FNDA:0,(anonymous_5)
FNDA:0,BountyHunterAnimation
FNDA:0,BreakupContractAnimation
FNDA:0,ExFilesAnimation
FNDA:0,GeoSpotlightAnimation
FNDA:0,WhisperChainAnimation
FNDA:0,(anonymous_11)
FNDA:0,PayToViewAnimation
FNDA:0,DeadSwitchAnimation
FNDA:0,TimeCapsuleAnimation
DA:8,0
DA:9,0
DA:20,0
DA:21,0
DA:32,0
DA:33,0
DA:38,0
DA:50,0
DA:51,0
DA:55,0
DA:68,0
DA:69,0
DA:80,0
DA:81,0
DA:92,0
DA:93,0
DA:104,0
DA:105,0
DA:116,0
DA:117,0
DA:121,0
DA:134,0
DA:135,0
DA:146,0
DA:147,0
DA:160,0
DA:161,0
LF:27
LH:0
BRF:0
BRH:0
end_of_record
TN:
SF:components/features/miniapp/animations/UtilityAnimations.tsx
FN:8,CandidateVoteAnimation
FN:20,ExplorerAnimation
FN:32,GuardianPolicyAnimation
FN:44,UnbreakableVaultAnimation
FN:57,ZKBadgeAnimation
FN:69,HeritageTrustAnimation
FNF:6
FNH:0
FNDA:0,CandidateVoteAnimation
FNDA:0,ExplorerAnimation
FNDA:0,GuardianPolicyAnimation
FNDA:0,UnbreakableVaultAnimation
FNDA:0,ZKBadgeAnimation
FNDA:0,HeritageTrustAnimation
DA:8,0
DA:9,0
DA:20,0
DA:21,0
DA:32,0
DA:33,0
DA:44,0
DA:45,0
DA:57,0
DA:58,0
DA:69,0
DA:70,0
LF:12
LH:0
BRF:0
BRH:0
end_of_record
TN:
SF:components/features/miniapp/animations/index.ts
FNF:0
FNH:0
DA:5,0
DA:6,0
DA:7,0
DA:8,0
DA:9,0
DA:10,0
LF:6
LH:0
BRF:0
BRH:0
end_of_record
TN:
SF:components/features/notifications/NotificationDropdown.tsx
FN:21,timeAgo
FN:29,NotificationDropdown
FN:37,(anonymous_2)
FN:38,(anonymous_3)
FN:44,(anonymous_4)
FN:48,(anonymous_5)
FN:50,(anonymous_6)
FN:57,(anonymous_7)
FN:68,(anonymous_8)
FN:71,(anonymous_9)
FN:71,(anonymous_10)
FN:72,(anonymous_11)
FN:78,(anonymous_12)
FN:82,(anonymous_13)
FN:82,(anonymous_14)
FN:93,(anonymous_15)
FN:128,(anonymous_16)
FN:135,(anonymous_17)
FNF:18
FNH:0
FNDA:0,timeAgo
FNDA:0,NotificationDropdown
FNDA:0,(anonymous_2)
FNDA:0,(anonymous_3)
FNDA:0,(anonymous_4)
FNDA:0,(anonymous_5)
FNDA:0,(anonymous_6)
FNDA:0,(anonymous_7)
FNDA:0,(anonymous_8)
FNDA:0,(anonymous_9)
FNDA:0,(anonymous_10)
FNDA:0,(anonymous_11)
FNDA:0,(anonymous_12)
FNDA:0,(anonymous_13)
FNDA:0,(anonymous_14)
FNDA:0,(anonymous_15)
FNDA:0,(anonymous_16)
FNDA:0,(anonymous_17)
DA:3,0
DA:4,0
DA:5,0
DA:12,0
DA:22,0
DA:23,0
DA:24,0
DA:25,0
DA:26,0
DA:29,0
DA:30,0
DA:31,0
DA:32,0
DA:33,0
DA:34,0
DA:37,0
DA:38,0
DA:39,0
DA:40,0
DA:43,0
DA:44,0
DA:48,0
DA:49,0
DA:50,0
DA:51,0
DA:52,0
DA:53,0
DA:54,0
DA:55,0
DA:56,0
DA:57,0
DA:62,0
DA:65,0
DA:68,0
DA:69,0
DA:70,0
DA:71,0
DA:72,0
DA:78,0
DA:79,0
DA:80,0
DA:81,0
DA:82,0
DA:83,0
DA:89,0
DA:93,0
DA:129,0
DA:135,0
LF:48
LH:0
BRDA:23,0,0,0
BRDA:24,1,0,0
BRDA:25,2,0,0
BRDA:39,3,0,0
BRDA:39,4,0,0
BRDA:39,4,1,0
BRDA:49,5,0,0
BRDA:54,6,0,0
BRDA:56,7,0,0
BRDA:56,7,1,0
BRDA:57,8,0,0
BRDA:57,8,1,0
BRDA:71,9,0,0
BRDA:71,9,1,0
BRDA:79,10,0,0
BRDA:98,11,0,0
BRDA:98,11,1,0
BRDA:100,12,0,0
BRDA:100,12,1,0
BRDA:106,13,0,0
BRDA:106,13,1,0
BRDA:111,14,0,0
BRDA:111,14,1,0
BRDA:120,15,0,0
BRDA:120,15,1,0
BRDA:122,16,0,0
BRDA:122,16,1,0
BRDA:133,17,0,0
BRDA:133,17,1,0
BRDA:135,18,0,0
BRDA:135,18,1,0
BRDA:137,19,0,0
BRDA:137,19,1,0
BRDA:143,20,0,0
BRDA:143,20,1,0
BRF:35
BRH:0
end_of_record
TN:
SF:components/features/notifications/NotificationSettings.tsx
FN:8,NotificationSettings
FN:18,(anonymous_1)
FN:24,(anonymous_2)
FN:54,(anonymous_3)
FN:60,(anonymous_4)
FN:66,(anonymous_5)
FN:74,(anonymous_6)
FN:82,SettingsSection
FN:102,ToggleItem
FN:120,(anonymous_9)
FN:131,EmailBindInput
FN:147,(anonymous_11)
FN:162,VerifyCodeInput
FN:180,(anonymous_13)
FN:197,FrequencySelector
FN:206,(anonymous_15)
FN:209,(anonymous_16)
FNF:17
FNH:0
FNDA:0,NotificationSettings
FNDA:0,(anonymous_1)
FNDA:0,(anonymous_2)
FNDA:0,(anonymous_3)
FNDA:0,(anonymous_4)
FNDA:0,(anonymous_5)
FNDA:0,(anonymous_6)
FNDA:0,SettingsSection
FNDA:0,ToggleItem
FNDA:0,(anonymous_9)
FNDA:0,EmailBindInput
FNDA:0,(anonymous_11)
FNDA:0,VerifyCodeInput
FNDA:0,(anonymous_13)
FNDA:0,FrequencySelector
FNDA:0,(anonymous_15)
FNDA:0,(anonymous_16)
DA:3,0
DA:4,0
DA:5,0
DA:8,0
DA:9,0
DA:10,0
DA:11,0
DA:12,0
DA:14,0
DA:15,0
DA:18,0
DA:19,0
DA:20,0
DA:21,0
DA:24,0
DA:25,0
DA:26,0
DA:27,0
DA:28,0
DA:32,0
DA:54,0
DA:60,0
DA:66,0
DA:74,0
DA:91,0
DA:113,0
DA:120,0
DA:142,0
DA:147,0
DA:173,0
DA:180,0
DA:198,0
DA:204,0
DA:207,0
DA:209,0
LF:35
LH:0
BRDA:14,0,0,0
BRDA:19,1,0,0
BRDA:26,2,0,0
BRDA:36,3,0,0
BRDA:36,3,1,0
BRDA:36,4,0,0
BRDA:36,4,1,0
BRDA:41,5,0,0
BRDA:41,5,1,0
BRDA:121,6,0,0
BRDA:121,6,1,0
BRDA:124,7,0,0
BRDA:124,7,1,0
BRDA:153,8,0,0
BRDA:153,8,1,0
BRDA:156,9,0,0
BRDA:156,9,1,0
BRDA:187,10,0,0
BRDA:187,10,1,0
BRDA:190,11,0,0
BRDA:190,11,1,0
BRDA:211,12,0,0
BRDA:211,12,1,0
BRDA:220,13,0,0
BRDA:220,13,1,0
BRF:25
BRH:0
end_of_record
TN:
SF:components/features/notifications/index.ts
FN:1,(anonymous_0)
FN:2,(anonymous_1)
FNF:2
FNH:0
FNDA:0,(anonymous_0)
FNDA:0,(anonymous_1)
DA:1,0
DA:2,0
LF:2
LH:0
BRF:0
BRH:0
end_of_record
TN:
SF:components/features/oauth/OAuthLinks.tsx
FN:3,OAuthLinks
FN:6,(anonymous_1)
FN:6,(anonymous_2)
FN:8,(anonymous_3)
FN:8,(anonymous_4)
FN:24,(anonymous_5)
FN:43,(anonymous_6)
FN:50,(anonymous_7)
FNF:8
FNH:0
FNDA:0,OAuthLinks
FNDA:0,(anonymous_1)
FNDA:0,(anonymous_2)
FNDA:0,(anonymous_3)
FNDA:0,(anonymous_4)
FNDA:0,(anonymous_5)
FNDA:0,(anonymous_6)
FNDA:0,(anonymous_7)
DA:1,0
DA:3,0
DA:4,0
DA:6,0
DA:8,0
DA:10,0
DA:25,0
DA:26,0
DA:27,0
DA:29,0
DA:43,0
DA:50,0
LF:12
LH:0
BRDA:14,0,0,0
BRDA:14,0,1,0
BRDA:35,1,0,0
BRDA:35,1,1,0
BRDA:35,1,2,0
BRDA:36,2,0,0
BRDA:36,2,1,0
BRDA:36,2,2,0
BRDA:41,3,0,0
BRDA:41,3,1,0
BRDA:54,4,0,0
BRDA:54,4,1,0
BRF:12
BRH:0
end_of_record
TN:
SF:components/features/oauth/index.ts
FN:1,(anonymous_0)
FNF:1
FNH:0
FNDA:0,(anonymous_0)
DA:1,0
LF:1
LH:0
BRF:0
BRH:0
end_of_record
TN:
SF:components/features/reviews/ReviewsTab.tsx
FN:13,ReviewsTab
FN:32,(anonymous_10)
FNF:2
FNH:0
FNDA:0,ReviewsTab
FNDA:0,(anonymous_10)
DA:3,0
DA:4,0
DA:5,0
DA:6,0
DA:7,0
DA:13,0
DA:14,0
DA:30,0
DA:32,0
DA:33,0
DA:34,0
DA:37,0
DA:40,0
DA:48,0
DA:79,0
LF:15
LH:0
BRDA:40,0,0,0
BRDA:40,0,1,0
BRDA:56,1,0,0
BRDA:56,1,1,0
BRDA:72,2,0,0
BRDA:72,2,1,0
BRF:6
BRH:0
end_of_record
TN:
SF:components/features/reviews/index.ts
FN:1,(anonymous_0)
FNF:1
FNH:0
FNDA:0,(anonymous_0)
DA:1,0
LF:1
LH:0
BRF:0
BRH:0
end_of_record
TN:
SF:components/features/search/SearchSuggestions.tsx
FN:14,SearchSuggestions
FN:27,(anonymous_1)
FN:47,(anonymous_2)
FN:49,(anonymous_3)
FN:50,(anonymous_4)
FN:56,(anonymous_5)
FN:57,(anonymous_6)
FN:63,(anonymous_7)
FN:66,(anonymous_8)
FN:70,(anonymous_9)
FN:73,(anonymous_10)
FN:86,(anonymous_11)
FN:95,(anonymous_12)
FN:100,(anonymous_13)
FN:117,(anonymous_14)
FN:122,(anonymous_15)
FN:130,(anonymous_16)
FN:168,SearchDropdown
FN:184,(anonymous_18)
FN:187,(anonymous_19)
FN:210,(anonymous_20)
FN:213,(anonymous_21)
FNF:22
FNH:0
FNDA:0,SearchSuggestions
FNDA:0,(anonymous_1)
FNDA:0,(anonymous_2)
FNDA:0,(anonymous_3)
FNDA:0,(anonymous_4)
FNDA:0,(anonymous_5)
FNDA:0,(anonymous_6)
FNDA:0,(anonymous_7)
FNDA:0,(anonymous_8)
FNDA:0,(anonymous_9)
FNDA:0,(anonymous_10)
FNDA:0,(anonymous_11)
FNDA:0,(anonymous_12)
FNDA:0,(anonymous_13)
FNDA:0,(anonymous_14)
FNDA:0,(anonymous_15)
FNDA:0,(anonymous_16)
FNDA:0,SearchDropdown
FNDA:0,(anonymous_18)
FNDA:0,(anonymous_19)
FNDA:0,(anonymous_20)
FNDA:0,(anonymous_21)
DA:3,0
DA:4,0
DA:5,0
DA:6,0
DA:14,0
DA:15,0
DA:16,0
DA:17,0
DA:18,0
DA:19,0
DA:20,0
DA:21,0
DA:22,0
DA:23,0
DA:24,0
DA:27,0
DA:28,0
DA:29,0
DA:30,0
DA:32,0
DA:33,0
DA:34,0
DA:35,0
DA:36,0
DA:37,0
DA:38,0
DA:43,0
DA:47,0
DA:48,0
DA:49,0
DA:50,0
DA:51,0
DA:56,0
DA:57,0
DA:58,0
DA:59,0
DA:62,0
DA:63,0
DA:66,0
DA:67,0
DA:68,0
DA:69,0
DA:70,0
DA:71,0
DA:72,0
DA:73,0
DA:74,0
DA:75,0
DA:76,0
DA:77,0
DA:79,0
DA:81,0
DA:82,0
DA:86,0
DA:87,0
DA:88,0
DA:89,0
DA:91,0
DA:95,0
DA:96,0
DA:97,0
DA:100,0
DA:101,0
DA:102,0
DA:103,0
DA:104,0
DA:108,0
DA:118,0
DA:119,0
DA:120,0
DA:122,0
DA:131,0
DA:132,0
DA:133,0
DA:177,0
DA:185,0
DA:187,0
DA:211,0
DA:213,0
LF:79
LH:0
BRDA:28,0,0,0
BRDA:35,1,0,0
BRDA:37,2,0,0
BRDA:37,2,1,0
BRDA:38,3,0,0
BRDA:38,3,1,0
BRDA:48,4,0,0
BRDA:51,5,0,0
BRDA:58,6,0,0
BRDA:58,7,0,0
BRDA:58,7,1,0
BRDA:68,8,0,0
BRDA:68,8,1,0
BRDA:71,9,0,0
BRDA:71,9,1,0
BRDA:74,10,0,0
BRDA:74,10,1,0
BRDA:74,11,0,0
BRDA:74,11,1,0
BRDA:76,12,0,0
BRDA:76,12,1,0
BRDA:81,13,0,0
BRDA:88,14,0,0
BRDA:88,14,1,0
BRDA:102,15,0,0
BRDA:127,16,0,0
BRDA:127,16,1,0
BRDA:143,17,0,0
BRDA:143,17,1,0
BRDA:143,17,2,0
BRDA:143,17,3,0
BRDA:179,18,0,0
BRDA:179,18,1,0
BRDA:181,19,0,0
BRDA:181,19,1,0
BRDA:181,19,2,0
BRDA:190,20,0,0
BRDA:190,20,1,0
BRDA:204,21,0,0
BRDA:204,21,1,0
BRDA:204,21,2,0
BRDA:216,22,0,0
BRDA:216,22,1,0
BRDA:226,23,0,0
BRDA:226,23,1,0
BRDA:226,23,2,0
BRDA:230,24,0,0
BRDA:230,24,1,0
BRDA:230,24,2,0
BRDA:230,24,3,0
BRF:50
BRH:0
end_of_record
TN:
SF:components/features/search/index.ts
FN:1,(anonymous_0)
FNF:1
FNH:0
FNDA:0,(anonymous_0)
DA:1,0
LF:1
LH:0
BRF:0
BRH:0
end_of_record
TN:
SF:components/features/secrets/AppSecretsTab.tsx
FN:11,AppSecretsTab
FN:16,(anonymous_1)
FN:22,(anonymous_2)
FN:36,(anonymous_3)
FN:41,(anonymous_4)
FN:49,(anonymous_5)
FN:62,SecretItem
FN:83,(anonymous_7)
FN:124,(anonymous_8)
FNF:9
FNH:0
FNDA:0,AppSecretsTab
FNDA:0,(anonymous_1)
FNDA:0,(anonymous_2)
FNDA:0,(anonymous_3)
FNDA:0,(anonymous_4)
FNDA:0,(anonymous_5)
FNDA:0,SecretItem
FNDA:0,(anonymous_7)
FNDA:0,(anonymous_8)
DA:1,0
DA:2,0
DA:3,0
DA:4,0
DA:11,0
DA:12,0
DA:13,0
DA:14,0
DA:16,0
DA:17,0
DA:18,0
DA:22,0
DA:24,0
DA:25,0
DA:32,0
DA:36,0
DA:41,0
DA:50,0
DA:63,0
DA:69,0
DA:83,0
DA:93,0
DA:94,0
DA:100,0
DA:101,0
DA:109,0
DA:110,0
DA:111,0
DA:119,0
DA:120,0
DA:121,0
DA:122,0
DA:123,0
DA:124,0
DA:131,0
DA:140,0
LF:36
LH:0
BRDA:17,0,0,0
BRDA:22,1,0,0
BRDA:22,1,1,0
BRDA:24,2,0,0
BRDA:41,3,0,0
BRDA:41,3,1,0
BRDA:43,4,0,0
BRDA:43,4,1,0
BRDA:45,5,0,0
BRDA:45,5,1,0
BRDA:45,5,2,0
BRDA:47,6,0,0
BRDA:47,6,1,0
BRDA:72,7,0,0
BRDA:72,7,1,0
BRDA:76,8,0,0
BRDA:76,8,1,0
BRDA:82,9,0,0
BRDA:82,9,1,0
BRDA:128,10,0,0
BRDA:128,10,1,0
BRDA:129,11,0,0
BRDA:129,11,1,0
BRF:23
BRH:0
end_of_record
TN:
SF:components/features/secrets/CreateTokenForm.tsx
FN:16,CreateTokenForm
FN:25,(anonymous_1)
FN:56,(anonymous_2)
FN:60,(anonymous_3)
FN:76,(anonymous_4)
FN:87,(anonymous_5)
FN:93,(anonymous_6)
FN:105,(anonymous_7)
FNF:8
FNH:0
FNDA:0,CreateTokenForm
FNDA:0,(anonymous_1)
FNDA:0,(anonymous_2)
FNDA:0,(anonymous_3)
FNDA:0,(anonymous_4)
FNDA:0,(anonymous_5)
FNDA:0,(anonymous_6)
FNDA:0,(anonymous_7)
DA:1,0
DA:2,0
DA:3,0
DA:5,0
DA:16,0
DA:17,0
DA:18,0
DA:19,0
DA:20,0
DA:21,0
DA:22,0
DA:23,0
DA:25,0
DA:26,0
DA:27,0
DA:29,0
DA:30,0
DA:31,0
DA:37,0
DA:38,0
DA:49,0
DA:57,0
DA:60,0
DA:76,0
DA:87,0
DA:93,0
DA:105,0
LF:27
LH:0
BRDA:19,0,0,0
BRDA:19,0,1,0
BRDA:27,1,0,0
BRDA:27,2,0,0
BRDA:27,2,1,0
BRDA:30,3,0,0
BRDA:30,3,1,0
BRDA:37,4,0,0
BRDA:62,5,0,0
BRDA:62,5,1,0
BRDA:85,6,0,0
BRDA:85,6,1,0
BRDA:96,7,0,0
BRDA:96,7,1,0
BRDA:113,8,0,0
BRDA:113,8,1,0
BRDA:113,8,2,0
BRDA:114,9,0,0
BRDA:114,9,1,0
BRF:19
BRH:0
end_of_record
TN:
SF:components/features/secrets/InfoCard.tsx
FN:3,InfoCard
FNF:1
FNH:0
FNDA:0,InfoCard
DA:1,0
DA:3,0
DA:4,0
LF:3
LH:0
BRF:0
BRH:0
end_of_record
TN:
SF:components/features/secrets/SecretsContent.tsx
FN:11,(anonymous_0)
FN:13,SecretsContent
FN:19,(anonymous_2)
FN:26,(anonymous_3)
FN:52,(anonymous_4)
FN:62,(anonymous_5)
FN:67,(anonymous_6)
FN:77,(anonymous_7)
FNF:8
FNH:0
FNDA:0,(anonymous_0)
FNDA:0,SecretsContent
FNDA:0,(anonymous_2)
FNDA:0,(anonymous_3)
FNDA:0,(anonymous_4)
FNDA:0,(anonymous_5)
FNDA:0,(anonymous_6)
FNDA:0,(anonymous_7)
DA:1,0
DA:2,0
DA:3,0
DA:4,0
DA:5,0
DA:6,0
DA:7,0
DA:8,0
DA:9,0
DA:11,0
DA:13,0
DA:14,0
DA:15,0
DA:16,0
DA:17,0
DA:19,0
DA:20,0
DA:21,0
DA:26,0
DA:28,0
DA:29,0
DA:38,0
DA:52,0
DA:62,0
DA:68,0
DA:77,0
LF:26
LH:0
BRDA:20,0,0,0
BRDA:21,1,0,0
BRDA:21,1,1,0
BRDA:26,2,0,0
BRDA:26,2,1,0
BRDA:26,3,0,0
BRDA:26,3,1,0
BRDA:28,4,0,0
BRDA:40,5,0,0
BRDA:40,5,1,0
BRDA:75,6,0,0
BRDA:75,6,1,0
BRDA:78,7,0,0
BRDA:78,7,1,0
BRDA:82,8,0,0
BRDA:82,8,1,0
BRDA:84,9,0,0
BRDA:84,9,1,0
BRDA:84,9,2,0
BRDA:86,10,0,0
BRDA:86,10,1,0
BRF:21
BRH:0
end_of_record
TN:
SF:components/features/secrets/TokenList.tsx
FN:9,TokenList
FN:12,(anonymous_1)
FN:27,(anonymous_2)
FN:37,StatusBadge
FN:47,formatDate
FNF:5
FNH:0
FNDA:0,TokenList
FNDA:0,(anonymous_1)
FNDA:0,(anonymous_2)
FNDA:0,StatusBadge
FNDA:0,formatDate
DA:1,0
DA:9,0
DA:10,0
DA:13,0
DA:27,0
DA:38,0
DA:44,0
DA:48,0
DA:49,0
LF:9
LH:0
BRDA:19,0,0,0
BRDA:19,0,1,0
BRDA:22,1,0,0
BRDA:22,1,1,0
BRDA:26,2,0,0
BRDA:26,2,1,0
BRF:6
BRH:0
end_of_record
TN:
SF:components/features/secrets/index.ts
FN:1,(anonymous_1)
FN:2,(anonymous_2)
FN:3,(anonymous_3)
FN:4,(anonymous_4)
FNF:4
FNH:0
FNDA:0,(anonymous_1)
FNDA:0,(anonymous_2)
FNDA:0,(anonymous_3)
FNDA:0,(anonymous_4)
DA:1,0
DA:2,0
DA:3,0
DA:4,0
LF:4
LH:0
BRF:0
BRH:0
end_of_record
TN:
SF:components/features/staking/StakingCard.tsx
FN:13,StakingCard
FN:18,(anonymous_1)
FN:20,(anonymous_2)
FN:21,(anonymous_3)
FN:22,(anonymous_4)
FN:27,(anonymous_5)
FN:63,(anonymous_6)
FN:69,(anonymous_7)
FNF:8
FNH:0
FNDA:0,StakingCard
FNDA:0,(anonymous_1)
FNDA:0,(anonymous_2)
FNDA:0,(anonymous_3)
FNDA:0,(anonymous_4)
FNDA:0,(anonymous_5)
FNDA:0,(anonymous_6)
FNDA:0,(anonymous_7)
DA:1,0
DA:2,0
DA:13,0
DA:14,0
DA:15,0
DA:16,0
DA:18,0
DA:19,0
DA:20,0
DA:21,0
DA:25,0
DA:27,0
DA:28,0
DA:29,0
DA:30,0
DA:31,0
DA:33,0
DA:35,0
DA:39,0
DA:63,0
DA:69,0
LF:21
LH:0
BRDA:28,0,0,0
BRDA:28,1,0,0
BRDA:28,1,1,0
BRDA:80,2,0,0
BRDA:80,2,1,0
BRDA:83,3,0,0
BRDA:83,3,1,0
BRF:7
BRH:0
end_of_record
TN:
SF:components/features/staking/index.ts
FN:1,(anonymous_0)
FNF:1
FNH:0
FNDA:0,(anonymous_0)
DA:1,0
LF:1
LH:0
BRF:0
BRH:0
end_of_record
TN:
SF:components/features/stats/StatsBar.tsx
FN:17,StatsBar
FN:22,(anonymous_1)
FNF:2
FNH:0
FNDA:0,StatsBar
FNDA:0,(anonymous_1)
DA:3,0
DA:17,0
DA:18,0
DA:23,0
DA:24,0
LF:5
LH:0
BRDA:26,0,0,0
BRDA:26,0,1,0
BRDA:30,1,0,0
BRDA:30,1,1,0
BRF:4
BRH:0
end_of_record
TN:
SF:components/features/stats/index.ts
FN:1,(anonymous_0)
FNF:1
FNH:0
FNDA:0,(anonymous_0)
DA:1,0
LF:1
LH:0
BRF:0
BRH:0
end_of_record
TN:
SF:components/features/twitter/TwitterFeed.tsx
FN:11,TwitterFeed
FN:15,(anonymous_1)
FN:17,(anonymous_2)
FN:18,(anonymous_3)
FN:22,(anonymous_4)
FN:25,(anonymous_5)
FN:38,(anonymous_6)
FN:47,(anonymous_7)
FNF:8
FNH:0
FNDA:0,TwitterFeed
FNDA:0,(anonymous_1)
FNDA:0,(anonymous_2)
FNDA:0,(anonymous_3)
FNDA:0,(anonymous_4)
FNDA:0,(anonymous_5)
FNDA:0,(anonymous_6)
FNDA:0,(anonymous_7)
DA:1,0
DA:11,0
DA:12,0
DA:13,0
DA:15,0
DA:16,0
DA:17,0
DA:19,0
DA:20,0
DA:22,0
DA:25,0
DA:26,0
DA:27,0
DA:28,0
DA:29,0
DA:30,0
DA:31,0
DA:32,0
DA:35,0
DA:36,0
DA:39,0
DA:45,0
DA:48,0
LF:23
LH:0
BRDA:19,0,0,0
BRDA:19,0,1,0
BRDA:30,1,0,0
BRDA:31,2,0,0
BRDA:35,3,0,0
BRF:5
BRH:0
end_of_record
TN:
SF:components/features/twitter/index.ts
FN:1,(anonymous_0)
FNF:1
FNH:0
FNDA:0,(anonymous_0)
DA:1,0
LF:1
LH:0
BRF:0
BRH:0
end_of_record
TN:
SF:components/features/wallet/ConnectButton.tsx
FN:6,ConnectButton
FN:12,(anonymous_1)
FN:17,(anonymous_2)
FN:56,(anonymous_3)
FN:66,(anonymous_4)
FN:69,(anonymous_5)
FN:76,(anonymous_6)
FNF:7
FNH:0
FNDA:0,ConnectButton
FNDA:0,(anonymous_1)
FNDA:0,(anonymous_2)
FNDA:0,(anonymous_3)
FNDA:0,(anonymous_4)
FNDA:0,(anonymous_5)
FNDA:0,(anonymous_6)
DA:1,0
DA:2,0
DA:3,0
DA:4,0
DA:6,0
DA:8,0
DA:9,0
DA:10,0
DA:12,0
DA:13,0
DA:14,0
DA:17,0
DA:18,0
DA:19,0
DA:20,0
DA:21,0
DA:24,0
DA:25,0
DA:53,0
DA:56,0
DA:67,0
DA:69,0
DA:77,0
LF:23
LH:0
BRDA:24,0,0,0
BRDA:32,1,0,0
BRDA:32,1,1,0
BRDA:43,2,0,0
BRDA:43,2,1,0
BRDA:60,3,0,0
BRDA:60,3,1,0
BRDA:63,4,0,0
BRDA:63,4,1,0
BRDA:86,5,0,0
BRDA:86,5,1,0
BRF:11
BRH:0
end_of_record
TN:
SF:components/features/wallet/index.ts
FN:1,(anonymous_0)
FNF:1
FNH:0
FNDA:0,(anonymous_0)
DA:1,0
LF:1
LH:0
BRF:0
BRH:0
end_of_record
TN:
SF:components/layout/Footer.tsx
FN:21,Footer
FN:41,(anonymous_2)
FN:55,(anonymous_3)
FN:69,(anonymous_4)
FNF:4
FNH:0
FNDA:0,Footer
FNDA:0,(anonymous_2)
FNDA:0,(anonymous_3)
FNDA:0,(anonymous_4)
DA:1,0
DA:3,0
DA:21,0
DA:22,0
DA:42,0
DA:56,0
DA:70,0
LF:7
LH:0
BRF:0
BRH:0
end_of_record
TN:
SF:components/layout/Layout.tsx
FN:9,Layout
FNF:1
FNH:0
FNDA:0,Layout
DA:1,0
DA:2,0
DA:9,0
DA:10,0
LF:4
LH:0
BRDA:14,0,0,0
BRDA:14,0,1,0
BRF:2
BRH:0
end_of_record
TN:
SF:components/layout/Navbar.tsx
FN:14,(anonymous_10)
FN:14,(anonymous_11)
FN:14,(anonymous_12)
FN:25,Navbar
FN:36,(anonymous_14)
FN:45,(anonymous_15)
FN:58,(anonymous_16)
FN:59,(anonymous_17)
FN:67,(anonymous_18)
FN:91,(anonymous_19)
FN:115,(anonymous_20)
FN:137,(anonymous_21)
FN:149,(anonymous_22)
FN:166,(anonymous_23)
FN:173,(anonymous_24)
FN:177,(anonymous_25)
FNF:16
FNH:0
FNDA:0,(anonymous_10)
FNDA:0,(anonymous_11)
FNDA:0,(anonymous_12)
FNDA:0,Navbar
FNDA:0,(anonymous_14)
FNDA:0,(anonymous_15)
FNDA:0,(anonymous_16)
FNDA:0,(anonymous_17)
FNDA:0,(anonymous_18)
FNDA:0,(anonymous_19)
FNDA:0,(anonymous_20)
FNDA:0,(anonymous_21)
FNDA:0,(anonymous_22)
FNDA:0,(anonymous_23)
FNDA:0,(anonymous_24)
FNDA:0,(anonymous_25)
DA:3,0
DA:4,0
DA:5,0
DA:6,0
DA:7,0
DA:8,0
DA:9,0
DA:10,0
DA:11,0
DA:12,0
DA:14,0
DA:18,0
DA:25,0
DA:26,0
DA:27,0
DA:28,0
DA:29,0
DA:30,0
DA:31,0
DA:32,0
DA:35,0
DA:37,0
DA:40,0
DA:41,0
DA:45,0
DA:46,0
DA:47,0
DA:48,0
DA:50,0
DA:58,0
DA:59,0
DA:60,0
DA:61,0
DA:67,0
DA:68,0
DA:69,0
DA:70,0
DA:75,0
DA:92,0
DA:115,0
DA:137,0
DA:149,0
DA:166,0
DA:174,0
DA:177,0
LF:45
LH:0
BRDA:40,0,0,0
BRDA:46,1,0,0
BRDA:46,1,1,0
BRDA:48,2,0,0
BRDA:48,3,0,0
BRDA:48,3,1,0
BRDA:60,4,0,0
BRDA:68,5,0,0
BRDA:68,5,1,0
BRDA:69,6,0,0
BRDA:97,7,0,0
BRDA:97,7,1,0
BRDA:129,8,0,0
BRDA:129,8,1,0
BRDA:137,9,0,0
BRDA:137,9,1,0
BRDA:142,10,0,0
BRDA:142,10,1,0
BRDA:152,11,0,0
BRDA:152,11,1,0
BRDA:158,12,0,0
BRDA:158,12,1,0
BRDA:180,13,0,0
BRDA:180,13,1,0
BRF:24
BRH:0
end_of_record
TN:
SF:components/layout/index.ts
FN:1,(anonymous_0)
FN:2,(anonymous_1)
FN:3,(anonymous_2)
FNF:3
FNH:0
FNDA:0,(anonymous_0)
FNDA:0,(anonymous_1)
FNDA:0,(anonymous_2)
DA:1,0
DA:2,0
DA:3,0
LF:3
LH:0
BRF:0
BRH:0
end_of_record
TN:
SF:components/providers/ThemeProvider.tsx
FN:15,ThemeProvider
FN:18,(anonymous_1)
FN:27,(anonymous_2)
FN:34,(anonymous_3)
FN:39,useTheme
FNF:5
FNH:0
FNDA:0,ThemeProvider
FNDA:0,(anonymous_1)
FNDA:0,(anonymous_2)
FNDA:0,(anonymous_3)
FNDA:0,useTheme
DA:3,0
DA:13,0
DA:15,0
DA:16,0
DA:18,0
DA:19,0
DA:20,0
DA:21,0
DA:24,0
DA:27,0
DA:28,0
DA:29,0
DA:31,0
DA:34,0
DA:36,0
DA:39,0
DA:40,0
DA:41,0
DA:42,0
LF:19
LH:0
BRDA:20,0,0,0
BRDA:24,1,0,0
BRDA:24,1,1,0
BRDA:34,2,0,0
BRDA:34,2,1,0
BRDA:41,3,0,0
BRF:6
BRH:0
end_of_record
TN:
SF:components/settings/NotificationSettings.tsx
FN:10,NotificationSettings
FN:17,(anonymous_1)
FN:61,EmailSection
FN:93,(anonymous_3)
FN:97,(anonymous_4)
FN:102,(anonymous_5)
FN:111,ToggleSection
FN:131,(anonymous_7)
FN:137,(anonymous_8)
FN:145,Toggle
FN:162,(anonymous_10)
FNF:11
FNH:0
FNDA:0,NotificationSettings
FNDA:0,(anonymous_1)
FNDA:0,EmailSection
FNDA:0,(anonymous_3)
FNDA:0,(anonymous_4)
FNDA:0,(anonymous_5)
FNDA:0,ToggleSection
FNDA:0,(anonymous_7)
FNDA:0,(anonymous_8)
FNDA:0,Toggle
FNDA:0,(anonymous_10)
DA:3,0
DA:4,0
DA:10,0
DA:12,0
DA:14,0
DA:15,0
DA:17,0
DA:18,0
DA:19,0
DA:23,0
DA:24,0
DA:27,0
DA:28,0
DA:31,0
DA:76,0
DA:93,0
DA:97,0
DA:102,0
DA:122,0
DA:128,0
DA:132,0
DA:137,0
DA:156,0
DA:162,0
LF:24
LH:0
BRDA:18,0,0,0
BRDA:23,1,0,0
BRDA:27,2,0,0
BRDA:35,3,0,0
BRDA:35,3,1,0
BRDA:79,4,0,0
BRDA:79,4,1,0
BRDA:82,5,0,0
BRDA:82,5,1,0
BRDA:88,6,0,0
BRDA:88,6,1,0
BRF:11
BRH:0
end_of_record
TN:
SF:components/ui/badge.tsx
FN:26,Badge
FNF:1
FNH:0
FNDA:0,Badge
DA:1,0
DA:2,0
DA:3,0
DA:5,0
DA:27,0
DA:30,0
LF:6
LH:0
BRF:0
BRH:0
end_of_record
TN:
SF:components/ui/button.tsx
FN:34,(anonymous_9)
FNF:1
FNH:0
FNDA:0,(anonymous_9)
DA:1,0
DA:2,0
DA:3,0
DA:5,0
DA:34,0
DA:35,0
DA:37,0
DA:39,0
LF:8
LH:0
BRF:0
BRH:0
end_of_record
TN:
SF:components/ui/card.tsx
FN:4,(anonymous_9)
FN:10,(anonymous_10)
FN:17,(anonymous_11)
FN:24,(anonymous_12)
FN:31,(anonymous_13)
FN:36,(anonymous_14)
FNF:6
FNH:0
FNDA:0,(anonymous_9)
FNDA:0,(anonymous_10)
FNDA:0,(anonymous_11)
FNDA:0,(anonymous_12)
FNDA:0,(anonymous_13)
FNDA:0,(anonymous_14)
DA:1,0
DA:2,0
DA:4,0
DA:5,0
DA:7,0
DA:9,0
DA:11,0
DA:14,0
DA:16,0
DA:18,0
DA:21,0
DA:23,0
DA:25,0
DA:28,0
DA:30,0
DA:31,0
DA:33,0
DA:35,0
DA:37,0
DA:40,0
DA:42,0
LF:21
LH:0
BRF:0
BRH:0
end_of_record
TN:
SF:components/ui/command-menu.tsx
FN:15,CommandMenu
FN:19,(anonymous_1)
FN:20,(anonymous_2)
FN:23,(anonymous_3)
FN:27,(anonymous_4)
FN:30,(anonymous_5)
FN:50,(anonymous_6)
FN:53,(anonymous_7)
FNF:8
FNH:0
FNDA:0,CommandMenu
FNDA:0,(anonymous_1)
FNDA:0,(anonymous_2)
FNDA:0,(anonymous_3)
FNDA:0,(anonymous_4)
FNDA:0,(anonymous_5)
FNDA:0,(anonymous_6)
FNDA:0,(anonymous_7)
DA:3,0
DA:4,0
DA:5,0
DA:6,0
DA:8,0
DA:15,0
DA:16,0
DA:17,0
DA:19,0
DA:20,0
DA:21,0
DA:22,0
DA:23,0
DA:26,0
DA:27,0
DA:30,0
DA:31,0
DA:32,0
DA:35,0
DA:37,0
DA:51,0
DA:53,0
LF:22
LH:0
BRDA:21,0,0,0
BRDA:21,1,0,0
BRDA:21,1,1,0
BRDA:21,1,2,0
BRDA:35,2,0,0
BRF:5
BRH:0
end_of_record
TN:
SF:components/ui/input.tsx
FN:6,(anonymous_9)
FNF:1
FNH:0
FNDA:0,(anonymous_9)
DA:1,0
DA:2,0
DA:6,0
DA:7,0
DA:21,0
LF:5
LH:0
BRF:0
BRH:0
end_of_record
TN:
SF:components/ui/skeleton.tsx
FN:7,Skeleton
FNF:1
FNH:0
FNDA:0,Skeleton
DA:1,0
DA:7,0
DA:8,0
LF:3
LH:0
BRF:0
BRH:0
end_of_record
TN:
SF:hooks/useActivityFeed.ts
FN:22,useActivityFeed
FN:33,(anonymous_1)
FN:84,(anonymous_2)
FN:87,(anonymous_3)
FN:107,(anonymous_4)
FN:114,(anonymous_5)
FN:117,(anonymous_6)
FN:121,(anonymous_7)
FN:128,mergeActivities
FN:129,(anonymous_9)
FN:139,(anonymous_10)
FN:142,transformEvent
FN:155,transformTransaction
FN:169,transformNotification
FN:181,formatEventDescription
FN:186,formatTxDescription
FN:192,extractAppIdFromRequestId
FNF:17
FNH:0
FNDA:0,useActivityFeed
FNDA:0,(anonymous_1)
FNDA:0,(anonymous_2)
FNDA:0,(anonymous_3)
FNDA:0,(anonymous_4)
FNDA:0,(anonymous_5)
FNDA:0,(anonymous_6)
FNDA:0,(anonymous_7)
FNDA:0,mergeActivities
FNDA:0,(anonymous_9)
FNDA:0,(anonymous_10)
FNDA:0,transformEvent
FNDA:0,transformTransaction
FNDA:0,transformNotification
FNDA:0,formatEventDescription
FNDA:0,formatTxDescription
FNDA:0,extractAppIdFromRequestId
DA:1,0
DA:3,0
DA:19,0
DA:20,0
DA:22,0
DA:23,0
DA:25,0
DA:26,0
DA:27,0
DA:28,0
DA:29,0
DA:30,0
DA:32,0
DA:34,0
DA:36,0
DA:37,0
DA:38,0
DA:39,0
DA:42,0
DA:48,0
DA:51,0
DA:52,0
DA:53,0
DA:54,0
DA:55,0
DA:57,0
DA:58,0
DA:63,0
DA:64,0
DA:65,0
DA:66,0
DA:67,0
DA:69,0
DA:70,0
DA:75,0
DA:76,0
DA:77,0
DA:78,0
DA:79,0
DA:84,0
DA:87,0
DA:88,0
DA:89,0
DA:92,0
DA:93,0
DA:95,0
DA:96,0
DA:97,0
DA:98,0
DA:100,0
DA:107,0
DA:108,0
DA:109,0
DA:114,0
DA:115,0
DA:117,0
DA:118,0
DA:121,0
DA:124,0
DA:129,0
DA:130,0
DA:132,0
DA:133,0
DA:134,0
DA:135,0
DA:139,0
DA:143,0
DA:156,0
DA:157,0
DA:170,0
DA:182,0
DA:183,0
DA:187,0
DA:188,0
DA:189,0
DA:194,0
DA:195,0
DA:196,0
DA:198,0
DA:201,0
LF:80
LH:0
BRDA:22,0,0,0
BRDA:23,1,0,0
BRDA:23,2,0,0
BRDA:23,3,0,0
BRDA:33,4,0,0
BRDA:34,5,0,0
BRDA:38,6,0,0
BRDA:51,7,0,0
BRDA:53,8,0,0
BRDA:53,8,1,0
BRDA:57,9,0,0
BRDA:63,10,0,0
BRDA:65,11,0,0
BRDA:65,11,1,0
BRDA:69,12,0,0
BRDA:75,13,0,0
BRDA:77,14,0,0
BRDA:77,14,1,0
BRDA:88,15,0,0
BRDA:88,15,1,0
BRDA:95,16,0,0
BRDA:95,16,1,0
BRDA:108,17,0,0
BRDA:115,18,0,0
BRDA:115,19,0,0
BRDA:115,19,1,0
BRDA:133,20,0,0
BRDA:146,21,0,0
BRDA:146,21,1,0
BRDA:147,22,0,0
BRDA:147,22,1,0
BRDA:149,23,0,0
BRDA:149,23,1,0
BRDA:150,24,0,0
BRDA:150,24,1,0
BRDA:156,25,0,0
BRDA:156,25,1,0
BRDA:160,26,0,0
BRDA:160,26,1,0
BRDA:161,27,0,0
BRDA:161,27,1,0
BRDA:163,28,0,0
BRDA:163,28,1,0
BRDA:164,29,0,0
BRDA:164,29,1,0
BRDA:165,30,0,0
BRDA:165,30,1,0
BRDA:165,31,0,0
BRDA:165,31,1,0
BRDA:173,32,0,0
BRDA:173,32,1,0
BRDA:174,33,0,0
BRDA:174,33,1,0
BRDA:175,34,0,0
BRDA:175,34,1,0
BRDA:176,35,0,0
BRDA:176,35,1,0
BRDA:177,36,0,0
BRDA:177,36,1,0
BRDA:182,37,0,0
BRDA:182,37,1,0
BRDA:187,38,0,0
BRDA:187,38,1,0
BRDA:188,39,0,0
BRDA:188,39,1,0
BRDA:189,40,0,0
BRDA:189,40,1,0
BRDA:195,41,0,0
BRDA:195,42,0,0
BRDA:195,42,1,0
BRF:70
BRH:0
end_of_record
TN:
SF:hooks/useAppHighlights.ts
FN:17,useAppHighlights
FN:18,(anonymous_1)
FN:22,(anonymous_2)
FN:40,(anonymous_3)
FNF:4
FNH:4
FNDA:8,useAppHighlights
FNDA:3,(anonymous_1)
FNDA:3,(anonymous_2)
FNDA:3,(anonymous_3)
DA:6,1
DA:8,1
DA:17,1
DA:18,8
DA:19,8
DA:20,8
DA:22,8
DA:23,3
DA:24,3
DA:26,3
DA:27,3
DA:28,2
DA:30,2
DA:31,2
DA:33,1
DA:36,3
DA:40,8
DA:41,3
DA:44,8
LF:19
LH:19
BRDA:28,0,0,0
BRDA:33,1,0,1
BRDA:33,1,1,0
BRF:3
BRH:1
end_of_record
TN:
SF:hooks/useCardData.ts
FN:48,fetchRealData
FN:87,(anonymous_1)
FN:88,(anonymous_2)
FN:108,getCardDataAsync
FN:116,getCardData
FN:124,useCardData
FN:130,(anonymous_6)
FN:148,(anonymous_7)
FN:153,(anonymous_8)
FN:156,(anonymous_9)
FN:163,getCardDataBatch
FNF:11
FNH:10
FNDA:4,fetchRealData
FNDA:1,(anonymous_1)
FNDA:2,(anonymous_2)
FNDA:0,getCardDataAsync
FNDA:7,getCardData
FNDA:9,useCardData
FNDA:5,(anonymous_6)
FNDA:5,(anonymous_7)
FNDA:9,(anonymous_8)
FNDA:4,(anonymous_9)
FNDA:3,getCardDataBatch
DA:5,1
DA:7,1
DA:10,1
DA:49,4
DA:50,4
DA:52,1
DA:53,1
DA:63,1
DA:64,1
DA:74,1
DA:75,1
DA:86,1
DA:87,1
DA:88,2
DA:89,1
DA:100,0
DA:103,0
DA:108,1
DA:109,0
DA:110,0
DA:111,0
DA:112,0
DA:116,1
DA:117,7
DA:118,7
DA:120,5
DA:124,1
DA:125,9
DA:126,9
DA:127,9
DA:128,9
DA:130,9
DA:131,5
DA:133,4
DA:134,4
DA:136,4
DA:137,4
DA:138,4
DA:140,0
DA:141,0
DA:143,4
DA:148,9
DA:149,5
DA:153,9
DA:154,9
DA:155,4
DA:156,4
DA:159,9
DA:163,1
DA:164,3
DA:165,3
DA:166,4
DA:167,4
DA:169,3
LF:54
LH:46
BRDA:50,0,0,1
BRDA:50,0,1,1
BRDA:50,0,2,1
BRDA:50,0,3,1
BRDA:50,0,4,0
BRDA:67,1,0,1
BRDA:67,1,1,0
BRDA:92,2,0,1
BRDA:92,2,1,0
BRDA:93,3,0,1
BRDA:93,3,1,0
BRDA:110,4,0,0
BRDA:112,5,0,0
BRDA:112,5,1,0
BRDA:118,6,0,2
BRDA:131,7,0,1
BRDA:138,8,0,4
BRDA:138,8,1,0
BRDA:140,9,0,0
BRDA:140,9,1,0
BRDA:154,10,0,5
BRDA:154,11,0,9
BRDA:154,11,1,8
BRDA:167,12,0,3
BRF:24
BRH:14
end_of_record
TN:
SF:hooks/useCollections.ts
FN:9,useCollections
FN:23,(anonymous_1)
FN:32,(anonymous_2)
FN:46,(anonymous_3)
FNF:4
FNH:4
FNDA:5,useCollections
FNDA:5,(anonymous_1)
FNDA:3,(anonymous_2)
FNDA:5,(anonymous_3)
DA:5,2
DA:6,2
DA:7,2
DA:9,2
DA:10,5
DA:20,5
DA:23,5
DA:24,5
DA:25,3
DA:27,2
DA:31,5
DA:33,3
DA:35,2
DA:36,1
DA:38,1
DA:46,5
DA:48,5
LF:17
LH:17
BRDA:24,0,0,3
BRDA:24,0,1,2
BRDA:24,1,0,5
BRDA:24,1,1,3
BRDA:33,2,0,1
BRDA:33,3,0,3
BRDA:33,3,1,2
BRDA:35,4,0,1
BRDA:35,4,1,1
BRF:9
BRH:9
end_of_record
TN:
SF:hooks/useCommunity.ts
FN:16,useCommunity
FN:25,(anonymous_1)
FN:31,(anonymous_2)
FN:42,(anonymous_3)
FN:58,(anonymous_4)
FN:71,(anonymous_5)
FN:87,(anonymous_6)
FN:109,(anonymous_7)
FN:128,(anonymous_8)
FN:143,(anonymous_9)
FN:160,(anonymous_10)
FN:161,(anonymous_11)
FN:174,(anonymous_12)
FN:205,(anonymous_13)
FN:227,(anonymous_14)
FN:243,(anonymous_15)
FN:243,(anonymous_16)
FN:253,(anonymous_17)
FNF:18
FNH:6
FNDA:18,useCommunity
FNDA:10,(anonymous_1)
FNDA:0,(anonymous_2)
FNDA:5,(anonymous_3)
FNDA:1,(anonymous_4)
FNDA:1,(anonymous_5)
FNDA:2,(anonymous_6)
FNDA:0,(anonymous_7)
FNDA:0,(anonymous_8)
FNDA:0,(anonymous_9)
FNDA:0,(anonymous_10)
FNDA:0,(anonymous_11)
FNDA:0,(anonymous_12)
FNDA:0,(anonymous_13)
FNDA:0,(anonymous_14)
FNDA:0,(anonymous_15)
FNDA:0,(anonymous_16)
FNDA:0,(anonymous_17)
DA:1,1
DA:4,1
DA:16,1
DA:17,18
DA:18,18
DA:19,18
DA:20,18
DA:21,18
DA:22,18
DA:23,18
DA:25,18
DA:26,10
DA:27,10
DA:28,10
DA:31,18
DA:32,0
DA:33,0
DA:34,0
DA:36,0
DA:41,18
DA:43,5
DA:44,5
DA:45,5
DA:46,5
DA:50,5
DA:51,0
DA:52,0
DA:54,5
DA:55,5
DA:56,4
DA:58,1
DA:60,5
DA:62,0
DA:64,5
DA:71,18
DA:72,1
DA:73,1
DA:74,1
DA:75,1
DA:76,0
DA:77,0
DA:79,1
DA:80,1
DA:82,0
DA:87,18
DA:88,2
DA:89,1
DA:90,1
DA:91,1
DA:96,1
DA:97,0
DA:98,0
DA:100,1
DA:101,1
DA:103,0
DA:108,18
DA:110,0
DA:111,0
DA:112,0
DA:114,0
DA:115,0
DA:116,0
DA:117,0
DA:122,0
DA:123,0
DA:124,0
DA:126,0
DA:127,0
DA:128,0
DA:130,0
DA:132,0
DA:133,0
DA:135,0
DA:142,18
DA:144,0
DA:145,0
DA:146,0
DA:148,0
DA:149,0
DA:150,0
DA:155,0
DA:156,0
DA:157,0
DA:159,0
DA:160,0
DA:161,0
DA:163,0
DA:165,0
DA:166,0
DA:173,18
DA:175,0
DA:176,0
DA:177,0
DA:179,0
DA:180,0
DA:181,0
DA:182,0
DA:187,0
DA:188,0
DA:189,0
DA:191,0
DA:192,0
DA:194,0
DA:195,0
DA:197,0
DA:204,18
DA:206,0
DA:207,0
DA:208,0
DA:211,0
DA:212,0
DA:213,0
DA:215,0
DA:216,0
DA:218,0
DA:219,0
DA:226,18
DA:228,0
DA:229,0
DA:230,0
DA:232,0
DA:233,0
DA:234,0
DA:239,0
DA:240,0
DA:241,0
DA:243,0
DA:244,0
DA:246,0
DA:247,0
DA:253,18
DA:255,18
DA:276,1
LF:133
LH:50
BRDA:27,0,0,2
BRDA:34,1,0,0
BRDA:34,1,1,0
BRDA:42,2,0,3
BRDA:50,3,0,0
BRDA:55,4,0,4
BRDA:55,4,1,1
BRDA:56,5,0,4
BRDA:56,5,1,0
BRDA:58,6,0,1
BRDA:58,6,1,0
BRDA:60,7,0,5
BRDA:60,7,1,3
BRDA:62,8,0,0
BRDA:62,8,1,0
BRDA:75,9,0,0
BRDA:82,10,0,0
BRDA:82,10,1,0
BRDA:88,11,0,1
BRDA:96,12,0,0
BRDA:103,13,0,0
BRDA:103,13,1,0
BRDA:110,14,0,0
BRDA:122,15,0,0
BRDA:127,16,0,0
BRDA:132,17,0,0
BRDA:132,17,1,0
BRDA:144,18,0,0
BRDA:155,19,0,0
BRDA:161,20,0,0
BRDA:161,20,1,0
BRDA:165,21,0,0
BRDA:165,21,1,0
BRDA:175,22,0,0
BRDA:187,23,0,0
BRDA:194,24,0,0
BRDA:194,24,1,0
BRDA:211,25,0,0
BRDA:216,26,0,0
BRDA:216,26,1,0
BRDA:218,27,0,0
BRDA:218,27,1,0
BRDA:228,28,0,0
BRDA:239,29,0,0
BRDA:246,30,0,0
BRDA:246,30,1,0
BRF:46
BRH:9
end_of_record
TN:
SF:hooks/useExecutionStatus.ts
FN:45,useExecutionStatus
FN:51,(anonymous_1)
FN:58,(anonymous_2)
FN:86,(anonymous_3)
FN:90,(anonymous_4)
FN:95,(anonymous_5)
FN:98,(anonymous_6)
FN:104,(anonymous_7)
FN:117,(anonymous_8)
FNF:9
FNH:0
FNDA:0,useExecutionStatus
FNDA:0,(anonymous_1)
FNDA:0,(anonymous_2)
FNDA:0,(anonymous_3)
FNDA:0,(anonymous_4)
FNDA:0,(anonymous_5)
FNDA:0,(anonymous_6)
FNDA:0,(anonymous_7)
FNDA:0,(anonymous_8)
DA:8,0
DA:9,0
DA:45,0
DA:46,0
DA:47,0
DA:48,0
DA:49,0
DA:51,0
DA:52,0
DA:53,0
DA:56,0
DA:58,0
DA:59,0
DA:61,0
DA:62,0
DA:63,0
DA:64,0
DA:65,0
DA:66,0
DA:67,0
DA:68,0
DA:69,0
DA:73,0
DA:74,0
DA:77,0
DA:87,0
DA:88,0
DA:90,0
DA:91,0
DA:92,0
DA:94,0
DA:95,0
DA:97,0
DA:98,0
DA:100,0
DA:105,0
DA:106,0
DA:107,0
DA:111,0
DA:115,0
DA:117,0
DA:118,0
DA:119,0
DA:124,0
LF:44
LH:0
BRDA:45,0,0,0
BRDA:52,1,0,0
BRDA:62,2,0,0
BRDA:62,2,1,0
BRDA:64,3,0,0
BRDA:64,3,1,0
BRDA:64,4,0,0
BRDA:64,4,1,0
BRDA:66,5,0,0
BRDA:66,5,1,0
BRDA:68,6,0,0
BRDA:73,7,0,0
BRDA:73,7,1,0
BRDA:84,8,0,0
BRDA:84,8,1,0
BRDA:91,9,0,0
BRDA:94,10,0,0
BRDA:95,11,0,0
BRDA:95,11,1,0
BRDA:97,12,0,0
BRDA:106,13,0,0
BRDA:111,14,0,0
BRDA:111,14,1,0
BRDA:118,15,0,0
BRF:24
BRH:0
end_of_record
TN:
SF:hooks/useGamification.ts
FN:21,useGamification
FN:26,(anonymous_1)
FN:49,(anonymous_2)
FN:54,(anonymous_3)
FN:55,(anonymous_4)
FN:56,(anonymous_5)
FNF:6
FNH:6
FNDA:17,useGamification
FNDA:7,(anonymous_1)
FNDA:6,(anonymous_2)
FNDA:4,(anonymous_3)
FNDA:8,(anonymous_4)
FNDA:12,(anonymous_5)
DA:3,1
DA:5,1
DA:21,1
DA:22,17
DA:23,17
DA:24,17
DA:26,17
DA:27,7
DA:28,1
DA:29,1
DA:32,6
DA:33,6
DA:35,6
DA:36,6
DA:37,5
DA:38,1
DA:40,4
DA:41,4
DA:43,2
DA:45,6
DA:49,17
DA:50,6
DA:53,17
DA:55,8
DA:56,12
DA:57,4
DA:58,4
DA:59,4
DA:69,17
LF:29
LH:29
BRDA:27,0,0,1
BRDA:37,1,0,1
BRDA:43,2,0,2
BRDA:43,2,1,0
BRDA:53,3,0,4
BRDA:53,3,1,13
BRDA:55,4,0,4
BRDA:55,4,1,0
BRDA:57,5,0,4
BRDA:57,5,1,0
BRF:10
BRH:7
end_of_record
TN:
SF:hooks/useMiniAppStats.ts
FN:33,useMiniAppStats
FN:38,(anonymous_1)
FN:58,(anonymous_2)
FN:63,(anonymous_3)
FN:76,(anonymous_4)
FN:82,(anonymous_5)
FNF:6
FNH:0
FNDA:0,useMiniAppStats
FNDA:0,(anonymous_1)
FNDA:0,(anonymous_2)
FNDA:0,(anonymous_3)
FNDA:0,(anonymous_4)
FNDA:0,(anonymous_5)
DA:8,0
DA:9,0
DA:33,0
DA:34,0
DA:35,0
DA:36,0
DA:38,0
DA:39,0
DA:40,0
DA:41,0
DA:44,0
DA:45,0
DA:46,0
DA:48,0
DA:49,0
DA:50,0
DA:52,0
DA:54,0
DA:58,0
DA:59,0
DA:63,0
DA:64,0
DA:66,0
DA:77,0
DA:82,0
DA:83,0
DA:87,0
LF:27
LH:0
BRDA:39,0,0,0
BRDA:39,1,0,0
BRDA:39,1,1,0
BRDA:48,2,0,0
BRDA:52,3,0,0
BRDA:52,3,1,0
BRDA:64,4,0,0
BRDA:64,5,0,0
BRDA:64,5,1,0
BRF:9
BRH:0
end_of_record
TN:
SF:hooks/useRealtimeNotifications.ts
FN:46,useRealtimeNotifications
FN:66,(anonymous_1)
FN:75,(anonymous_2)
FN:84,(anonymous_3)
FN:108,(anonymous_4)
FN:144,(anonymous_5)
FN:163,(anonymous_6)
FN:176,(anonymous_7)
FN:198,(anonymous_8)
FN:206,(anonymous_9)
FN:210,(anonymous_10)
FNF:11
FNH:11
FNDA:47,useRealtimeNotifications
FNDA:19,(anonymous_1)
FNDA:67,(anonymous_2)
FNDA:66,(anonymous_3)
FNDA:40,(anonymous_4)
FNDA:22,(anonymous_5)
FNDA:17,(anonymous_6)
FNDA:1,(anonymous_7)
FNDA:2,(anonymous_8)
FNDA:20,(anonymous_9)
FNDA:20,(anonymous_10)
DA:13,1
DA:14,1
DA:15,1
DA:17,1
DA:39,1
DA:40,1
DA:41,1
DA:46,1
DA:49,47
DA:52,47
DA:54,47
DA:55,47
DA:56,47
DA:58,47
DA:59,47
DA:60,47
DA:61,47
DA:66,47
DA:67,19
DA:68,19
DA:74,47
DA:76,67
DA:77,67
DA:80,67
DA:81,1
DA:84,66
DA:85,66
DA:87,66
DA:91,66
DA:92,3
DA:96,65
DA:98,1
DA:99,1
DA:108,47
DA:110,40
DA:111,20
DA:112,20
DA:116,40
DA:117,18
DA:118,18
DA:121,40
DA:122,1
DA:123,1
DA:127,39
DA:128,0
DA:129,0
DA:132,39
DA:133,39
DA:145,22
DA:147,22
DA:148,2
DA:149,2
DA:150,2
DA:151,2
DA:152,20
DA:153,18
DA:154,18
DA:155,18
DA:156,18
DA:159,18
DA:160,18
DA:161,18
DA:163,18
DA:164,17
DA:165,17
DA:168,2
DA:169,1
DA:170,1
DA:171,1
DA:174,1
DA:175,1
DA:176,1
DA:177,1
DA:178,1
DA:181,1
DA:182,1
DA:183,1
DA:187,39
DA:189,0
DA:190,0
DA:191,0
DA:198,47
DA:199,2
DA:200,2
DA:206,47
DA:207,20
DA:208,20
DA:210,20
DA:211,20
DA:214,20
DA:215,1
DA:216,1
DA:220,20
DA:221,19
DA:222,19
DA:225,20
DA:229,47
LF:97
LH:92
BRDA:47,0,0,40
BRDA:49,1,0,46
BRDA:80,2,0,1
BRDA:80,3,0,67
BRDA:80,3,1,2
BRDA:91,4,0,3
BRDA:99,5,0,1
BRDA:99,5,1,0
BRDA:110,6,0,20
BRDA:116,7,0,18
BRDA:121,8,0,1
BRDA:127,9,0,0
BRDA:127,10,0,39
BRDA:127,10,1,39
BRDA:145,11,0,0
BRDA:147,12,0,2
BRDA:147,12,1,20
BRDA:152,13,0,18
BRDA:152,13,1,2
BRDA:154,14,0,18
BRDA:154,14,1,0
BRDA:164,15,0,17
BRDA:164,16,0,17
BRDA:164,16,1,17
BRDA:168,17,0,1
BRDA:168,17,1,1
BRDA:177,18,0,1
BRDA:177,19,0,1
BRDA:177,19,1,1
BRDA:181,20,0,1
BRDA:190,21,0,0
BRDA:190,21,1,0
BRDA:214,22,0,1
BRDA:220,23,0,19
BRF:34
BRH:28
end_of_record
TN:
SF:hooks/useReviews.ts
FN:11,useReviews
FN:18,(anonymous_1)
FN:32,(anonymous_2)
FN:41,(anonymous_3)
FN:55,(anonymous_4)
FN:76,(anonymous_5)
FN:97,(anonymous_6)
FN:114,(anonymous_7)
FN:131,(anonymous_8)
FN:146,(anonymous_9)
FN:150,(anonymous_10)
FNF:11
FNH:0
FNDA:0,useReviews
FNDA:0,(anonymous_1)
FNDA:0,(anonymous_2)
FNDA:0,(anonymous_3)
FNDA:0,(anonymous_4)
FNDA:0,(anonymous_5)
FNDA:0,(anonymous_6)
FNDA:0,(anonymous_7)
FNDA:0,(anonymous_8)
FNDA:0,(anonymous_9)
FNDA:0,(anonymous_10)
DA:3,0
DA:11,0
DA:12,0
DA:13,0
DA:14,0
DA:15,0
DA:16,0
DA:18,0
DA:19,0
DA:20,0
DA:21,0
DA:22,0
DA:23,0
DA:24,0
DA:31,0
DA:33,0
DA:34,0
DA:35,0
DA:36,0
DA:37,0
DA:38,0
DA:39,0
DA:41,0
DA:43,0
DA:46,0
DA:48,0
DA:54,0
DA:56,0
DA:57,0
DA:58,0
DA:63,0
DA:64,0
DA:65,0
DA:68,0
DA:70,0
DA:75,0
DA:77,0
DA:78,0
DA:79,0
DA:84,0
DA:85,0
DA:86,0
DA:89,0
DA:91,0
DA:96,0
DA:98,0
DA:99,0
DA:100,0
DA:105,0
DA:107,0
DA:113,0
DA:115,0
DA:116,0
DA:117,0
DA:122,0
DA:124,0
DA:130,0
DA:132,0
DA:133,0
DA:134,0
DA:135,0
DA:136,0
DA:141,0
DA:146,0
DA:147,0
DA:150,0
DA:152,0
LF:67
LH:0
BRDA:20,0,0,0
BRDA:20,0,1,0
BRDA:22,1,0,0
BRDA:32,2,0,0
BRDA:36,3,0,0
BRDA:38,4,0,0
BRDA:38,4,1,0
BRDA:56,5,0,0
BRDA:63,6,0,0
BRDA:77,7,0,0
BRDA:84,8,0,0
BRDA:98,9,0,0
BRDA:115,10,0,0
BRDA:134,11,0,0
BRF:14
BRH:0
end_of_record
TN:
SF:lib/api-response.ts
FN:6,generateRequestId
FN:15,getRequestId
FN:26,setRequestIdHeader
FN:62,sendError
FN:75,(anonymous_4)
FN:77,(anonymous_5)
FN:79,(anonymous_6)
FN:81,(anonymous_7)
FN:84,(anonymous_8)
FN:86,(anonymous_9)
FN:89,(anonymous_10)
FN:92,(anonymous_11)
FN:95,(anonymous_12)
FN:98,(anonymous_13)
FNF:14
FNH:0
FNDA:0,generateRequestId
FNDA:0,getRequestId
FNDA:0,setRequestIdHeader
FNDA:0,sendError
FNDA:0,(anonymous_4)
FNDA:0,(anonymous_5)
FNDA:0,(anonymous_6)
FNDA:0,(anonymous_7)
FNDA:0,(anonymous_8)
FNDA:0,(anonymous_9)
FNDA:0,(anonymous_10)
FNDA:0,(anonymous_11)
FNDA:0,(anonymous_12)
FNDA:0,(anonymous_13)
DA:6,0
DA:7,0
DA:8,0
DA:9,0
DA:15,0
DA:16,0
DA:17,0
DA:18,0
DA:20,0
DA:26,0
DA:27,0
DA:44,0
DA:62,0
DA:68,0
DA:74,0
DA:75,0
DA:77,0
DA:79,0
DA:82,0
DA:84,0
DA:87,0
DA:90,0
DA:93,0
DA:96,0
DA:99,0
LF:25
LH:0
BRDA:17,0,0,0
BRDA:18,1,0,0
BRDA:18,1,1,0
BRDA:66,2,0,0
BRDA:77,3,0,0
BRDA:79,4,0,0
BRDA:81,5,0,0
BRDA:84,6,0,0
BRDA:86,7,0,0
BRDA:89,8,0,0
BRDA:92,9,0,0
BRDA:95,10,0,0
BRDA:98,11,0,0
BRF:13
BRH:0
end_of_record
TN:
SF:lib/app-highlights.ts
FN:265,(anonymous_0)
FN:272,getAppHighlights
FN:280,getAppsHighlights
FN:295,generateDefaultHighlights
FN:331,formatCompact
FNF:5
FNH:0
FNDA:0,(anonymous_0)
FNDA:0,getAppHighlights
FNDA:0,getAppsHighlights
FNDA:0,generateDefaultHighlights
FNDA:0,formatCompact
DA:14,0
DA:74,0
DA:155,0
DA:194,0
DA:219,0
DA:244,0
DA:255,0
DA:264,0
DA:265,0
DA:272,0
DA:273,0
DA:280,0
DA:281,0
DA:282,0
DA:283,0
DA:284,0
DA:285,0
DA:288,0
DA:295,0
DA:300,0
DA:302,0
DA:304,0
DA:305,0
DA:312,0
DA:313,0
DA:320,0
DA:321,0
DA:328,0
DA:332,0
DA:333,0
DA:334,0
LF:31
LH:0
BRDA:284,0,0,0
BRDA:300,1,0,0
BRDA:304,2,0,0
BRDA:304,3,0,0
BRDA:304,3,1,0
BRDA:312,4,0,0
BRDA:312,5,0,0
BRDA:312,5,1,0
BRDA:320,6,0,0
BRDA:320,7,0,0
BRDA:320,7,1,0
BRDA:328,8,0,0
BRDA:328,8,1,0
BRDA:332,9,0,0
BRDA:333,10,0,0
BRF:15
BRH:0
end_of_record
TN:
SF:lib/builtin-apps.ts
FN:756,(anonymous_0)
FN:760,getBuiltinApp
FNF:2
FNH:1
FNDA:192,(anonymous_0)
FNDA:0,getBuiltinApp
DA:17,3
DA:186,3
DA:344,3
DA:447,3
DA:594,3
DA:686,3
DA:745,3
DA:755,3
DA:756,192
DA:760,3
DA:761,0
DA:764,3
LF:12
LH:11
BRF:0
BRH:0
end_of_record
TN:
SF:lib/card-mock.ts
FN:6,mockCountdownData
FN:19,mockMultiplierData
FN:31,mockCanvasData
FN:47,mockStatsData
FN:59,mockVotingData
FN:73,mockPriceData
FN:81,(anonymous_6)
FNF:7
FNH:0
FNDA:0,mockCountdownData
FNDA:0,mockMultiplierData
FNDA:0,mockCanvasData
FNDA:0,mockStatsData
FNDA:0,mockVotingData
FNDA:0,mockPriceData
FNDA:0,(anonymous_6)
DA:6,0
DA:7,0
DA:8,0
DA:9,0
DA:19,0
DA:20,0
DA:21,0
DA:31,0
DA:32,0
DA:33,0
DA:34,0
DA:35,0
DA:37,0
DA:47,0
DA:48,0
DA:59,0
DA:60,0
DA:61,0
DA:62,0
DA:73,0
DA:74,0
DA:75,0
DA:81,0
LF:23
LH:0
BRF:0
BRH:0
end_of_record
TN:
SF:lib/csrf.ts
FN:11,generateCsrfToken
FN:18,validateCsrfToken
FN:38,withCsrfProtection
FN:39,(anonymous_4)
FN:52,setCsrfCookie
FNF:5
FNH:3
FNDA:102,generateCsrfToken
FNDA:8,validateCsrfToken
FNDA:0,withCsrfProtection
FNDA:0,(anonymous_4)
FNDA:1,setCsrfCookie
DA:2,1
DA:4,1
DA:5,1
DA:6,1
DA:11,1
DA:12,102
DA:18,1
DA:20,8
DA:21,3
DA:24,5
DA:25,5
DA:27,5
DA:28,3
DA:32,2
DA:38,1
DA:39,0
DA:41,0
DA:42,0
DA:45,0
DA:52,1
DA:53,1
LF:21
LH:17
BRDA:20,0,0,3
BRDA:20,1,0,8
BRDA:20,1,1,0
BRDA:27,2,0,3
BRDA:27,3,0,5
BRDA:27,3,1,3
BRDA:41,4,0,0
BRF:7
BRH:5
end_of_record
TN:
SF:lib/edge.ts
FN:6,parseAllowlist
FN:10,(anonymous_1)
FN:16,getEdgeFunctionsBaseUrl
FN:27,fetchWithTimeout
FN:33,(anonymous_4)
FN:42,buildEdgeUrl
FN:57,forwardAuthHeaders
FN:66,forwardEdgeRpcHeaders
FN:75,isEdgeRpcAllowed
FN:92,resolveInternalBaseUrl
FNF:10
FNH:1
FNDA:0,parseAllowlist
FNDA:0,(anonymous_1)
FNDA:0,getEdgeFunctionsBaseUrl
FNDA:0,fetchWithTimeout
FNDA:0,(anonymous_4)
FNDA:0,buildEdgeUrl
FNDA:0,forwardAuthHeaders
FNDA:0,forwardEdgeRpcHeaders
FNDA:0,isEdgeRpcAllowed
FNDA:4,resolveInternalBaseUrl
DA:3,1
DA:4,1
DA:7,0
DA:8,0
DA:10,0
DA:12,0
DA:13,0
DA:16,1
DA:17,0
DA:18,0
DA:19,0
DA:20,0
DA:21,0
DA:27,1
DA:32,0
DA:33,0
DA:35,0
DA:36,0
DA:38,0
DA:42,1
DA:43,0
DA:44,0
DA:46,0
DA:47,0
DA:48,0
DA:49,0
DA:50,0
DA:51,0
DA:54,0
DA:57,1
DA:58,0
DA:59,0
DA:60,0
DA:61,0
DA:62,0
DA:63,0
DA:66,1
DA:67,0
DA:68,0
DA:69,0
DA:70,0
DA:71,0
DA:72,0
DA:75,1
DA:76,0
DA:77,0
DA:78,0
DA:79,0
DA:81,0
DA:92,1
DA:93,4
DA:94,4
DA:96,4
DA:97,4
DA:98,4
DA:99,4
DA:100,4
DA:105,0
LF:58
LH:16
BRDA:4,0,0,1
BRDA:4,0,1,1
BRDA:7,1,0,0
BRDA:17,2,0,0
BRDA:17,2,1,0
BRDA:17,2,2,0
BRDA:18,3,0,0
BRDA:20,4,0,0
BRDA:29,5,0,0
BRDA:30,6,0,0
BRDA:44,7,0,0
BRDA:48,8,0,0
BRDA:48,8,1,0
BRDA:50,9,0,0
BRDA:60,10,0,0
BRDA:60,11,0,0
BRDA:60,11,1,0
BRDA:62,12,0,0
BRDA:62,13,0,0
BRDA:62,13,1,0
BRDA:69,14,0,0
BRDA:69,15,0,0
BRDA:69,15,1,0
BRDA:71,16,0,0
BRDA:71,17,0,0
BRDA:71,17,1,0
BRDA:77,18,0,0
BRDA:78,19,0,0
BRDA:93,20,0,4
BRDA:93,20,1,4
BRDA:94,21,0,0
BRDA:97,22,0,4
BRDA:99,23,0,0
BRDA:99,23,1,4
BRDA:100,24,0,4
BRDA:100,24,1,4
BRF:36
BRH:8
end_of_record
TN:
SF:lib/logger.ts
FN:10,(anonymous_0)
FN:16,(anonymous_1)
FN:22,(anonymous_2)
FN:26,(anonymous_3)
FNF:4
FNH:3
FNDA:1,(anonymous_0)
FNDA:0,(anonymous_1)
FNDA:1,(anonymous_2)
FNDA:1,(anonymous_3)
DA:6,3
DA:7,3
DA:9,3
DA:11,1
DA:12,0
DA:17,0
DA:18,0
DA:23,1
DA:27,1
LF:9
LH:6
BRDA:11,0,0,0
BRDA:11,1,0,1
BRDA:11,1,1,1
BRDA:17,2,0,0
BRDA:17,3,0,0
BRDA:17,3,1,0
BRF:6
BRH:2
end_of_record
TN:
SF:lib/miniapp-sdk.ts
FN:29,resolveEdgeBaseUrl
FN:39,readStorageValue
FN:49,resolveAuthToken
FN:52,(anonymous_3)
FN:54,(anonymous_4)
FN:57,resolveAPIKey
FN:60,(anonymous_6)
FN:65,buildConfig
FN:74,configKey
FN:78,permissionsKey
FN:88,cacheKeyFor
FN:92,resolveAppId
FN:102,requirePermission
FN:109,scopeMiniAppSDK
FN:121,(anonymous_14)
FN:128,(anonymous_15)
FN:138,(anonymous_16)
FN:145,(anonymous_17)
FN:155,(anonymous_18)
FN:164,(anonymous_19)
FN:171,(anonymous_20)
FN:178,(anonymous_21)
FN:185,(anonymous_22)
FN:199,getMiniAppSDK
FN:213,installMiniAppSDK
FNF:25
FNH:0
FNDA:0,resolveEdgeBaseUrl
FNDA:0,readStorageValue
FNDA:0,resolveAuthToken
FNDA:0,(anonymous_3)
FNDA:0,(anonymous_4)
FNDA:0,resolveAPIKey
FNDA:0,(anonymous_6)
FNDA:0,buildConfig
FNDA:0,configKey
FNDA:0,permissionsKey
FNDA:0,cacheKeyFor
FNDA:0,resolveAppId
FNDA:0,requirePermission
FNDA:0,scopeMiniAppSDK
FNDA:0,(anonymous_14)
FNDA:0,(anonymous_15)
FNDA:0,(anonymous_16)
FNDA:0,(anonymous_17)
FNDA:0,(anonymous_18)
FNDA:0,(anonymous_19)
FNDA:0,(anonymous_20)
FNDA:0,(anonymous_21)
FNDA:0,(anonymous_22)
FNDA:0,getMiniAppSDK
FNDA:0,installMiniAppSDK
DA:1,0
DA:25,0
DA:27,0
DA:29,0
DA:30,0
DA:31,0
DA:32,0
DA:33,0
DA:36,0
DA:40,0
DA:41,0
DA:42,0
DA:43,0
DA:45,0
DA:50,0
DA:51,0
DA:52,0
DA:54,0
DA:58,0
DA:59,0
DA:60,0
DA:62,0
DA:66,0
DA:75,0
DA:79,0
DA:80,0
DA:89,0
DA:93,0
DA:94,0
DA:95,0
DA:96,0
DA:97,0
DA:99,0
DA:103,0
DA:104,0
DA:105,0
DA:110,0
DA:111,0
DA:112,0
DA:114,0
DA:122,0
DA:123,0
DA:124,0
DA:125,0
DA:129,0
DA:130,0
DA:131,0
DA:132,0
DA:139,0
DA:140,0
DA:141,0
DA:142,0
DA:146,0
DA:147,0
DA:148,0
DA:149,0
DA:156,0
DA:157,0
DA:158,0
DA:159,0
DA:165,0
DA:166,0
DA:172,0
DA:173,0
DA:179,0
DA:180,0
DA:186,0
DA:187,0
DA:192,0
DA:193,0
DA:196,0
DA:199,0
DA:200,0
DA:202,0
DA:203,0
DA:205,0
DA:206,0
DA:207,0
DA:210,0
DA:213,0
DA:214,0
DA:216,0
DA:217,0
DA:219,0
DA:220,0
DA:221,0
LF:86
LH:0
BRDA:30,0,0,0
BRDA:30,0,1,0
BRDA:31,1,0,0
BRDA:33,2,0,0
BRDA:33,2,1,0
BRDA:40,3,0,0
BRDA:43,4,0,0
BRDA:43,4,1,0
BRDA:50,5,0,0
BRDA:51,6,0,0
BRDA:58,7,0,0
BRDA:59,8,0,0
BRDA:75,9,0,0
BRDA:75,9,1,0
BRDA:79,10,0,0
BRDA:81,11,0,0
BRDA:81,11,1,0
BRDA:82,12,0,0
BRDA:82,12,1,0
BRDA:83,13,0,0
BRDA:83,13,1,0
BRDA:84,14,0,0
BRDA:84,14,1,0
BRDA:93,15,0,0
BRDA:93,15,1,0
BRDA:94,16,0,0
BRDA:94,16,1,0
BRDA:95,17,0,0
BRDA:95,18,0,0
BRDA:95,18,1,0
BRDA:96,19,0,0
BRDA:96,20,0,0
BRDA:96,20,1,0
BRDA:103,21,0,0
BRDA:104,22,0,0
BRDA:112,23,0,0
BRDA:112,24,0,0
BRDA:112,24,1,0
BRDA:124,25,0,0
BRDA:127,26,0,0
BRDA:127,26,1,0
BRDA:131,27,0,0
BRDA:141,28,0,0
BRDA:144,29,0,0
BRDA:144,29,1,0
BRDA:148,30,0,0
BRDA:158,31,0,0
BRDA:192,32,0,0
BRDA:200,33,0,0
BRDA:205,34,0,0
BRDA:205,35,0,0
BRDA:205,35,1,0
BRDA:214,36,0,0
BRDA:217,37,0,0
BRF:54
BRH:0
end_of_record
TN:
SF:lib/miniapp.ts
FN:3,asObject
FN:8,toString
FN:13,normalizeCategory
FN:21,normalizePermissions
FN:26,(anonymous_4)
FN:40,normalizeLimits
FN:53,normalizeStatsDisplay
FN:55,(anonymous_7)
FN:59,normalizeStatus
FN:65,coerceMiniAppInfo
FN:107,parseFederatedEntryUrl
FNF:11
FNH:10
FNDA:10,asObject
FNDA:61,toString
FNDA:3,normalizeCategory
FNDA:3,normalizePermissions
FNDA:12,(anonymous_4)
FNDA:3,normalizeLimits
FNDA:3,normalizeStatsDisplay
FNDA:0,(anonymous_7)
FNDA:3,normalizeStatus
FNDA:4,coerceMiniAppInfo
FNDA:36,parseFederatedEntryUrl
DA:4,10
DA:5,4
DA:9,61
DA:10,57
DA:13,1
DA:14,3
DA:15,3
DA:16,3
DA:18,0
DA:21,1
DA:25,3
DA:26,12
DA:27,3
DA:28,3
DA:29,3
DA:30,3
DA:32,3
DA:40,1
DA:41,3
DA:42,3
DA:43,3
DA:44,3
DA:45,3
DA:47,3
DA:48,3
DA:50,0
DA:53,1
DA:54,3
DA:55,0
DA:56,0
DA:59,1
DA:60,3
DA:61,3
DA:62,3
DA:65,1
DA:66,4
DA:67,4
DA:68,4
DA:70,3
DA:71,3
DA:73,3
DA:74,3
DA:75,3
DA:76,3
DA:77,3
DA:78,3
DA:79,3
DA:81,3
DA:82,3
DA:83,3
DA:85,3
DA:107,1
DA:108,36
DA:109,36
DA:111,0
DA:112,0
DA:113,0
DA:114,0
DA:115,0
DA:116,0
DA:117,0
DA:118,0
DA:120,0
DA:121,0
LF:64
LH:50
BRDA:4,0,0,6
BRDA:4,1,0,10
BRDA:4,1,1,4
BRDA:4,1,2,4
BRDA:8,2,0,61
BRDA:9,3,0,4
BRDA:9,4,0,61
BRDA:9,4,1,57
BRDA:15,5,0,3
BRDA:15,6,0,3
BRDA:15,6,1,0
BRDA:15,6,2,0
BRDA:15,6,3,0
BRDA:15,6,4,0
BRDA:27,7,0,3
BRDA:27,7,1,0
BRDA:28,8,0,1
BRDA:28,8,1,2
BRDA:29,9,0,3
BRDA:29,9,1,0
BRDA:29,10,0,3
BRDA:29,10,1,0
BRDA:29,11,0,3
BRDA:29,11,1,0
BRDA:30,12,0,1
BRDA:30,12,1,2
BRDA:43,13,0,0
BRDA:44,14,0,0
BRDA:45,15,0,0
BRDA:47,16,0,3
BRDA:48,17,0,0
BRDA:48,17,1,3
BRDA:48,18,0,3
BRDA:48,18,1,0
BRDA:54,19,0,3
BRDA:61,20,0,0
BRDA:61,21,0,3
BRDA:61,21,1,3
BRDA:61,21,2,3
BRDA:67,22,0,4
BRDA:67,22,1,3
BRDA:67,22,2,3
BRDA:68,23,0,1
BRDA:70,24,0,3
BRDA:70,24,1,2
BRDA:71,25,0,0
BRDA:73,26,0,3
BRDA:73,26,1,0
BRDA:73,27,0,3
BRDA:73,27,1,2
BRDA:73,27,2,0
BRDA:74,28,0,3
BRDA:74,28,1,2
BRDA:74,28,2,0
BRDA:75,29,0,3
BRDA:75,29,1,0
BRDA:75,30,0,3
BRDA:75,30,1,2
BRDA:75,30,2,0
BRDA:76,31,0,3
BRDA:76,31,1,2
BRDA:77,32,0,3
BRDA:77,32,1,3
BRDA:77,32,2,3
BRDA:78,33,0,3
BRDA:78,33,1,2
BRDA:79,34,0,3
BRDA:79,34,1,3
BRDA:81,35,0,0
BRDA:81,35,1,3
BRDA:82,36,0,3
BRDA:82,36,1,3
BRDA:92,37,0,3
BRDA:92,37,1,3
BRDA:93,38,0,3
BRDA:93,38,1,1
BRDA:95,39,0,3
BRDA:95,39,1,3
BRDA:96,40,0,3
BRDA:96,40,1,3
BRDA:97,41,0,3
BRDA:97,41,1,3
BRDA:109,42,0,36
BRDA:115,43,0,0
BRDA:116,44,0,0
BRDA:116,44,1,0
BRDA:117,45,0,0
BRDA:117,45,1,0
BRDA:120,46,0,0
BRF:89
BRH:62
end_of_record
TN:
SF:lib/supabase.ts
FNF:0
FNH:0
DA:8,2
DA:9,2
DA:11,2
DA:12,2
DA:14,2
DA:16,2
DA:17,1
DA:21,2
DA:22,2
DA:30,2
DA:46,2
LF:11
LH:11
BRDA:11,0,0,2
BRDA:11,0,1,1
BRDA:12,1,0,2
BRDA:12,1,1,1
BRDA:14,2,0,2
BRDA:14,2,1,1
BRDA:16,3,0,1
BRDA:16,4,0,2
BRDA:16,4,1,1
BRDA:31,5,0,2
BRDA:31,5,1,1
BRDA:32,6,0,2
BRDA:32,6,1,1
BRF:13
BRH:13
end_of_record
TN:
SF:lib/utils.ts
FN:4,cn
FN:12,sanitizeInput
FN:28,isValidEmail
FN:41,escapeHtml
FN:53,(anonymous_4)
FNF:5
FNH:5
FNDA:58,cn
FNDA:12,sanitizeInput
FNDA:11,isValidEmail
FNDA:9,escapeHtml
FNDA:15,(anonymous_4)
DA:1,3
DA:2,3
DA:4,3
DA:5,58
DA:12,3
DA:13,12
DA:15,9
DA:28,3
DA:29,11
DA:33,8
DA:35,8
DA:41,3
DA:42,9
DA:44,7
DA:53,15
LF:15
LH:15
BRDA:13,0,0,3
BRDA:29,1,0,3
BRDA:29,2,0,11
BRDA:29,2,1,9
BRDA:42,3,0,2
BRDA:53,4,0,15
BRDA:53,4,1,0
BRF:7
BRH:6
end_of_record
TN:
SF:lib/auth0/hooks.ts
FN:8,useRole
FN:16,useHasRole
FNF:2
FNH:0
FNDA:0,useRole
FNDA:0,useHasRole
DA:4,0
DA:8,0
DA:9,0
DA:10,0
DA:11,0
DA:12,0
DA:13,0
DA:16,0
DA:17,0
DA:18,0
DA:19,0
LF:11
LH:0
BRDA:10,0,0,0
BRDA:11,1,0,0
BRDA:11,1,1,0
BRDA:12,2,0,0
BRF:4
BRH:0
end_of_record
TN:
SF:lib/auth0/index.ts
FN:4,(anonymous_0)
FN:4,(anonymous_1)
FN:5,(anonymous_2)
FN:5,(anonymous_3)
FNF:4
FNH:0
FNDA:0,(anonymous_0)
FNDA:0,(anonymous_1)
FNDA:0,(anonymous_2)
FNDA:0,(anonymous_3)
DA:4,0
DA:5,0
LF:2
LH:0
BRF:0
BRH:0
end_of_record
TN:
SF:lib/auth0/middleware.ts
FN:13,withAuth
FN:14,(anonymous_1)
FNF:2
FNH:0
FNDA:0,withAuth
FNDA:0,(anonymous_1)
DA:5,0
DA:13,0
DA:14,0
DA:15,0
DA:16,0
DA:17,0
DA:19,0
LF:7
LH:0
BRDA:16,0,0,0
BRF:1
BRH:0
end_of_record
TN:
SF:lib/card-data/index.ts
FNF:0
FNH:0
DA:6,0
LF:1
LH:0
BRF:0
BRH:0
end_of_record
TN:
SF:lib/card-data/real-data.ts
FN:36,getCountdownData
FN:58,getMultiplierData
FN:79,getStatsData
FN:100,getVotingData
FN:110,(anonymous_4)
FN:121,getCardData
FNF:6
FNH:0
FNDA:0,getCountdownData
[...]
FN:367,(anonymous_16)
FN:380,(anonymous_17)
FN:404,(anonymous_18)
FN:433,(anonymous_19)
FNF:19
FNH:0
FNDA:0,DeveloperPage
FNDA:0,(anonymous_2)
FNDA:0,(anonymous_3)
FNDA:0,(anonymous_4)
FNDA:0,(anonymous_5)
FNDA:0,(anonymous_6)
FNDA:0,(anonymous_7)
FNDA:0,(anonymous_8)
FNDA:0,(anonymous_9)
FNDA:0,(anonymous_10)
FNDA:0,(anonymous_11)
FNDA:0,(anonymous_12)
FNDA:0,(anonymous_13)
FNDA:0,(anonymous_14)
FNDA:0,(anonymous_15)
FNDA:0,(anonymous_16)
FNDA:0,(anonymous_17)
FNDA:0,(anonymous_18)
FNDA:0,(anonymous_19)
DA:1,0
DA:2,0
DA:3,0
DA:4,0
DA:5,0
DA:6,0
DA:7,0
DA:9,0
DA:16,0
DA:29,0
DA:40,0
DA:41,0
DA:42,0
DA:43,0
DA:44,0
DA:46,0
DA:47,0
DA:48,0
DA:49,0
DA:51,0
DA:52,0
DA:60,0
DA:62,0
DA:63,0
DA:64,0
DA:65,0
DA:67,0
DA:70,0
DA:72,0
DA:76,0
DA:166,0
DA:173,0
DA:190,0
DA:241,0
DA:261,0
DA:282,0
DA:297,0
DA:310,0
DA:318,0
DA:321,0
DA:340,0
DA:352,0
DA:367,0
DA:380,0
DA:404,0
DA:433,0
LF:46
LH:0
BRDA:62,0,0,0
BRDA:62,0,1,0
BRDA:67,1,0,0
BRDA:67,1,1,0
BRDA:212,2,0,0
BRDA:212,2,1,0
BRDA:212,2,2,0
BRDA:221,3,0,0
BRDA:221,3,1,0
BRDA:234,4,0,0
BRDA:234,4,1,0
BRDA:387,5,0,0
BRDA:387,5,1,0
BRDA:390,6,0,0
BRDA:390,6,1,0
BRDA:414,7,0,0
BRDA:414,7,1,0
BRF:17
BRH:0
end_of_record
TN:
SF:pages/docs.tsx
FN:30,CodeBlock
FN:33,(anonymous_2)
FN:36,(anonymous_3)
FN:62,DocsPage
FN:91,(anonymous_5)
FN:105,(anonymous_6)
FN:111,(anonymous_7)
FN:165,GettingStartedContent
FN:240,SDKReferenceContent
FN:251,(anonymous_10)
FN:314,SmartContractsContent
FN:377,PlatformServicesContent
FN:403,(anonymous_13)
FN:468,(anonymous_14)
FNF:14
FNH:0
FNDA:0,CodeBlock
FNDA:0,(anonymous_2)
FNDA:0,(anonymous_3)
FNDA:0,DocsPage
FNDA:0,(anonymous_5)
FNDA:0,(anonymous_6)
FNDA:0,(anonymous_7)
FNDA:0,GettingStartedContent
FNDA:0,SDKReferenceContent
FNDA:0,(anonymous_10)
FNDA:0,SmartContractsContent
FNDA:0,PlatformServicesContent
FNDA:0,(anonymous_13)
FNDA:0,(anonymous_14)
DA:1,0
DA:2,0
DA:3,0
DA:4,0
DA:5,0
DA:6,0
DA:27,0
DA:31,0
DA:33,0
DA:34,0
DA:35,0
DA:36,0
DA:39,0
DA:55,0
DA:62,0
DA:63,0
DA:64,0
DA:66,0
DA:91,0
DA:106,0
DA:107,0
DA:108,0
DA:111,0
DA:166,0
DA:241,0
DA:252,0
DA:315,0
DA:378,0
DA:404,0
DA:468,0
LF:30
LH:0
BRDA:30,0,0,0
BRDA:44,1,0,0
BRDA:44,1,1,0
BRDA:113,2,0,0
BRDA:113,2,1,0
BRDA:152,3,0,0
BRDA:152,3,1,0
BRDA:153,4,0,0
BRDA:153,4,1,0
BRDA:154,5,0,0
BRDA:154,5,1,0
BRDA:155,6,0,0
BRDA:155,6,1,0
BRF:13
BRH:0
end_of_record
TN:
SF:pages/explorer.tsx
FN:64,ExplorerPage
FN:70,(anonymous_2)
FN:108,(anonymous_3)
FN:109,(anonymous_4)
FN:125,SearchResults
FN:146,TransactionResult
FN:185,(anonymous_7)
FN:196,(anonymous_8)
FN:216,(anonymous_9)
FN:241,(anonymous_10)
FN:255,AddressResult
FN:264,(anonymous_12)
FN:276,ContractResult
FN:285,(anonymous_14)
FNF:14
FNH:0
FNDA:0,ExplorerPage
FNDA:0,(anonymous_2)
FNDA:0,(anonymous_3)
FNDA:0,(anonymous_4)
FNDA:0,SearchResults
FNDA:0,TransactionResult
FNDA:0,(anonymous_7)
FNDA:0,(anonymous_8)
FNDA:0,(anonymous_9)
FNDA:0,(anonymous_10)
FNDA:0,AddressResult
FNDA:0,(anonymous_12)
FNDA:0,ContractResult
FNDA:0,(anonymous_14)
DA:1,0
DA:2,0
DA:3,0
DA:4,0
DA:5,0
DA:6,0
DA:7,0
DA:8,0
DA:9,0
DA:64,0
DA:65,0
DA:66,0
DA:67,0
DA:68,0
DA:70,0
DA:71,0
DA:72,0
DA:73,0
DA:74,0
DA:76,0
DA:77,0
DA:78,0
DA:79,0
DA:80,0
DA:82,0
DA:85,0
DA:87,0
DA:91,0
DA:108,0
DA:109,0
DA:126,0
DA:127,0
DA:134,0
DA:136,0
DA:138,0
DA:140,0
DA:142,0
DA:147,0
DA:185,0
DA:196,0
DA:217,0
DA:242,0
DA:256,0
DA:265,0
DA:277,0
DA:286,0
LF:46
LH:0
BRDA:71,0,0,0
BRDA:79,1,0,0
BRDA:79,1,1,0
BRDA:109,2,0,0
BRDA:109,2,1,0
BRDA:113,3,0,0
BRDA:113,3,1,0
BRDA:117,4,0,0
BRDA:117,4,1,0
BRDA:119,5,0,0
BRDA:119,5,1,0
BRDA:126,6,0,0
BRDA:134,7,0,0
BRDA:134,7,1,0
BRDA:134,7,2,0
BRDA:134,7,3,0
BRDA:168,8,0,0
BRDA:168,8,1,0
BRDA:181,9,0,0
BRDA:181,9,1,0
BRDA:181,10,0,0
BRDA:181,10,1,0
BRDA:185,11,0,0
BRDA:185,11,1,0
BRDA:209,12,0,0
BRDA:209,12,1,0
BRDA:220,13,0,0
BRDA:220,13,1,0
BRDA:220,14,0,0
BRDA:220,14,1,0
BRDA:231,15,0,0
BRDA:231,15,1,0
BRDA:288,16,0,0
BRDA:288,16,1,0
BRDA:288,17,0,0
BRDA:288,17,1,0
BRF:36
BRH:0
end_of_record
TN:
SF:pages/home.tsx
FN:23,formatNumber
FN:81,HomePage
FN:88,(anonymous_3)
FN:89,(anonymous_4)
FN:109,(anonymous_5)
FN:184,(anonymous_6)
FN:202,(anonymous_7)
FNF:7
FNH:0
FNDA:0,formatNumber
FNDA:0,HomePage
FNDA:0,(anonymous_3)
FNDA:0,(anonymous_4)
FNDA:0,(anonymous_5)
FNDA:0,(anonymous_6)
FNDA:0,(anonymous_7)
DA:1,0
DA:2,0
DA:3,0
DA:4,0
DA:5,0
DA:6,0
DA:7,0
DA:8,0
DA:9,0
DA:10,0
DA:11,0
DA:12,0
DA:15,0
DA:24,0
DA:25,0
DA:26,0
DA:30,0
DA:81,0
DA:82,0
DA:83,0
DA:84,0
DA:85,0
DA:88,0
DA:89,0
DA:90,0
DA:91,0
DA:92,0
DA:93,0
DA:94,0
DA:102,0
DA:106,0
DA:108,0
DA:109,0
DA:112,0
DA:185,0
DA:202,0
DA:203,0
LF:37
LH:0
BRDA:24,0,0,0
BRDA:25,1,0,0
BRDA:92,2,0,0
BRDA:97,3,0,0
BRDA:97,3,1,0
BRDA:98,4,0,0
BRDA:98,4,1,0
BRF:7
BRH:0
end_of_record
TN:
SF:pages/leaderboard.tsx
FN:8,LeaderboardPage
FNF:1
FNH:0
FNDA:0,LeaderboardPage
DA:3,0
DA:4,0
DA:5,0
DA:6,0
DA:8,0
DA:9,0
DA:11,0
LF:7
LH:0
BRF:0
BRH:0
end_of_record
TN:
SF:pages/secrets.tsx
FN:5,(anonymous_10)
FN:5,(anonymous_11)
FN:7,SecretsPage
FN:24,(anonymous_13)
FNF:4
FNH:0
FNDA:0,(anonymous_10)
FNDA:0,(anonymous_11)
FNDA:0,SecretsPage
FNDA:0,(anonymous_13)
DA:1,0
DA:2,0
DA:3,0
DA:5,0
DA:7,0
DA:8,0
DA:24,0
LF:7
LH:0
BRF:0
BRH:0
end_of_record
TN:
SF:pages/stats.tsx
FN:39,EnhancedStatsPage
FN:45,(anonymous_2)
FN:46,fetchData
FN:76,(anonymous_4)
FN:80,(anonymous_5)
FN:82,(anonymous_6)
FN:84,(anonymous_7)
FN:86,(anonymous_8)
FN:179,(anonymous_9)
FN:241,(anonymous_10)
FN:272,(anonymous_11)
FN:308,StatSummaryCard
FN:328,cn
FN:332,formatNumber
FN:338,formatTimeAgo
FN:352,(anonymous_16)
FNF:16
FNH:0
FNDA:0,EnhancedStatsPage
FNDA:0,(anonymous_2)
FNDA:0,fetchData
FNDA:0,(anonymous_4)
FNDA:0,(anonymous_5)
FNDA:0,(anonymous_6)
FNDA:0,(anonymous_7)
FNDA:0,(anonymous_8)
FNDA:0,(anonymous_9)
FNDA:0,(anonymous_10)
FNDA:0,(anonymous_11)
FNDA:0,StatSummaryCard
FNDA:0,cn
FNDA:0,formatNumber
FNDA:0,formatTimeAgo
FNDA:0,(anonymous_16)
DA:1,0
DA:2,0
DA:3,0
DA:4,0
DA:5,0
DA:6,0
DA:7,0
DA:19,0
DA:39,0
DA:40,0
DA:41,0
DA:42,0
DA:43,0
DA:45,0
DA:47,0
DA:48,0
DA:53,0
DA:54,0
DA:55,0
DA:57,0
DA:58,0
DA:62,0
DA:63,0
DA:64,0
DA:67,0
DA:69,0
DA:73,0
DA:75,0
DA:76,0
DA:80,0
DA:81,0
DA:82,0
DA:83,0
DA:84,0
DA:86,0
DA:90,0
DA:91,0
DA:92,0
DA:93,0
DA:94,0
DA:95,0
DA:97,0
DA:179,0
DA:242,0
DA:273,0
DA:309,0
DA:329,0
DA:333,0
DA:334,0
DA:335,0
DA:339,0
DA:340,0
DA:341,0
DA:342,0
DA:343,0
DA:344,0
DA:345,0
DA:346,0
DA:347,0
DA:348,0
DA:349,0
DA:352,0
LF:62
LH:0
BRDA:53,0,0,0
BRDA:57,1,0,0
BRDA:58,2,0,0
BRDA:58,2,1,0
BRDA:62,3,0,0
BRDA:64,4,0,0
BRDA:64,4,1,0
BRDA:81,5,0,0
BRDA:90,6,0,0
BRDA:90,6,1,0
BRDA:91,7,0,0
BRDA:91,7,1,0
BRDA:92,8,0,0
BRDA:92,8,1,0
BRDA:93,9,0,0
BRDA:93,9,1,0
BRDA:94,10,0,0
BRDA:94,10,1,0
BRDA:95,11,0,0
BRDA:95,11,1,0
BRDA:122,12,0,0
BRDA:122,12,1,0
BRDA:129,13,0,0
BRDA:129,13,1,0
BRDA:136,14,0,0
BRDA:136,14,1,0
BRDA:159,15,0,0
BRDA:159,15,1,0
BRDA:163,16,0,0
BRDA:163,16,1,0
BRDA:214,17,0,0
BRDA:214,17,1,0
BRDA:218,18,0,0
BRDA:218,18,1,0
BRDA:267,19,0,0
BRDA:267,19,1,0
BRDA:271,20,0,0
BRDA:271,20,1,0
BRDA:274,21,0,0
BRDA:274,21,1,0
BRDA:283,22,0,0
BRDA:283,22,1,0
BRDA:286,23,0,0
BRDA:286,23,1,0
BRDA:292,24,0,0
BRDA:292,24,1,0
BRDA:316,25,0,0
BRDA:316,25,1,0
BRDA:333,26,0,0
BRDA:334,27,0,0
BRDA:339,28,0,0
BRDA:344,29,0,0
BRDA:345,30,0,0
BRDA:347,31,0,0
BRDA:349,32,0,0
BRDA:349,32,1,0
BRF:56
BRH:0
end_of_record
TN:
SF:pages/app/[id].tsx
FN:6,AppRedirectPage
FN:10,(anonymous_1)
FNF:2
FNH:1
FNDA:0,AppRedirectPage
FNDA:3,(anonymous_1)
DA:6,1
DA:7,0
DA:10,1
DA:11,3
DA:13,3
LF:5
LH:4
BRF:0
BRH:0
end_of_record
TN:
SF:pages/launch/[id].tsx
FN:41,LaunchPage
FN:53,(anonymous_10)
FN:59,(anonymous_11)
FN:64,(anonymous_12)
FN:65,(anonymous_13)
FN:83,(anonymous_14)
FN:87,(anonymous_15)
FN:88,(anonymous_16)
FN:105,(anonymous_17)
FN:106,(anonymous_18)
FN:113,(anonymous_19)
FN:116,(anonymous_20)
FN:128,(anonymous_21)
FN:135,(anonymous_22)
FN:151,(anonymous_23)
FN:175,(anonymous_24)
FN:193,(anonymous_25)
FN:199,(anonymous_26)
FN:204,(anonymous_27)
FN:208,(anonymous_28)
FN:210,(anonymous_29)
FN:213,(anonymous_30)
FN:254,resolveIframeOrigin
FN:264,hasPermission
FN:280,resolveScopedAppId
FN:288,normalizeListParams
FN:293,dispatchBridgeCall
FN:364,(anonymous_36)
FN:366,(anonymous_37)
FN:379,(anonymous_38)
FNF:30
FNH:29
FNDA:36,LaunchPage
FNDA:18,(anonymous_10)
FNDA:18,(anonymous_11)
FNDA:18,(anonymous_12)
FNDA:20,(anonymous_13)
FNDA:18,(anonymous_14)
FNDA:18,(anonymous_15)
FNDA:18,(anonymous_16)
FNDA:18,(anonymous_17)
FNDA:3,(anonymous_18)
FNDA:18,(anonymous_19)
FNDA:18,(anonymous_20)
FNDA:13,(anonymous_21)
FNDA:11,(anonymous_22)
FNDA:11,(anonymous_23)
FNDA:19,(anonymous_24)
FNDA:18,(anonymous_25)
FNDA:2,(anonymous_26)
FNDA:2,(anonymous_27)
FNDA:1,(anonymous_28)
FNDA:0,(anonymous_29)
FNDA:1,(anonymous_30)
FNDA:18,resolveIframeOrigin
FNDA:11,hasPermission
FNDA:6,resolveScopedAppId
FNDA:2,normalizeListParams
FNDA:11,dispatchBridgeCall
FNDA:4,(anonymous_36)
FNDA:133,(anonymous_37)
FNDA:1,(anonymous_38)
DA:1,1
DA:2,1
DA:4,1
DA:5,1
DA:6,1
DA:8,1
DA:10,1
DA:11,1
DA:12,1
DA:13,1
DA:14,1
DA:35,1
DA:41,1
DA:42,36
DA:43,36
DA:44,36
DA:45,36
DA:46,36
DA:47,36
DA:48,36
DA:49,36
DA:53,36
DA:54,18
DA:55,18
DA:56,18
DA:59,36
DA:60,18
DA:64,36
DA:65,18
DA:66,20
DA:67,20
DA:69,20
DA:70,19
DA:71,19
DA:73,1
DA:78,18
DA:81,18
DA:83,18
DA:87,36
DA:88,18
DA:89,18
DA:90,18
DA:91,18
DA:92,18
DA:93,18
DA:94,17
DA:101,18
DA:105,36
DA:106,18
DA:107,3
DA:108,1
DA:112,18
DA:113,18
DA:116,36
DA:117,18
DA:118,18
DA:120,18
DA:121,18
DA:123,18
DA:124,18
DA:126,18
DA:128,18
DA:129,13
DA:130,0
DA:132,13
DA:135,18
DA:136,11
DA:137,11
DA:139,11
DA:140,11
DA:141,11
DA:143,11
DA:144,11
DA:146,11
DA:147,11
DA:148,11
DA:149,11
DA:151,11
DA:152,11
DA:164,11
DA:165,11
DA:166,11
DA:167,11
DA:168,9
DA:170,2
DA:171,2
DA:175,18
DA:176,19
DA:177,2
DA:178,2
DA:179,2
DA:180,2
DA:181,2
DA:182,2
DA:189,18
DA:190,18
DA:191,18
DA:193,18
DA:194,18
DA:195,18
DA:199,36
DA:201,2
DA:204,36
DA:205,2
DA:206,2
DA:209,1
DA:210,1
DA:211,1
DA:214,1
DA:218,36
DA:255,18
DA:256,18
DA:257,18
DA:258,18
DA:260,0
DA:265,11
DA:266,11
DA:268,2
DA:270,1
DA:272,1
DA:274,1
DA:276,6
DA:281,6
DA:282,6
DA:283,0
DA:285,6
DA:289,2
DA:290,2
DA:300,11
DA:301,1
DA:304,10
DA:307,1
DA:308,0
DA:309,0
DA:312,1
DA:313,1
DA:314,1
DA:317,1
DA:318,1
DA:319,1
DA:320,1
DA:321,1
DA:324,1
DA:325,1
DA:326,1
DA:327,1
DA:328,1
DA:331,1
DA:332,1
DA:333,1
DA:334,1
DA:337,1
DA:338,1
DA:339,1
DA:342,1
DA:343,1
DA:344,1
DA:345,1
DA:346,1
DA:349,1
DA:350,1
DA:351,1
DA:354,1
DA:355,1
DA:356,1
DA:359,1
DA:364,1
DA:365,4
DA:366,133
DA:367,4
DA:369,4
DA:370,4
DA:371,4
DA:372,4
DA:379,4
DA:380,4
DA:381,4
DA:382,1
DA:385,3
DA:389,0
DA:390,0
DA:391,0
DA:393,0
DA:400,1
DA:407,1
DA:416,1
DA:425,1
DA:439,1
DA:451,1
DA:457,1
DA:462,1
DA:471,1
DA:478,1
DA:491,1
DA:498,1
DA:504,1
LF:196
LH:187
BRDA:54,0,0,0
BRDA:54,0,1,18
BRDA:55,1,0,0
BRDA:55,1,1,18
BRDA:91,2,0,18
BRDA:107,3,0,1
BRDA:117,4,0,0
BRDA:118,5,0,0
BRDA:121,6,0,0
BRDA:124,7,0,0
BRDA:129,8,0,0
BRDA:136,9,0,0
BRDA:137,10,0,0
BRDA:140,11,0,0
BRDA:140,12,0,11
BRDA:140,12,1,11
BRDA:141,13,0,0
BRDA:143,14,0,11
BRDA:143,14,1,0
BRDA:144,15,0,0
BRDA:146,16,0,11
BRDA:146,16,1,0
BRDA:147,17,0,11
BRDA:147,17,1,0
BRDA:149,18,0,0
BRDA:149,19,0,11
BRDA:149,19,1,11
BRDA:166,20,0,0
BRDA:170,21,0,2
BRDA:170,21,1,0
BRDA:176,22,0,17
BRDA:178,23,0,0
BRDA:180,24,0,2
BRDA:228,25,0,0
BRDA:228,25,1,36
BRDA:242,26,0,36
BRDA:242,26,1,0
BRDA:248,27,0,17
BRDA:248,27,1,19
BRDA:255,28,0,18
BRDA:255,28,1,0
BRDA:256,29,0,0
BRDA:256,30,0,18
BRDA:256,30,1,18
BRDA:265,31,0,0
BRDA:266,32,0,2
BRDA:266,32,1,1
BRDA:266,32,2,1
BRDA:266,32,3,1
BRDA:266,32,4,6
BRDA:281,33,0,6
BRDA:281,33,1,3
BRDA:282,34,0,0
BRDA:282,35,0,6
BRDA:282,35,1,3
BRDA:289,36,0,2
BRDA:289,36,1,0
BRDA:289,37,0,2
BRDA:289,37,1,2
BRDA:300,38,0,1
BRDA:304,39,0,1
BRDA:304,39,1,1
BRDA:304,39,2,1
BRDA:304,39,3,1
BRDA:304,39,4,1
BRDA:304,39,5,1
BRDA:304,39,6,1
BRDA:304,39,7,1
BRDA:304,39,8,1
BRDA:304,39,9,1
BRDA:304,39,10,1
BRDA:307,40,0,1
BRDA:308,41,0,0
BRDA:312,42,0,0
BRDA:314,43,0,1
BRDA:314,43,1,0
BRDA:317,44,0,0
BRDA:320,45,0,0
BRDA:320,45,1,1
BRDA:320,46,0,1
BRDA:320,46,1,1
BRDA:321,47,0,1
BRDA:321,47,1,0
BRDA:324,48,0,0
BRDA:327,49,0,1
BRDA:327,49,1,0
BRDA:328,50,0,1
BRDA:328,50,1,0
BRDA:328,51,0,1
BRDA:328,51,1,0
BRDA:331,52,0,0
BRDA:337,53,0,0
BRDA:339,54,0,1
BRDA:339,54,1,0
BRDA:342,55,0,0
BRDA:345,56,0,1
BRDA:345,56,1,0
BRDA:345,57,0,1
BRDA:345,57,1,0
BRDA:349,58,0,0
BRDA:354,59,0,0
BRDA:372,60,0,4
BRDA:372,60,1,0
BRDA:374,61,0,0
BRDA:374,61,1,0
BRDA:376,62,0,0
BRDA:376,62,1,0
BRDA:379,63,0,4
BRDA:379,63,1,3
BRDA:380,64,0,4
BRDA:380,64,1,1
BRDA:380,64,2,1
BRDA:381,65,0,1
BRDA:390,66,0,0
BRF:114
BRH:64
end_of_record
TN:
SF:pages/miniapps/[id].tsx
FN:25,sanitizeForJson
FN:57,createStatCardBuilders
FN:61,(anonymous_11)
FN:70,(anonymous_12)
FN:74,(anonymous_13)
FN:80,(anonymous_14)
FN:86,(anonymous_15)
FN:95,(anonymous_16)
FN:104,(anonymous_17)
FN:120,MiniAppDetailPage
FN:140,(anonymous_19)
FN:148,(anonymous_20)
FN:152,(anonymous_21)
FN:171,(anonymous_22)
FN:199,(anonymous_23)
FN:205,(anonymous_24)
FN:211,(anonymous_25)
FN:218,(anonymous_26)
FN:226,(anonymous_27)
FN:254,OverviewTab
FN:260,(anonymous_29)
FN:312,formatPermission
FN:315,(anonymous_31)
FN:319,buildStatCards
FN:322,(anonymous_33)
FN:337,formatGas
FN:344,formatLastActive
FN:359,(anonymous_36)
FN:370,(anonymous_37)
FN:371,(anonymous_38)
FN:374,(anonymous_39)
FN:375,(anonymous_40)
FN:385,(anonymous_41)
FNF:33
FNH:0
FNDA:0,sanitizeForJson
FNDA:0,createStatCardBuilders
FNDA:0,(anonymous_11)
FNDA:0,(anonymous_12)
FNDA:0,(anonymous_13)
FNDA:0,(anonymous_14)
FNDA:0,(anonymous_15)
FNDA:0,(anonymous_16)
FNDA:0,(anonymous_17)
FNDA:0,MiniAppDetailPage
FNDA:0,(anonymous_19)
FNDA:0,(anonymous_20)
FNDA:0,(anonymous_21)
FNDA:0,(anonymous_22)
FNDA:0,(anonymous_23)
FNDA:0,(anonymous_24)
FNDA:0,(anonymous_25)
FNDA:0,(anonymous_26)
FNDA:0,(anonymous_27)
FNDA:0,OverviewTab
FNDA:0,(anonymous_29)
FNDA:0,formatPermission
FNDA:0,(anonymous_31)
FNDA:0,buildStatCards
FNDA:0,(anonymous_33)
FNDA:0,formatGas
FNDA:0,formatLastActive
FNDA:0,(anonymous_36)
FNDA:0,(anonymous_37)
FNDA:0,(anonymous_38)
FNDA:0,(anonymous_39)
FNDA:0,(anonymous_40)
FNDA:0,(anonymous_41)
DA:1,0
DA:3,0
DA:4,0
DA:13,0
DA:14,0
DA:15,0
DA:16,0
DA:17,0
DA:18,0
DA:19,0
DA:20,0
DA:21,0
DA:22,0
DA:26,0
DA:27,0
DA:28,0
DA:29,0
DA:30,0
DA:31,0
DA:33,0
DA:48,0
DA:50,0
DA:60,0
DA:62,0
DA:71,0
DA:74,0
DA:80,0
DA:87,0
DA:96,0
DA:104,0
DA:120,0
DA:121,0
DA:122,0
DA:123,0
DA:124,0
DA:125,0
DA:128,0
DA:134,0
DA:135,0
DA:140,0
DA:148,0
DA:149,0
DA:152,0
DA:153,0
DA:156,0
DA:158,0
DA:172,0
DA:199,0
DA:205,0
DA:211,0
DA:218,0
DA:226,0
DA:255,0
DA:261,0
DA:313,0
DA:315,0
DA:320,0
DA:321,0
DA:322,0
DA:323,0
DA:324,0
DA:327,0
DA:328,0
DA:329,0
DA:330,0
DA:331,0
DA:332,0
DA:334,0
DA:338,0
DA:339,0
DA:340,0
DA:341,0
DA:345,0
DA:346,0
DA:347,0
DA:348,0
DA:349,0
DA:350,0
DA:351,0
DA:352,0
DA:353,0
DA:354,0
DA:355,0
DA:359,0
DA:360,0
DA:361,0
DA:362,0
DA:365,0
DA:367,0
DA:369,0
DA:370,0
DA:371,0
DA:374,0
DA:375,0
DA:377,0
DA:385,0
DA:386,0
DA:388,0
DA:389,0
DA:399,0
DA:407,0
DA:408,0
DA:420,0
DA:427,0
DA:436,0
DA:443,0
DA:449,0
DA:459,0
DA:465,0
DA:469,0
DA:476,0
DA:483,0
DA:487,0
DA:491,0
DA:498,0
DA:510,0
DA:522,0
DA:526,0
DA:532,0
DA:545,0
DA:557,0
DA:563,0
DA:570,0
DA:578,0
DA:584,0
DA:590,0
DA:596,0
DA:601,0
DA:607,0
DA:614,0
DA:620,0
LF:131
LH:0
BRDA:26,0,0,0
BRDA:26,1,0,0
BRDA:26,1,1,0
BRDA:27,2,0,0
BRDA:28,3,0,0
BRDA:31,4,0,0
BRDA:31,4,1,0
BRDA:62,5,0,0
BRDA:62,5,1,0
BRDA:71,6,0,0
BRDA:71,6,1,0
BRDA:87,7,0,0
BRDA:87,7,1,0
BRDA:96,8,0,0
BRDA:96,8,1,0
BRDA:134,9,0,0
BRDA:134,10,0,0
BRDA:134,10,1,0
BRDA:139,11,0,0
BRDA:139,11,1,0
BRDA:156,12,0,0
BRDA:156,12,1,0
BRDA:156,13,0,0
BRDA:156,13,1,0
BRDA:160,14,0,0
BRDA:160,14,1,0
BRDA:169,15,0,0
BRDA:169,15,1,0
BRDA:169,15,2,0
BRDA:198,16,0,0
BRDA:198,16,1,0
BRDA:204,17,0,0
BRDA:204,17,1,0
BRDA:210,18,0,0
BRDA:210,18,1,0
BRDA:215,19,0,0
BRDA:215,19,1,0
BRDA:217,20,0,0
BRDA:217,20,1,0
BRDA:223,21,0,0
BRDA:223,21,1,0
BRDA:225,22,0,0
BRDA:225,22,1,0
BRDA:234,23,0,0
BRDA:234,23,1,0
BRDA:235,24,0,0
BRDA:235,24,1,0
BRDA:236,25,0,0
BRDA:236,25,1,0
BRDA:237,26,0,0
BRDA:237,26,1,0
BRDA:237,26,2,0
BRDA:238,27,0,0
BRDA:238,27,1,0
BRDA:238,27,2,0
BRDA:239,28,0,0
BRDA:239,28,1,0
BRDA:239,28,2,0
BRDA:261,29,0,0
BRDA:261,29,1,0
BRDA:271,30,0,0
BRDA:271,30,1,0
BRDA:275,31,0,0
BRDA:275,31,1,0
BRDA:280,32,0,0
BRDA:280,32,1,0
BRDA:285,33,0,0
BRDA:285,33,1,0
BRDA:299,34,0,0
BRDA:299,34,1,0
BRDA:320,35,0,0
BRDA:320,35,1,0
BRDA:322,36,0,0
BRDA:322,36,1,0
BRDA:324,37,0,0
BRDA:324,37,1,0
BRDA:327,38,0,0
BRDA:328,39,0,0
BRDA:328,39,1,0
BRDA:330,40,0,0
BRDA:332,41,0,0
BRDA:338,42,0,0
BRDA:340,43,0,0
BRDA:345,44,0,0
BRDA:347,45,0,0
BRDA:349,46,0,0
BRDA:351,47,0,0
BRDA:353,48,0,0
BRDA:374,49,0,0
BRDA:374,49,1,0
BRDA:375,50,0,0
BRDA:375,50,1,0
BRDA:377,51,0,0
BRDA:377,51,1,0
BRDA:379,52,0,0
BRDA:379,52,1,0
BRDA:381,53,0,0
BRDA:381,53,1,0
BRDA:385,54,0,0
BRDA:385,54,1,0
BRDA:385,54,2,0
BRDA:386,55,0,0
BRDA:386,55,1,0
BRDA:386,56,0,0
BRDA:386,56,1,0
BRDA:388,57,0,0
BRDA:402,58,0,0
BRDA:402,58,1,0
BRDA:403,59,0,0
BRDA:403,59,1,0
BRF:110
BRH:0
end_of_record
TN:
SF:pages/miniapps/index.tsx
FN:23,(anonymous_1)
FN:30,MiniAppsPage
FN:38,(anonymous_3)
FN:49,(anonymous_4)
FN:84,(anonymous_5)
FN:86,(anonymous_6)
FN:94,(anonymous_7)
FN:96,(anonymous_8)
FN:97,(anonymous_9)
FN:111,(anonymous_10)
FN:114,(anonymous_11)
FN:116,(anonymous_12)
FN:117,(anonymous_13)
FN:118,(anonymous_14)
FN:121,(anonymous_15)
FN:122,(anonymous_16)
FN:127,(anonymous_17)
FN:128,(anonymous_18)
FN:144,(anonymous_19)
FN:153,(anonymous_20)
FN:157,(anonymous_21)
FN:181,(anonymous_22)
FN:209,(anonymous_23)
FN:219,(anonymous_24)
FN:222,(anonymous_25)
FN:244,(anonymous_26)
FN:256,(anonymous_27)
FN:282,(anonymous_28)
FN:299,(anonymous_29)
FNF:29
FNH:0
FNDA:0,(anonymous_1)
FNDA:0,MiniAppsPage
FNDA:0,(anonymous_3)
FNDA:0,(anonymous_4)
FNDA:0,(anonymous_5)
FNDA:0,(anonymous_6)
FNDA:0,(anonymous_7)
FNDA:0,(anonymous_8)
FNDA:0,(anonymous_9)
FNDA:0,(anonymous_10)
FNDA:0,(anonymous_11)
FNDA:0,(anonymous_12)
FNDA:0,(anonymous_13)
FNDA:0,(anonymous_14)
FNDA:0,(anonymous_15)
FNDA:0,(anonymous_16)
FNDA:0,(anonymous_17)
FNDA:0,(anonymous_18)
FNDA:0,(anonymous_19)
FNDA:0,(anonymous_20)
FNDA:0,(anonymous_21)
FNDA:0,(anonymous_22)
FNDA:0,(anonymous_23)
FNDA:0,(anonymous_24)
FNDA:0,(anonymous_25)
FNDA:0,(anonymous_26)
FNDA:0,(anonymous_27)
FNDA:0,(anonymous_28)
FNDA:0,(anonymous_29)
DA:1,0
DA:2,0
DA:3,0
DA:4,0
DA:5,0
DA:6,0
DA:8,0
DA:9,0
DA:10,0
DA:11,0
DA:12,0
DA:13,0
DA:15,0
DA:23,0
DA:30,0
DA:31,0
DA:32,0
DA:33,0
DA:34,0
DA:37,0
DA:38,0
DA:48,0
DA:49,0
DA:76,0
DA:77,0
DA:78,0
DA:79,0
DA:80,0
DA:81,0
DA:82,0
DA:84,0
DA:85,0
DA:86,0
DA:94,0
DA:95,0
DA:96,0
DA:98,0
DA:99,0
DA:100,0
DA:101,0
DA:102,0
DA:109,0
DA:111,0
DA:114,0
DA:115,0
DA:116,0
DA:117,0
DA:118,0
DA:121,0
DA:122,0
DA:125,0
DA:127,0
DA:128,0
DA:129,0
DA:130,0
DA:138,0
DA:141,0
DA:142,0
DA:143,0
DA:145,0
DA:152,0
DA:153,0
DA:157,0
DA:159,0
DA:160,0
DA:161,0
DA:163,0
DA:165,0
DA:167,0
DA:169,0
DA:172,0
DA:173,0
DA:174,0
DA:178,0
DA:181,0
DA:183,0
DA:209,0
DA:220,0
DA:223,0
DA:224,0
DA:244,0
DA:256,0
DA:283,0
DA:299,0
LF:84
LH:0
BRDA:33,0,0,0
BRDA:33,0,1,0
BRDA:98,1,0,0
BRDA:98,1,1,0
BRDA:98,2,0,0
BRDA:98,2,1,0
BRDA:101,3,0,0
BRDA:103,4,0,0
BRDA:103,4,1,0
BRDA:103,4,2,0
BRDA:104,5,0,0
BRDA:104,5,1,0
BRDA:105,6,0,0
BRDA:105,6,1,0
BRDA:117,7,0,0
BRDA:117,7,1,0
BRDA:129,8,0,0
BRDA:129,8,1,0
BRDA:134,9,0,0
BRDA:134,9,1,0
BRDA:141,10,0,0
BRDA:145,11,0,0
BRDA:145,11,1,0
BRDA:145,11,2,0
BRDA:152,12,0,0
BRDA:159,13,0,0
BRDA:159,13,1,0
BRDA:160,14,0,0
BRDA:160,14,1,0
BRDA:161,15,0,0
BRDA:163,16,0,0
BRDA:163,16,1,0
BRDA:163,16,2,0
BRDA:163,16,3,0
BRDA:163,16,4,0
BRDA:165,17,0,0
BRDA:165,17,1,0
BRDA:165,18,0,0
BRDA:165,18,1,0
BRDA:167,19,0,0
BRDA:167,19,1,0
BRDA:167,20,0,0
BRDA:167,20,1,0
BRDA:172,21,0,0
BRDA:172,21,1,0
BRDA:172,22,0,0
BRDA:172,22,1,0
BRDA:173,23,0,0
BRDA:173,23,1,0
BRDA:173,24,0,0
BRDA:173,24,1,0
BRDA:181,25,0,0
BRDA:181,25,1,0
BRDA:217,26,0,0
BRDA:217,26,1,0
BRDA:228,27,0,0
BRDA:228,27,1,0
BRDA:247,28,0,0
BRDA:247,28,1,0
BRDA:259,29,0,0
BRDA:259,29,1,0
BRDA:274,30,0,0
BRDA:274,30,1,0
BRDA:280,31,0,0
BRDA:280,31,1,0
BRDA:285,32,0,0
BRDA:285,32,1,0
BRF:67
BRH:0
end_of_record
