TN:
SF:components/features/miniapp/particles/ParticleBanner.tsx
FN:14,ParticleBanner
FN:17,(anonymous_10)
FN:18,(anonymous_11)
FN:20,(anonymous_12)
FN:23,(anonymous_13)
FNF:5
FNH:5
FNDA:20,ParticleBanner
FNDA:11,(anonymous_10)
FNDA:10,(anonymous_11)
FNDA:10,(anonymous_12)
FNDA:11,(anonymous_13)
DA:3,2
DA:4,2
DA:5,2
DA:6,2
DA:14,2
DA:15,20
DA:17,20
DA:18,11
DA:19,10
DA:20,10
DA:23,20
DA:24,11
DA:27,20
DA:29,9
LF:14
LH:14
BRDA:14,0,0,18
BRDA:24,1,0,11
BRDA:24,1,1,0
BRDA:27,2,0,11
BRF:4
BRH:3
end_of_record
TN:
SF:components/features/miniapp/particles/configs.ts
FNF:0
FNH:0
DA:10,3
DA:18,3
DA:55,3
DA:88,3
DA:119,3
DA:151,3
DA:185,3
DA:216,3
LF:8
LH:8
BRF:0
BRH:0
end_of_record
TN:
SF:components/features/miniapp/particles/index.ts
FN:1,(anonymous_0)
FN:2,(anonymous_1)
FNF:2
FNH:2
FNDA:2,(anonymous_0)
FNDA:8,(anonymous_1)
DA:1,3
DA:2,9
LF:2
LH:2
BRF:0
BRH:0
end_of_record
